=== MAX n_embd=12 multiseed: softmax seed=1 ===
Using device: cuda
Generating training data...
Generating validation data...
Model parameters: 5,004
Using bf16 autocast for forward pass (memory optimization at long context)
Epoch   1/30 | train_loss=4.5919 | val_loss=4.2446 | val_acc=0.2893 | time=3.9s
Epoch   2/30 | train_loss=4.2126 | val_loss=4.1951 | val_acc=0.2893 | time=3.4s
Epoch   3/30 | train_loss=4.1864 | val_loss=4.1735 | val_acc=0.2893 | time=3.4s
Epoch   4/30 | train_loss=4.1632 | val_loss=4.1480 | val_acc=0.2990 | time=3.4s
Epoch   5/30 | train_loss=4.1471 | val_loss=4.1447 | val_acc=0.3010 | time=3.4s
Epoch   6/30 | train_loss=4.1415 | val_loss=4.1368 | val_acc=0.3048 | time=3.4s
Epoch   7/30 | train_loss=4.1373 | val_loss=4.1325 | val_acc=0.3170 | time=3.4s
Epoch   8/30 | train_loss=4.1329 | val_loss=4.1304 | val_acc=0.3967 | time=3.4s
Epoch   9/30 | train_loss=4.1304 | val_loss=4.1276 | val_acc=0.3925 | time=3.4s
Epoch  10/30 | train_loss=4.1288 | val_loss=4.1275 | val_acc=0.3950 | time=3.4s
Epoch  11/30 | train_loss=4.1277 | val_loss=4.1267 | val_acc=0.3980 | time=3.4s
Epoch  12/30 | train_loss=4.1269 | val_loss=4.1245 | val_acc=0.3975 | time=3.4s
Epoch  13/30 | train_loss=4.1262 | val_loss=4.1247 | val_acc=0.4143 | time=3.4s
Epoch  14/30 | train_loss=4.1255 | val_loss=4.1241 | val_acc=0.4435 | time=3.4s
Epoch  15/30 | train_loss=4.1250 | val_loss=4.1233 | val_acc=0.4427 | time=3.4s
Epoch  16/30 | train_loss=4.1243 | val_loss=4.1224 | val_acc=0.4420 | time=3.4s
Epoch  17/30 | train_loss=4.1239 | val_loss=4.1234 | val_acc=0.4435 | time=3.4s
Epoch  18/30 | train_loss=4.1235 | val_loss=4.1227 | val_acc=0.4430 | time=3.4s
Epoch  19/30 | train_loss=4.1232 | val_loss=4.1232 | val_acc=0.4407 | time=3.4s
Epoch  20/30 | train_loss=4.1229 | val_loss=4.1232 | val_acc=0.4417 | time=3.4s
Epoch  21/30 | train_loss=4.1225 | val_loss=4.1227 | val_acc=0.4410 | time=3.4s
Epoch  22/30 | train_loss=4.1223 | val_loss=4.1222 | val_acc=0.4410 | time=3.4s
Epoch  23/30 | train_loss=4.1220 | val_loss=4.1229 | val_acc=0.4437 | time=3.4s
Epoch  24/30 | train_loss=4.1217 | val_loss=4.1232 | val_acc=0.4590 | time=3.4s
Epoch  25/30 | train_loss=4.1215 | val_loss=4.1216 | val_acc=0.4665 | time=3.4s
Epoch  26/30 | train_loss=4.1213 | val_loss=4.1215 | val_acc=0.4662 | time=3.4s
Epoch  27/30 | train_loss=4.1210 | val_loss=4.1211 | val_acc=0.4680 | time=3.4s
Epoch  28/30 | train_loss=4.1207 | val_loss=4.1213 | val_acc=0.4670 | time=3.4s
Epoch  29/30 | train_loss=4.1205 | val_loss=4.1222 | val_acc=0.4657 | time=3.4s
Epoch  30/30 | train_loss=4.1204 | val_loss=4.1213 | val_acc=0.4650 | time=3.4s
Model saved to results/max_1layer_softmax_seq128_embd12_h1_seed1_initfix_ascend/model.pt
Metrics saved to results/max_1layer_softmax_seq128_embd12_h1_seed1_initfix_ascend/metrics.csv
Wrote results/max_1layer_softmax_seq128_embd12_h1_seed1_initfix_ascend/accuracy_eval_seq128_arr120_first1.json
{"checkpoint": "results/max_1layer_softmax_seq128_embd12_h1_seed1_initfix_ascend/model.pt", "task": "max", "attn": "softmax", "q": 1.0, "seq_len": 128, "val_samples": 1000, "seed": 42, "accuracy_fixed": 0.892, "accuracy_all": 0.02889589709332132, "accuracy_input_echo": 0.015119690872067854, "output_token_count": 1000, "input_token_count": 62369, "all_token_count": 64369, "output_start_stats": {"n": 1000, "min": 4, "max": 120, "mean": 62.36899948120117}}
DONE results/max_1layer_softmax_seq128_embd12_h1_seed1_initfix_ascend
