=== subtle-needle 1-layer stieltjes_q64.0 train-seq=128 NoPE ===
Thu Apr 16 00:30:10 2026       
+-----------------------------------------------------------------------------------------+
| NVIDIA-SMI 580.95.05              Driver Version: 580.95.05      CUDA Version: 13.0     |
+-----------------------------------------+------------------------+----------------------+
| GPU  Name                 Persistence-M | Bus-Id          Disp.A | Volatile Uncorr. ECC |
| Fan  Temp   Perf          Pwr:Usage/Cap |           Memory-Usage | GPU-Util  Compute M. |
|                                         |                        |               MIG M. |
|=========================================+========================+======================|
|   0  NVIDIA A100-PCIE-40GB          On  |   00000000:81:00.0 Off |                    0 |
| N/A   28C    P0             36W /  250W |       0MiB /  40960MiB |      0%      Default |
|                                         |                        |             Disabled |
+-----------------------------------------+------------------------+----------------------+

+-----------------------------------------------------------------------------------------+
| Processes:                                                                              |
|  GPU   GI   CI              PID   Type   Process name                        GPU Memory |
|        ID   ID                                                               Usage      |
|=========================================================================================|
|  No running processes found                                                             |
+-----------------------------------------------------------------------------------------+
Using device: cuda
Generating training data...
Generating validation data...
Model parameters: 1,874,304
Using bf16 autocast for forward pass (memory optimization at long context)
Epoch   1/30 | train_loss=4.8512 | val_loss=4.8154 | val_acc=0.7495 | time=6.7s
Epoch   2/30 | train_loss=4.8213 | val_loss=4.8145 | val_acc=0.7465 | time=4.9s
Epoch   3/30 | train_loss=4.8165 | val_loss=4.8122 | val_acc=0.7435 | time=4.8s
Epoch   4/30 | train_loss=4.8132 | val_loss=4.8113 | val_acc=0.7510 | time=4.8s
Epoch   5/30 | train_loss=4.8114 | val_loss=4.8108 | val_acc=0.7510 | time=4.8s
Epoch   6/30 | train_loss=4.8102 | val_loss=4.8104 | val_acc=0.7520 | time=4.8s
Epoch   7/30 | train_loss=4.8095 | val_loss=4.8092 | val_acc=0.7510 | time=4.8s
Epoch   8/30 | train_loss=4.8090 | val_loss=4.8095 | val_acc=0.7510 | time=4.8s
Epoch   9/30 | train_loss=4.8085 | val_loss=4.8088 | val_acc=0.7565 | time=4.8s
Epoch  10/30 | train_loss=4.8074 | val_loss=4.8076 | val_acc=0.8335 | time=4.8s
Epoch  11/30 | train_loss=4.8053 | val_loss=4.8055 | val_acc=0.8805 | time=4.8s
Epoch  12/30 | train_loss=4.8052 | val_loss=4.8062 | val_acc=0.8770 | time=4.8s
Epoch  13/30 | train_loss=4.8041 | val_loss=4.8059 | val_acc=0.9080 | time=4.8s
Epoch  14/30 | train_loss=4.8035 | val_loss=4.8050 | val_acc=0.8985 | time=4.8s
Epoch  15/30 | train_loss=4.8026 | val_loss=4.8048 | val_acc=0.9380 | time=4.8s
Epoch  16/30 | train_loss=4.8032 | val_loss=4.8072 | val_acc=0.8510 | time=4.8s
Epoch  17/30 | train_loss=4.8054 | val_loss=4.8096 | val_acc=0.6175 | time=4.8s
Epoch  18/30 | train_loss=4.8038 | val_loss=4.8078 | val_acc=0.8285 | time=4.8s
Epoch  19/30 | train_loss=4.8002 | val_loss=4.8048 | val_acc=0.9625 | time=4.8s
Epoch  20/30 | train_loss=4.7996 | val_loss=4.8051 | val_acc=0.9435 | time=4.8s
Epoch  21/30 | train_loss=4.8001 | val_loss=4.8051 | val_acc=0.9900 | time=4.8s
Epoch  22/30 | train_loss=4.7996 | val_loss=4.8056 | val_acc=0.9905 | time=4.8s
Epoch  23/30 | train_loss=4.7997 | val_loss=4.8056 | val_acc=0.9905 | time=4.8s
Epoch  24/30 | train_loss=4.8015 | val_loss=4.8062 | val_acc=0.9880 | time=4.8s
Epoch  25/30 | train_loss=4.8002 | val_loss=4.8063 | val_acc=0.9715 | time=4.8s
Epoch  26/30 | train_loss=4.7998 | val_loss=4.8059 | val_acc=0.9755 | time=4.8s
Epoch  27/30 | train_loss=4.7998 | val_loss=4.8070 | val_acc=0.9790 | time=4.8s
Epoch  28/30 | train_loss=4.8003 | val_loss=4.8065 | val_acc=0.9755 | time=4.8s
Epoch  29/30 | train_loss=4.8000 | val_loss=4.8057 | val_acc=0.9635 | time=4.8s
Epoch  30/30 | train_loss=4.7997 | val_loss=4.8069 | val_acc=0.9865 | time=4.8s
Model saved to results/subtle_needle_1layer_stieltjes_q64.0_seq128_nope_ascend/model.pt
Metrics saved to results/subtle_needle_1layer_stieltjes_q64.0_seq128_nope_ascend/metrics.csv
=== eval at seq=128 (128/128x extrap) ===
Wrote results/subtle_needle_1layer_stieltjes_q64.0_seq128_nope_ascend/accuracy_eval_seq128_scaledarr.json
{"checkpoint": "results/subtle_needle_1layer_stieltjes_q64.0_seq128_nope_ascend/model.pt", "task": "needle", "attn": "stieltjes", "q": 64.0, "seq_len": 128, "val_samples": 2000, "seed": 42, "accuracy_fixed": 0.9865, "accuracy_all": 0.022460985778554127, "accuracy_input_echo": 0.011752356303006403, "output_token_count": 2000, "input_token_count": 180049, "all_token_count": 182049, "output_start_stats": {"n": 2000, "min": 60, "max": 120, "mean": 90.02449798583984}}
=== eval at seq=512 (512/128x extrap) ===
Wrote results/subtle_needle_1layer_stieltjes_q64.0_seq128_nope_ascend/accuracy_eval_seq512_scaledarr.json
{"checkpoint": "results/subtle_needle_1layer_stieltjes_q64.0_seq128_nope_ascend/model.pt", "task": "needle", "attn": "stieltjes", "q": 64.0, "seq_len": 512, "val_samples": 2000, "seed": 42, "accuracy_fixed": 0.543, "accuracy_all": 0.006767564583648229, "accuracy_input_echo": 0.0053542601487806965, "output_token_count": 2000, "input_token_count": 758835, "all_token_count": 760835, "output_start_stats": {"n": 2000, "min": 252, "max": 504, "mean": 379.4175109863281}}
=== eval at seq=2048 (2048/128x extrap) ===
Wrote results/subtle_needle_1layer_stieltjes_q64.0_seq128_nope_ascend/accuracy_eval_seq2048_scaledarr.json
{"checkpoint": "results/subtle_needle_1layer_stieltjes_q64.0_seq128_nope_ascend/model.pt", "task": "needle", "attn": "stieltjes", "q": 64.0, "seq_len": 2048, "val_samples": 2000, "seed": 42, "accuracy_fixed": 0.0, "accuracy_all": 0.0014098954439338341, "accuracy_input_echo": 0.0014108186775498445, "output_token_count": 2000, "input_token_count": 3054255, "all_token_count": 3056255, "output_start_stats": {"n": 2000, "min": 1021, "max": 2039, "mean": 1527.12744140625}}
=== eval at seq=8192 (8192/128x extrap) ===
Traceback (most recent call last):
  File "/users/PAS2402/alexg/softmax/softmax-is-meh/nanogpt/eval_accuracy.py", line 263, in <module>
    main()
    ~~~~^^
  File "/users/PAS2402/alexg/softmax/softmax-is-meh/nanogpt/eval_accuracy.py", line 245, in main
    metrics = compute_all_metrics(model, val_loader, device)
  File "/users/PAS2402/alexg/softmax/softmax-is-meh/nanogpt/eval_accuracy.py", line 54, in compute_all_metrics
    logits = model(x)
  File "/users/PAS2402/alexg/softmax/softmax-is-meh/triton/.venv/lib/python3.14/site-packages/torch/nn/modules/module.py", line 1776, in _wrapped_call_impl
    return self._call_impl(*args, **kwargs)
           ~~~~~~~~~~~~~~~^^^^^^^^^^^^^^^^^
  File "/users/PAS2402/alexg/softmax/softmax-is-meh/triton/.venv/lib/python3.14/site-packages/torch/nn/modules/module.py", line 1787, in _call_impl
    return forward_call(*args, **kwargs)
  File "/users/PAS2402/alexg/softmax/softmax-is-meh/nanogpt/model.py", line 221, in forward
    x = block(x)
  File "/users/PAS2402/alexg/softmax/softmax-is-meh/triton/.venv/lib/python3.14/site-packages/torch/nn/modules/module.py", line 1776, in _wrapped_call_impl
    return self._call_impl(*args, **kwargs)
           ~~~~~~~~~~~~~~~^^^^^^^^^^^^^^^^^
  File "/users/PAS2402/alexg/softmax/softmax-is-meh/triton/.venv/lib/python3.14/site-packages/torch/nn/modules/module.py", line 1787, in _call_impl
    return forward_call(*args, **kwargs)
  File "/users/PAS2402/alexg/softmax/softmax-is-meh/nanogpt/model.py", line 157, in forward
    x = x + self.attn(self.ln_1(x))   # pre-norm attention + residual
            ~~~~~~~~~^^^^^^^^^^^^^^
  File "/users/PAS2402/alexg/softmax/softmax-is-meh/triton/.venv/lib/python3.14/site-packages/torch/nn/modules/module.py", line 1776, in _wrapped_call_impl
    return self._call_impl(*args, **kwargs)
           ~~~~~~~~~~~~~~~^^^^^^^^^^^^^^^^^
  File "/users/PAS2402/alexg/softmax/softmax-is-meh/triton/.venv/lib/python3.14/site-packages/torch/nn/modules/module.py", line 1787, in _call_impl
    return forward_call(*args, **kwargs)
  File "/users/PAS2402/alexg/softmax/softmax-is-meh/nanogpt/model.py", line 104, in forward
    y = _stieltjes_attention_ref(
        q, k, v,
    ...<3 lines>...
        num_iter=self.stieltjes_num_iter,
    )
  File "/users/PAS2402/alexg/softmax/softmax-is-meh/nanogpt/../triton/stieltjes_flash_attn.py", line 58, in stieltjes_attention_ref
    scores = torch.matmul(q, k.transpose(-2, -1)) * sm_scale
             ~~~~~~~~~~~~^^^^^^^^^^^^^^^^^^^^^^^^
torch.OutOfMemoryError: CUDA out of memory. Tried to allocate 95.98 GiB. GPU 0 has a total capacity of 39.49 GiB of which 33.70 GiB is free. Including non-PyTorch memory, this process has 5.78 GiB memory in use. Of the allocated memory 5.28 GiB is allocated by PyTorch, and 12.58 MiB is reserved by PyTorch but unallocated. If reserved but unallocated memory is large try setting PYTORCH_ALLOC_CONF=expandable_segments:True to avoid fragmentation.  See documentation for Memory Management  (https://pytorch.org/docs/stable/notes/cuda.html#environment-variables)
