=== MAX embd-scan: stieltjes_q16.0 n_embd=12 n_head=1 ===
Using device: cuda
Generating training data...
Generating validation data...
Model parameters: 5,004
Using bf16 autocast for forward pass (memory optimization at long context)
Epoch   1/30 | train_loss=4.5930 | val_loss=4.2465 | val_acc=0.2853 | time=5.0s
Epoch   2/30 | train_loss=4.2127 | val_loss=4.2009 | val_acc=0.2853 | time=4.5s
Epoch   3/30 | train_loss=4.1863 | val_loss=4.1734 | val_acc=0.2860 | time=4.5s
Epoch   4/30 | train_loss=4.1627 | val_loss=4.1516 | val_acc=0.2940 | time=4.5s
Epoch   5/30 | train_loss=4.1470 | val_loss=4.1438 | val_acc=0.2945 | time=4.5s
Epoch   6/30 | train_loss=4.1410 | val_loss=4.1405 | val_acc=0.2973 | time=4.5s
Epoch   7/30 | train_loss=4.1380 | val_loss=4.1377 | val_acc=0.3008 | time=4.5s
Epoch   8/30 | train_loss=4.1356 | val_loss=4.1370 | val_acc=0.3357 | time=4.5s
Epoch   9/30 | train_loss=4.1327 | val_loss=4.1295 | val_acc=0.4427 | time=4.5s
Epoch  10/30 | train_loss=4.1292 | val_loss=4.1286 | val_acc=0.4490 | time=4.5s
Epoch  11/30 | train_loss=4.1274 | val_loss=4.1258 | val_acc=0.4465 | time=4.5s
Epoch  12/30 | train_loss=4.1260 | val_loss=4.1246 | val_acc=0.4482 | time=4.5s
Epoch  13/30 | train_loss=4.1252 | val_loss=4.1256 | val_acc=0.4480 | time=4.5s
Epoch  14/30 | train_loss=4.1247 | val_loss=4.1253 | val_acc=0.4480 | time=4.5s
Epoch  15/30 | train_loss=4.1241 | val_loss=4.1248 | val_acc=0.4500 | time=4.5s
Epoch  16/30 | train_loss=4.1236 | val_loss=4.1239 | val_acc=0.4485 | time=4.5s
Epoch  17/30 | train_loss=4.1233 | val_loss=4.1237 | val_acc=0.4455 | time=4.5s
Epoch  18/30 | train_loss=4.1230 | val_loss=4.1226 | val_acc=0.4492 | time=4.5s
Epoch  19/30 | train_loss=4.1228 | val_loss=4.1226 | val_acc=0.4482 | time=4.5s
Epoch  20/30 | train_loss=4.1225 | val_loss=4.1229 | val_acc=0.4492 | time=4.5s
Epoch  21/30 | train_loss=4.1223 | val_loss=4.1231 | val_acc=0.4450 | time=4.5s
Epoch  22/30 | train_loss=4.1220 | val_loss=4.1232 | val_acc=0.4470 | time=4.5s
Epoch  23/30 | train_loss=4.1215 | val_loss=4.1219 | val_acc=0.4467 | time=4.5s
Epoch  24/30 | train_loss=4.1210 | val_loss=4.1213 | val_acc=0.4572 | time=4.5s
Epoch  25/30 | train_loss=4.1205 | val_loss=4.1203 | val_acc=0.4690 | time=4.5s
Epoch  26/30 | train_loss=4.1202 | val_loss=4.1205 | val_acc=0.4705 | time=4.5s
Epoch  27/30 | train_loss=4.1198 | val_loss=4.1211 | val_acc=0.4695 | time=4.5s
Epoch  28/30 | train_loss=4.1195 | val_loss=4.1202 | val_acc=0.4647 | time=4.5s
Epoch  29/30 | train_loss=4.1193 | val_loss=4.1199 | val_acc=0.4705 | time=4.5s
Epoch  30/30 | train_loss=4.1190 | val_loss=4.1184 | val_acc=0.4688 | time=4.5s
Model saved to results/max_1layer_stieltjes_q16.0_seq128_embd12_h1_initfix_ascend/model.pt
Metrics saved to results/max_1layer_stieltjes_q16.0_seq128_embd12_h1_initfix_ascend/metrics.csv
Wrote results/max_1layer_stieltjes_q16.0_seq128_embd12_h1_initfix_ascend/accuracy_eval_seq128_arr120_first1.json
{"checkpoint": "results/max_1layer_stieltjes_q16.0_seq128_embd12_h1_initfix_ascend/model.pt", "task": "max", "attn": "stieltjes", "q": 16.0, "seq_len": 128, "val_samples": 1000, "seed": 42, "accuracy_fixed": 0.89, "accuracy_all": 0.029998912520001864, "accuracy_input_echo": 0.015953438406900864, "output_token_count": 1000, "input_token_count": 62369, "all_token_count": 64369, "output_start_stats": {"n": 1000, "min": 4, "max": 120, "mean": 62.36899948120117}}
Wrote results/max_1layer_stieltjes_q16.0_seq128_embd12_h1_initfix_ascend/accuracy_eval_seq256_arr120_first1.json
{"checkpoint": "results/max_1layer_stieltjes_q16.0_seq128_embd12_h1_initfix_ascend/model.pt", "task": "max", "attn": "stieltjes", "q": 16.0, "seq_len": 256, "val_samples": 1000, "seed": 42, "accuracy_fixed": 0.89, "accuracy_all": 0.029998912520001864, "accuracy_input_echo": 0.015953438406900864, "output_token_count": 1000, "input_token_count": 62369, "all_token_count": 64369, "output_start_stats": {"n": 1000, "min": 4, "max": 120, "mean": 62.36899948120117}}
Wrote results/max_1layer_stieltjes_q16.0_seq128_embd12_h1_initfix_ascend/accuracy_eval_seq512_arr120_first1.json
{"checkpoint": "results/max_1layer_stieltjes_q16.0_seq128_embd12_h1_initfix_ascend/model.pt", "task": "max", "attn": "stieltjes", "q": 16.0, "seq_len": 512, "val_samples": 1000, "seed": 42, "accuracy_fixed": 0.89, "accuracy_all": 0.029998912520001864, "accuracy_input_echo": 0.015953438406900864, "output_token_count": 1000, "input_token_count": 62369, "all_token_count": 64369, "output_start_stats": {"n": 1000, "min": 4, "max": 120, "mean": 62.36899948120117}}
Wrote results/max_1layer_stieltjes_q16.0_seq128_embd12_h1_initfix_ascend/accuracy_eval_seq1024_arr120_first1.json
{"checkpoint": "results/max_1layer_stieltjes_q16.0_seq128_embd12_h1_initfix_ascend/model.pt", "task": "max", "attn": "stieltjes", "q": 16.0, "seq_len": 1024, "val_samples": 1000, "seed": 42, "accuracy_fixed": 0.89, "accuracy_all": 0.029998912520001864, "accuracy_input_echo": 0.015953438406900864, "output_token_count": 1000, "input_token_count": 62369, "all_token_count": 64369, "output_start_stats": {"n": 1000, "min": 4, "max": 120, "mean": 62.36899948120117}}
Wrote results/max_1layer_stieltjes_q16.0_seq128_embd12_h1_initfix_ascend/accuracy_eval_seq2048_arr120_first1.json
{"checkpoint": "results/max_1layer_stieltjes_q16.0_seq128_embd12_h1_initfix_ascend/model.pt", "task": "max", "attn": "stieltjes", "q": 16.0, "seq_len": 2048, "val_samples": 1000, "seed": 42, "accuracy_fixed": 0.89, "accuracy_all": 0.029998912520001864, "accuracy_input_echo": 0.015953438406900864, "output_token_count": 1000, "input_token_count": 62369, "all_token_count": 64369, "output_start_stats": {"n": 1000, "min": 4, "max": 120, "mean": 62.36899948120117}}
Wrote results/max_1layer_stieltjes_q16.0_seq128_embd12_h1_initfix_ascend/accuracy_eval_seq4096_arr120_first1.json
{"checkpoint": "results/max_1layer_stieltjes_q16.0_seq128_embd12_h1_initfix_ascend/model.pt", "task": "max", "attn": "stieltjes", "q": 16.0, "seq_len": 4096, "val_samples": 1000, "seed": 42, "accuracy_fixed": 0.89, "accuracy_all": 0.029998912520001864, "accuracy_input_echo": 0.015953438406900864, "output_token_count": 1000, "input_token_count": 62369, "all_token_count": 64369, "output_start_stats": {"n": 1000, "min": 4, "max": 120, "mean": 62.36899948120117}}
Wrote results/max_1layer_stieltjes_q16.0_seq128_embd12_h1_initfix_ascend/accuracy_eval_seq8192_arr120_first1.json
{"checkpoint": "results/max_1layer_stieltjes_q16.0_seq128_embd12_h1_initfix_ascend/model.pt", "task": "max", "attn": "stieltjes", "q": 16.0, "seq_len": 8192, "val_samples": 1000, "seed": 42, "accuracy_fixed": 0.89, "accuracy_all": 0.029998912520001864, "accuracy_input_echo": 0.015953438406900864, "output_token_count": 1000, "input_token_count": 62369, "all_token_count": 64369, "output_start_stats": {"n": 1000, "min": 4, "max": 120, "mean": 62.36899948120117}}
DONE results/max_1layer_stieltjes_q16.0_seq128_embd12_h1_initfix_ascend
