=== TOP2 embd-scan: stieltjes_q8.0 n_embd=16 n_head=1 ===
Using device: cuda
Generating training data...
Generating validation data...
Model parameters: 7,440
Using bf16 autocast for forward pass (memory optimization at long context)
Epoch   1/30 | train_loss=4.7644 | val_loss=4.4695 | val_acc=0.0000 | time=5.0s
Epoch   2/30 | train_loss=4.4062 | val_loss=4.3569 | val_acc=0.0010 | time=4.6s
Epoch   3/30 | train_loss=4.3387 | val_loss=4.3166 | val_acc=0.0107 | time=4.6s
Epoch   4/30 | train_loss=4.3099 | val_loss=4.2943 | val_acc=0.0380 | time=4.6s
Epoch   5/30 | train_loss=4.2938 | val_loss=4.2775 | val_acc=0.0575 | time=4.6s
Epoch   6/30 | train_loss=4.2816 | val_loss=4.2701 | val_acc=0.0655 | time=4.6s
Epoch   7/30 | train_loss=4.2744 | val_loss=4.2623 | val_acc=0.0858 | time=4.6s
Epoch   8/30 | train_loss=4.2689 | val_loss=4.2588 | val_acc=0.1148 | time=4.6s
Epoch   9/30 | train_loss=4.2651 | val_loss=4.2550 | val_acc=0.1217 | time=4.6s
Epoch  10/30 | train_loss=4.2620 | val_loss=4.2520 | val_acc=0.1380 | time=4.6s
Epoch  11/30 | train_loss=4.2593 | val_loss=4.2499 | val_acc=0.1380 | time=4.6s
Epoch  12/30 | train_loss=4.2571 | val_loss=4.2483 | val_acc=0.1545 | time=4.6s
Epoch  13/30 | train_loss=4.2547 | val_loss=4.2451 | val_acc=0.1467 | time=4.6s
Epoch  14/30 | train_loss=4.2522 | val_loss=4.2419 | val_acc=0.1805 | time=4.6s
Epoch  15/30 | train_loss=4.2501 | val_loss=4.2413 | val_acc=0.1762 | time=4.6s
Epoch  16/30 | train_loss=4.2484 | val_loss=4.2402 | val_acc=0.1855 | time=4.6s
Epoch  17/30 | train_loss=4.2463 | val_loss=4.2359 | val_acc=0.1875 | time=4.6s
Epoch  18/30 | train_loss=4.2443 | val_loss=4.2339 | val_acc=0.2025 | time=4.6s
Epoch  19/30 | train_loss=4.2427 | val_loss=4.2325 | val_acc=0.2205 | time=4.6s
Epoch  20/30 | train_loss=4.2406 | val_loss=4.2304 | val_acc=0.2070 | time=4.6s
Epoch  21/30 | train_loss=4.2392 | val_loss=4.2288 | val_acc=0.2380 | time=4.6s
Epoch  22/30 | train_loss=4.2378 | val_loss=4.2272 | val_acc=0.2200 | time=4.6s
Epoch  23/30 | train_loss=4.2363 | val_loss=4.2254 | val_acc=0.2278 | time=4.6s
Epoch  24/30 | train_loss=4.2347 | val_loss=4.2242 | val_acc=0.2275 | time=4.6s
Epoch  25/30 | train_loss=4.2335 | val_loss=4.2223 | val_acc=0.2430 | time=4.6s
Epoch  26/30 | train_loss=4.2321 | val_loss=4.2210 | val_acc=0.2572 | time=4.6s
Epoch  27/30 | train_loss=4.2312 | val_loss=4.2183 | val_acc=0.2472 | time=4.6s
Epoch  28/30 | train_loss=4.2298 | val_loss=4.2179 | val_acc=0.2472 | time=4.6s
Epoch  29/30 | train_loss=4.2283 | val_loss=4.2174 | val_acc=0.2522 | time=4.6s
Epoch  30/30 | train_loss=4.2274 | val_loss=4.2160 | val_acc=0.2642 | time=4.6s
Model saved to results/top2_1layer_stieltjes_q8.0_seq128_embd16_h1_initfix_ascend/model.pt
Metrics saved to results/top2_1layer_stieltjes_q8.0_seq128_embd16_h1_initfix_ascend/metrics.csv
Wrote results/top2_1layer_stieltjes_q8.0_seq128_embd16_h1_initfix_ascend/accuracy_eval_seq128_arr120.json
{"checkpoint": "results/top2_1layer_stieltjes_q8.0_seq128_embd16_h1_initfix_ascend/model.pt", "task": "top2_needle", "attn": "stieltjes", "q": 8.0, "seq_len": 128, "val_samples": 1000, "seed": 42, "accuracy_fixed": 0.2585, "accuracy_all": 0.027494718868688636, "accuracy_input_echo": 0.02232467576066157, "output_token_count": 2000, "input_token_count": 89363, "all_token_count": 91363, "output_start_stats": {"n": 1000, "min": 60, "max": 120, "mean": 89.36299896240234}}
Wrote results/top2_1layer_stieltjes_q8.0_seq128_embd16_h1_initfix_ascend/accuracy_eval_seq256_arr120.json
{"checkpoint": "results/top2_1layer_stieltjes_q8.0_seq128_embd16_h1_initfix_ascend/model.pt", "task": "top2_needle", "attn": "stieltjes", "q": 8.0, "seq_len": 256, "val_samples": 1000, "seed": 42, "accuracy_fixed": 0.2585, "accuracy_all": 0.027494718868688636, "accuracy_input_echo": 0.02232467576066157, "output_token_count": 2000, "input_token_count": 89363, "all_token_count": 91363, "output_start_stats": {"n": 1000, "min": 60, "max": 120, "mean": 89.36299896240234}}
Wrote results/top2_1layer_stieltjes_q8.0_seq128_embd16_h1_initfix_ascend/accuracy_eval_seq512_arr120.json
{"checkpoint": "results/top2_1layer_stieltjes_q8.0_seq128_embd16_h1_initfix_ascend/model.pt", "task": "top2_needle", "attn": "stieltjes", "q": 8.0, "seq_len": 512, "val_samples": 1000, "seed": 42, "accuracy_fixed": 0.2585, "accuracy_all": 0.027494718868688636, "accuracy_input_echo": 0.02232467576066157, "output_token_count": 2000, "input_token_count": 89363, "all_token_count": 91363, "output_start_stats": {"n": 1000, "min": 60, "max": 120, "mean": 89.36299896240234}}
Wrote results/top2_1layer_stieltjes_q8.0_seq128_embd16_h1_initfix_ascend/accuracy_eval_seq1024_arr120.json
{"checkpoint": "results/top2_1layer_stieltjes_q8.0_seq128_embd16_h1_initfix_ascend/model.pt", "task": "top2_needle", "attn": "stieltjes", "q": 8.0, "seq_len": 1024, "val_samples": 1000, "seed": 42, "accuracy_fixed": 0.2585, "accuracy_all": 0.027494718868688636, "accuracy_input_echo": 0.02232467576066157, "output_token_count": 2000, "input_token_count": 89363, "all_token_count": 91363, "output_start_stats": {"n": 1000, "min": 60, "max": 120, "mean": 89.36299896240234}}
Wrote results/top2_1layer_stieltjes_q8.0_seq128_embd16_h1_initfix_ascend/accuracy_eval_seq2048_arr120.json
{"checkpoint": "results/top2_1layer_stieltjes_q8.0_seq128_embd16_h1_initfix_ascend/model.pt", "task": "top2_needle", "attn": "stieltjes", "q": 8.0, "seq_len": 2048, "val_samples": 1000, "seed": 42, "accuracy_fixed": 0.2585, "accuracy_all": 0.027494718868688636, "accuracy_input_echo": 0.02232467576066157, "output_token_count": 2000, "input_token_count": 89363, "all_token_count": 91363, "output_start_stats": {"n": 1000, "min": 60, "max": 120, "mean": 89.36299896240234}}
Wrote results/top2_1layer_stieltjes_q8.0_seq128_embd16_h1_initfix_ascend/accuracy_eval_seq4096_arr120.json
{"checkpoint": "results/top2_1layer_stieltjes_q8.0_seq128_embd16_h1_initfix_ascend/model.pt", "task": "top2_needle", "attn": "stieltjes", "q": 8.0, "seq_len": 4096, "val_samples": 1000, "seed": 42, "accuracy_fixed": 0.2585, "accuracy_all": 0.027494718868688636, "accuracy_input_echo": 0.02232467576066157, "output_token_count": 2000, "input_token_count": 89363, "all_token_count": 91363, "output_start_stats": {"n": 1000, "min": 60, "max": 120, "mean": 89.36299896240234}}
Wrote results/top2_1layer_stieltjes_q8.0_seq128_embd16_h1_initfix_ascend/accuracy_eval_seq8192_arr120.json
{"checkpoint": "results/top2_1layer_stieltjes_q8.0_seq128_embd16_h1_initfix_ascend/model.pt", "task": "top2_needle", "attn": "stieltjes", "q": 8.0, "seq_len": 8192, "val_samples": 1000, "seed": 42, "accuracy_fixed": 0.2585, "accuracy_all": 0.027494718868688636, "accuracy_input_echo": 0.02232467576066157, "output_token_count": 2000, "input_token_count": 89363, "all_token_count": 91363, "output_start_stats": {"n": 1000, "min": 60, "max": 120, "mean": 89.36299896240234}}
DONE results/top2_1layer_stieltjes_q8.0_seq128_embd16_h1_initfix_ascend
