=== TOP2 embd-scan: stieltjes_q2.0 n_embd=8 n_head=1 ===
Using device: cuda
Generating training data...
Generating validation data...
Model parameters: 2,952
Using bf16 autocast for forward pass (memory optimization at long context)
Epoch   1/30 | train_loss=4.9482 | val_loss=4.6276 | val_acc=0.0000 | time=4.8s
Epoch   2/30 | train_loss=4.5078 | val_loss=4.4340 | val_acc=0.0000 | time=4.4s
Epoch   3/30 | train_loss=4.4062 | val_loss=4.3810 | val_acc=0.0000 | time=4.4s
Epoch   4/30 | train_loss=4.3659 | val_loss=4.3505 | val_acc=0.0000 | time=4.4s
Epoch   5/30 | train_loss=4.3441 | val_loss=4.3315 | val_acc=0.0000 | time=4.4s
Epoch   6/30 | train_loss=4.3312 | val_loss=4.3209 | val_acc=0.0018 | time=4.4s
Epoch   7/30 | train_loss=4.3232 | val_loss=4.3141 | val_acc=0.0010 | time=4.4s
Epoch   8/30 | train_loss=4.3164 | val_loss=4.3080 | val_acc=0.0018 | time=4.4s
Epoch   9/30 | train_loss=4.3095 | val_loss=4.2997 | val_acc=0.0107 | time=4.4s
Epoch  10/30 | train_loss=4.3035 | val_loss=4.2931 | val_acc=0.0235 | time=4.4s
Epoch  11/30 | train_loss=4.2990 | val_loss=4.2915 | val_acc=0.0227 | time=4.4s
Epoch  12/30 | train_loss=4.2959 | val_loss=4.2852 | val_acc=0.0208 | time=4.4s
Epoch  13/30 | train_loss=4.2932 | val_loss=4.2831 | val_acc=0.0270 | time=4.4s
Epoch  14/30 | train_loss=4.2911 | val_loss=4.2822 | val_acc=0.0280 | time=4.4s
Epoch  15/30 | train_loss=4.2896 | val_loss=4.2801 | val_acc=0.0253 | time=4.4s
Epoch  16/30 | train_loss=4.2881 | val_loss=4.2791 | val_acc=0.0255 | time=4.4s
Epoch  17/30 | train_loss=4.2870 | val_loss=4.2770 | val_acc=0.0285 | time=4.4s
Epoch  18/30 | train_loss=4.2860 | val_loss=4.2754 | val_acc=0.0367 | time=4.4s
Epoch  19/30 | train_loss=4.2848 | val_loss=4.2747 | val_acc=0.0325 | time=4.4s
Epoch  20/30 | train_loss=4.2837 | val_loss=4.2739 | val_acc=0.0367 | time=4.4s
Epoch  21/30 | train_loss=4.2834 | val_loss=4.2728 | val_acc=0.0335 | time=4.4s
Epoch  22/30 | train_loss=4.2821 | val_loss=4.2724 | val_acc=0.0400 | time=4.4s
Epoch  23/30 | train_loss=4.2812 | val_loss=4.2708 | val_acc=0.0390 | time=4.4s
Epoch  24/30 | train_loss=4.2802 | val_loss=4.2684 | val_acc=0.0460 | time=4.4s
Epoch  25/30 | train_loss=4.2795 | val_loss=4.2681 | val_acc=0.0483 | time=4.4s
Epoch  26/30 | train_loss=4.2785 | val_loss=4.2683 | val_acc=0.0485 | time=4.4s
Epoch  27/30 | train_loss=4.2782 | val_loss=4.2667 | val_acc=0.0485 | time=4.4s
Epoch  28/30 | train_loss=4.2776 | val_loss=4.2660 | val_acc=0.0435 | time=4.4s
Epoch  29/30 | train_loss=4.2772 | val_loss=4.2653 | val_acc=0.0510 | time=4.4s
Epoch  30/30 | train_loss=4.2763 | val_loss=4.2658 | val_acc=0.0520 | time=4.4s
Model saved to results/top2_1layer_stieltjes_q2.0_seq128_embd8_h1_initfix_ascend/model.pt
Metrics saved to results/top2_1layer_stieltjes_q2.0_seq128_embd8_h1_initfix_ascend/metrics.csv
Wrote results/top2_1layer_stieltjes_q2.0_seq128_embd8_h1_initfix_ascend/accuracy_eval_seq128_arr120.json
{"checkpoint": "results/top2_1layer_stieltjes_q2.0_seq128_embd8_h1_initfix_ascend/model.pt", "task": "top2_needle", "attn": "stieltjes", "q": 2.0, "seq_len": 128, "val_samples": 1000, "seed": 42, "accuracy_fixed": 0.056, "accuracy_all": 0.021463831091360835, "accuracy_input_echo": 0.020690889965645737, "output_token_count": 2000, "input_token_count": 89363, "all_token_count": 91363, "output_start_stats": {"n": 1000, "min": 60, "max": 120, "mean": 89.36299896240234}}
Wrote results/top2_1layer_stieltjes_q2.0_seq128_embd8_h1_initfix_ascend/accuracy_eval_seq256_arr120.json
{"checkpoint": "results/top2_1layer_stieltjes_q2.0_seq128_embd8_h1_initfix_ascend/model.pt", "task": "top2_needle", "attn": "stieltjes", "q": 2.0, "seq_len": 256, "val_samples": 1000, "seed": 42, "accuracy_fixed": 0.056, "accuracy_all": 0.021463831091360835, "accuracy_input_echo": 0.020690889965645737, "output_token_count": 2000, "input_token_count": 89363, "all_token_count": 91363, "output_start_stats": {"n": 1000, "min": 60, "max": 120, "mean": 89.36299896240234}}
Wrote results/top2_1layer_stieltjes_q2.0_seq128_embd8_h1_initfix_ascend/accuracy_eval_seq512_arr120.json
{"checkpoint": "results/top2_1layer_stieltjes_q2.0_seq128_embd8_h1_initfix_ascend/model.pt", "task": "top2_needle", "attn": "stieltjes", "q": 2.0, "seq_len": 512, "val_samples": 1000, "seed": 42, "accuracy_fixed": 0.056, "accuracy_all": 0.021463831091360835, "accuracy_input_echo": 0.020690889965645737, "output_token_count": 2000, "input_token_count": 89363, "all_token_count": 91363, "output_start_stats": {"n": 1000, "min": 60, "max": 120, "mean": 89.36299896240234}}
Wrote results/top2_1layer_stieltjes_q2.0_seq128_embd8_h1_initfix_ascend/accuracy_eval_seq1024_arr120.json
{"checkpoint": "results/top2_1layer_stieltjes_q2.0_seq128_embd8_h1_initfix_ascend/model.pt", "task": "top2_needle", "attn": "stieltjes", "q": 2.0, "seq_len": 1024, "val_samples": 1000, "seed": 42, "accuracy_fixed": 0.056, "accuracy_all": 0.021463831091360835, "accuracy_input_echo": 0.020690889965645737, "output_token_count": 2000, "input_token_count": 89363, "all_token_count": 91363, "output_start_stats": {"n": 1000, "min": 60, "max": 120, "mean": 89.36299896240234}}
Wrote results/top2_1layer_stieltjes_q2.0_seq128_embd8_h1_initfix_ascend/accuracy_eval_seq2048_arr120.json
{"checkpoint": "results/top2_1layer_stieltjes_q2.0_seq128_embd8_h1_initfix_ascend/model.pt", "task": "top2_needle", "attn": "stieltjes", "q": 2.0, "seq_len": 2048, "val_samples": 1000, "seed": 42, "accuracy_fixed": 0.056, "accuracy_all": 0.021463831091360835, "accuracy_input_echo": 0.020690889965645737, "output_token_count": 2000, "input_token_count": 89363, "all_token_count": 91363, "output_start_stats": {"n": 1000, "min": 60, "max": 120, "mean": 89.36299896240234}}
Wrote results/top2_1layer_stieltjes_q2.0_seq128_embd8_h1_initfix_ascend/accuracy_eval_seq4096_arr120.json
{"checkpoint": "results/top2_1layer_stieltjes_q2.0_seq128_embd8_h1_initfix_ascend/model.pt", "task": "top2_needle", "attn": "stieltjes", "q": 2.0, "seq_len": 4096, "val_samples": 1000, "seed": 42, "accuracy_fixed": 0.056, "accuracy_all": 0.021463831091360835, "accuracy_input_echo": 0.020690889965645737, "output_token_count": 2000, "input_token_count": 89363, "all_token_count": 91363, "output_start_stats": {"n": 1000, "min": 60, "max": 120, "mean": 89.36299896240234}}
Wrote results/top2_1layer_stieltjes_q2.0_seq128_embd8_h1_initfix_ascend/accuracy_eval_seq8192_arr120.json
{"checkpoint": "results/top2_1layer_stieltjes_q2.0_seq128_embd8_h1_initfix_ascend/model.pt", "task": "top2_needle", "attn": "stieltjes", "q": 2.0, "seq_len": 8192, "val_samples": 1000, "seed": 42, "accuracy_fixed": 0.056, "accuracy_all": 0.021463831091360835, "accuracy_input_echo": 0.020690889965645737, "output_token_count": 2000, "input_token_count": 89363, "all_token_count": 91363, "output_start_stats": {"n": 1000, "min": 60, "max": 120, "mean": 89.36299896240234}}
DONE results/top2_1layer_stieltjes_q2.0_seq128_embd8_h1_initfix_ascend
