=== MAX n_embd=8 multiseed: softmax seed=2 ===
Using device: cuda
Generating training data...
Generating validation data...
Model parameters: 2,952
Using bf16 autocast for forward pass (memory optimization at long context)
Epoch   1/30 | train_loss=4.7158 | val_loss=4.2992 | val_acc=0.2800 | time=3.9s
Epoch   2/30 | train_loss=4.2390 | val_loss=4.2116 | val_acc=0.2800 | time=3.4s
Epoch   3/30 | train_loss=4.1979 | val_loss=4.1958 | val_acc=0.2800 | time=3.4s
Epoch   4/30 | train_loss=4.1886 | val_loss=4.1835 | val_acc=0.2800 | time=3.4s
Epoch   5/30 | train_loss=4.1823 | val_loss=4.1724 | val_acc=0.2800 | time=3.4s
Epoch   6/30 | train_loss=4.1682 | val_loss=4.1571 | val_acc=0.2865 | time=3.4s
Epoch   7/30 | train_loss=4.1543 | val_loss=4.1450 | val_acc=0.2875 | time=3.3s
Epoch   8/30 | train_loss=4.1454 | val_loss=4.1383 | val_acc=0.2893 | time=3.3s
Epoch   9/30 | train_loss=4.1416 | val_loss=4.1383 | val_acc=0.2895 | time=3.4s
Epoch  10/30 | train_loss=4.1390 | val_loss=4.1346 | val_acc=0.2900 | time=3.4s
Epoch  11/30 | train_loss=4.1355 | val_loss=4.1297 | val_acc=0.3947 | time=3.4s
Epoch  12/30 | train_loss=4.1329 | val_loss=4.1292 | val_acc=0.3965 | time=3.4s
Epoch  13/30 | train_loss=4.1313 | val_loss=4.1258 | val_acc=0.3965 | time=3.4s
Epoch  14/30 | train_loss=4.1297 | val_loss=4.1233 | val_acc=0.3985 | time=3.3s
Epoch  15/30 | train_loss=4.1282 | val_loss=4.1252 | val_acc=0.3985 | time=3.3s
Epoch  16/30 | train_loss=4.1275 | val_loss=4.1259 | val_acc=0.3985 | time=3.3s
Epoch  17/30 | train_loss=4.1269 | val_loss=4.1247 | val_acc=0.3985 | time=3.3s
Epoch  18/30 | train_loss=4.1262 | val_loss=4.1224 | val_acc=0.3992 | time=3.3s
Epoch  19/30 | train_loss=4.1256 | val_loss=4.1220 | val_acc=0.3985 | time=3.4s
Epoch  20/30 | train_loss=4.1251 | val_loss=4.1229 | val_acc=0.3992 | time=3.3s
Epoch  21/30 | train_loss=4.1247 | val_loss=4.1225 | val_acc=0.4417 | time=3.3s
Epoch  22/30 | train_loss=4.1242 | val_loss=4.1216 | val_acc=0.4382 | time=3.3s
Epoch  23/30 | train_loss=4.1238 | val_loss=4.1188 | val_acc=0.4382 | time=3.3s
Epoch  24/30 | train_loss=4.1235 | val_loss=4.1195 | val_acc=0.4382 | time=3.3s
Epoch  25/30 | train_loss=4.1232 | val_loss=4.1172 | val_acc=0.4382 | time=3.3s
Epoch  26/30 | train_loss=4.1228 | val_loss=4.1191 | val_acc=0.4382 | time=3.3s
Epoch  27/30 | train_loss=4.1227 | val_loss=4.1192 | val_acc=0.4382 | time=3.3s
Epoch  28/30 | train_loss=4.1223 | val_loss=4.1202 | val_acc=0.4402 | time=3.3s
Epoch  29/30 | train_loss=4.1221 | val_loss=4.1174 | val_acc=0.4385 | time=3.3s
Epoch  30/30 | train_loss=4.1220 | val_loss=4.1163 | val_acc=0.4392 | time=3.3s
Model saved to results/max_1layer_softmax_seq128_embd8_h1_seed2_initfix_ascend/model.pt
Metrics saved to results/max_1layer_softmax_seq128_embd8_h1_seed2_initfix_ascend/metrics.csv
Wrote results/max_1layer_softmax_seq128_embd8_h1_seed2_initfix_ascend/accuracy_eval_seq128_arr120_first1.json
{"checkpoint": "results/max_1layer_softmax_seq128_embd8_h1_seed2_initfix_ascend/model.pt", "task": "max", "attn": "softmax", "q": 1.0, "seq_len": 128, "val_samples": 1000, "seed": 42, "accuracy_fixed": 0.85, "accuracy_all": 0.029424101663844397, "accuracy_input_echo": 0.01627411053568279, "output_token_count": 1000, "input_token_count": 62369, "all_token_count": 64369, "output_start_stats": {"n": 1000, "min": 4, "max": 120, "mean": 62.36899948120117}}
DONE results/max_1layer_softmax_seq128_embd8_h1_seed2_initfix_ascend
