=== subtle-needle 1-head toy stieltjes_q24.0 seq=128 d=64 NoPE ===
Thu Apr 16 00:30:10 2026       
+-----------------------------------------------------------------------------------------+
| NVIDIA-SMI 580.95.05              Driver Version: 580.95.05      CUDA Version: 13.0     |
+-----------------------------------------+------------------------+----------------------+
| GPU  Name                 Persistence-M | Bus-Id          Disp.A | Volatile Uncorr. ECC |
| Fan  Temp   Perf          Pwr:Usage/Cap |           Memory-Usage | GPU-Util  Compute M. |
|                                         |                        |               MIG M. |
|=========================================+========================+======================|
|   0  NVIDIA A100-PCIE-40GB          On  |   00000000:25:00.0 Off |                    0 |
| N/A   30C    P0             37W /  250W |       0MiB /  40960MiB |      0%      Default |
|                                         |                        |             Disabled |
+-----------------------------------------+------------------------+----------------------+

+-----------------------------------------------------------------------------------------+
| Processes:                                                                              |
|  GPU   GI   CI              PID   Type   Process name                        GPU Memory |
|        ID   ID                                                               Usage      |
|=========================================================================================|
|  No running processes found                                                             |
+-----------------------------------------------------------------------------------------+
Using device: cuda
Generating training data...
Generating validation data...
Model parameters: 66,624
Using bf16 autocast for forward pass (memory optimization at long context)
Epoch   1/50 | train_loss=4.8983 | val_loss=4.8252 | val_acc=0.5095 | time=6.7s
Epoch   2/50 | train_loss=4.8244 | val_loss=4.8338 | val_acc=0.4255 | time=4.7s
Epoch   3/50 | train_loss=4.8163 | val_loss=4.8161 | val_acc=0.6495 | time=4.7s
Epoch   4/50 | train_loss=4.8112 | val_loss=4.8147 | val_acc=0.6730 | time=4.7s
Epoch   5/50 | train_loss=4.8091 | val_loss=4.8143 | val_acc=0.7655 | time=4.7s
Epoch   6/50 | train_loss=4.8078 | val_loss=4.8074 | val_acc=0.8540 | time=4.7s
Epoch   7/50 | train_loss=4.8068 | val_loss=4.8128 | val_acc=0.5765 | time=4.7s
Epoch   8/50 | train_loss=4.8061 | val_loss=4.8109 | val_acc=0.6855 | time=4.7s
Epoch   9/50 | train_loss=4.8055 | val_loss=4.8050 | val_acc=0.9375 | time=4.7s
Epoch  10/50 | train_loss=4.8051 | val_loss=4.8058 | val_acc=0.8765 | time=4.7s
Epoch  11/50 | train_loss=4.8046 | val_loss=4.8060 | val_acc=0.8800 | time=4.7s
Epoch  12/50 | train_loss=4.8041 | val_loss=4.8112 | val_acc=0.6265 | time=4.7s
Epoch  13/50 | train_loss=4.8039 | val_loss=4.8132 | val_acc=0.5985 | time=4.7s
Epoch  14/50 | train_loss=4.8036 | val_loss=4.8072 | val_acc=0.7985 | time=4.7s
Epoch  15/50 | train_loss=4.8034 | val_loss=4.8055 | val_acc=0.8260 | time=4.7s
Epoch  16/50 | train_loss=4.8033 | val_loss=4.8150 | val_acc=0.5965 | time=4.7s
Epoch  17/50 | train_loss=4.8034 | val_loss=4.8062 | val_acc=0.7935 | time=4.7s
Epoch  18/50 | train_loss=4.8030 | val_loss=4.8053 | val_acc=0.8190 | time=4.7s
Epoch  19/50 | train_loss=4.8028 | val_loss=4.8045 | val_acc=0.8670 | time=4.7s
Epoch  20/50 | train_loss=4.8026 | val_loss=4.8051 | val_acc=0.8710 | time=4.7s
Epoch  21/50 | train_loss=4.8025 | val_loss=4.8027 | val_acc=0.9465 | time=4.7s
Epoch  22/50 | train_loss=4.8023 | val_loss=4.8030 | val_acc=0.9670 | time=4.7s
Epoch  23/50 | train_loss=4.8022 | val_loss=4.8034 | val_acc=0.9545 | time=4.7s
Epoch  24/50 | train_loss=4.8021 | val_loss=4.8050 | val_acc=0.8640 | time=4.7s
Epoch  25/50 | train_loss=4.8021 | val_loss=4.8049 | val_acc=0.8470 | time=4.7s
Epoch  26/50 | train_loss=4.8020 | val_loss=4.8042 | val_acc=0.9465 | time=4.7s
Epoch  27/50 | train_loss=4.8019 | val_loss=4.8034 | val_acc=0.9575 | time=4.7s
Epoch  28/50 | train_loss=4.8020 | val_loss=4.8032 | val_acc=0.9290 | time=4.7s
Epoch  29/50 | train_loss=4.8019 | val_loss=4.8028 | val_acc=0.9705 | time=4.7s
Epoch  30/50 | train_loss=4.8018 | val_loss=4.8049 | val_acc=0.8700 | time=4.7s
Epoch  31/50 | train_loss=4.8018 | val_loss=4.8031 | val_acc=0.9770 | time=4.7s
Epoch  32/50 | train_loss=4.8019 | val_loss=4.8050 | val_acc=0.8735 | time=4.7s
Epoch  33/50 | train_loss=4.8019 | val_loss=4.8039 | val_acc=0.9555 | time=4.7s
Epoch  34/50 | train_loss=4.8019 | val_loss=4.8050 | val_acc=0.8440 | time=4.7s
Epoch  35/50 | train_loss=4.8019 | val_loss=4.8032 | val_acc=0.9375 | time=4.7s
Epoch  36/50 | train_loss=4.8018 | val_loss=4.8023 | val_acc=0.9905 | time=4.7s
Epoch  37/50 | train_loss=4.8020 | val_loss=4.8021 | val_acc=0.9455 | time=4.7s
Epoch  38/50 | train_loss=4.8020 | val_loss=4.8033 | val_acc=0.9815 | time=4.7s
Epoch  39/50 | train_loss=4.8020 | val_loss=4.8024 | val_acc=0.9760 | time=4.7s
Epoch  40/50 | train_loss=4.8019 | val_loss=4.8032 | val_acc=0.9875 | time=4.7s
Epoch  41/50 | train_loss=4.8019 | val_loss=4.8062 | val_acc=0.8520 | time=4.7s
Epoch  42/50 | train_loss=4.8017 | val_loss=4.8038 | val_acc=0.9175 | time=4.7s
Epoch  43/50 | train_loss=4.8011 | val_loss=4.8005 | val_acc=0.9905 | time=4.7s
Epoch  44/50 | train_loss=4.8005 | val_loss=4.8039 | val_acc=0.8285 | time=4.7s
Epoch  45/50 | train_loss=4.7986 | val_loss=4.7964 | val_acc=0.9880 | time=4.7s
Epoch  46/50 | train_loss=4.7968 | val_loss=4.7946 | val_acc=0.9910 | time=4.7s
Epoch  47/50 | train_loss=4.7956 | val_loss=4.7941 | val_acc=0.9915 | time=4.7s
Epoch  48/50 | train_loss=4.7953 | val_loss=4.7963 | val_acc=0.9465 | time=4.7s
Epoch  49/50 | train_loss=4.7949 | val_loss=4.7967 | val_acc=0.9320 | time=4.7s
Epoch  50/50 | train_loss=4.7946 | val_loss=4.7937 | val_acc=0.9770 | time=4.7s
Model saved to results/subtle_needle_1head_stieltjes_q24.0_seq128_d64_nope_ascend/model.pt
Metrics saved to results/subtle_needle_1head_stieltjes_q24.0_seq128_d64_nope_ascend/metrics.csv
=== eval at seq=128 (128/128x extrap) ===
Wrote results/subtle_needle_1head_stieltjes_q24.0_seq128_d64_nope_ascend/accuracy_eval_seq128_scaledarr.json
{"checkpoint": "results/subtle_needle_1head_stieltjes_q24.0_seq128_d64_nope_ascend/model.pt", "task": "needle", "attn": "stieltjes", "q": 24.0, "seq_len": 128, "val_samples": 2000, "seed": 42, "accuracy_fixed": 0.631, "accuracy_all": 0.01945080720025927, "accuracy_input_echo": 0.012657665413304157, "output_token_count": 2000, "input_token_count": 180049, "all_token_count": 182049, "output_start_stats": {"n": 2000, "min": 60, "max": 120, "mean": 90.02449798583984}}
=== eval at seq=512 (512/128x extrap) ===
Wrote results/subtle_needle_1head_stieltjes_q24.0_seq128_d64_nope_ascend/accuracy_eval_seq512_scaledarr.json
{"checkpoint": "results/subtle_needle_1head_stieltjes_q24.0_seq128_d64_nope_ascend/model.pt", "task": "needle", "attn": "stieltjes", "q": 24.0, "seq_len": 512, "val_samples": 2000, "seed": 42, "accuracy_fixed": 0.0, "accuracy_all": 0.0077191506699875794, "accuracy_input_echo": 0.007739495410728287, "output_token_count": 2000, "input_token_count": 758835, "all_token_count": 760835, "output_start_stats": {"n": 2000, "min": 252, "max": 504, "mean": 379.4175109863281}}
=== eval at seq=2048 (2048/128x extrap) ===
Wrote results/subtle_needle_1head_stieltjes_q24.0_seq128_d64_nope_ascend/accuracy_eval_seq2048_scaledarr.json
{"checkpoint": "results/subtle_needle_1head_stieltjes_q24.0_seq128_d64_nope_ascend/model.pt", "task": "needle", "attn": "stieltjes", "q": 24.0, "seq_len": 2048, "val_samples": 2000, "seed": 42, "accuracy_fixed": 0.0, "accuracy_all": 0.006883915118339275, "accuracy_input_echo": 0.006888422872353487, "output_token_count": 2000, "input_token_count": 3054255, "all_token_count": 3056255, "output_start_stats": {"n": 2000, "min": 1021, "max": 2039, "mean": 1527.12744140625}}
=== eval at seq=8192 (8192/128x extrap) ===
Wrote results/subtle_needle_1head_stieltjes_q24.0_seq128_d64_nope_ascend/accuracy_eval_seq8192_scaledarr.json
{"checkpoint": "results/subtle_needle_1head_stieltjes_q24.0_seq128_d64_nope_ascend/model.pt", "task": "needle", "attn": "stieltjes", "q": 24.0, "seq_len": 8192, "val_samples": 2000, "seed": 42, "accuracy_fixed": 0.0, "accuracy_all": 0.007477608183283295, "accuracy_input_echo": 0.00747882039758757, "output_token_count": 2000, "input_token_count": 12337106, "all_token_count": 12339106, "output_start_stats": {"n": 2000, "min": 4096, "max": 8182, "mean": 6168.55322265625}}
=== eval at seq=16384 (16384/128x extrap) ===
Wrote results/subtle_needle_1head_stieltjes_q24.0_seq128_d64_nope_ascend/accuracy_eval_seq16384_scaledarr.json
{"checkpoint": "results/subtle_needle_1head_stieltjes_q24.0_seq128_d64_nope_ascend/model.pt", "task": "needle", "attn": "stieltjes", "q": 24.0, "seq_len": 16384, "val_samples": 2000, "seed": 42, "accuracy_fixed": 0.0, "accuracy_all": 0.007638921512591444, "accuracy_input_echo": 0.0076395445881672006, "output_token_count": 2000, "input_token_count": 24520048, "all_token_count": 24522048, "output_start_stats": {"n": 2000, "min": 8188, "max": 16364, "mean": 12260.0244140625}}
