=== subtle-needle 1-layer stieltjes_q64.0 seq=4096 NoPE ascend ===
Wed Apr 15 22:12:10 2026       
+-----------------------------------------------------------------------------------------+
| NVIDIA-SMI 580.95.05              Driver Version: 580.95.05      CUDA Version: 13.0     |
+-----------------------------------------+------------------------+----------------------+
| GPU  Name                 Persistence-M | Bus-Id          Disp.A | Volatile Uncorr. ECC |
| Fan  Temp   Perf          Pwr:Usage/Cap |           Memory-Usage | GPU-Util  Compute M. |
|                                         |                        |               MIG M. |
|=========================================+========================+======================|
|   0  NVIDIA A100-PCIE-40GB          On  |   00000000:81:00.0 Off |                    0 |
| N/A   22C    P0             35W /  250W |       0MiB /  40960MiB |      0%      Default |
|                                         |                        |             Disabled |
+-----------------------------------------+------------------------+----------------------+
|   1  NVIDIA A100-PCIE-40GB          On  |   00000000:E2:00.0 Off |                    0 |
| N/A   23C    P0             37W /  250W |       0MiB /  40960MiB |      0%      Default |
|                                         |                        |             Disabled |
+-----------------------------------------+------------------------+----------------------+

+-----------------------------------------------------------------------------------------+
| Processes:                                                                              |
|  GPU   GI   CI              PID   Type   Process name                        GPU Memory |
|        ID   ID                                                               Usage      |
|=========================================================================================|
|  No running processes found                                                             |
+-----------------------------------------------------------------------------------------+
Using device: cuda
Generating training data...
Generating validation data...
Model parameters: 1,874,304
Using bf16 autocast for forward pass (memory optimization at long context)
Epoch   1/30 | train_loss=4.8504 | val_loss=4.8461 | val_acc=1.0000 | time=1033.6s
Epoch   2/30 | train_loss=4.8479 | val_loss=4.8515 | val_acc=1.0000 | time=1031.4s
Epoch   3/30 | train_loss=4.8494 | val_loss=4.8454 | val_acc=1.0000 | time=1031.3s
Epoch   4/30 | train_loss=4.8510 | val_loss=4.8518 | val_acc=1.0000 | time=1031.3s
Epoch   5/30 | train_loss=4.8533 | val_loss=4.8509 | val_acc=1.0000 | time=1031.2s
Epoch   6/30 | train_loss=4.8575 | val_loss=4.8578 | val_acc=1.0000 | time=1031.2s
Epoch   7/30 | train_loss=4.8622 | val_loss=4.8570 | val_acc=1.0000 | time=1031.1s
Epoch   8/30 | train_loss=4.8632 | val_loss=4.8648 | val_acc=1.0000 | time=1031.2s
Epoch   9/30 | train_loss=4.8648 | val_loss=4.8532 | val_acc=1.0000 | time=1031.1s
Epoch  10/30 | train_loss=4.8842 | val_loss=4.8555 | val_acc=1.0000 | time=1031.2s
Epoch  11/30 | train_loss=4.8867 | val_loss=4.8807 | val_acc=1.0000 | time=1031.2s
Epoch  12/30 | train_loss=4.8884 | val_loss=4.8454 | val_acc=1.0000 | time=1031.2s
Epoch  13/30 | train_loss=4.9012 | val_loss=4.8565 | val_acc=1.0000 | time=1031.2s
[2026-04-16T02:12:35.004] error: *** JOB 4932975 ON a0293 CANCELLED AT 2026-04-16T02:12:35 DUE TO TIME LIMIT ***
