=== SUBTLE embd-scan: stieltjes_q4.0 n_embd=8 n_head=1 ===
Using device: cuda
Generating training data...
Generating validation data...
Model parameters: 2,952
Using bf16 autocast for forward pass (memory optimization at long context)
Epoch   1/30 | train_loss=4.9522 | val_loss=4.6307 | val_acc=0.0000 | time=5.4s
Epoch   2/30 | train_loss=4.5275 | val_loss=4.4327 | val_acc=0.0000 | time=4.5s
Epoch   3/30 | train_loss=4.4188 | val_loss=4.3809 | val_acc=0.0000 | time=4.5s
Epoch   4/30 | train_loss=4.3797 | val_loss=4.3426 | val_acc=0.0000 | time=4.5s
Epoch   5/30 | train_loss=4.3518 | val_loss=4.3238 | val_acc=0.0085 | time=4.5s
Epoch   6/30 | train_loss=4.3384 | val_loss=4.3119 | val_acc=0.0130 | time=4.5s
Epoch   7/30 | train_loss=4.3287 | val_loss=4.3027 | val_acc=0.0180 | time=4.5s
Epoch   8/30 | train_loss=4.3220 | val_loss=4.2968 | val_acc=0.0265 | time=4.5s
Epoch   9/30 | train_loss=4.3177 | val_loss=4.2925 | val_acc=0.0240 | time=4.5s
Epoch  10/30 | train_loss=4.3144 | val_loss=4.2886 | val_acc=0.0255 | time=4.5s
Epoch  11/30 | train_loss=4.3118 | val_loss=4.2860 | val_acc=0.0190 | time=4.5s
Epoch  12/30 | train_loss=4.3097 | val_loss=4.2840 | val_acc=0.0205 | time=4.5s
Epoch  13/30 | train_loss=4.3078 | val_loss=4.2820 | val_acc=0.0200 | time=4.5s
Epoch  14/30 | train_loss=4.3061 | val_loss=4.2804 | val_acc=0.0345 | time=4.5s
Epoch  15/30 | train_loss=4.3047 | val_loss=4.2783 | val_acc=0.0390 | time=4.5s
Epoch  16/30 | train_loss=4.3031 | val_loss=4.2780 | val_acc=0.0405 | time=4.5s
Epoch  17/30 | train_loss=4.3017 | val_loss=4.2745 | val_acc=0.0490 | time=4.5s
Epoch  18/30 | train_loss=4.3005 | val_loss=4.2735 | val_acc=0.0455 | time=4.5s
Epoch  19/30 | train_loss=4.2991 | val_loss=4.2725 | val_acc=0.0570 | time=4.5s
Epoch  20/30 | train_loss=4.2975 | val_loss=4.2707 | val_acc=0.0530 | time=4.5s
Epoch  21/30 | train_loss=4.2963 | val_loss=4.2697 | val_acc=0.0710 | time=4.5s
Epoch  22/30 | train_loss=4.2957 | val_loss=4.2694 | val_acc=0.0730 | time=4.5s
Epoch  23/30 | train_loss=4.2943 | val_loss=4.2668 | val_acc=0.0805 | time=4.5s
Epoch  24/30 | train_loss=4.2934 | val_loss=4.2667 | val_acc=0.0890 | time=4.5s
Epoch  25/30 | train_loss=4.2923 | val_loss=4.2655 | val_acc=0.0915 | time=4.5s
Epoch  26/30 | train_loss=4.2914 | val_loss=4.2637 | val_acc=0.1040 | time=4.5s
Epoch  27/30 | train_loss=4.2902 | val_loss=4.2629 | val_acc=0.0815 | time=4.5s
Epoch  28/30 | train_loss=4.2894 | val_loss=4.2625 | val_acc=0.0830 | time=4.5s
Epoch  29/30 | train_loss=4.2882 | val_loss=4.2608 | val_acc=0.0760 | time=4.5s
Epoch  30/30 | train_loss=4.2876 | val_loss=4.2601 | val_acc=0.0895 | time=4.5s
Model saved to results/subtle_1layer_stieltjes_q4.0_seq128_embd8_h1_initfix_ascend/model.pt
Metrics saved to results/subtle_1layer_stieltjes_q4.0_seq128_embd8_h1_initfix_ascend/metrics.csv
Wrote results/subtle_1layer_stieltjes_q4.0_seq128_embd8_h1_initfix_ascend/accuracy_eval_seq128_arr120.json
{"checkpoint": "results/subtle_1layer_stieltjes_q4.0_seq128_embd8_h1_initfix_ascend/model.pt", "task": "needle", "attn": "stieltjes", "q": 4.0, "seq_len": 128, "val_samples": 1000, "seed": 42, "accuracy_fixed": 0.091, "accuracy_all": 0.02117387710112979, "accuracy_input_echo": 0.020395653385344107, "output_token_count": 1000, "input_token_count": 89725, "all_token_count": 90725, "output_start_stats": {"n": 1000, "min": 60, "max": 120, "mean": 89.7249984741211}}
Wrote results/subtle_1layer_stieltjes_q4.0_seq128_embd8_h1_initfix_ascend/accuracy_eval_seq256_arr120.json
{"checkpoint": "results/subtle_1layer_stieltjes_q4.0_seq128_embd8_h1_initfix_ascend/model.pt", "task": "needle", "attn": "stieltjes", "q": 4.0, "seq_len": 256, "val_samples": 1000, "seed": 42, "accuracy_fixed": 0.091, "accuracy_all": 0.02117387710112979, "accuracy_input_echo": 0.020395653385344107, "output_token_count": 1000, "input_token_count": 89725, "all_token_count": 90725, "output_start_stats": {"n": 1000, "min": 60, "max": 120, "mean": 89.7249984741211}}
Wrote results/subtle_1layer_stieltjes_q4.0_seq128_embd8_h1_initfix_ascend/accuracy_eval_seq512_arr120.json
{"checkpoint": "results/subtle_1layer_stieltjes_q4.0_seq128_embd8_h1_initfix_ascend/model.pt", "task": "needle", "attn": "stieltjes", "q": 4.0, "seq_len": 512, "val_samples": 1000, "seed": 42, "accuracy_fixed": 0.091, "accuracy_all": 0.02117387710112979, "accuracy_input_echo": 0.020395653385344107, "output_token_count": 1000, "input_token_count": 89725, "all_token_count": 90725, "output_start_stats": {"n": 1000, "min": 60, "max": 120, "mean": 89.7249984741211}}
Wrote results/subtle_1layer_stieltjes_q4.0_seq128_embd8_h1_initfix_ascend/accuracy_eval_seq1024_arr120.json
{"checkpoint": "results/subtle_1layer_stieltjes_q4.0_seq128_embd8_h1_initfix_ascend/model.pt", "task": "needle", "attn": "stieltjes", "q": 4.0, "seq_len": 1024, "val_samples": 1000, "seed": 42, "accuracy_fixed": 0.091, "accuracy_all": 0.02117387710112979, "accuracy_input_echo": 0.020395653385344107, "output_token_count": 1000, "input_token_count": 89725, "all_token_count": 90725, "output_start_stats": {"n": 1000, "min": 60, "max": 120, "mean": 89.7249984741211}}
Wrote results/subtle_1layer_stieltjes_q4.0_seq128_embd8_h1_initfix_ascend/accuracy_eval_seq2048_arr120.json
{"checkpoint": "results/subtle_1layer_stieltjes_q4.0_seq128_embd8_h1_initfix_ascend/model.pt", "task": "needle", "attn": "stieltjes", "q": 4.0, "seq_len": 2048, "val_samples": 1000, "seed": 42, "accuracy_fixed": 0.091, "accuracy_all": 0.02117387710112979, "accuracy_input_echo": 0.020395653385344107, "output_token_count": 1000, "input_token_count": 89725, "all_token_count": 90725, "output_start_stats": {"n": 1000, "min": 60, "max": 120, "mean": 89.7249984741211}}
Wrote results/subtle_1layer_stieltjes_q4.0_seq128_embd8_h1_initfix_ascend/accuracy_eval_seq4096_arr120.json
{"checkpoint": "results/subtle_1layer_stieltjes_q4.0_seq128_embd8_h1_initfix_ascend/model.pt", "task": "needle", "attn": "stieltjes", "q": 4.0, "seq_len": 4096, "val_samples": 1000, "seed": 42, "accuracy_fixed": 0.091, "accuracy_all": 0.02117387710112979, "accuracy_input_echo": 0.020395653385344107, "output_token_count": 1000, "input_token_count": 89725, "all_token_count": 90725, "output_start_stats": {"n": 1000, "min": 60, "max": 120, "mean": 89.7249984741211}}
Wrote results/subtle_1layer_stieltjes_q4.0_seq128_embd8_h1_initfix_ascend/accuracy_eval_seq8192_arr120.json
{"checkpoint": "results/subtle_1layer_stieltjes_q4.0_seq128_embd8_h1_initfix_ascend/model.pt", "task": "needle", "attn": "stieltjes", "q": 4.0, "seq_len": 8192, "val_samples": 1000, "seed": 42, "accuracy_fixed": 0.091, "accuracy_all": 0.02117387710112979, "accuracy_input_echo": 0.020395653385344107, "output_token_count": 1000, "input_token_count": 89725, "all_token_count": 90725, "output_start_stats": {"n": 1000, "min": 60, "max": 120, "mean": 89.7249984741211}}
DONE results/subtle_1layer_stieltjes_q4.0_seq128_embd8_h1_initfix_ascend
