=== max 1-layer softmax train-seq=4096 bs=4 NoPE ascend ===
Wed Apr 15 02:18:20 2026       
+-----------------------------------------------------------------------------------------+
| NVIDIA-SMI 580.95.05              Driver Version: 580.95.05      CUDA Version: 13.0     |
+-----------------------------------------+------------------------+----------------------+
| GPU  Name                 Persistence-M | Bus-Id          Disp.A | Volatile Uncorr. ECC |
| Fan  Temp   Perf          Pwr:Usage/Cap |           Memory-Usage | GPU-Util  Compute M. |
|                                         |                        |               MIG M. |
|=========================================+========================+======================|
|   0  NVIDIA A100-PCIE-40GB          On  |   00000000:25:00.0 Off |                    0 |
| N/A   25C    P0             35W /  250W |       0MiB /  40960MiB |      0%      Default |
|                                         |                        |             Disabled |
+-----------------------------------------+------------------------+----------------------+

+-----------------------------------------------------------------------------------------+
| Processes:                                                                              |
|  GPU   GI   CI              PID   Type   Process name                        GPU Memory |
|        ID   ID                                                               Usage      |
|=========================================================================================|
|  No running processes found                                                             |
+-----------------------------------------------------------------------------------------+
Using device: cuda
Generating training data...
Generating validation data...
Model parameters: 1,874,304
Using bf16 autocast for forward pass (memory optimization at long context)
Epoch   1/30 | train_loss=4.1634 | val_loss=4.1599 | val_acc=0.9990 | time=230.4s
Epoch   2/30 | train_loss=4.1594 | val_loss=4.1584 | val_acc=0.9990 | time=230.6s
Epoch   3/30 | train_loss=4.1592 | val_loss=4.1568 | val_acc=0.9990 | time=231.8s
Epoch   4/30 | train_loss=4.1591 | val_loss=4.1609 | val_acc=0.9990 | time=232.5s
Epoch   5/30 | train_loss=4.1591 | val_loss=4.1598 | val_acc=0.9990 | time=233.1s
Epoch   6/30 | train_loss=4.1589 | val_loss=4.1592 | val_acc=0.9990 | time=233.3s
Epoch   7/30 | train_loss=4.1587 | val_loss=4.1595 | val_acc=0.9990 | time=233.8s
Epoch   8/30 | train_loss=4.1586 | val_loss=4.1600 | val_acc=0.9990 | time=234.0s
Epoch   9/30 | train_loss=4.1585 | val_loss=4.1596 | val_acc=0.9990 | time=233.5s
Epoch  10/30 | train_loss=4.1584 | val_loss=4.1598 | val_acc=0.9990 | time=233.4s
Epoch  11/30 | train_loss=4.1583 | val_loss=4.1595 | val_acc=0.9990 | time=233.4s
Epoch  12/30 | train_loss=4.1584 | val_loss=4.1576 | val_acc=0.9990 | time=233.3s
Epoch  13/30 | train_loss=4.1583 | val_loss=4.1611 | val_acc=0.9990 | time=233.2s
Epoch  14/30 | train_loss=4.1584 | val_loss=4.1604 | val_acc=0.9990 | time=233.6s
Epoch  15/30 | train_loss=4.1584 | val_loss=4.1581 | val_acc=0.9990 | time=233.0s
Epoch  16/30 | train_loss=4.1584 | val_loss=4.1566 | val_acc=0.9990 | time=232.6s
Epoch  17/30 | train_loss=4.1585 | val_loss=4.1603 | val_acc=0.9990 | time=232.4s
Epoch  18/30 | train_loss=4.1585 | val_loss=4.1601 | val_acc=0.9990 | time=232.6s
Epoch  19/30 | train_loss=4.1584 | val_loss=4.1597 | val_acc=0.9990 | time=232.7s
Epoch  20/30 | train_loss=4.1584 | val_loss=4.1599 | val_acc=0.9990 | time=232.5s
Epoch  21/30 | train_loss=4.1585 | val_loss=4.1606 | val_acc=0.9990 | time=232.1s
Epoch  22/30 | train_loss=4.1585 | val_loss=4.1613 | val_acc=0.9990 | time=232.0s
Epoch  23/30 | train_loss=4.1585 | val_loss=4.1582 | val_acc=0.9990 | time=231.7s
Epoch  24/30 | train_loss=4.1584 | val_loss=4.1590 | val_acc=0.9990 | time=231.8s
Epoch  25/30 | train_loss=4.1585 | val_loss=4.1573 | val_acc=0.9990 | time=231.8s
Epoch  26/30 | train_loss=4.1584 | val_loss=4.1588 | val_acc=0.9990 | time=231.4s
Epoch  27/30 | train_loss=4.1585 | val_loss=4.1601 | val_acc=0.9990 | time=231.3s
Epoch  28/30 | train_loss=4.1585 | val_loss=4.1576 | val_acc=0.9990 | time=231.1s
Epoch  29/30 | train_loss=4.1585 | val_loss=4.1623 | val_acc=0.9990 | time=231.2s
Epoch  30/30 | train_loss=4.1585 | val_loss=4.1575 | val_acc=0.9990 | time=231.2s
Model saved to results/max_1layer_softmax_seq4096_nope_ascend/model.pt
Metrics saved to results/max_1layer_softmax_seq4096_nope_ascend/metrics.csv
Traceback (most recent call last):
  File "/users/PAS2402/alexg/softmax/softmax-is-meh/nanogpt/eval_accuracy.py", line 263, in <module>
    main()
    ~~~~^^
  File "/users/PAS2402/alexg/softmax/softmax-is-meh/nanogpt/eval_accuracy.py", line 245, in main
    metrics = compute_all_metrics(model, val_loader, device)
  File "/users/PAS2402/alexg/softmax/softmax-is-meh/nanogpt/eval_accuracy.py", line 54, in compute_all_metrics
    logits = model(x)
  File "/users/PAS2402/alexg/softmax/softmax-is-meh/triton/.venv/lib/python3.14/site-packages/torch/nn/modules/module.py", line 1776, in _wrapped_call_impl
    return self._call_impl(*args, **kwargs)
           ~~~~~~~~~~~~~~~^^^^^^^^^^^^^^^^^
  File "/users/PAS2402/alexg/softmax/softmax-is-meh/triton/.venv/lib/python3.14/site-packages/torch/nn/modules/module.py", line 1787, in _call_impl
    return forward_call(*args, **kwargs)
  File "/users/PAS2402/alexg/softmax/softmax-is-meh/nanogpt/model.py", line 221, in forward
    x = block(x)
  File "/users/PAS2402/alexg/softmax/softmax-is-meh/triton/.venv/lib/python3.14/site-packages/torch/nn/modules/module.py", line 1776, in _wrapped_call_impl
    return self._call_impl(*args, **kwargs)
           ~~~~~~~~~~~~~~~^^^^^^^^^^^^^^^^^
  File "/users/PAS2402/alexg/softmax/softmax-is-meh/triton/.venv/lib/python3.14/site-packages/torch/nn/modules/module.py", line 1787, in _call_impl
    return forward_call(*args, **kwargs)
  File "/users/PAS2402/alexg/softmax/softmax-is-meh/nanogpt/model.py", line 157, in forward
    x = x + self.attn(self.ln_1(x))   # pre-norm attention + residual
            ~~~~~~~~~^^^^^^^^^^^^^^
  File "/users/PAS2402/alexg/softmax/softmax-is-meh/triton/.venv/lib/python3.14/site-packages/torch/nn/modules/module.py", line 1776, in _wrapped_call_impl
    return self._call_impl(*args, **kwargs)
           ~~~~~~~~~~~~~~~^^^^^^^^^^^^^^^^^
  File "/users/PAS2402/alexg/softmax/softmax-is-meh/triton/.venv/lib/python3.14/site-packages/torch/nn/modules/module.py", line 1787, in _call_impl
    return forward_call(*args, **kwargs)
  File "/users/PAS2402/alexg/softmax/softmax-is-meh/nanogpt/model.py", line 114, in forward
    att = (q @ k.transpose(-2, -1)) * sm_scale
          ~~~~~~~~~~~~~~~~~~~~~~~~~~^~~~~~~~~~
torch.OutOfMemoryError: CUDA out of memory. Tried to allocate 23.99 GiB. GPU 0 has a total capacity of 39.49 GiB of which 13.09 GiB is free. Including non-PyTorch memory, this process has 26.40 GiB memory in use. Of the allocated memory 25.89 GiB is allocated by PyTorch, and 18.57 MiB is reserved by PyTorch but unallocated. If reserved but unallocated memory is large try setting PYTORCH_ALLOC_CONF=expandable_segments:True to avoid fragmentation.  See documentation for Memory Management  (https://pytorch.org/docs/stable/notes/cuda.html#environment-variables)
Traceback (most recent call last):
  File "/users/PAS2402/alexg/softmax/softmax-is-meh/nanogpt/eval_accuracy.py", line 263, in <module>
    main()
    ~~~~^^
  File "/users/PAS2402/alexg/softmax/softmax-is-meh/nanogpt/eval_accuracy.py", line 245, in main
    metrics = compute_all_metrics(model, val_loader, device)
  File "/users/PAS2402/alexg/softmax/softmax-is-meh/nanogpt/eval_accuracy.py", line 54, in compute_all_metrics
    logits = model(x)
  File "/users/PAS2402/alexg/softmax/softmax-is-meh/triton/.venv/lib/python3.14/site-packages/torch/nn/modules/module.py", line 1776, in _wrapped_call_impl
    return self._call_impl(*args, **kwargs)
           ~~~~~~~~~~~~~~~^^^^^^^^^^^^^^^^^
  File "/users/PAS2402/alexg/softmax/softmax-is-meh/triton/.venv/lib/python3.14/site-packages/torch/nn/modules/module.py", line 1787, in _call_impl
    return forward_call(*args, **kwargs)
  File "/users/PAS2402/alexg/softmax/softmax-is-meh/nanogpt/model.py", line 221, in forward
    x = block(x)
  File "/users/PAS2402/alexg/softmax/softmax-is-meh/triton/.venv/lib/python3.14/site-packages/torch/nn/modules/module.py", line 1776, in _wrapped_call_impl
    return self._call_impl(*args, **kwargs)
           ~~~~~~~~~~~~~~~^^^^^^^^^^^^^^^^^
  File "/users/PAS2402/alexg/softmax/softmax-is-meh/triton/.venv/lib/python3.14/site-packages/torch/nn/modules/module.py", line 1787, in _call_impl
    return forward_call(*args, **kwargs)
  File "/users/PAS2402/alexg/softmax/softmax-is-meh/nanogpt/model.py", line 157, in forward
    x = x + self.attn(self.ln_1(x))   # pre-norm attention + residual
            ~~~~~~~~~^^^^^^^^^^^^^^
  File "/users/PAS2402/alexg/softmax/softmax-is-meh/triton/.venv/lib/python3.14/site-packages/torch/nn/modules/module.py", line 1776, in _wrapped_call_impl
    return self._call_impl(*args, **kwargs)
           ~~~~~~~~~~~~~~~^^^^^^^^^^^^^^^^^
  File "/users/PAS2402/alexg/softmax/softmax-is-meh/triton/.venv/lib/python3.14/site-packages/torch/nn/modules/module.py", line 1787, in _call_impl
    return forward_call(*args, **kwargs)
  File "/users/PAS2402/alexg/softmax/softmax-is-meh/nanogpt/model.py", line 114, in forward
    att = (q @ k.transpose(-2, -1)) * sm_scale
           ~~^~~~~~~~~~~~~~~~~~~~~
torch.OutOfMemoryError: CUDA out of memory. Tried to allocate 95.98 GiB. GPU 0 has a total capacity of 39.49 GiB of which 33.70 GiB is free. Including non-PyTorch memory, this process has 5.78 GiB memory in use. Of the allocated memory 5.28 GiB is allocated by PyTorch, and 12.58 MiB is reserved by PyTorch but unallocated. If reserved but unallocated memory is large try setting PYTORCH_ALLOC_CONF=expandable_segments:True to avoid fragmentation.  See documentation for Memory Management  (https://pytorch.org/docs/stable/notes/cuda.html#environment-variables)
Traceback (most recent call last):
  File "/users/PAS2402/alexg/softmax/softmax-is-meh/nanogpt/eval_accuracy.py", line 263, in <module>
    main()
    ~~~~^^
  File "/users/PAS2402/alexg/softmax/softmax-is-meh/nanogpt/eval_accuracy.py", line 245, in main
    metrics = compute_all_metrics(model, val_loader, device)
  File "/users/PAS2402/alexg/softmax/softmax-is-meh/nanogpt/eval_accuracy.py", line 54, in compute_all_metrics
    logits = model(x)
  File "/users/PAS2402/alexg/softmax/softmax-is-meh/triton/.venv/lib/python3.14/site-packages/torch/nn/modules/module.py", line 1776, in _wrapped_call_impl
    return self._call_impl(*args, **kwargs)
           ~~~~~~~~~~~~~~~^^^^^^^^^^^^^^^^^
  File "/users/PAS2402/alexg/softmax/softmax-is-meh/triton/.venv/lib/python3.14/site-packages/torch/nn/modules/module.py", line 1787, in _call_impl
    return forward_call(*args, **kwargs)
  File "/users/PAS2402/alexg/softmax/softmax-is-meh/nanogpt/model.py", line 221, in forward
    x = block(x)
  File "/users/PAS2402/alexg/softmax/softmax-is-meh/triton/.venv/lib/python3.14/site-packages/torch/nn/modules/module.py", line 1776, in _wrapped_call_impl
    return self._call_impl(*args, **kwargs)
           ~~~~~~~~~~~~~~~^^^^^^^^^^^^^^^^^
  File "/users/PAS2402/alexg/softmax/softmax-is-meh/triton/.venv/lib/python3.14/site-packages/torch/nn/modules/module.py", line 1787, in _call_impl
    return forward_call(*args, **kwargs)
  File "/users/PAS2402/alexg/softmax/softmax-is-meh/nanogpt/model.py", line 157, in forward
    x = x + self.attn(self.ln_1(x))   # pre-norm attention + residual
            ~~~~~~~~~^^^^^^^^^^^^^^
  File "/users/PAS2402/alexg/softmax/softmax-is-meh/triton/.venv/lib/python3.14/site-packages/torch/nn/modules/module.py", line 1776, in _wrapped_call_impl
    return self._call_impl(*args, **kwargs)
           ~~~~~~~~~~~~~~~^^^^^^^^^^^^^^^^^
  File "/users/PAS2402/alexg/softmax/softmax-is-meh/triton/.venv/lib/python3.14/site-packages/torch/nn/modules/module.py", line 1787, in _call_impl
    return forward_call(*args, **kwargs)
  File "/users/PAS2402/alexg/softmax/softmax-is-meh/nanogpt/model.py", line 114, in forward
    att = (q @ k.transpose(-2, -1)) * sm_scale
           ~~^~~~~~~~~~~~~~~~~~~~~
torch.OutOfMemoryError: CUDA out of memory. Tried to allocate 383.96 GiB. GPU 0 has a total capacity of 39.49 GiB of which 28.43 GiB is free. Including non-PyTorch memory, this process has 11.05 GiB memory in use. Of the allocated memory 10.54 GiB is allocated by PyTorch, and 24.58 MiB is reserved by PyTorch but unallocated. If reserved but unallocated memory is large try setting PYTORCH_ALLOC_CONF=expandable_segments:True to avoid fragmentation.  See documentation for Memory Management  (https://pytorch.org/docs/stable/notes/cuda.html#environment-variables)
