=== SUBTLE embd-scan: stieltjes_q8.0 n_embd=8 n_head=1 ===
Using device: cuda
Generating training data...
Generating validation data...
Model parameters: 2,952
Using bf16 autocast for forward pass (memory optimization at long context)
Epoch   1/30 | train_loss=4.9437 | val_loss=4.6224 | val_acc=0.0080 | time=5.4s
Epoch   2/30 | train_loss=4.5287 | val_loss=4.4342 | val_acc=0.0000 | time=4.5s
Epoch   3/30 | train_loss=4.4188 | val_loss=4.3806 | val_acc=0.0000 | time=4.5s
Epoch   4/30 | train_loss=4.3801 | val_loss=4.3424 | val_acc=0.0025 | time=4.5s
Epoch   5/30 | train_loss=4.3528 | val_loss=4.3236 | val_acc=0.0105 | time=4.5s
Epoch   6/30 | train_loss=4.3399 | val_loss=4.3132 | val_acc=0.0240 | time=4.5s
Epoch   7/30 | train_loss=4.3316 | val_loss=4.3059 | val_acc=0.0110 | time=4.5s
Epoch   8/30 | train_loss=4.3257 | val_loss=4.2995 | val_acc=0.0245 | time=4.5s
Epoch   9/30 | train_loss=4.3196 | val_loss=4.2931 | val_acc=0.0215 | time=4.5s
Epoch  10/30 | train_loss=4.3153 | val_loss=4.2881 | val_acc=0.0290 | time=4.5s
Epoch  11/30 | train_loss=4.3120 | val_loss=4.2851 | val_acc=0.0495 | time=4.5s
Epoch  12/30 | train_loss=4.3096 | val_loss=4.2836 | val_acc=0.0355 | time=4.5s
Epoch  13/30 | train_loss=4.3075 | val_loss=4.2807 | val_acc=0.0340 | time=4.5s
Epoch  14/30 | train_loss=4.3054 | val_loss=4.2789 | val_acc=0.0515 | time=4.5s
Epoch  15/30 | train_loss=4.3046 | val_loss=4.2776 | val_acc=0.0390 | time=4.5s
Epoch  16/30 | train_loss=4.3029 | val_loss=4.2771 | val_acc=0.0395 | time=4.5s
Epoch  17/30 | train_loss=4.3020 | val_loss=4.2753 | val_acc=0.0435 | time=4.5s
Epoch  18/30 | train_loss=4.3010 | val_loss=4.2749 | val_acc=0.0435 | time=4.5s
Epoch  19/30 | train_loss=4.3000 | val_loss=4.2738 | val_acc=0.0685 | time=4.5s
Epoch  20/30 | train_loss=4.2992 | val_loss=4.2729 | val_acc=0.0620 | time=4.5s
Epoch  21/30 | train_loss=4.2982 | val_loss=4.2717 | val_acc=0.0780 | time=4.5s
Epoch  22/30 | train_loss=4.2975 | val_loss=4.2719 | val_acc=0.0745 | time=4.5s
Epoch  23/30 | train_loss=4.2965 | val_loss=4.2699 | val_acc=0.0700 | time=4.5s
Epoch  24/30 | train_loss=4.2956 | val_loss=4.2694 | val_acc=0.0845 | time=4.5s
Epoch  25/30 | train_loss=4.2951 | val_loss=4.2694 | val_acc=0.0885 | time=4.5s
Epoch  26/30 | train_loss=4.2946 | val_loss=4.2683 | val_acc=0.0860 | time=4.5s
Epoch  27/30 | train_loss=4.2938 | val_loss=4.2680 | val_acc=0.0900 | time=4.5s
Epoch  28/30 | train_loss=4.2934 | val_loss=4.2690 | val_acc=0.0890 | time=4.5s
Epoch  29/30 | train_loss=4.2925 | val_loss=4.2670 | val_acc=0.0755 | time=4.5s
Epoch  30/30 | train_loss=4.2916 | val_loss=4.2660 | val_acc=0.0810 | time=4.5s
Model saved to results/subtle_1layer_stieltjes_q8.0_seq128_embd8_h1_initfix_ascend/model.pt
Metrics saved to results/subtle_1layer_stieltjes_q8.0_seq128_embd8_h1_initfix_ascend/metrics.csv
Wrote results/subtle_1layer_stieltjes_q8.0_seq128_embd8_h1_initfix_ascend/accuracy_eval_seq128_arr120.json
{"checkpoint": "results/subtle_1layer_stieltjes_q8.0_seq128_embd8_h1_initfix_ascend/model.pt", "task": "needle", "attn": "stieltjes", "q": 8.0, "seq_len": 128, "val_samples": 1000, "seed": 42, "accuracy_fixed": 0.082, "accuracy_all": 0.019167814825020668, "accuracy_input_echo": 0.018467539704653108, "output_token_count": 1000, "input_token_count": 89725, "all_token_count": 90725, "output_start_stats": {"n": 1000, "min": 60, "max": 120, "mean": 89.7249984741211}}
Wrote results/subtle_1layer_stieltjes_q8.0_seq128_embd8_h1_initfix_ascend/accuracy_eval_seq256_arr120.json
{"checkpoint": "results/subtle_1layer_stieltjes_q8.0_seq128_embd8_h1_initfix_ascend/model.pt", "task": "needle", "attn": "stieltjes", "q": 8.0, "seq_len": 256, "val_samples": 1000, "seed": 42, "accuracy_fixed": 0.082, "accuracy_all": 0.019167814825020668, "accuracy_input_echo": 0.018467539704653108, "output_token_count": 1000, "input_token_count": 89725, "all_token_count": 90725, "output_start_stats": {"n": 1000, "min": 60, "max": 120, "mean": 89.7249984741211}}
Wrote results/subtle_1layer_stieltjes_q8.0_seq128_embd8_h1_initfix_ascend/accuracy_eval_seq512_arr120.json
{"checkpoint": "results/subtle_1layer_stieltjes_q8.0_seq128_embd8_h1_initfix_ascend/model.pt", "task": "needle", "attn": "stieltjes", "q": 8.0, "seq_len": 512, "val_samples": 1000, "seed": 42, "accuracy_fixed": 0.082, "accuracy_all": 0.019167814825020668, "accuracy_input_echo": 0.018467539704653108, "output_token_count": 1000, "input_token_count": 89725, "all_token_count": 90725, "output_start_stats": {"n": 1000, "min": 60, "max": 120, "mean": 89.7249984741211}}
Wrote results/subtle_1layer_stieltjes_q8.0_seq128_embd8_h1_initfix_ascend/accuracy_eval_seq1024_arr120.json
{"checkpoint": "results/subtle_1layer_stieltjes_q8.0_seq128_embd8_h1_initfix_ascend/model.pt", "task": "needle", "attn": "stieltjes", "q": 8.0, "seq_len": 1024, "val_samples": 1000, "seed": 42, "accuracy_fixed": 0.082, "accuracy_all": 0.019167814825020668, "accuracy_input_echo": 0.018467539704653108, "output_token_count": 1000, "input_token_count": 89725, "all_token_count": 90725, "output_start_stats": {"n": 1000, "min": 60, "max": 120, "mean": 89.7249984741211}}
Wrote results/subtle_1layer_stieltjes_q8.0_seq128_embd8_h1_initfix_ascend/accuracy_eval_seq2048_arr120.json
{"checkpoint": "results/subtle_1layer_stieltjes_q8.0_seq128_embd8_h1_initfix_ascend/model.pt", "task": "needle", "attn": "stieltjes", "q": 8.0, "seq_len": 2048, "val_samples": 1000, "seed": 42, "accuracy_fixed": 0.082, "accuracy_all": 0.019167814825020668, "accuracy_input_echo": 0.018467539704653108, "output_token_count": 1000, "input_token_count": 89725, "all_token_count": 90725, "output_start_stats": {"n": 1000, "min": 60, "max": 120, "mean": 89.7249984741211}}
Wrote results/subtle_1layer_stieltjes_q8.0_seq128_embd8_h1_initfix_ascend/accuracy_eval_seq4096_arr120.json
{"checkpoint": "results/subtle_1layer_stieltjes_q8.0_seq128_embd8_h1_initfix_ascend/model.pt", "task": "needle", "attn": "stieltjes", "q": 8.0, "seq_len": 4096, "val_samples": 1000, "seed": 42, "accuracy_fixed": 0.082, "accuracy_all": 0.019167814825020668, "accuracy_input_echo": 0.018467539704653108, "output_token_count": 1000, "input_token_count": 89725, "all_token_count": 90725, "output_start_stats": {"n": 1000, "min": 60, "max": 120, "mean": 89.7249984741211}}
Wrote results/subtle_1layer_stieltjes_q8.0_seq128_embd8_h1_initfix_ascend/accuracy_eval_seq8192_arr120.json
{"checkpoint": "results/subtle_1layer_stieltjes_q8.0_seq128_embd8_h1_initfix_ascend/model.pt", "task": "needle", "attn": "stieltjes", "q": 8.0, "seq_len": 8192, "val_samples": 1000, "seed": 42, "accuracy_fixed": 0.082, "accuracy_all": 0.019167814825020668, "accuracy_input_echo": 0.018467539704653108, "output_token_count": 1000, "input_token_count": 89725, "all_token_count": 90725, "output_start_stats": {"n": 1000, "min": 60, "max": 120, "mean": 89.7249984741211}}
DONE results/subtle_1layer_stieltjes_q8.0_seq128_embd8_h1_initfix_ascend
