=== MAX embd-scan: stieltjes_q16.0 n_embd=64 n_head=4 ===
Using device: cuda
Generating training data...
Generating validation data...
Model parameters: 66,624
Using bf16 autocast for forward pass (memory optimization at long context)
Epoch   1/30 | train_loss=4.2714 | val_loss=4.1467 | val_acc=0.3023 | time=4.9s
Epoch   2/30 | train_loss=4.1343 | val_loss=4.1250 | val_acc=0.4470 | time=4.5s
Epoch   3/30 | train_loss=4.1220 | val_loss=4.1185 | val_acc=0.4447 | time=4.5s
Epoch   4/30 | train_loss=4.1174 | val_loss=4.1159 | val_acc=0.4517 | time=4.5s
Epoch   5/30 | train_loss=4.1148 | val_loss=4.1152 | val_acc=0.4635 | time=4.5s
Epoch   6/30 | train_loss=4.1129 | val_loss=4.1121 | val_acc=0.4800 | time=4.5s
Epoch   7/30 | train_loss=4.1112 | val_loss=4.1119 | val_acc=0.4735 | time=4.5s
Epoch   8/30 | train_loss=4.1100 | val_loss=4.1102 | val_acc=0.4815 | time=4.5s
Epoch   9/30 | train_loss=4.1090 | val_loss=4.1089 | val_acc=0.4835 | time=4.5s
Epoch  10/30 | train_loss=4.1081 | val_loss=4.1081 | val_acc=0.4865 | time=4.5s
Epoch  11/30 | train_loss=4.1074 | val_loss=4.1071 | val_acc=0.4933 | time=4.5s
Epoch  12/30 | train_loss=4.1068 | val_loss=4.1070 | val_acc=0.4915 | time=4.4s
Epoch  13/30 | train_loss=4.1065 | val_loss=4.1072 | val_acc=0.4943 | time=4.4s
Epoch  14/30 | train_loss=4.1060 | val_loss=4.1062 | val_acc=0.4988 | time=4.4s
Epoch  15/30 | train_loss=4.1056 | val_loss=4.1059 | val_acc=0.4905 | time=4.4s
Epoch  16/30 | train_loss=4.1052 | val_loss=4.1053 | val_acc=0.4935 | time=4.5s
Epoch  17/30 | train_loss=4.1050 | val_loss=4.1056 | val_acc=0.5008 | time=4.5s
Epoch  18/30 | train_loss=4.1046 | val_loss=4.1049 | val_acc=0.4995 | time=4.5s
Epoch  19/30 | train_loss=4.1043 | val_loss=4.1054 | val_acc=0.5028 | time=4.5s
Epoch  20/30 | train_loss=4.1041 | val_loss=4.1053 | val_acc=0.4983 | time=4.4s
Epoch  21/30 | train_loss=4.1040 | val_loss=4.1044 | val_acc=0.4968 | time=4.5s
Epoch  22/30 | train_loss=4.1037 | val_loss=4.1042 | val_acc=0.5025 | time=4.5s
Epoch  23/30 | train_loss=4.1035 | val_loss=4.1040 | val_acc=0.5068 | time=4.5s
Epoch  24/30 | train_loss=4.1031 | val_loss=4.1052 | val_acc=0.5028 | time=4.5s
Epoch  25/30 | train_loss=4.1031 | val_loss=4.1034 | val_acc=0.5055 | time=4.5s
Epoch  26/30 | train_loss=4.1030 | val_loss=4.1031 | val_acc=0.5078 | time=4.4s
Epoch  27/30 | train_loss=4.1027 | val_loss=4.1032 | val_acc=0.5078 | time=4.5s
Epoch  28/30 | train_loss=4.1027 | val_loss=4.1040 | val_acc=0.5028 | time=4.5s
Epoch  29/30 | train_loss=4.1025 | val_loss=4.1032 | val_acc=0.5052 | time=4.4s
Epoch  30/30 | train_loss=4.1024 | val_loss=4.1048 | val_acc=0.5062 | time=4.5s
Model saved to results/max_1layer_stieltjes_q16.0_seq128_embd64_h4_initfix_ascend/model.pt
Metrics saved to results/max_1layer_stieltjes_q16.0_seq128_embd64_h4_initfix_ascend/metrics.csv
Wrote results/max_1layer_stieltjes_q16.0_seq128_embd64_h4_initfix_ascend/accuracy_eval_seq128_arr120_first1.json
{"checkpoint": "results/max_1layer_stieltjes_q16.0_seq128_embd64_h4_initfix_ascend/model.pt", "task": "max", "attn": "stieltjes", "q": 16.0, "seq_len": 128, "val_samples": 1000, "seed": 42, "accuracy_fixed": 0.967, "accuracy_all": 0.03479935994034396, "accuracy_input_echo": 0.0197373695265276, "output_token_count": 1000, "input_token_count": 62369, "all_token_count": 64369, "output_start_stats": {"n": 1000, "min": 4, "max": 120, "mean": 62.36899948120117}}
Wrote results/max_1layer_stieltjes_q16.0_seq128_embd64_h4_initfix_ascend/accuracy_eval_seq256_arr120_first1.json
{"checkpoint": "results/max_1layer_stieltjes_q16.0_seq128_embd64_h4_initfix_ascend/model.pt", "task": "max", "attn": "stieltjes", "q": 16.0, "seq_len": 256, "val_samples": 1000, "seed": 42, "accuracy_fixed": 0.967, "accuracy_all": 0.03479935994034396, "accuracy_input_echo": 0.0197373695265276, "output_token_count": 1000, "input_token_count": 62369, "all_token_count": 64369, "output_start_stats": {"n": 1000, "min": 4, "max": 120, "mean": 62.36899948120117}}
Wrote results/max_1layer_stieltjes_q16.0_seq128_embd64_h4_initfix_ascend/accuracy_eval_seq512_arr120_first1.json
{"checkpoint": "results/max_1layer_stieltjes_q16.0_seq128_embd64_h4_initfix_ascend/model.pt", "task": "max", "attn": "stieltjes", "q": 16.0, "seq_len": 512, "val_samples": 1000, "seed": 42, "accuracy_fixed": 0.967, "accuracy_all": 0.03479935994034396, "accuracy_input_echo": 0.0197373695265276, "output_token_count": 1000, "input_token_count": 62369, "all_token_count": 64369, "output_start_stats": {"n": 1000, "min": 4, "max": 120, "mean": 62.36899948120117}}
Wrote results/max_1layer_stieltjes_q16.0_seq128_embd64_h4_initfix_ascend/accuracy_eval_seq1024_arr120_first1.json
{"checkpoint": "results/max_1layer_stieltjes_q16.0_seq128_embd64_h4_initfix_ascend/model.pt", "task": "max", "attn": "stieltjes", "q": 16.0, "seq_len": 1024, "val_samples": 1000, "seed": 42, "accuracy_fixed": 0.967, "accuracy_all": 0.03479935994034396, "accuracy_input_echo": 0.0197373695265276, "output_token_count": 1000, "input_token_count": 62369, "all_token_count": 64369, "output_start_stats": {"n": 1000, "min": 4, "max": 120, "mean": 62.36899948120117}}
Wrote results/max_1layer_stieltjes_q16.0_seq128_embd64_h4_initfix_ascend/accuracy_eval_seq2048_arr120_first1.json
{"checkpoint": "results/max_1layer_stieltjes_q16.0_seq128_embd64_h4_initfix_ascend/model.pt", "task": "max", "attn": "stieltjes", "q": 16.0, "seq_len": 2048, "val_samples": 1000, "seed": 42, "accuracy_fixed": 0.967, "accuracy_all": 0.03479935994034396, "accuracy_input_echo": 0.0197373695265276, "output_token_count": 1000, "input_token_count": 62369, "all_token_count": 64369, "output_start_stats": {"n": 1000, "min": 4, "max": 120, "mean": 62.36899948120117}}
Wrote results/max_1layer_stieltjes_q16.0_seq128_embd64_h4_initfix_ascend/accuracy_eval_seq4096_arr120_first1.json
{"checkpoint": "results/max_1layer_stieltjes_q16.0_seq128_embd64_h4_initfix_ascend/model.pt", "task": "max", "attn": "stieltjes", "q": 16.0, "seq_len": 4096, "val_samples": 1000, "seed": 42, "accuracy_fixed": 0.967, "accuracy_all": 0.03479935994034396, "accuracy_input_echo": 0.0197373695265276, "output_token_count": 1000, "input_token_count": 62369, "all_token_count": 64369, "output_start_stats": {"n": 1000, "min": 4, "max": 120, "mean": 62.36899948120117}}
Wrote results/max_1layer_stieltjes_q16.0_seq128_embd64_h4_initfix_ascend/accuracy_eval_seq8192_arr120_first1.json
{"checkpoint": "results/max_1layer_stieltjes_q16.0_seq128_embd64_h4_initfix_ascend/model.pt", "task": "max", "attn": "stieltjes", "q": 16.0, "seq_len": 8192, "val_samples": 1000, "seed": 42, "accuracy_fixed": 0.967, "accuracy_all": 0.03479935994034396, "accuracy_input_echo": 0.0197373695265276, "output_token_count": 1000, "input_token_count": 62369, "all_token_count": 64369, "output_start_stats": {"n": 1000, "min": 4, "max": 120, "mean": 62.36899948120117}}
DONE results/max_1layer_stieltjes_q16.0_seq128_embd64_h4_initfix_ascend
