=== max 1-layer stieltjes_q8.0 train-seq=2048 bs=8 NoPE ascend ===
Wed Apr 15 02:45:09 2026       
+-----------------------------------------------------------------------------------------+
| NVIDIA-SMI 580.95.05              Driver Version: 580.95.05      CUDA Version: 13.0     |
+-----------------------------------------+------------------------+----------------------+
| GPU  Name                 Persistence-M | Bus-Id          Disp.A | Volatile Uncorr. ECC |
| Fan  Temp   Perf          Pwr:Usage/Cap |           Memory-Usage | GPU-Util  Compute M. |
|                                         |                        |               MIG M. |
|=========================================+========================+======================|
|   0  NVIDIA A100-PCIE-40GB          On  |   00000000:25:00.0 Off |                    0 |
| N/A   28C    P0             36W /  250W |       0MiB /  40960MiB |      0%      Default |
|                                         |                        |             Disabled |
+-----------------------------------------+------------------------+----------------------+

+-----------------------------------------------------------------------------------------+
| Processes:                                                                              |
|  GPU   GI   CI              PID   Type   Process name                        GPU Memory |
|        ID   ID                                                               Usage      |
|=========================================================================================|
|  No running processes found                                                             |
+-----------------------------------------------------------------------------------------+
Using device: cuda
Generating training data...
Generating validation data...
Model parameters: 1,874,304
Using bf16 autocast for forward pass (memory optimization at long context)
Epoch   1/30 | train_loss=4.1667 | val_loss=4.1603 | val_acc=1.0000 | time=271.3s
Epoch   2/30 | train_loss=4.1591 | val_loss=4.1614 | val_acc=1.0000 | time=269.8s
Epoch   3/30 | train_loss=4.1587 | val_loss=4.1582 | val_acc=1.0000 | time=269.8s
Epoch   4/30 | train_loss=4.1586 | val_loss=4.1612 | val_acc=1.0000 | time=269.8s
Epoch   5/30 | train_loss=4.1586 | val_loss=4.1590 | val_acc=1.0000 | time=269.9s
Epoch   6/30 | train_loss=4.1585 | val_loss=4.1582 | val_acc=1.0000 | time=269.8s
Epoch   7/30 | train_loss=4.1585 | val_loss=4.1590 | val_acc=1.0000 | time=269.9s
Epoch   8/30 | train_loss=4.1584 | val_loss=4.1580 | val_acc=1.0000 | time=269.8s
Epoch   9/30 | train_loss=4.1584 | val_loss=4.1592 | val_acc=1.0000 | time=269.8s
Epoch  10/30 | train_loss=4.1583 | val_loss=4.1592 | val_acc=1.0000 | time=269.9s
Epoch  11/30 | train_loss=4.1583 | val_loss=4.1588 | val_acc=1.0000 | time=269.9s
Epoch  12/30 | train_loss=4.1582 | val_loss=4.1590 | val_acc=1.0000 | time=269.8s
Epoch  13/30 | train_loss=4.1582 | val_loss=4.1595 | val_acc=1.0000 | time=269.9s
Epoch  14/30 | train_loss=4.1583 | val_loss=4.1572 | val_acc=1.0000 | time=269.9s
Epoch  15/30 | train_loss=4.1583 | val_loss=4.1581 | val_acc=1.0000 | time=269.9s
Epoch  16/30 | train_loss=4.1582 | val_loss=4.1583 | val_acc=1.0000 | time=269.8s
Epoch  17/30 | train_loss=4.1583 | val_loss=4.1579 | val_acc=1.0000 | time=269.7s
Epoch  18/30 | train_loss=4.1582 | val_loss=4.1575 | val_acc=1.0000 | time=269.8s
Epoch  19/30 | train_loss=4.1583 | val_loss=4.1593 | val_acc=1.0000 | time=269.7s
Epoch  20/30 | train_loss=4.1582 | val_loss=4.1590 | val_acc=1.0000 | time=269.7s
Epoch  21/30 | train_loss=4.1582 | val_loss=4.1575 | val_acc=1.0000 | time=269.8s
Epoch  22/30 | train_loss=4.1582 | val_loss=4.1598 | val_acc=1.0000 | time=269.8s
Epoch  23/30 | train_loss=4.1583 | val_loss=4.1584 | val_acc=1.0000 | time=269.8s
Epoch  24/30 | train_loss=4.1582 | val_loss=4.1592 | val_acc=1.0000 | time=269.8s
Epoch  25/30 | train_loss=4.1583 | val_loss=4.1589 | val_acc=1.0000 | time=269.7s
Epoch  26/30 | train_loss=4.1582 | val_loss=4.1585 | val_acc=1.0000 | time=269.7s
[2026-04-15T04:45:26.018] error: *** JOB 4925266 ON a0278 CANCELLED AT 2026-04-15T04:45:26 DUE TO TIME LIMIT ***
