=== TOP2 embd-scan: stieltjes_q2.0 n_embd=16 n_head=1 ===
Using device: cuda
Generating training data...
Generating validation data...
Model parameters: 7,440
Using bf16 autocast for forward pass (memory optimization at long context)
Epoch   1/30 | train_loss=4.7645 | val_loss=4.4672 | val_acc=0.0000 | time=5.0s
Epoch   2/30 | train_loss=4.4069 | val_loss=4.3600 | val_acc=0.0025 | time=4.5s
Epoch   3/30 | train_loss=4.3436 | val_loss=4.3254 | val_acc=0.0025 | time=4.5s
Epoch   4/30 | train_loss=4.3151 | val_loss=4.3009 | val_acc=0.0192 | time=4.5s
Epoch   5/30 | train_loss=4.2990 | val_loss=4.2881 | val_acc=0.0283 | time=4.5s
Epoch   6/30 | train_loss=4.2887 | val_loss=4.2789 | val_acc=0.0357 | time=4.5s
Epoch   7/30 | train_loss=4.2806 | val_loss=4.2717 | val_acc=0.0440 | time=4.5s
Epoch   8/30 | train_loss=4.2753 | val_loss=4.2687 | val_acc=0.0498 | time=4.5s
Epoch   9/30 | train_loss=4.2716 | val_loss=4.2638 | val_acc=0.0587 | time=4.5s
Epoch  10/30 | train_loss=4.2688 | val_loss=4.2601 | val_acc=0.0663 | time=4.5s
Epoch  11/30 | train_loss=4.2662 | val_loss=4.2570 | val_acc=0.0705 | time=4.5s
Epoch  12/30 | train_loss=4.2637 | val_loss=4.2552 | val_acc=0.0838 | time=4.5s
Epoch  13/30 | train_loss=4.2607 | val_loss=4.2518 | val_acc=0.0927 | time=4.5s
Epoch  14/30 | train_loss=4.2576 | val_loss=4.2481 | val_acc=0.1027 | time=4.5s
Epoch  15/30 | train_loss=4.2549 | val_loss=4.2448 | val_acc=0.1187 | time=4.5s
Epoch  16/30 | train_loss=4.2523 | val_loss=4.2430 | val_acc=0.1270 | time=4.5s
Epoch  17/30 | train_loss=4.2498 | val_loss=4.2390 | val_acc=0.1385 | time=4.5s
Epoch  18/30 | train_loss=4.2477 | val_loss=4.2358 | val_acc=0.1618 | time=4.5s
Epoch  19/30 | train_loss=4.2455 | val_loss=4.2342 | val_acc=0.1628 | time=4.5s
Epoch  20/30 | train_loss=4.2433 | val_loss=4.2317 | val_acc=0.1680 | time=4.5s
Epoch  21/30 | train_loss=4.2415 | val_loss=4.2308 | val_acc=0.1670 | time=4.5s
Epoch  22/30 | train_loss=4.2395 | val_loss=4.2289 | val_acc=0.1790 | time=4.5s
Epoch  23/30 | train_loss=4.2380 | val_loss=4.2259 | val_acc=0.1923 | time=4.5s
Epoch  24/30 | train_loss=4.2363 | val_loss=4.2258 | val_acc=0.2035 | time=4.5s
Epoch  25/30 | train_loss=4.2350 | val_loss=4.2243 | val_acc=0.2010 | time=4.5s
Epoch  26/30 | train_loss=4.2334 | val_loss=4.2223 | val_acc=0.2105 | time=4.5s
Epoch  27/30 | train_loss=4.2325 | val_loss=4.2200 | val_acc=0.2185 | time=4.5s
Epoch  28/30 | train_loss=4.2307 | val_loss=4.2192 | val_acc=0.2182 | time=4.5s
Epoch  29/30 | train_loss=4.2294 | val_loss=4.2186 | val_acc=0.2125 | time=4.5s
Epoch  30/30 | train_loss=4.2283 | val_loss=4.2160 | val_acc=0.2387 | time=4.5s
Model saved to results/top2_1layer_stieltjes_q2.0_seq128_embd16_h1_initfix_ascend/model.pt
Metrics saved to results/top2_1layer_stieltjes_q2.0_seq128_embd16_h1_initfix_ascend/metrics.csv
Wrote results/top2_1layer_stieltjes_q2.0_seq128_embd16_h1_initfix_ascend/accuracy_eval_seq128_arr120.json
{"checkpoint": "results/top2_1layer_stieltjes_q2.0_seq128_embd16_h1_initfix_ascend/model.pt", "task": "top2_needle", "attn": "stieltjes", "q": 2.0, "seq_len": 128, "val_samples": 1000, "seed": 42, "accuracy_fixed": 0.231, "accuracy_all": 0.027505664218556745, "accuracy_input_echo": 0.022951333325873124, "output_token_count": 2000, "input_token_count": 89363, "all_token_count": 91363, "output_start_stats": {"n": 1000, "min": 60, "max": 120, "mean": 89.36299896240234}}
Wrote results/top2_1layer_stieltjes_q2.0_seq128_embd16_h1_initfix_ascend/accuracy_eval_seq256_arr120.json
{"checkpoint": "results/top2_1layer_stieltjes_q2.0_seq128_embd16_h1_initfix_ascend/model.pt", "task": "top2_needle", "attn": "stieltjes", "q": 2.0, "seq_len": 256, "val_samples": 1000, "seed": 42, "accuracy_fixed": 0.231, "accuracy_all": 0.027505664218556745, "accuracy_input_echo": 0.022951333325873124, "output_token_count": 2000, "input_token_count": 89363, "all_token_count": 91363, "output_start_stats": {"n": 1000, "min": 60, "max": 120, "mean": 89.36299896240234}}
Wrote results/top2_1layer_stieltjes_q2.0_seq128_embd16_h1_initfix_ascend/accuracy_eval_seq512_arr120.json
{"checkpoint": "results/top2_1layer_stieltjes_q2.0_seq128_embd16_h1_initfix_ascend/model.pt", "task": "top2_needle", "attn": "stieltjes", "q": 2.0, "seq_len": 512, "val_samples": 1000, "seed": 42, "accuracy_fixed": 0.231, "accuracy_all": 0.027505664218556745, "accuracy_input_echo": 0.022951333325873124, "output_token_count": 2000, "input_token_count": 89363, "all_token_count": 91363, "output_start_stats": {"n": 1000, "min": 60, "max": 120, "mean": 89.36299896240234}}
Wrote results/top2_1layer_stieltjes_q2.0_seq128_embd16_h1_initfix_ascend/accuracy_eval_seq1024_arr120.json
{"checkpoint": "results/top2_1layer_stieltjes_q2.0_seq128_embd16_h1_initfix_ascend/model.pt", "task": "top2_needle", "attn": "stieltjes", "q": 2.0, "seq_len": 1024, "val_samples": 1000, "seed": 42, "accuracy_fixed": 0.231, "accuracy_all": 0.027505664218556745, "accuracy_input_echo": 0.022951333325873124, "output_token_count": 2000, "input_token_count": 89363, "all_token_count": 91363, "output_start_stats": {"n": 1000, "min": 60, "max": 120, "mean": 89.36299896240234}}
Wrote results/top2_1layer_stieltjes_q2.0_seq128_embd16_h1_initfix_ascend/accuracy_eval_seq2048_arr120.json
{"checkpoint": "results/top2_1layer_stieltjes_q2.0_seq128_embd16_h1_initfix_ascend/model.pt", "task": "top2_needle", "attn": "stieltjes", "q": 2.0, "seq_len": 2048, "val_samples": 1000, "seed": 42, "accuracy_fixed": 0.231, "accuracy_all": 0.027505664218556745, "accuracy_input_echo": 0.022951333325873124, "output_token_count": 2000, "input_token_count": 89363, "all_token_count": 91363, "output_start_stats": {"n": 1000, "min": 60, "max": 120, "mean": 89.36299896240234}}
Wrote results/top2_1layer_stieltjes_q2.0_seq128_embd16_h1_initfix_ascend/accuracy_eval_seq4096_arr120.json
{"checkpoint": "results/top2_1layer_stieltjes_q2.0_seq128_embd16_h1_initfix_ascend/model.pt", "task": "top2_needle", "attn": "stieltjes", "q": 2.0, "seq_len": 4096, "val_samples": 1000, "seed": 42, "accuracy_fixed": 0.231, "accuracy_all": 0.027505664218556745, "accuracy_input_echo": 0.022951333325873124, "output_token_count": 2000, "input_token_count": 89363, "all_token_count": 91363, "output_start_stats": {"n": 1000, "min": 60, "max": 120, "mean": 89.36299896240234}}
Wrote results/top2_1layer_stieltjes_q2.0_seq128_embd16_h1_initfix_ascend/accuracy_eval_seq8192_arr120.json
{"checkpoint": "results/top2_1layer_stieltjes_q2.0_seq128_embd16_h1_initfix_ascend/model.pt", "task": "top2_needle", "attn": "stieltjes", "q": 2.0, "seq_len": 8192, "val_samples": 1000, "seed": 42, "accuracy_fixed": 0.231, "accuracy_all": 0.027505664218556745, "accuracy_input_echo": 0.022951333325873124, "output_token_count": 2000, "input_token_count": 89363, "all_token_count": 91363, "output_start_stats": {"n": 1000, "min": 60, "max": 120, "mean": 89.36299896240234}}
DONE results/top2_1layer_stieltjes_q2.0_seq128_embd16_h1_initfix_ascend
