=== max 1-head toy stieltjes_q8.0 seq=128 d=64 NoPE ===
Thu Apr 16 00:32:08 2026       
+-----------------------------------------------------------------------------------------+
| NVIDIA-SMI 580.95.05              Driver Version: 580.95.05      CUDA Version: 13.0     |
+-----------------------------------------+------------------------+----------------------+
| GPU  Name                 Persistence-M | Bus-Id          Disp.A | Volatile Uncorr. ECC |
| Fan  Temp   Perf          Pwr:Usage/Cap |           Memory-Usage | GPU-Util  Compute M. |
|                                         |                        |               MIG M. |
|=========================================+========================+======================|
|   0  NVIDIA A100-PCIE-40GB          On  |   00000000:25:00.0 Off |                    0 |
| N/A   26C    P0             35W /  250W |       0MiB /  40960MiB |      0%      Default |
|                                         |                        |             Disabled |
+-----------------------------------------+------------------------+----------------------+

+-----------------------------------------------------------------------------------------+
| Processes:                                                                              |
|  GPU   GI   CI              PID   Type   Process name                        GPU Memory |
|        ID   ID                                                               Usage      |
|=========================================================================================|
|  No running processes found                                                             |
+-----------------------------------------------------------------------------------------+
Using device: cuda
Generating training data...
Generating validation data...
Model parameters: 66,624
Using bf16 autocast for forward pass (memory optimization at long context)
Epoch   1/50 | train_loss=4.2747 | val_loss=4.1543 | val_acc=0.3013 | time=5.2s
Epoch   2/50 | train_loss=4.1468 | val_loss=4.1410 | val_acc=0.3035 | time=4.7s
Epoch   3/50 | train_loss=4.1369 | val_loss=4.1337 | val_acc=0.2995 | time=4.7s
Epoch   4/50 | train_loss=4.1297 | val_loss=4.1240 | val_acc=0.4007 | time=4.7s
Epoch   5/50 | train_loss=4.1228 | val_loss=4.1206 | val_acc=0.4020 | time=4.7s
Epoch   6/50 | train_loss=4.1197 | val_loss=4.1186 | val_acc=0.4532 | time=4.7s
Epoch   7/50 | train_loss=4.1163 | val_loss=4.1156 | val_acc=0.4550 | time=4.7s
Epoch   8/50 | train_loss=4.1146 | val_loss=4.1143 | val_acc=0.4492 | time=4.7s
Epoch   9/50 | train_loss=4.1133 | val_loss=4.1136 | val_acc=0.4610 | time=4.7s
Epoch  10/50 | train_loss=4.1122 | val_loss=4.1127 | val_acc=0.4517 | time=4.7s
Epoch  11/50 | train_loss=4.1113 | val_loss=4.1119 | val_acc=0.4617 | time=4.7s
Epoch  12/50 | train_loss=4.1104 | val_loss=4.1119 | val_acc=0.4572 | time=4.7s
Epoch  13/50 | train_loss=4.1099 | val_loss=4.1109 | val_acc=0.4733 | time=4.7s
Epoch  14/50 | train_loss=4.1093 | val_loss=4.1108 | val_acc=0.4795 | time=4.7s
Epoch  15/50 | train_loss=4.1088 | val_loss=4.1103 | val_acc=0.4693 | time=4.7s
Epoch  16/50 | train_loss=4.1083 | val_loss=4.1095 | val_acc=0.4825 | time=4.7s
Epoch  17/50 | train_loss=4.1077 | val_loss=4.1097 | val_acc=0.4900 | time=4.7s
Epoch  18/50 | train_loss=4.1075 | val_loss=4.1093 | val_acc=0.4943 | time=4.7s
Epoch  19/50 | train_loss=4.1072 | val_loss=4.1098 | val_acc=0.4963 | time=4.7s
Epoch  20/50 | train_loss=4.1070 | val_loss=4.1089 | val_acc=0.4878 | time=4.7s
Epoch  21/50 | train_loss=4.1066 | val_loss=4.1087 | val_acc=0.4893 | time=4.7s
Epoch  22/50 | train_loss=4.1063 | val_loss=4.1077 | val_acc=0.4893 | time=4.7s
Epoch  23/50 | train_loss=4.1060 | val_loss=4.1082 | val_acc=0.4963 | time=4.7s
Epoch  24/50 | train_loss=4.1058 | val_loss=4.1082 | val_acc=0.4955 | time=4.7s
Epoch  25/50 | train_loss=4.1055 | val_loss=4.1082 | val_acc=0.5015 | time=4.7s
Epoch  26/50 | train_loss=4.1055 | val_loss=4.1082 | val_acc=0.4988 | time=4.7s
Epoch  27/50 | train_loss=4.1049 | val_loss=4.1077 | val_acc=0.5068 | time=4.7s
Epoch  28/50 | train_loss=4.1047 | val_loss=4.1073 | val_acc=0.5075 | time=4.7s
Epoch  29/50 | train_loss=4.1045 | val_loss=4.1073 | val_acc=0.5128 | time=4.7s
Epoch  30/50 | train_loss=4.1042 | val_loss=4.1071 | val_acc=0.5068 | time=4.7s
Epoch  31/50 | train_loss=4.1039 | val_loss=4.1067 | val_acc=0.5090 | time=4.7s
Epoch  32/50 | train_loss=4.1039 | val_loss=4.1059 | val_acc=0.5088 | time=4.7s
Epoch  33/50 | train_loss=4.1038 | val_loss=4.1070 | val_acc=0.5125 | time=4.7s
Epoch  34/50 | train_loss=4.1036 | val_loss=4.1066 | val_acc=0.5105 | time=4.7s
Epoch  35/50 | train_loss=4.1034 | val_loss=4.1059 | val_acc=0.5130 | time=4.7s
Epoch  36/50 | train_loss=4.1033 | val_loss=4.1068 | val_acc=0.5150 | time=4.7s
Epoch  37/50 | train_loss=4.1033 | val_loss=4.1068 | val_acc=0.5158 | time=4.7s
Epoch  38/50 | train_loss=4.1031 | val_loss=4.1057 | val_acc=0.5142 | time=4.7s
Epoch  39/50 | train_loss=4.1031 | val_loss=4.1058 | val_acc=0.5138 | time=4.7s
Epoch  40/50 | train_loss=4.1030 | val_loss=4.1060 | val_acc=0.5142 | time=4.7s
Epoch  41/50 | train_loss=4.1028 | val_loss=4.1057 | val_acc=0.5148 | time=4.7s
Epoch  42/50 | train_loss=4.1027 | val_loss=4.1053 | val_acc=0.5118 | time=4.7s
Epoch  43/50 | train_loss=4.1025 | val_loss=4.1064 | val_acc=0.5168 | time=4.7s
Epoch  44/50 | train_loss=4.1025 | val_loss=4.1056 | val_acc=0.5160 | time=4.7s
Epoch  45/50 | train_loss=4.1025 | val_loss=4.1054 | val_acc=0.5168 | time=4.7s
Epoch  46/50 | train_loss=4.1024 | val_loss=4.1057 | val_acc=0.5178 | time=4.7s
Epoch  47/50 | train_loss=4.1024 | val_loss=4.1059 | val_acc=0.5180 | time=4.7s
Epoch  48/50 | train_loss=4.1024 | val_loss=4.1057 | val_acc=0.5178 | time=4.7s
Epoch  49/50 | train_loss=4.1023 | val_loss=4.1052 | val_acc=0.5172 | time=4.7s
Epoch  50/50 | train_loss=4.1023 | val_loss=4.1054 | val_acc=0.5190 | time=4.7s
Model saved to results/max_1head_stieltjes_q8.0_seq128_d64_nope_ascend/model.pt
Metrics saved to results/max_1head_stieltjes_q8.0_seq128_d64_nope_ascend/metrics.csv
=== eval at seq=128 (128/128x extrap) ===
Wrote results/max_1head_stieltjes_q8.0_seq128_d64_nope_ascend/accuracy_eval_seq128_scaledarr.json
{"checkpoint": "results/max_1head_stieltjes_q8.0_seq128_d64_nope_ascend/model.pt", "task": "max", "attn": "stieltjes", "q": 8.0, "seq_len": 128, "val_samples": 2000, "seed": 42, "accuracy_fixed": 0.51675, "accuracy_all": 0.03280155521955133, "accuracy_input_echo": 0.017392619479733817, "output_token_count": 4000, "input_token_count": 125628, "all_token_count": 129628, "output_start_stats": {"n": 2000, "min": 4, "max": 120, "mean": 62.81399917602539}}
=== eval at seq=512 (512/128x extrap) ===
Wrote results/max_1head_stieltjes_q8.0_seq128_d64_nope_ascend/accuracy_eval_seq512_scaledarr.json
{"checkpoint": "results/max_1head_stieltjes_q8.0_seq128_d64_nope_ascend/model.pt", "task": "max", "attn": "stieltjes", "q": 8.0, "seq_len": 512, "val_samples": 2000, "seed": 42, "accuracy_fixed": 1.0, "accuracy_all": 0.005878873176624593, "accuracy_input_echo": 0.0032641101748968624, "output_token_count": 2000, "input_token_count": 760391, "all_token_count": 762391, "output_start_stats": {"n": 2000, "min": 256, "max": 504, "mean": 380.19549560546875}}
=== eval at seq=2048 (2048/128x extrap) ===
Wrote results/max_1head_stieltjes_q8.0_seq128_d64_nope_ascend/accuracy_eval_seq2048_scaledarr.json
{"checkpoint": "results/max_1head_stieltjes_q8.0_seq128_d64_nope_ascend/model.pt", "task": "max", "attn": "stieltjes", "q": 8.0, "seq_len": 2048, "val_samples": 2000, "seed": 42, "accuracy_fixed": 1.0, "accuracy_all": 0.0019271785759965156, "accuracy_input_echo": 0.0010638923583120266, "output_token_count": 2000, "input_token_count": 2312264, "all_token_count": 2314264, "output_start_stats": {"n": 2000, "min": 256, "max": 2039, "mean": 1156.1319580078125}}
=== eval at seq=8192 (8192/128x extrap) ===
Wrote results/max_1head_stieltjes_q8.0_seq128_d64_nope_ascend/accuracy_eval_seq8192_scaledarr.json
{"checkpoint": "results/max_1head_stieltjes_q8.0_seq128_d64_nope_ascend/model.pt", "task": "max", "attn": "stieltjes", "q": 8.0, "seq_len": 8192, "val_samples": 2000, "seed": 42, "accuracy_fixed": 1.0, "accuracy_all": 0.000521939052732111, "accuracy_input_echo": 0.0002879530622462048, "output_token_count": 2000, "input_token_count": 8543059, "all_token_count": 8545059, "output_start_stats": {"n": 2000, "min": 258, "max": 8164, "mean": 4271.529296875}}
=== eval at seq=16384 (16384/128x extrap) ===
Wrote results/max_1head_stieltjes_q8.0_seq128_d64_nope_ascend/accuracy_eval_seq16384_scaledarr.json
{"checkpoint": "results/max_1head_stieltjes_q8.0_seq128_d64_nope_ascend/model.pt", "task": "max", "attn": "stieltjes", "q": 8.0, "seq_len": 16384, "val_samples": 2000, "seed": 42, "accuracy_fixed": 1.0, "accuracy_all": 0.00026817337830262807, "accuracy_input_echo": 0.0001486576607739774, "output_token_count": 2000, "input_token_count": 16729713, "all_token_count": 16731713, "output_start_stats": {"n": 2000, "min": 286, "max": 16375, "mean": 8364.8564453125}}
