=== MAX embd-scan: stieltjes_q8.0 n_embd=12 n_head=1 ===
Using device: cuda
Generating training data...
Generating validation data...
Model parameters: 5,004
Using bf16 autocast for forward pass (memory optimization at long context)
Epoch   1/30 | train_loss=4.5938 | val_loss=4.2453 | val_acc=0.2853 | time=4.8s
Epoch   2/30 | train_loss=4.2129 | val_loss=4.1980 | val_acc=0.2853 | time=4.5s
Epoch   3/30 | train_loss=4.1871 | val_loss=4.1735 | val_acc=0.2860 | time=4.5s
Epoch   4/30 | train_loss=4.1643 | val_loss=4.1544 | val_acc=0.2953 | time=4.5s
Epoch   5/30 | train_loss=4.1482 | val_loss=4.1425 | val_acc=0.2978 | time=4.5s
Epoch   6/30 | train_loss=4.1425 | val_loss=4.1408 | val_acc=0.3065 | time=4.5s
Epoch   7/30 | train_loss=4.1395 | val_loss=4.1396 | val_acc=0.3063 | time=4.5s
Epoch   8/30 | train_loss=4.1379 | val_loss=4.1381 | val_acc=0.3063 | time=4.5s
Epoch   9/30 | train_loss=4.1367 | val_loss=4.1381 | val_acc=0.3073 | time=4.5s
Epoch  10/30 | train_loss=4.1358 | val_loss=4.1381 | val_acc=0.3063 | time=4.5s
Epoch  11/30 | train_loss=4.1350 | val_loss=4.1356 | val_acc=0.3063 | time=4.5s
Epoch  12/30 | train_loss=4.1346 | val_loss=4.1367 | val_acc=0.3068 | time=4.5s
Epoch  13/30 | train_loss=4.1341 | val_loss=4.1375 | val_acc=0.3055 | time=4.5s
Epoch  14/30 | train_loss=4.1338 | val_loss=4.1368 | val_acc=0.3063 | time=4.5s
Epoch  15/30 | train_loss=4.1336 | val_loss=4.1373 | val_acc=0.3063 | time=4.5s
Epoch  16/30 | train_loss=4.1334 | val_loss=4.1358 | val_acc=0.3063 | time=4.5s
Epoch  17/30 | train_loss=4.1332 | val_loss=4.1372 | val_acc=0.3060 | time=4.5s
Epoch  18/30 | train_loss=4.1332 | val_loss=4.1348 | val_acc=0.3030 | time=4.5s
Epoch  19/30 | train_loss=4.1330 | val_loss=4.1358 | val_acc=0.3063 | time=4.5s
Epoch  20/30 | train_loss=4.1329 | val_loss=4.1360 | val_acc=0.3060 | time=4.5s
Epoch  21/30 | train_loss=4.1328 | val_loss=4.1365 | val_acc=0.3060 | time=4.5s
Epoch  22/30 | train_loss=4.1328 | val_loss=4.1355 | val_acc=0.3030 | time=4.4s
Epoch  23/30 | train_loss=4.1327 | val_loss=4.1356 | val_acc=0.3063 | time=4.4s
Epoch  24/30 | train_loss=4.1327 | val_loss=4.1358 | val_acc=0.3060 | time=4.4s
Epoch  25/30 | train_loss=4.1325 | val_loss=4.1350 | val_acc=0.3030 | time=4.4s
Epoch  26/30 | train_loss=4.1325 | val_loss=4.1351 | val_acc=0.3030 | time=4.4s
Epoch  27/30 | train_loss=4.1324 | val_loss=4.1356 | val_acc=0.3030 | time=4.5s
Epoch  28/30 | train_loss=4.1323 | val_loss=4.1353 | val_acc=0.3038 | time=4.4s
Epoch  29/30 | train_loss=4.1323 | val_loss=4.1357 | val_acc=0.3038 | time=4.4s
Epoch  30/30 | train_loss=4.1323 | val_loss=4.1347 | val_acc=0.3060 | time=4.5s
Model saved to results/max_1layer_stieltjes_q8.0_seq128_embd12_h1_initfix_ascend/model.pt
Metrics saved to results/max_1layer_stieltjes_q8.0_seq128_embd12_h1_initfix_ascend/metrics.csv
Wrote results/max_1layer_stieltjes_q8.0_seq128_embd12_h1_initfix_ascend/accuracy_eval_seq128_arr120_first1.json
{"checkpoint": "results/max_1layer_stieltjes_q8.0_seq128_embd12_h1_initfix_ascend/model.pt", "task": "max", "attn": "stieltjes", "q": 8.0, "seq_len": 128, "val_samples": 1000, "seed": 42, "accuracy_fixed": 0.561, "accuracy_all": 0.024903291957308643, "accuracy_input_echo": 0.015905337587583574, "output_token_count": 1000, "input_token_count": 62369, "all_token_count": 64369, "output_start_stats": {"n": 1000, "min": 4, "max": 120, "mean": 62.36899948120117}}
Wrote results/max_1layer_stieltjes_q8.0_seq128_embd12_h1_initfix_ascend/accuracy_eval_seq256_arr120_first1.json
{"checkpoint": "results/max_1layer_stieltjes_q8.0_seq128_embd12_h1_initfix_ascend/model.pt", "task": "max", "attn": "stieltjes", "q": 8.0, "seq_len": 256, "val_samples": 1000, "seed": 42, "accuracy_fixed": 0.561, "accuracy_all": 0.024903291957308643, "accuracy_input_echo": 0.015905337587583574, "output_token_count": 1000, "input_token_count": 62369, "all_token_count": 64369, "output_start_stats": {"n": 1000, "min": 4, "max": 120, "mean": 62.36899948120117}}
Wrote results/max_1layer_stieltjes_q8.0_seq128_embd12_h1_initfix_ascend/accuracy_eval_seq512_arr120_first1.json
{"checkpoint": "results/max_1layer_stieltjes_q8.0_seq128_embd12_h1_initfix_ascend/model.pt", "task": "max", "attn": "stieltjes", "q": 8.0, "seq_len": 512, "val_samples": 1000, "seed": 42, "accuracy_fixed": 0.561, "accuracy_all": 0.024903291957308643, "accuracy_input_echo": 0.015905337587583574, "output_token_count": 1000, "input_token_count": 62369, "all_token_count": 64369, "output_start_stats": {"n": 1000, "min": 4, "max": 120, "mean": 62.36899948120117}}
Wrote results/max_1layer_stieltjes_q8.0_seq128_embd12_h1_initfix_ascend/accuracy_eval_seq1024_arr120_first1.json
{"checkpoint": "results/max_1layer_stieltjes_q8.0_seq128_embd12_h1_initfix_ascend/model.pt", "task": "max", "attn": "stieltjes", "q": 8.0, "seq_len": 1024, "val_samples": 1000, "seed": 42, "accuracy_fixed": 0.561, "accuracy_all": 0.024903291957308643, "accuracy_input_echo": 0.015905337587583574, "output_token_count": 1000, "input_token_count": 62369, "all_token_count": 64369, "output_start_stats": {"n": 1000, "min": 4, "max": 120, "mean": 62.36899948120117}}
Wrote results/max_1layer_stieltjes_q8.0_seq128_embd12_h1_initfix_ascend/accuracy_eval_seq2048_arr120_first1.json
{"checkpoint": "results/max_1layer_stieltjes_q8.0_seq128_embd12_h1_initfix_ascend/model.pt", "task": "max", "attn": "stieltjes", "q": 8.0, "seq_len": 2048, "val_samples": 1000, "seed": 42, "accuracy_fixed": 0.561, "accuracy_all": 0.024903291957308643, "accuracy_input_echo": 0.015905337587583574, "output_token_count": 1000, "input_token_count": 62369, "all_token_count": 64369, "output_start_stats": {"n": 1000, "min": 4, "max": 120, "mean": 62.36899948120117}}
Wrote results/max_1layer_stieltjes_q8.0_seq128_embd12_h1_initfix_ascend/accuracy_eval_seq4096_arr120_first1.json
{"checkpoint": "results/max_1layer_stieltjes_q8.0_seq128_embd12_h1_initfix_ascend/model.pt", "task": "max", "attn": "stieltjes", "q": 8.0, "seq_len": 4096, "val_samples": 1000, "seed": 42, "accuracy_fixed": 0.561, "accuracy_all": 0.024903291957308643, "accuracy_input_echo": 0.015905337587583574, "output_token_count": 1000, "input_token_count": 62369, "all_token_count": 64369, "output_start_stats": {"n": 1000, "min": 4, "max": 120, "mean": 62.36899948120117}}
Wrote results/max_1layer_stieltjes_q8.0_seq128_embd12_h1_initfix_ascend/accuracy_eval_seq8192_arr120_first1.json
{"checkpoint": "results/max_1layer_stieltjes_q8.0_seq128_embd12_h1_initfix_ascend/model.pt", "task": "max", "attn": "stieltjes", "q": 8.0, "seq_len": 8192, "val_samples": 1000, "seed": 42, "accuracy_fixed": 0.561, "accuracy_all": 0.024903291957308643, "accuracy_input_echo": 0.015905337587583574, "output_token_count": 1000, "input_token_count": 62369, "all_token_count": 64369, "output_start_stats": {"n": 1000, "min": 4, "max": 120, "mean": 62.36899948120117}}
DONE results/max_1layer_stieltjes_q8.0_seq128_embd12_h1_initfix_ascend
