=== MAX embd-scan: stieltjes_q4.0 n_embd=12 n_head=1 ===
Using device: cuda
Generating training data...
Generating validation data...
Model parameters: 5,004
Using bf16 autocast for forward pass (memory optimization at long context)
Epoch   1/30 | train_loss=4.5944 | val_loss=4.2448 | val_acc=0.2853 | time=5.7s
Epoch   2/30 | train_loss=4.2130 | val_loss=4.1966 | val_acc=0.2853 | time=4.5s
Epoch   3/30 | train_loss=4.1874 | val_loss=4.1758 | val_acc=0.2853 | time=4.5s
Epoch   4/30 | train_loss=4.1641 | val_loss=4.1521 | val_acc=0.2943 | time=4.5s
Epoch   5/30 | train_loss=4.1474 | val_loss=4.1437 | val_acc=0.2930 | time=4.5s
Epoch   6/30 | train_loss=4.1415 | val_loss=4.1391 | val_acc=0.2953 | time=4.5s
Epoch   7/30 | train_loss=4.1389 | val_loss=4.1370 | val_acc=0.3030 | time=4.5s
Epoch   8/30 | train_loss=4.1373 | val_loss=4.1353 | val_acc=0.2988 | time=4.5s
Epoch   9/30 | train_loss=4.1351 | val_loss=4.1310 | val_acc=0.2940 | time=4.5s
Epoch  10/30 | train_loss=4.1324 | val_loss=4.1282 | val_acc=0.3985 | time=4.5s
Epoch  11/30 | train_loss=4.1302 | val_loss=4.1270 | val_acc=0.3985 | time=4.4s
Epoch  12/30 | train_loss=4.1284 | val_loss=4.1261 | val_acc=0.4007 | time=4.5s
Epoch  13/30 | train_loss=4.1271 | val_loss=4.1244 | val_acc=0.3985 | time=4.4s
Epoch  14/30 | train_loss=4.1261 | val_loss=4.1238 | val_acc=0.4007 | time=4.5s
Epoch  15/30 | train_loss=4.1252 | val_loss=4.1241 | val_acc=0.4708 | time=4.5s
Epoch  16/30 | train_loss=4.1244 | val_loss=4.1228 | val_acc=0.4705 | time=4.5s
Epoch  17/30 | train_loss=4.1237 | val_loss=4.1226 | val_acc=0.4723 | time=4.5s
Epoch  18/30 | train_loss=4.1231 | val_loss=4.1223 | val_acc=0.4698 | time=4.5s
Epoch  19/30 | train_loss=4.1225 | val_loss=4.1215 | val_acc=0.4723 | time=4.4s
Epoch  20/30 | train_loss=4.1219 | val_loss=4.1207 | val_acc=0.4723 | time=4.4s
Epoch  21/30 | train_loss=4.1213 | val_loss=4.1199 | val_acc=0.4715 | time=4.4s
Epoch  22/30 | train_loss=4.1209 | val_loss=4.1189 | val_acc=0.4662 | time=4.5s
Epoch  23/30 | train_loss=4.1196 | val_loss=4.1171 | val_acc=0.4723 | time=4.4s
Epoch  24/30 | train_loss=4.1185 | val_loss=4.1162 | val_acc=0.4723 | time=4.4s
Epoch  25/30 | train_loss=4.1177 | val_loss=4.1157 | val_acc=0.4723 | time=4.4s
Epoch  26/30 | train_loss=4.1173 | val_loss=4.1156 | val_acc=0.4720 | time=4.5s
Epoch  27/30 | train_loss=4.1170 | val_loss=4.1153 | val_acc=0.4698 | time=4.4s
Epoch  28/30 | train_loss=4.1167 | val_loss=4.1152 | val_acc=0.4720 | time=4.4s
Epoch  29/30 | train_loss=4.1166 | val_loss=4.1149 | val_acc=0.4720 | time=4.5s
Epoch  30/30 | train_loss=4.1163 | val_loss=4.1147 | val_acc=0.4720 | time=4.4s
Model saved to results/max_1layer_stieltjes_q4.0_seq128_embd12_h1_initfix_ascend/model.pt
Metrics saved to results/max_1layer_stieltjes_q4.0_seq128_embd12_h1_initfix_ascend/metrics.csv
Wrote results/max_1layer_stieltjes_q4.0_seq128_embd12_h1_initfix_ascend/accuracy_eval_seq128_arr120_first1.json
{"checkpoint": "results/max_1layer_stieltjes_q4.0_seq128_embd12_h1_initfix_ascend/model.pt", "task": "max", "attn": "stieltjes", "q": 4.0, "seq_len": 128, "val_samples": 1000, "seed": 42, "accuracy_fixed": 0.892, "accuracy_all": 0.032065124516459785, "accuracy_input_echo": 0.0179897064246661, "output_token_count": 1000, "input_token_count": 62369, "all_token_count": 64369, "output_start_stats": {"n": 1000, "min": 4, "max": 120, "mean": 62.36899948120117}}
Wrote results/max_1layer_stieltjes_q4.0_seq128_embd12_h1_initfix_ascend/accuracy_eval_seq256_arr120_first1.json
{"checkpoint": "results/max_1layer_stieltjes_q4.0_seq128_embd12_h1_initfix_ascend/model.pt", "task": "max", "attn": "stieltjes", "q": 4.0, "seq_len": 256, "val_samples": 1000, "seed": 42, "accuracy_fixed": 0.892, "accuracy_all": 0.032065124516459785, "accuracy_input_echo": 0.0179897064246661, "output_token_count": 1000, "input_token_count": 62369, "all_token_count": 64369, "output_start_stats": {"n": 1000, "min": 4, "max": 120, "mean": 62.36899948120117}}
Wrote results/max_1layer_stieltjes_q4.0_seq128_embd12_h1_initfix_ascend/accuracy_eval_seq512_arr120_first1.json
{"checkpoint": "results/max_1layer_stieltjes_q4.0_seq128_embd12_h1_initfix_ascend/model.pt", "task": "max", "attn": "stieltjes", "q": 4.0, "seq_len": 512, "val_samples": 1000, "seed": 42, "accuracy_fixed": 0.892, "accuracy_all": 0.032065124516459785, "accuracy_input_echo": 0.0179897064246661, "output_token_count": 1000, "input_token_count": 62369, "all_token_count": 64369, "output_start_stats": {"n": 1000, "min": 4, "max": 120, "mean": 62.36899948120117}}
Wrote results/max_1layer_stieltjes_q4.0_seq128_embd12_h1_initfix_ascend/accuracy_eval_seq1024_arr120_first1.json
{"checkpoint": "results/max_1layer_stieltjes_q4.0_seq128_embd12_h1_initfix_ascend/model.pt", "task": "max", "attn": "stieltjes", "q": 4.0, "seq_len": 1024, "val_samples": 1000, "seed": 42, "accuracy_fixed": 0.892, "accuracy_all": 0.032065124516459785, "accuracy_input_echo": 0.0179897064246661, "output_token_count": 1000, "input_token_count": 62369, "all_token_count": 64369, "output_start_stats": {"n": 1000, "min": 4, "max": 120, "mean": 62.36899948120117}}
Wrote results/max_1layer_stieltjes_q4.0_seq128_embd12_h1_initfix_ascend/accuracy_eval_seq2048_arr120_first1.json
{"checkpoint": "results/max_1layer_stieltjes_q4.0_seq128_embd12_h1_initfix_ascend/model.pt", "task": "max", "attn": "stieltjes", "q": 4.0, "seq_len": 2048, "val_samples": 1000, "seed": 42, "accuracy_fixed": 0.892, "accuracy_all": 0.032065124516459785, "accuracy_input_echo": 0.0179897064246661, "output_token_count": 1000, "input_token_count": 62369, "all_token_count": 64369, "output_start_stats": {"n": 1000, "min": 4, "max": 120, "mean": 62.36899948120117}}
Wrote results/max_1layer_stieltjes_q4.0_seq128_embd12_h1_initfix_ascend/accuracy_eval_seq4096_arr120_first1.json
{"checkpoint": "results/max_1layer_stieltjes_q4.0_seq128_embd12_h1_initfix_ascend/model.pt", "task": "max", "attn": "stieltjes", "q": 4.0, "seq_len": 4096, "val_samples": 1000, "seed": 42, "accuracy_fixed": 0.892, "accuracy_all": 0.032065124516459785, "accuracy_input_echo": 0.0179897064246661, "output_token_count": 1000, "input_token_count": 62369, "all_token_count": 64369, "output_start_stats": {"n": 1000, "min": 4, "max": 120, "mean": 62.36899948120117}}
Wrote results/max_1layer_stieltjes_q4.0_seq128_embd12_h1_initfix_ascend/accuracy_eval_seq8192_arr120_first1.json
{"checkpoint": "results/max_1layer_stieltjes_q4.0_seq128_embd12_h1_initfix_ascend/model.pt", "task": "max", "attn": "stieltjes", "q": 4.0, "seq_len": 8192, "val_samples": 1000, "seed": 42, "accuracy_fixed": 0.892, "accuracy_all": 0.032065124516459785, "accuracy_input_echo": 0.0179897064246661, "output_token_count": 1000, "input_token_count": 62369, "all_token_count": 64369, "output_start_stats": {"n": 1000, "min": 4, "max": 120, "mean": 62.36899948120117}}
DONE results/max_1layer_stieltjes_q4.0_seq128_embd12_h1_initfix_ascend
