=== MAX embd-scan: stieltjes_q8.0 n_embd=64 n_head=4 ===
Using device: cuda
Generating training data...
Generating validation data...
Model parameters: 66,624
Using bf16 autocast for forward pass (memory optimization at long context)
Epoch   1/30 | train_loss=4.2674 | val_loss=4.1439 | val_acc=0.2980 | time=5.3s
Epoch   2/30 | train_loss=4.1313 | val_loss=4.1235 | val_acc=0.4452 | time=4.6s
Epoch   3/30 | train_loss=4.1199 | val_loss=4.1164 | val_acc=0.4657 | time=4.6s
Epoch   4/30 | train_loss=4.1158 | val_loss=4.1143 | val_acc=0.4723 | time=4.6s
Epoch   5/30 | train_loss=4.1136 | val_loss=4.1130 | val_acc=0.4790 | time=4.6s
Epoch   6/30 | train_loss=4.1121 | val_loss=4.1111 | val_acc=0.4835 | time=4.6s
Epoch   7/30 | train_loss=4.1108 | val_loss=4.1104 | val_acc=0.4815 | time=4.6s
Epoch   8/30 | train_loss=4.1095 | val_loss=4.1102 | val_acc=0.4860 | time=4.6s
Epoch   9/30 | train_loss=4.1086 | val_loss=4.1088 | val_acc=0.4893 | time=4.6s
Epoch  10/30 | train_loss=4.1076 | val_loss=4.1077 | val_acc=0.4930 | time=4.6s
Epoch  11/30 | train_loss=4.1069 | val_loss=4.1072 | val_acc=0.4955 | time=4.6s
Epoch  12/30 | train_loss=4.1063 | val_loss=4.1065 | val_acc=0.4913 | time=4.6s
Epoch  13/30 | train_loss=4.1059 | val_loss=4.1073 | val_acc=0.4985 | time=4.6s
Epoch  14/30 | train_loss=4.1055 | val_loss=4.1066 | val_acc=0.4990 | time=4.6s
Epoch  15/30 | train_loss=4.1050 | val_loss=4.1058 | val_acc=0.4993 | time=4.6s
Epoch  16/30 | train_loss=4.1046 | val_loss=4.1059 | val_acc=0.5012 | time=4.6s
Epoch  17/30 | train_loss=4.1043 | val_loss=4.1057 | val_acc=0.5068 | time=4.6s
Epoch  18/30 | train_loss=4.1040 | val_loss=4.1047 | val_acc=0.5090 | time=4.6s
Epoch  19/30 | train_loss=4.1037 | val_loss=4.1054 | val_acc=0.5098 | time=4.6s
Epoch  20/30 | train_loss=4.1035 | val_loss=4.1050 | val_acc=0.5070 | time=4.6s
Epoch  21/30 | train_loss=4.1034 | val_loss=4.1037 | val_acc=0.5045 | time=4.6s
Epoch  22/30 | train_loss=4.1029 | val_loss=4.1034 | val_acc=0.5098 | time=4.6s
Epoch  23/30 | train_loss=4.1028 | val_loss=4.1034 | val_acc=0.5130 | time=4.6s
Epoch  24/30 | train_loss=4.1025 | val_loss=4.1051 | val_acc=0.5102 | time=4.6s
Epoch  25/30 | train_loss=4.1025 | val_loss=4.1035 | val_acc=0.5132 | time=4.6s
Epoch  26/30 | train_loss=4.1024 | val_loss=4.1029 | val_acc=0.5132 | time=4.6s
Epoch  27/30 | train_loss=4.1021 | val_loss=4.1030 | val_acc=0.5148 | time=4.6s
Epoch  28/30 | train_loss=4.1021 | val_loss=4.1041 | val_acc=0.5118 | time=4.6s
Epoch  29/30 | train_loss=4.1020 | val_loss=4.1033 | val_acc=0.5148 | time=4.6s
Epoch  30/30 | train_loss=4.1019 | val_loss=4.1039 | val_acc=0.5105 | time=4.6s
Model saved to results/max_1layer_stieltjes_q8.0_seq128_embd64_h4_initfix_ascend/model.pt
Metrics saved to results/max_1layer_stieltjes_q8.0_seq128_embd64_h4_initfix_ascend/metrics.csv
Wrote results/max_1layer_stieltjes_q8.0_seq128_embd64_h4_initfix_ascend/accuracy_eval_seq128_arr120_first1.json
{"checkpoint": "results/max_1layer_stieltjes_q8.0_seq128_embd64_h4_initfix_ascend/model.pt", "task": "max", "attn": "stieltjes", "q": 8.0, "seq_len": 128, "val_samples": 1000, "seed": 42, "accuracy_fixed": 0.983, "accuracy_all": 0.034395438798179245, "accuracy_input_echo": 0.019144126088281036, "output_token_count": 1000, "input_token_count": 62369, "all_token_count": 64369, "output_start_stats": {"n": 1000, "min": 4, "max": 120, "mean": 62.36899948120117}}
Wrote results/max_1layer_stieltjes_q8.0_seq128_embd64_h4_initfix_ascend/accuracy_eval_seq256_arr120_first1.json
{"checkpoint": "results/max_1layer_stieltjes_q8.0_seq128_embd64_h4_initfix_ascend/model.pt", "task": "max", "attn": "stieltjes", "q": 8.0, "seq_len": 256, "val_samples": 1000, "seed": 42, "accuracy_fixed": 0.983, "accuracy_all": 0.034395438798179245, "accuracy_input_echo": 0.019144126088281036, "output_token_count": 1000, "input_token_count": 62369, "all_token_count": 64369, "output_start_stats": {"n": 1000, "min": 4, "max": 120, "mean": 62.36899948120117}}
Wrote results/max_1layer_stieltjes_q8.0_seq128_embd64_h4_initfix_ascend/accuracy_eval_seq512_arr120_first1.json
{"checkpoint": "results/max_1layer_stieltjes_q8.0_seq128_embd64_h4_initfix_ascend/model.pt", "task": "max", "attn": "stieltjes", "q": 8.0, "seq_len": 512, "val_samples": 1000, "seed": 42, "accuracy_fixed": 0.983, "accuracy_all": 0.034395438798179245, "accuracy_input_echo": 0.019144126088281036, "output_token_count": 1000, "input_token_count": 62369, "all_token_count": 64369, "output_start_stats": {"n": 1000, "min": 4, "max": 120, "mean": 62.36899948120117}}
Wrote results/max_1layer_stieltjes_q8.0_seq128_embd64_h4_initfix_ascend/accuracy_eval_seq1024_arr120_first1.json
{"checkpoint": "results/max_1layer_stieltjes_q8.0_seq128_embd64_h4_initfix_ascend/model.pt", "task": "max", "attn": "stieltjes", "q": 8.0, "seq_len": 1024, "val_samples": 1000, "seed": 42, "accuracy_fixed": 0.983, "accuracy_all": 0.034395438798179245, "accuracy_input_echo": 0.019144126088281036, "output_token_count": 1000, "input_token_count": 62369, "all_token_count": 64369, "output_start_stats": {"n": 1000, "min": 4, "max": 120, "mean": 62.36899948120117}}
Wrote results/max_1layer_stieltjes_q8.0_seq128_embd64_h4_initfix_ascend/accuracy_eval_seq2048_arr120_first1.json
{"checkpoint": "results/max_1layer_stieltjes_q8.0_seq128_embd64_h4_initfix_ascend/model.pt", "task": "max", "attn": "stieltjes", "q": 8.0, "seq_len": 2048, "val_samples": 1000, "seed": 42, "accuracy_fixed": 0.983, "accuracy_all": 0.034395438798179245, "accuracy_input_echo": 0.019144126088281036, "output_token_count": 1000, "input_token_count": 62369, "all_token_count": 64369, "output_start_stats": {"n": 1000, "min": 4, "max": 120, "mean": 62.36899948120117}}
Wrote results/max_1layer_stieltjes_q8.0_seq128_embd64_h4_initfix_ascend/accuracy_eval_seq4096_arr120_first1.json
{"checkpoint": "results/max_1layer_stieltjes_q8.0_seq128_embd64_h4_initfix_ascend/model.pt", "task": "max", "attn": "stieltjes", "q": 8.0, "seq_len": 4096, "val_samples": 1000, "seed": 42, "accuracy_fixed": 0.983, "accuracy_all": 0.034395438798179245, "accuracy_input_echo": 0.019144126088281036, "output_token_count": 1000, "input_token_count": 62369, "all_token_count": 64369, "output_start_stats": {"n": 1000, "min": 4, "max": 120, "mean": 62.36899948120117}}
Wrote results/max_1layer_stieltjes_q8.0_seq128_embd64_h4_initfix_ascend/accuracy_eval_seq8192_arr120_first1.json
{"checkpoint": "results/max_1layer_stieltjes_q8.0_seq128_embd64_h4_initfix_ascend/model.pt", "task": "max", "attn": "stieltjes", "q": 8.0, "seq_len": 8192, "val_samples": 1000, "seed": 42, "accuracy_fixed": 0.983, "accuracy_all": 0.034395438798179245, "accuracy_input_echo": 0.019144126088281036, "output_token_count": 1000, "input_token_count": 62369, "all_token_count": 64369, "output_start_stats": {"n": 1000, "min": 4, "max": 120, "mean": 62.36899948120117}}
DONE results/max_1layer_stieltjes_q8.0_seq128_embd64_h4_initfix_ascend
