=== MAX embd-scan: stieltjes_q1.0 n_embd=16 n_head=1 ===
Using device: cuda
Generating training data...
Generating validation data...
Model parameters: 7,440
Using bf16 autocast for forward pass (memory optimization at long context)
Epoch   1/30 | train_loss=4.5158 | val_loss=4.2212 | val_acc=0.2853 | time=5.1s
Epoch   2/30 | train_loss=4.1983 | val_loss=4.1789 | val_acc=0.2855 | time=4.6s
Epoch   3/30 | train_loss=4.1664 | val_loss=4.1529 | val_acc=0.2850 | time=4.6s
Epoch   4/30 | train_loss=4.1470 | val_loss=4.1425 | val_acc=0.2860 | time=4.6s
Epoch   5/30 | train_loss=4.1402 | val_loss=4.1382 | val_acc=0.2980 | time=4.6s
Epoch   6/30 | train_loss=4.1373 | val_loss=4.1356 | val_acc=0.2968 | time=4.6s
Epoch   7/30 | train_loss=4.1353 | val_loss=4.1356 | val_acc=0.2965 | time=4.6s
Epoch   8/30 | train_loss=4.1339 | val_loss=4.1325 | val_acc=0.2970 | time=4.6s
Epoch   9/30 | train_loss=4.1329 | val_loss=4.1319 | val_acc=0.2985 | time=4.6s
Epoch  10/30 | train_loss=4.1320 | val_loss=4.1313 | val_acc=0.2998 | time=4.6s
Epoch  11/30 | train_loss=4.1312 | val_loss=4.1325 | val_acc=0.2983 | time=4.6s
Epoch  12/30 | train_loss=4.1306 | val_loss=4.1335 | val_acc=0.3003 | time=4.6s
Epoch  13/30 | train_loss=4.1300 | val_loss=4.1360 | val_acc=0.3020 | time=4.6s
Epoch  14/30 | train_loss=4.1295 | val_loss=4.1334 | val_acc=0.3018 | time=4.6s
Epoch  15/30 | train_loss=4.1290 | val_loss=4.1316 | val_acc=0.3020 | time=4.6s
Epoch  16/30 | train_loss=4.1284 | val_loss=4.1321 | val_acc=0.3023 | time=4.6s
Epoch  17/30 | train_loss=4.1279 | val_loss=4.1360 | val_acc=0.3065 | time=4.6s
Epoch  18/30 | train_loss=4.1276 | val_loss=4.1320 | val_acc=0.3212 | time=4.6s
Epoch  19/30 | train_loss=4.1273 | val_loss=4.1341 | val_acc=0.3235 | time=4.6s
Epoch  20/30 | train_loss=4.1269 | val_loss=4.1326 | val_acc=0.3212 | time=4.6s
Epoch  21/30 | train_loss=4.1267 | val_loss=4.1296 | val_acc=0.3345 | time=4.6s
Epoch  22/30 | train_loss=4.1264 | val_loss=4.1344 | val_acc=0.3377 | time=4.6s
Epoch  23/30 | train_loss=4.1263 | val_loss=4.1343 | val_acc=0.3367 | time=4.6s
Epoch  24/30 | train_loss=4.1260 | val_loss=4.1317 | val_acc=0.3375 | time=4.6s
Epoch  25/30 | train_loss=4.1257 | val_loss=4.1364 | val_acc=0.3407 | time=4.6s
Epoch  26/30 | train_loss=4.1254 | val_loss=4.1257 | val_acc=0.3570 | time=4.6s
Epoch  27/30 | train_loss=4.1253 | val_loss=4.1298 | val_acc=0.3585 | time=4.6s
Epoch  28/30 | train_loss=4.1251 | val_loss=4.1301 | val_acc=0.3565 | time=4.6s
Epoch  29/30 | train_loss=4.1250 | val_loss=4.1264 | val_acc=0.3733 | time=4.6s
Epoch  30/30 | train_loss=4.1248 | val_loss=4.1268 | val_acc=0.3663 | time=4.6s
Model saved to results/max_1layer_stieltjes_q1.0_seq128_embd16_h1_initfix_ascend/model.pt
Metrics saved to results/max_1layer_stieltjes_q1.0_seq128_embd16_h1_initfix_ascend/metrics.csv
Wrote results/max_1layer_stieltjes_q1.0_seq128_embd16_h1_initfix_ascend/accuracy_eval_seq128_arr120_first1.json
{"checkpoint": "results/max_1layer_stieltjes_q1.0_seq128_embd16_h1_initfix_ascend/model.pt", "task": "max", "attn": "stieltjes", "q": 1.0, "seq_len": 128, "val_samples": 1000, "seed": 42, "accuracy_fixed": 0.684, "accuracy_all": 0.029967841662912272, "accuracy_input_echo": 0.019240327726915616, "output_token_count": 1000, "input_token_count": 62369, "all_token_count": 64369, "output_start_stats": {"n": 1000, "min": 4, "max": 120, "mean": 62.36899948120117}}
Wrote results/max_1layer_stieltjes_q1.0_seq128_embd16_h1_initfix_ascend/accuracy_eval_seq256_arr120_first1.json
{"checkpoint": "results/max_1layer_stieltjes_q1.0_seq128_embd16_h1_initfix_ascend/model.pt", "task": "max", "attn": "stieltjes", "q": 1.0, "seq_len": 256, "val_samples": 1000, "seed": 42, "accuracy_fixed": 0.684, "accuracy_all": 0.029967841662912272, "accuracy_input_echo": 0.019240327726915616, "output_token_count": 1000, "input_token_count": 62369, "all_token_count": 64369, "output_start_stats": {"n": 1000, "min": 4, "max": 120, "mean": 62.36899948120117}}
Wrote results/max_1layer_stieltjes_q1.0_seq128_embd16_h1_initfix_ascend/accuracy_eval_seq512_arr120_first1.json
{"checkpoint": "results/max_1layer_stieltjes_q1.0_seq128_embd16_h1_initfix_ascend/model.pt", "task": "max", "attn": "stieltjes", "q": 1.0, "seq_len": 512, "val_samples": 1000, "seed": 42, "accuracy_fixed": 0.684, "accuracy_all": 0.029967841662912272, "accuracy_input_echo": 0.019240327726915616, "output_token_count": 1000, "input_token_count": 62369, "all_token_count": 64369, "output_start_stats": {"n": 1000, "min": 4, "max": 120, "mean": 62.36899948120117}}
Wrote results/max_1layer_stieltjes_q1.0_seq128_embd16_h1_initfix_ascend/accuracy_eval_seq1024_arr120_first1.json
{"checkpoint": "results/max_1layer_stieltjes_q1.0_seq128_embd16_h1_initfix_ascend/model.pt", "task": "max", "attn": "stieltjes", "q": 1.0, "seq_len": 1024, "val_samples": 1000, "seed": 42, "accuracy_fixed": 0.684, "accuracy_all": 0.029967841662912272, "accuracy_input_echo": 0.019240327726915616, "output_token_count": 1000, "input_token_count": 62369, "all_token_count": 64369, "output_start_stats": {"n": 1000, "min": 4, "max": 120, "mean": 62.36899948120117}}
Wrote results/max_1layer_stieltjes_q1.0_seq128_embd16_h1_initfix_ascend/accuracy_eval_seq2048_arr120_first1.json
{"checkpoint": "results/max_1layer_stieltjes_q1.0_seq128_embd16_h1_initfix_ascend/model.pt", "task": "max", "attn": "stieltjes", "q": 1.0, "seq_len": 2048, "val_samples": 1000, "seed": 42, "accuracy_fixed": 0.684, "accuracy_all": 0.029967841662912272, "accuracy_input_echo": 0.019240327726915616, "output_token_count": 1000, "input_token_count": 62369, "all_token_count": 64369, "output_start_stats": {"n": 1000, "min": 4, "max": 120, "mean": 62.36899948120117}}
Wrote results/max_1layer_stieltjes_q1.0_seq128_embd16_h1_initfix_ascend/accuracy_eval_seq4096_arr120_first1.json
{"checkpoint": "results/max_1layer_stieltjes_q1.0_seq128_embd16_h1_initfix_ascend/model.pt", "task": "max", "attn": "stieltjes", "q": 1.0, "seq_len": 4096, "val_samples": 1000, "seed": 42, "accuracy_fixed": 0.684, "accuracy_all": 0.029967841662912272, "accuracy_input_echo": 0.019240327726915616, "output_token_count": 1000, "input_token_count": 62369, "all_token_count": 64369, "output_start_stats": {"n": 1000, "min": 4, "max": 120, "mean": 62.36899948120117}}
Wrote results/max_1layer_stieltjes_q1.0_seq128_embd16_h1_initfix_ascend/accuracy_eval_seq8192_arr120_first1.json
{"checkpoint": "results/max_1layer_stieltjes_q1.0_seq128_embd16_h1_initfix_ascend/model.pt", "task": "max", "attn": "stieltjes", "q": 1.0, "seq_len": 8192, "val_samples": 1000, "seed": 42, "accuracy_fixed": 0.684, "accuracy_all": 0.029967841662912272, "accuracy_input_echo": 0.019240327726915616, "output_token_count": 1000, "input_token_count": 62369, "all_token_count": 64369, "output_start_stats": {"n": 1000, "min": 4, "max": 120, "mean": 62.36899948120117}}
DONE results/max_1layer_stieltjes_q1.0_seq128_embd16_h1_initfix_ascend
