=== SUBTLE embd-scan: softmax n_embd=8 n_head=1 ===
Using device: cuda
Generating training data...
Generating validation data...
Model parameters: 2,952
Using bf16 autocast for forward pass (memory optimization at long context)
Epoch   1/30 | train_loss=4.9509 | val_loss=4.6287 | val_acc=0.0000 | time=3.8s
Epoch   2/30 | train_loss=4.5274 | val_loss=4.4309 | val_acc=0.0000 | time=3.4s
Epoch   3/30 | train_loss=4.4178 | val_loss=4.3750 | val_acc=0.0000 | time=3.4s
Epoch   4/30 | train_loss=4.3743 | val_loss=4.3373 | val_acc=0.0000 | time=3.4s
Epoch   5/30 | train_loss=4.3510 | val_loss=4.3222 | val_acc=0.0065 | time=3.4s
Epoch   6/30 | train_loss=4.3395 | val_loss=4.3116 | val_acc=0.0160 | time=3.4s
Epoch   7/30 | train_loss=4.3305 | val_loss=4.3021 | val_acc=0.0145 | time=3.4s
Epoch   8/30 | train_loss=4.3239 | val_loss=4.2959 | val_acc=0.0225 | time=3.4s
Epoch   9/30 | train_loss=4.3188 | val_loss=4.2910 | val_acc=0.0250 | time=3.4s
Epoch  10/30 | train_loss=4.3151 | val_loss=4.2873 | val_acc=0.0390 | time=3.4s
Epoch  11/30 | train_loss=4.3123 | val_loss=4.2845 | val_acc=0.0500 | time=3.4s
Epoch  12/30 | train_loss=4.3096 | val_loss=4.2825 | val_acc=0.0645 | time=3.4s
Epoch  13/30 | train_loss=4.3076 | val_loss=4.2811 | val_acc=0.0560 | time=3.4s
Epoch  14/30 | train_loss=4.3058 | val_loss=4.2797 | val_acc=0.0475 | time=3.4s
Epoch  15/30 | train_loss=4.3048 | val_loss=4.2782 | val_acc=0.0625 | time=3.4s
Epoch  16/30 | train_loss=4.3033 | val_loss=4.2778 | val_acc=0.0500 | time=3.4s
Epoch  17/30 | train_loss=4.3025 | val_loss=4.2762 | val_acc=0.0590 | time=3.4s
Epoch  18/30 | train_loss=4.3016 | val_loss=4.2754 | val_acc=0.0595 | time=3.4s
Epoch  19/30 | train_loss=4.3008 | val_loss=4.2747 | val_acc=0.0730 | time=3.4s
Epoch  20/30 | train_loss=4.3002 | val_loss=4.2742 | val_acc=0.0685 | time=3.4s
Epoch  21/30 | train_loss=4.2993 | val_loss=4.2736 | val_acc=0.0910 | time=3.4s
Epoch  22/30 | train_loss=4.2991 | val_loss=4.2731 | val_acc=0.1015 | time=3.4s
Epoch  23/30 | train_loss=4.2986 | val_loss=4.2730 | val_acc=0.1120 | time=3.4s
Epoch  24/30 | train_loss=4.2983 | val_loss=4.2730 | val_acc=0.1000 | time=3.4s
Epoch  25/30 | train_loss=4.2980 | val_loss=4.2728 | val_acc=0.1045 | time=3.4s
Epoch  26/30 | train_loss=4.2976 | val_loss=4.2724 | val_acc=0.1165 | time=3.4s
Epoch  27/30 | train_loss=4.2974 | val_loss=4.2720 | val_acc=0.1000 | time=3.4s
Epoch  28/30 | train_loss=4.2971 | val_loss=4.2719 | val_acc=0.1010 | time=3.4s
Epoch  29/30 | train_loss=4.2965 | val_loss=4.2714 | val_acc=0.0965 | time=3.4s
Epoch  30/30 | train_loss=4.2962 | val_loss=4.2717 | val_acc=0.0895 | time=3.4s
Model saved to results/subtle_1layer_softmax_seq128_embd8_h1_initfix_ascend/model.pt
Metrics saved to results/subtle_1layer_softmax_seq128_embd8_h1_initfix_ascend/metrics.csv
Wrote results/subtle_1layer_softmax_seq128_embd8_h1_initfix_ascend/accuracy_eval_seq128_arr120.json
{"checkpoint": "results/subtle_1layer_softmax_seq128_embd8_h1_initfix_ascend/model.pt", "task": "needle", "attn": "softmax", "q": 1.0, "seq_len": 128, "val_samples": 1000, "seed": 42, "accuracy_fixed": 0.093, "accuracy_all": 0.018660788095894186, "accuracy_input_echo": 0.01783226525494567, "output_token_count": 1000, "input_token_count": 89725, "all_token_count": 90725, "output_start_stats": {"n": 1000, "min": 60, "max": 120, "mean": 89.7249984741211}}
Wrote results/subtle_1layer_softmax_seq128_embd8_h1_initfix_ascend/accuracy_eval_seq256_arr120.json
{"checkpoint": "results/subtle_1layer_softmax_seq128_embd8_h1_initfix_ascend/model.pt", "task": "needle", "attn": "softmax", "q": 1.0, "seq_len": 256, "val_samples": 1000, "seed": 42, "accuracy_fixed": 0.093, "accuracy_all": 0.018660788095894186, "accuracy_input_echo": 0.01783226525494567, "output_token_count": 1000, "input_token_count": 89725, "all_token_count": 90725, "output_start_stats": {"n": 1000, "min": 60, "max": 120, "mean": 89.7249984741211}}
Wrote results/subtle_1layer_softmax_seq128_embd8_h1_initfix_ascend/accuracy_eval_seq512_arr120.json
{"checkpoint": "results/subtle_1layer_softmax_seq128_embd8_h1_initfix_ascend/model.pt", "task": "needle", "attn": "softmax", "q": 1.0, "seq_len": 512, "val_samples": 1000, "seed": 42, "accuracy_fixed": 0.093, "accuracy_all": 0.018660788095894186, "accuracy_input_echo": 0.01783226525494567, "output_token_count": 1000, "input_token_count": 89725, "all_token_count": 90725, "output_start_stats": {"n": 1000, "min": 60, "max": 120, "mean": 89.7249984741211}}
Wrote results/subtle_1layer_softmax_seq128_embd8_h1_initfix_ascend/accuracy_eval_seq1024_arr120.json
{"checkpoint": "results/subtle_1layer_softmax_seq128_embd8_h1_initfix_ascend/model.pt", "task": "needle", "attn": "softmax", "q": 1.0, "seq_len": 1024, "val_samples": 1000, "seed": 42, "accuracy_fixed": 0.093, "accuracy_all": 0.018660788095894186, "accuracy_input_echo": 0.01783226525494567, "output_token_count": 1000, "input_token_count": 89725, "all_token_count": 90725, "output_start_stats": {"n": 1000, "min": 60, "max": 120, "mean": 89.7249984741211}}
Wrote results/subtle_1layer_softmax_seq128_embd8_h1_initfix_ascend/accuracy_eval_seq2048_arr120.json
{"checkpoint": "results/subtle_1layer_softmax_seq128_embd8_h1_initfix_ascend/model.pt", "task": "needle", "attn": "softmax", "q": 1.0, "seq_len": 2048, "val_samples": 1000, "seed": 42, "accuracy_fixed": 0.093, "accuracy_all": 0.018660788095894186, "accuracy_input_echo": 0.01783226525494567, "output_token_count": 1000, "input_token_count": 89725, "all_token_count": 90725, "output_start_stats": {"n": 1000, "min": 60, "max": 120, "mean": 89.7249984741211}}
Wrote results/subtle_1layer_softmax_seq128_embd8_h1_initfix_ascend/accuracy_eval_seq4096_arr120.json
{"checkpoint": "results/subtle_1layer_softmax_seq128_embd8_h1_initfix_ascend/model.pt", "task": "needle", "attn": "softmax", "q": 1.0, "seq_len": 4096, "val_samples": 1000, "seed": 42, "accuracy_fixed": 0.093, "accuracy_all": 0.018660788095894186, "accuracy_input_echo": 0.01783226525494567, "output_token_count": 1000, "input_token_count": 89725, "all_token_count": 90725, "output_start_stats": {"n": 1000, "min": 60, "max": 120, "mean": 89.7249984741211}}
Wrote results/subtle_1layer_softmax_seq128_embd8_h1_initfix_ascend/accuracy_eval_seq8192_arr120.json
{"checkpoint": "results/subtle_1layer_softmax_seq128_embd8_h1_initfix_ascend/model.pt", "task": "needle", "attn": "softmax", "q": 1.0, "seq_len": 8192, "val_samples": 1000, "seed": 42, "accuracy_fixed": 0.093, "accuracy_all": 0.018660788095894186, "accuracy_input_echo": 0.01783226525494567, "output_token_count": 1000, "input_token_count": 89725, "all_token_count": 90725, "output_start_stats": {"n": 1000, "min": 60, "max": 120, "mean": 89.7249984741211}}
DONE results/subtle_1layer_softmax_seq128_embd8_h1_initfix_ascend
