=== TOP2 embd-scan: stieltjes_q8.0 n_embd=32 n_head=4 ===
Using device: cuda
Generating training data...
Generating validation data...
Model parameters: 21,024
Using bf16 autocast for forward pass (memory optimization at long context)
Epoch   1/30 | train_loss=4.5964 | val_loss=4.3638 | val_acc=0.0063 | time=5.0s
Epoch   2/30 | train_loss=4.3220 | val_loss=4.2886 | val_acc=0.0722 | time=4.6s
Epoch   3/30 | train_loss=4.2778 | val_loss=4.2606 | val_acc=0.1008 | time=4.6s
Epoch   4/30 | train_loss=4.2545 | val_loss=4.2412 | val_acc=0.1368 | time=4.6s
Epoch   5/30 | train_loss=4.2407 | val_loss=4.2300 | val_acc=0.1817 | time=4.6s
Epoch   6/30 | train_loss=4.2314 | val_loss=4.2238 | val_acc=0.1830 | time=4.6s
Epoch   7/30 | train_loss=4.2243 | val_loss=4.2161 | val_acc=0.2258 | time=4.6s
Epoch   8/30 | train_loss=4.2190 | val_loss=4.2119 | val_acc=0.2250 | time=4.6s
Epoch   9/30 | train_loss=4.2148 | val_loss=4.2076 | val_acc=0.2530 | time=4.6s
Epoch  10/30 | train_loss=4.2108 | val_loss=4.2040 | val_acc=0.2615 | time=4.6s
Epoch  11/30 | train_loss=4.2082 | val_loss=4.1999 | val_acc=0.3005 | time=4.6s
Epoch  12/30 | train_loss=4.2053 | val_loss=4.1979 | val_acc=0.3255 | time=4.6s
Epoch  13/30 | train_loss=4.2030 | val_loss=4.1957 | val_acc=0.3207 | time=4.6s
Epoch  14/30 | train_loss=4.2013 | val_loss=4.1952 | val_acc=0.3335 | time=4.6s
Epoch  15/30 | train_loss=4.1992 | val_loss=4.1923 | val_acc=0.3350 | time=4.6s
Epoch  16/30 | train_loss=4.1974 | val_loss=4.1907 | val_acc=0.3635 | time=4.6s
Epoch  17/30 | train_loss=4.1961 | val_loss=4.1898 | val_acc=0.3618 | time=4.6s
Epoch  18/30 | train_loss=4.1944 | val_loss=4.1885 | val_acc=0.3683 | time=4.6s
Epoch  19/30 | train_loss=4.1934 | val_loss=4.1873 | val_acc=0.3837 | time=4.6s
Epoch  20/30 | train_loss=4.1924 | val_loss=4.1857 | val_acc=0.3950 | time=4.6s
Epoch  21/30 | train_loss=4.1914 | val_loss=4.1852 | val_acc=0.4178 | time=4.6s
Epoch  22/30 | train_loss=4.1902 | val_loss=4.1843 | val_acc=0.3897 | time=4.6s
Epoch  23/30 | train_loss=4.1892 | val_loss=4.1836 | val_acc=0.4078 | time=4.6s
Epoch  24/30 | train_loss=4.1885 | val_loss=4.1817 | val_acc=0.4220 | time=4.6s
Epoch  25/30 | train_loss=4.1875 | val_loss=4.1813 | val_acc=0.4425 | time=4.6s
Epoch  26/30 | train_loss=4.1868 | val_loss=4.1801 | val_acc=0.4460 | time=4.6s
Epoch  27/30 | train_loss=4.1861 | val_loss=4.1799 | val_acc=0.4590 | time=4.6s
Epoch  28/30 | train_loss=4.1856 | val_loss=4.1790 | val_acc=0.4620 | time=4.6s
Epoch  29/30 | train_loss=4.1848 | val_loss=4.1781 | val_acc=0.4610 | time=4.6s
Epoch  30/30 | train_loss=4.1839 | val_loss=4.1774 | val_acc=0.4522 | time=4.6s
Model saved to results/top2_1layer_stieltjes_q8.0_seq128_embd32_h4_initfix_ascend/model.pt
Metrics saved to results/top2_1layer_stieltjes_q8.0_seq128_embd32_h4_initfix_ascend/metrics.csv
Wrote results/top2_1layer_stieltjes_q8.0_seq128_embd32_h4_initfix_ascend/accuracy_eval_seq128_arr120.json
{"checkpoint": "results/top2_1layer_stieltjes_q8.0_seq128_embd32_h4_initfix_ascend/model.pt", "task": "top2_needle", "attn": "stieltjes", "q": 8.0, "seq_len": 128, "val_samples": 1000, "seed": 42, "accuracy_fixed": 0.4515, "accuracy_all": 0.032649978656567755, "accuracy_input_echo": 0.023275852422143393, "output_token_count": 2000, "input_token_count": 89363, "all_token_count": 91363, "output_start_stats": {"n": 1000, "min": 60, "max": 120, "mean": 89.36299896240234}}
Wrote results/top2_1layer_stieltjes_q8.0_seq128_embd32_h4_initfix_ascend/accuracy_eval_seq256_arr120.json
{"checkpoint": "results/top2_1layer_stieltjes_q8.0_seq128_embd32_h4_initfix_ascend/model.pt", "task": "top2_needle", "attn": "stieltjes", "q": 8.0, "seq_len": 256, "val_samples": 1000, "seed": 42, "accuracy_fixed": 0.4515, "accuracy_all": 0.03263903330669965, "accuracy_input_echo": 0.0232646621084789, "output_token_count": 2000, "input_token_count": 89363, "all_token_count": 91363, "output_start_stats": {"n": 1000, "min": 60, "max": 120, "mean": 89.36299896240234}}
Wrote results/top2_1layer_stieltjes_q8.0_seq128_embd32_h4_initfix_ascend/accuracy_eval_seq512_arr120.json
{"checkpoint": "results/top2_1layer_stieltjes_q8.0_seq128_embd32_h4_initfix_ascend/model.pt", "task": "top2_needle", "attn": "stieltjes", "q": 8.0, "seq_len": 512, "val_samples": 1000, "seed": 42, "accuracy_fixed": 0.4515, "accuracy_all": 0.03263903330669965, "accuracy_input_echo": 0.0232646621084789, "output_token_count": 2000, "input_token_count": 89363, "all_token_count": 91363, "output_start_stats": {"n": 1000, "min": 60, "max": 120, "mean": 89.36299896240234}}
Wrote results/top2_1layer_stieltjes_q8.0_seq128_embd32_h4_initfix_ascend/accuracy_eval_seq1024_arr120.json
{"checkpoint": "results/top2_1layer_stieltjes_q8.0_seq128_embd32_h4_initfix_ascend/model.pt", "task": "top2_needle", "attn": "stieltjes", "q": 8.0, "seq_len": 1024, "val_samples": 1000, "seed": 42, "accuracy_fixed": 0.4515, "accuracy_all": 0.03263903330669965, "accuracy_input_echo": 0.0232646621084789, "output_token_count": 2000, "input_token_count": 89363, "all_token_count": 91363, "output_start_stats": {"n": 1000, "min": 60, "max": 120, "mean": 89.36299896240234}}
Wrote results/top2_1layer_stieltjes_q8.0_seq128_embd32_h4_initfix_ascend/accuracy_eval_seq2048_arr120.json
{"checkpoint": "results/top2_1layer_stieltjes_q8.0_seq128_embd32_h4_initfix_ascend/model.pt", "task": "top2_needle", "attn": "stieltjes", "q": 8.0, "seq_len": 2048, "val_samples": 1000, "seed": 42, "accuracy_fixed": 0.4515, "accuracy_all": 0.03263903330669965, "accuracy_input_echo": 0.0232646621084789, "output_token_count": 2000, "input_token_count": 89363, "all_token_count": 91363, "output_start_stats": {"n": 1000, "min": 60, "max": 120, "mean": 89.36299896240234}}
Wrote results/top2_1layer_stieltjes_q8.0_seq128_embd32_h4_initfix_ascend/accuracy_eval_seq4096_arr120.json
{"checkpoint": "results/top2_1layer_stieltjes_q8.0_seq128_embd32_h4_initfix_ascend/model.pt", "task": "top2_needle", "attn": "stieltjes", "q": 8.0, "seq_len": 4096, "val_samples": 1000, "seed": 42, "accuracy_fixed": 0.4515, "accuracy_all": 0.03263903330669965, "accuracy_input_echo": 0.0232646621084789, "output_token_count": 2000, "input_token_count": 89363, "all_token_count": 91363, "output_start_stats": {"n": 1000, "min": 60, "max": 120, "mean": 89.36299896240234}}
Wrote results/top2_1layer_stieltjes_q8.0_seq128_embd32_h4_initfix_ascend/accuracy_eval_seq8192_arr120.json
{"checkpoint": "results/top2_1layer_stieltjes_q8.0_seq128_embd32_h4_initfix_ascend/model.pt", "task": "top2_needle", "attn": "stieltjes", "q": 8.0, "seq_len": 8192, "val_samples": 1000, "seed": 42, "accuracy_fixed": 0.4515, "accuracy_all": 0.03263903330669965, "accuracy_input_echo": 0.0232646621084789, "output_token_count": 2000, "input_token_count": 89363, "all_token_count": 91363, "output_start_stats": {"n": 1000, "min": 60, "max": 120, "mean": 89.36299896240234}}
DONE results/top2_1layer_stieltjes_q8.0_seq128_embd32_h4_initfix_ascend
