=== MAX n_embd=12 multiseed: stieltjes_q4.0 seed=1 ===
Using device: cuda
Generating training data...
Generating validation data...
Model parameters: 5,004
Using bf16 autocast for forward pass (memory optimization at long context)
Epoch   1/30 | train_loss=4.5925 | val_loss=4.2447 | val_acc=0.2893 | time=6.2s
Epoch   2/30 | train_loss=4.2126 | val_loss=4.1931 | val_acc=0.2893 | time=4.5s
Epoch   3/30 | train_loss=4.1840 | val_loss=4.1713 | val_acc=0.2893 | time=4.5s
Epoch   4/30 | train_loss=4.1650 | val_loss=4.1531 | val_acc=0.2895 | time=4.5s
Epoch   5/30 | train_loss=4.1485 | val_loss=4.1416 | val_acc=0.2935 | time=4.5s
Epoch   6/30 | train_loss=4.1415 | val_loss=4.1400 | val_acc=0.2943 | time=4.5s
Epoch   7/30 | train_loss=4.1384 | val_loss=4.1365 | val_acc=0.3025 | time=4.5s
Epoch   8/30 | train_loss=4.1367 | val_loss=4.1372 | val_acc=0.2988 | time=4.5s
Epoch   9/30 | train_loss=4.1353 | val_loss=4.1351 | val_acc=0.2965 | time=4.5s
Epoch  10/30 | train_loss=4.1343 | val_loss=4.1335 | val_acc=0.3070 | time=4.5s
Epoch  11/30 | train_loss=4.1334 | val_loss=4.1318 | val_acc=0.3038 | time=4.5s
Epoch  12/30 | train_loss=4.1327 | val_loss=4.1349 | val_acc=0.2990 | time=4.5s
Epoch  13/30 | train_loss=4.1322 | val_loss=4.1330 | val_acc=0.3000 | time=4.5s
Epoch  14/30 | train_loss=4.1319 | val_loss=4.1330 | val_acc=0.3050 | time=4.5s
Epoch  15/30 | train_loss=4.1315 | val_loss=4.1343 | val_acc=0.3060 | time=4.5s
Epoch  16/30 | train_loss=4.1310 | val_loss=4.1350 | val_acc=0.2973 | time=4.5s
Epoch  17/30 | train_loss=4.1308 | val_loss=4.1364 | val_acc=0.3000 | time=4.5s
Epoch  18/30 | train_loss=4.1306 | val_loss=4.1354 | val_acc=0.2975 | time=4.5s
Epoch  19/30 | train_loss=4.1302 | val_loss=4.1335 | val_acc=0.2958 | time=4.5s
Epoch  20/30 | train_loss=4.1299 | val_loss=4.1343 | val_acc=0.3033 | time=4.5s
Epoch  21/30 | train_loss=4.1295 | val_loss=4.1329 | val_acc=0.3005 | time=4.4s
Epoch  22/30 | train_loss=4.1293 | val_loss=4.1302 | val_acc=0.3013 | time=4.5s
Epoch  23/30 | train_loss=4.1290 | val_loss=4.1335 | val_acc=0.3008 | time=4.5s
Epoch  24/30 | train_loss=4.1286 | val_loss=4.1291 | val_acc=0.3020 | time=4.4s
Epoch  25/30 | train_loss=4.1283 | val_loss=4.1277 | val_acc=0.3050 | time=4.4s
Epoch  26/30 | train_loss=4.1277 | val_loss=4.1280 | val_acc=0.3103 | time=4.5s
Epoch  27/30 | train_loss=4.1274 | val_loss=4.1285 | val_acc=0.3235 | time=4.4s
Epoch  28/30 | train_loss=4.1263 | val_loss=4.1273 | val_acc=0.3370 | time=4.4s
Epoch  29/30 | train_loss=4.1248 | val_loss=4.1277 | val_acc=0.4007 | time=4.5s
Epoch  30/30 | train_loss=4.1229 | val_loss=4.1253 | val_acc=0.4178 | time=4.5s
Model saved to results/max_1layer_stieltjes_q4.0_seq128_embd12_h1_seed1_initfix_ascend/model.pt
Metrics saved to results/max_1layer_stieltjes_q4.0_seq128_embd12_h1_seed1_initfix_ascend/metrics.csv
Wrote results/max_1layer_stieltjes_q4.0_seq128_embd12_h1_seed1_initfix_ascend/accuracy_eval_seq128_arr120_first1.json
{"checkpoint": "results/max_1layer_stieltjes_q4.0_seq128_embd12_h1_seed1_initfix_ascend/model.pt", "task": "max", "attn": "stieltjes", "q": 4.0, "seq_len": 128, "val_samples": 1000, "seed": 42, "accuracy_fixed": 0.801, "accuracy_all": 0.031630132517205485, "accuracy_input_echo": 0.01948083182350206, "output_token_count": 1000, "input_token_count": 62369, "all_token_count": 64369, "output_start_stats": {"n": 1000, "min": 4, "max": 120, "mean": 62.36899948120117}}
DONE results/max_1layer_stieltjes_q4.0_seq128_embd12_h1_seed1_initfix_ascend
