=== FIXEDCAP retrain: subtle-needle 1-layer stieltjes_q24.0 seq=128 ===
Thu Apr 16 10:09:27 2026       
+-----------------------------------------------------------------------------------------+
| NVIDIA-SMI 580.95.05              Driver Version: 580.95.05      CUDA Version: 13.0     |
+-----------------------------------------+------------------------+----------------------+
| GPU  Name                 Persistence-M | Bus-Id          Disp.A | Volatile Uncorr. ECC |
| Fan  Temp   Perf          Pwr:Usage/Cap |           Memory-Usage | GPU-Util  Compute M. |
|                                         |                        |               MIG M. |
|=========================================+========================+======================|
|   0  NVIDIA A100-PCIE-40GB          On  |   00000000:81:00.0 Off |                    0 |
| N/A   28C    P0             36W /  250W |       0MiB /  40960MiB |      0%      Default |
|                                         |                        |             Disabled |
+-----------------------------------------+------------------------+----------------------+
|   1  NVIDIA A100-PCIE-40GB          On  |   00000000:E2:00.0 Off |                    0 |
| N/A   23C    P0             37W /  250W |       0MiB /  40960MiB |      0%      Default |
|                                         |                        |             Disabled |
+-----------------------------------------+------------------------+----------------------+

+-----------------------------------------------------------------------------------------+
| Processes:                                                                              |
|  GPU   GI   CI              PID   Type   Process name                        GPU Memory |
|        ID   ID                                                               Usage      |
|=========================================================================================|
|  No running processes found                                                             |
+-----------------------------------------------------------------------------------------+
Using device: cuda
Generating training data...
Generating validation data...
Model parameters: 1,874,304
Using bf16 autocast for forward pass (memory optimization at long context)
Epoch   1/30 | train_loss=4.3924 | val_loss=4.2938 | val_acc=0.1945 | time=5.0s
Epoch   2/30 | train_loss=4.2738 | val_loss=4.2787 | val_acc=0.3045 | time=4.6s
Epoch   3/30 | train_loss=4.2619 | val_loss=4.2766 | val_acc=0.3470 | time=4.6s
Epoch   4/30 | train_loss=4.2563 | val_loss=4.2814 | val_acc=0.3265 | time=4.6s
Epoch   5/30 | train_loss=4.2528 | val_loss=4.3191 | val_acc=0.3555 | time=4.6s
Epoch   6/30 | train_loss=4.2533 | val_loss=4.3028 | val_acc=0.3130 | time=4.6s
Epoch   7/30 | train_loss=4.2510 | val_loss=4.3039 | val_acc=0.3410 | time=4.6s
Epoch   8/30 | train_loss=4.2479 | val_loss=4.2924 | val_acc=0.3215 | time=4.6s
Epoch   9/30 | train_loss=4.2459 | val_loss=4.3011 | val_acc=0.3345 | time=4.6s
Epoch  10/30 | train_loss=4.2449 | val_loss=4.2945 | val_acc=0.3595 | time=4.6s
Epoch  11/30 | train_loss=4.2449 | val_loss=4.2926 | val_acc=0.3125 | time=4.6s
Epoch  12/30 | train_loss=4.2450 | val_loss=4.2955 | val_acc=0.3230 | time=4.6s
Epoch  13/30 | train_loss=4.2467 | val_loss=4.3094 | val_acc=0.2545 | time=4.6s
Epoch  14/30 | train_loss=4.2480 | val_loss=4.3121 | val_acc=0.2650 | time=4.6s
Epoch  15/30 | train_loss=4.2464 | val_loss=4.3122 | val_acc=0.2590 | time=4.6s
Epoch  16/30 | train_loss=4.2487 | val_loss=4.3116 | val_acc=0.2870 | time=4.6s
Epoch  17/30 | train_loss=4.2504 | val_loss=4.3329 | val_acc=0.2550 | time=4.6s
Epoch  18/30 | train_loss=4.2523 | val_loss=4.3160 | val_acc=0.2085 | time=4.6s
Epoch  19/30 | train_loss=4.2486 | val_loss=4.3306 | val_acc=0.2480 | time=4.6s
Epoch  20/30 | train_loss=4.2472 | val_loss=4.3243 | val_acc=0.2065 | time=4.6s
Epoch  21/30 | train_loss=4.2461 | val_loss=4.3250 | val_acc=0.2215 | time=4.6s
Epoch  22/30 | train_loss=4.2474 | val_loss=4.3241 | val_acc=0.2870 | time=4.6s
Epoch  23/30 | train_loss=4.2482 | val_loss=4.3219 | val_acc=0.2695 | time=4.6s
Epoch  24/30 | train_loss=4.2477 | val_loss=4.3211 | val_acc=0.1935 | time=4.6s
Epoch  25/30 | train_loss=4.2481 | val_loss=4.3257 | val_acc=0.2165 | time=4.6s
Epoch  26/30 | train_loss=4.2468 | val_loss=4.3053 | val_acc=0.2605 | time=4.6s
Epoch  27/30 | train_loss=4.2458 | val_loss=4.3476 | val_acc=0.2750 | time=4.6s
Epoch  28/30 | train_loss=4.2462 | val_loss=4.3796 | val_acc=0.2535 | time=4.6s
Epoch  29/30 | train_loss=4.2447 | val_loss=4.3820 | val_acc=0.2665 | time=4.6s
Epoch  30/30 | train_loss=4.2443 | val_loss=4.3634 | val_acc=0.2460 | time=4.6s
Model saved to results/subtle_needle_1layer_stieltjes_q24.0_seq128_fixedcap_ascend/model.pt
Metrics saved to results/subtle_needle_1layer_stieltjes_q24.0_seq128_fixedcap_ascend/metrics.csv
Wrote results/subtle_needle_1layer_stieltjes_q24.0_seq128_fixedcap_ascend/accuracy_eval_seq128_arr120.json
{"checkpoint": "results/subtle_needle_1layer_stieltjes_q24.0_seq128_fixedcap_ascend/model.pt", "task": "needle", "attn": "stieltjes", "q": 24.0, "seq_len": 128, "val_samples": 1000, "seed": 42, "accuracy_fixed": 0.254, "accuracy_all": 0.021416368145494625, "accuracy_input_echo": 0.01882418500975202, "output_token_count": 1000, "input_token_count": 89725, "all_token_count": 90725, "output_start_stats": {"n": 1000, "min": 60, "max": 120, "mean": 89.7249984741211}}
Wrote results/subtle_needle_1layer_stieltjes_q24.0_seq128_fixedcap_ascend/accuracy_eval_seq256_arr120.json
{"checkpoint": "results/subtle_needle_1layer_stieltjes_q24.0_seq128_fixedcap_ascend/model.pt", "task": "needle", "attn": "stieltjes", "q": 24.0, "seq_len": 256, "val_samples": 1000, "seed": 42, "accuracy_fixed": 0.254, "accuracy_all": 0.021416368145494625, "accuracy_input_echo": 0.01882418500975202, "output_token_count": 1000, "input_token_count": 89725, "all_token_count": 90725, "output_start_stats": {"n": 1000, "min": 60, "max": 120, "mean": 89.7249984741211}}
Wrote results/subtle_needle_1layer_stieltjes_q24.0_seq128_fixedcap_ascend/accuracy_eval_seq512_arr120.json
{"checkpoint": "results/subtle_needle_1layer_stieltjes_q24.0_seq128_fixedcap_ascend/model.pt", "task": "needle", "attn": "stieltjes", "q": 24.0, "seq_len": 512, "val_samples": 1000, "seed": 42, "accuracy_fixed": 0.254, "accuracy_all": 0.021416368145494625, "accuracy_input_echo": 0.01882418500975202, "output_token_count": 1000, "input_token_count": 89725, "all_token_count": 90725, "output_start_stats": {"n": 1000, "min": 60, "max": 120, "mean": 89.7249984741211}}
Wrote results/subtle_needle_1layer_stieltjes_q24.0_seq128_fixedcap_ascend/accuracy_eval_seq1024_arr120.json
{"checkpoint": "results/subtle_needle_1layer_stieltjes_q24.0_seq128_fixedcap_ascend/model.pt", "task": "needle", "attn": "stieltjes", "q": 24.0, "seq_len": 1024, "val_samples": 1000, "seed": 42, "accuracy_fixed": 0.254, "accuracy_all": 0.021416368145494625, "accuracy_input_echo": 0.01882418500975202, "output_token_count": 1000, "input_token_count": 89725, "all_token_count": 90725, "output_start_stats": {"n": 1000, "min": 60, "max": 120, "mean": 89.7249984741211}}
Wrote results/subtle_needle_1layer_stieltjes_q24.0_seq128_fixedcap_ascend/accuracy_eval_seq2048_arr120.json
{"checkpoint": "results/subtle_needle_1layer_stieltjes_q24.0_seq128_fixedcap_ascend/model.pt", "task": "needle", "attn": "stieltjes", "q": 24.0, "seq_len": 2048, "val_samples": 1000, "seed": 42, "accuracy_fixed": 0.011, "accuracy_all": 0.006106365389914577, "accuracy_input_echo": 0.006051825020897186, "output_token_count": 1000, "input_token_count": 89725, "all_token_count": 90725, "output_start_stats": {"n": 1000, "min": 60, "max": 120, "mean": 89.7249984741211}}
Wrote results/subtle_needle_1layer_stieltjes_q24.0_seq128_fixedcap_ascend/accuracy_eval_seq4096_arr120.json
{"checkpoint": "results/subtle_needle_1layer_stieltjes_q24.0_seq128_fixedcap_ascend/model.pt", "task": "needle", "attn": "stieltjes", "q": 24.0, "seq_len": 4096, "val_samples": 1000, "seed": 42, "accuracy_fixed": 0.011, "accuracy_all": 0.009424083769633508, "accuracy_input_echo": 0.00940651992198384, "output_token_count": 1000, "input_token_count": 89725, "all_token_count": 90725, "output_start_stats": {"n": 1000, "min": 60, "max": 120, "mean": 89.7249984741211}}
Wrote results/subtle_needle_1layer_stieltjes_q24.0_seq128_fixedcap_ascend/accuracy_eval_seq8192_arr120.json
{"checkpoint": "results/subtle_needle_1layer_stieltjes_q24.0_seq128_fixedcap_ascend/model.pt", "task": "needle", "attn": "stieltjes", "q": 24.0, "seq_len": 8192, "val_samples": 1000, "seed": 42, "accuracy_fixed": 0.023, "accuracy_all": 0.011110498759988978, "accuracy_input_echo": 0.010977988297575927, "output_token_count": 1000, "input_token_count": 89725, "all_token_count": 90725, "output_start_stats": {"n": 1000, "min": 60, "max": 120, "mean": 89.7249984741211}}
DONE results/subtle_needle_1layer_stieltjes_q24.0_seq128_fixedcap_ascend
