=== TOP2 embd-scan: stieltjes_q4.0 n_embd=8 n_head=1 ===
Using device: cuda
Generating training data...
Generating validation data...
Model parameters: 2,952
Using bf16 autocast for forward pass (memory optimization at long context)
Epoch   1/30 | train_loss=4.9503 | val_loss=4.6409 | val_acc=0.0000 | time=4.9s
Epoch   2/30 | train_loss=4.5203 | val_loss=4.4407 | val_acc=0.0000 | time=4.5s
Epoch   3/30 | train_loss=4.4106 | val_loss=4.3831 | val_acc=0.0000 | time=4.5s
Epoch   4/30 | train_loss=4.3661 | val_loss=4.3457 | val_acc=0.0070 | time=4.5s
Epoch   5/30 | train_loss=4.3430 | val_loss=4.3292 | val_acc=0.0095 | time=4.5s
Epoch   6/30 | train_loss=4.3312 | val_loss=4.3179 | val_acc=0.0110 | time=4.5s
Epoch   7/30 | train_loss=4.3214 | val_loss=4.3060 | val_acc=0.0085 | time=4.5s
Epoch   8/30 | train_loss=4.3118 | val_loss=4.2976 | val_acc=0.0067 | time=4.5s
Epoch   9/30 | train_loss=4.3048 | val_loss=4.2909 | val_acc=0.0125 | time=4.5s
Epoch  10/30 | train_loss=4.2994 | val_loss=4.2846 | val_acc=0.0270 | time=4.5s
Epoch  11/30 | train_loss=4.2945 | val_loss=4.2802 | val_acc=0.0307 | time=4.5s
Epoch  12/30 | train_loss=4.2903 | val_loss=4.2749 | val_acc=0.0408 | time=4.5s
Epoch  13/30 | train_loss=4.2877 | val_loss=4.2728 | val_acc=0.0612 | time=4.5s
Epoch  14/30 | train_loss=4.2852 | val_loss=4.2705 | val_acc=0.0590 | time=4.5s
Epoch  15/30 | train_loss=4.2832 | val_loss=4.2685 | val_acc=0.0578 | time=4.5s
Epoch  16/30 | train_loss=4.2817 | val_loss=4.2680 | val_acc=0.0587 | time=4.5s
Epoch  17/30 | train_loss=4.2802 | val_loss=4.2656 | val_acc=0.0683 | time=4.5s
Epoch  18/30 | train_loss=4.2791 | val_loss=4.2648 | val_acc=0.0700 | time=4.5s
Epoch  19/30 | train_loss=4.2780 | val_loss=4.2638 | val_acc=0.0658 | time=4.5s
Epoch  20/30 | train_loss=4.2768 | val_loss=4.2631 | val_acc=0.0795 | time=4.5s
Epoch  21/30 | train_loss=4.2762 | val_loss=4.2622 | val_acc=0.0755 | time=4.5s
Epoch  22/30 | train_loss=4.2754 | val_loss=4.2619 | val_acc=0.0762 | time=4.5s
Epoch  23/30 | train_loss=4.2743 | val_loss=4.2608 | val_acc=0.0892 | time=4.5s
Epoch  24/30 | train_loss=4.2733 | val_loss=4.2595 | val_acc=0.0902 | time=4.5s
Epoch  25/30 | train_loss=4.2729 | val_loss=4.2592 | val_acc=0.0950 | time=4.5s
Epoch  26/30 | train_loss=4.2717 | val_loss=4.2587 | val_acc=0.0983 | time=4.5s
Epoch  27/30 | train_loss=4.2712 | val_loss=4.2578 | val_acc=0.1020 | time=4.5s
Epoch  28/30 | train_loss=4.2706 | val_loss=4.2568 | val_acc=0.0922 | time=4.5s
Epoch  29/30 | train_loss=4.2701 | val_loss=4.2566 | val_acc=0.0998 | time=4.5s
Epoch  30/30 | train_loss=4.2692 | val_loss=4.2561 | val_acc=0.1103 | time=4.5s
Model saved to results/top2_1layer_stieltjes_q4.0_seq128_embd8_h1_initfix_ascend/model.pt
Metrics saved to results/top2_1layer_stieltjes_q4.0_seq128_embd8_h1_initfix_ascend/metrics.csv
Wrote results/top2_1layer_stieltjes_q4.0_seq128_embd8_h1_initfix_ascend/accuracy_eval_seq128_arr120.json
{"checkpoint": "results/top2_1layer_stieltjes_q4.0_seq128_embd8_h1_initfix_ascend/model.pt", "task": "top2_needle", "attn": "stieltjes", "q": 4.0, "seq_len": 128, "val_samples": 1000, "seed": 42, "accuracy_fixed": 0.113, "accuracy_all": 0.02121208804439434, "accuracy_input_echo": 0.01915781699361033, "output_token_count": 2000, "input_token_count": 89363, "all_token_count": 91363, "output_start_stats": {"n": 1000, "min": 60, "max": 120, "mean": 89.36299896240234}}
Wrote results/top2_1layer_stieltjes_q4.0_seq128_embd8_h1_initfix_ascend/accuracy_eval_seq256_arr120.json
{"checkpoint": "results/top2_1layer_stieltjes_q4.0_seq128_embd8_h1_initfix_ascend/model.pt", "task": "top2_needle", "attn": "stieltjes", "q": 4.0, "seq_len": 256, "val_samples": 1000, "seed": 42, "accuracy_fixed": 0.113, "accuracy_all": 0.02121208804439434, "accuracy_input_echo": 0.01915781699361033, "output_token_count": 2000, "input_token_count": 89363, "all_token_count": 91363, "output_start_stats": {"n": 1000, "min": 60, "max": 120, "mean": 89.36299896240234}}
Wrote results/top2_1layer_stieltjes_q4.0_seq128_embd8_h1_initfix_ascend/accuracy_eval_seq512_arr120.json
{"checkpoint": "results/top2_1layer_stieltjes_q4.0_seq128_embd8_h1_initfix_ascend/model.pt", "task": "top2_needle", "attn": "stieltjes", "q": 4.0, "seq_len": 512, "val_samples": 1000, "seed": 42, "accuracy_fixed": 0.113, "accuracy_all": 0.02121208804439434, "accuracy_input_echo": 0.01915781699361033, "output_token_count": 2000, "input_token_count": 89363, "all_token_count": 91363, "output_start_stats": {"n": 1000, "min": 60, "max": 120, "mean": 89.36299896240234}}
Wrote results/top2_1layer_stieltjes_q4.0_seq128_embd8_h1_initfix_ascend/accuracy_eval_seq1024_arr120.json
{"checkpoint": "results/top2_1layer_stieltjes_q4.0_seq128_embd8_h1_initfix_ascend/model.pt", "task": "top2_needle", "attn": "stieltjes", "q": 4.0, "seq_len": 1024, "val_samples": 1000, "seed": 42, "accuracy_fixed": 0.113, "accuracy_all": 0.02121208804439434, "accuracy_input_echo": 0.01915781699361033, "output_token_count": 2000, "input_token_count": 89363, "all_token_count": 91363, "output_start_stats": {"n": 1000, "min": 60, "max": 120, "mean": 89.36299896240234}}
Wrote results/top2_1layer_stieltjes_q4.0_seq128_embd8_h1_initfix_ascend/accuracy_eval_seq2048_arr120.json
{"checkpoint": "results/top2_1layer_stieltjes_q4.0_seq128_embd8_h1_initfix_ascend/model.pt", "task": "top2_needle", "attn": "stieltjes", "q": 4.0, "seq_len": 2048, "val_samples": 1000, "seed": 42, "accuracy_fixed": 0.113, "accuracy_all": 0.02121208804439434, "accuracy_input_echo": 0.01915781699361033, "output_token_count": 2000, "input_token_count": 89363, "all_token_count": 91363, "output_start_stats": {"n": 1000, "min": 60, "max": 120, "mean": 89.36299896240234}}
Wrote results/top2_1layer_stieltjes_q4.0_seq128_embd8_h1_initfix_ascend/accuracy_eval_seq4096_arr120.json
{"checkpoint": "results/top2_1layer_stieltjes_q4.0_seq128_embd8_h1_initfix_ascend/model.pt", "task": "top2_needle", "attn": "stieltjes", "q": 4.0, "seq_len": 4096, "val_samples": 1000, "seed": 42, "accuracy_fixed": 0.113, "accuracy_all": 0.02121208804439434, "accuracy_input_echo": 0.01915781699361033, "output_token_count": 2000, "input_token_count": 89363, "all_token_count": 91363, "output_start_stats": {"n": 1000, "min": 60, "max": 120, "mean": 89.36299896240234}}
Wrote results/top2_1layer_stieltjes_q4.0_seq128_embd8_h1_initfix_ascend/accuracy_eval_seq8192_arr120.json
{"checkpoint": "results/top2_1layer_stieltjes_q4.0_seq128_embd8_h1_initfix_ascend/model.pt", "task": "top2_needle", "attn": "stieltjes", "q": 4.0, "seq_len": 8192, "val_samples": 1000, "seed": 42, "accuracy_fixed": 0.113, "accuracy_all": 0.02121208804439434, "accuracy_input_echo": 0.01915781699361033, "output_token_count": 2000, "input_token_count": 89363, "all_token_count": 91363, "output_start_stats": {"n": 1000, "min": 60, "max": 120, "mean": 89.36299896240234}}
DONE results/top2_1layer_stieltjes_q4.0_seq128_embd8_h1_initfix_ascend
