=== max 1-layer softmax train-seq=8192 bs=2 NoPE ascend ===
Wed Apr 15 12:18:01 2026       
+-----------------------------------------------------------------------------------------+
| NVIDIA-SMI 580.95.05              Driver Version: 580.95.05      CUDA Version: 13.0     |
+-----------------------------------------+------------------------+----------------------+
| GPU  Name                 Persistence-M | Bus-Id          Disp.A | Volatile Uncorr. ECC |
| Fan  Temp   Perf          Pwr:Usage/Cap |           Memory-Usage | GPU-Util  Compute M. |
|                                         |                        |               MIG M. |
|=========================================+========================+======================|
|   0  NVIDIA A100-PCIE-40GB          On  |   00000000:25:00.0 Off |                    0 |
| N/A   28C    P0             37W /  250W |       0MiB /  40960MiB |      0%      Default |
|                                         |                        |             Disabled |
+-----------------------------------------+------------------------+----------------------+
|   1  NVIDIA A100-PCIE-40GB          On  |   00000000:E2:00.0 Off |                    0 |
| N/A   23C    P0             35W /  250W |       0MiB /  40960MiB |      0%      Default |
|                                         |                        |             Disabled |
+-----------------------------------------+------------------------+----------------------+

+-----------------------------------------------------------------------------------------+
| Processes:                                                                              |
|  GPU   GI   CI              PID   Type   Process name                        GPU Memory |
|        ID   ID                                                               Usage      |
|=========================================================================================|
|  No running processes found                                                             |
+-----------------------------------------------------------------------------------------+
Using device: cuda
Generating training data...
Generating validation data...
Model parameters: 1,874,304
Using bf16 autocast for forward pass (memory optimization at long context)
Epoch   1/30 | train_loss=4.1619 | val_loss=4.1612 | val_acc=1.0000 | time=930.2s
Epoch   2/30 | train_loss=4.1594 | val_loss=4.1572 | val_acc=1.0000 | time=928.7s
Epoch   3/30 | train_loss=4.1594 | val_loss=4.1544 | val_acc=1.0000 | time=931.4s
Epoch   4/30 | train_loss=4.1595 | val_loss=4.1617 | val_acc=1.0000 | time=935.1s
Epoch   5/30 | train_loss=4.1597 | val_loss=4.1701 | val_acc=1.0000 | time=936.2s
Epoch   6/30 | train_loss=4.1601 | val_loss=4.1666 | val_acc=1.0000 | time=936.3s
Epoch   7/30 | train_loss=4.1606 | val_loss=4.1565 | val_acc=1.0000 | time=936.9s
Epoch   8/30 | train_loss=4.1609 | val_loss=4.1553 | val_acc=1.0000 | time=936.5s
Epoch   9/30 | train_loss=4.1611 | val_loss=4.1655 | val_acc=1.0000 | time=936.7s
Epoch  10/30 | train_loss=4.1611 | val_loss=4.1733 | val_acc=1.0000 | time=939.3s
Epoch  11/30 | train_loss=4.1611 | val_loss=4.1614 | val_acc=1.0000 | time=942.6s
Epoch  12/30 | train_loss=4.1611 | val_loss=4.1657 | val_acc=1.0000 | time=941.5s
Epoch  13/30 | train_loss=4.1611 | val_loss=4.1494 | val_acc=1.0000 | time=939.5s
Epoch  14/30 | train_loss=4.1611 | val_loss=4.1575 | val_acc=1.0000 | time=939.0s
Epoch  15/30 | train_loss=4.1611 | val_loss=4.1551 | val_acc=1.0000 | time=940.3s
[2026-04-15T16:18:04.017] error: *** JOB 4926708 ON a0302 CANCELLED AT 2026-04-15T16:18:04 DUE TO TIME LIMIT ***
