=== MAX n_embd=12 multiseed: stieltjes_q4.0 seed=2 ===
Using device: cuda
Generating training data...
Generating validation data...
Model parameters: 5,004
Using bf16 autocast for forward pass (memory optimization at long context)
Epoch   1/30 | train_loss=4.5925 | val_loss=4.2444 | val_acc=0.2800 | time=4.9s
Epoch   2/30 | train_loss=4.2130 | val_loss=4.1931 | val_acc=0.2800 | time=4.5s
Epoch   3/30 | train_loss=4.1857 | val_loss=4.1692 | val_acc=0.2800 | time=4.5s
Epoch   4/30 | train_loss=4.1596 | val_loss=4.1472 | val_acc=0.2933 | time=4.5s
Epoch   5/30 | train_loss=4.1468 | val_loss=4.1413 | val_acc=0.2990 | time=4.5s
Epoch   6/30 | train_loss=4.1425 | val_loss=4.1390 | val_acc=0.2943 | time=4.5s
Epoch   7/30 | train_loss=4.1398 | val_loss=4.1385 | val_acc=0.2985 | time=4.5s
Epoch   8/30 | train_loss=4.1383 | val_loss=4.1368 | val_acc=0.2958 | time=4.5s
Epoch   9/30 | train_loss=4.1370 | val_loss=4.1377 | val_acc=0.2995 | time=4.5s
Epoch  10/30 | train_loss=4.1362 | val_loss=4.1347 | val_acc=0.2978 | time=4.5s
Epoch  11/30 | train_loss=4.1354 | val_loss=4.1383 | val_acc=0.2970 | time=4.5s
Epoch  12/30 | train_loss=4.1349 | val_loss=4.1357 | val_acc=0.2970 | time=4.5s
Epoch  13/30 | train_loss=4.1346 | val_loss=4.1379 | val_acc=0.2970 | time=4.5s
Epoch  14/30 | train_loss=4.1342 | val_loss=4.1374 | val_acc=0.2968 | time=4.5s
Epoch  15/30 | train_loss=4.1340 | val_loss=4.1383 | val_acc=0.2963 | time=4.5s
Epoch  16/30 | train_loss=4.1338 | val_loss=4.1370 | val_acc=0.2970 | time=4.5s
Epoch  17/30 | train_loss=4.1336 | val_loss=4.1358 | val_acc=0.2970 | time=4.5s
Epoch  18/30 | train_loss=4.1335 | val_loss=4.1365 | val_acc=0.2955 | time=4.5s
Epoch  19/30 | train_loss=4.1334 | val_loss=4.1352 | val_acc=0.2970 | time=4.5s
Epoch  20/30 | train_loss=4.1333 | val_loss=4.1356 | val_acc=0.2950 | time=4.5s
Epoch  21/30 | train_loss=4.1332 | val_loss=4.1369 | val_acc=0.2950 | time=4.5s
Epoch  22/30 | train_loss=4.1331 | val_loss=4.1357 | val_acc=0.2963 | time=4.5s
Epoch  23/30 | train_loss=4.1330 | val_loss=4.1371 | val_acc=0.2970 | time=4.5s
Epoch  24/30 | train_loss=4.1330 | val_loss=4.1363 | val_acc=0.2970 | time=4.5s
Epoch  25/30 | train_loss=4.1329 | val_loss=4.1360 | val_acc=0.2945 | time=4.5s
Epoch  26/30 | train_loss=4.1329 | val_loss=4.1375 | val_acc=0.2970 | time=4.5s
Epoch  27/30 | train_loss=4.1328 | val_loss=4.1364 | val_acc=0.2948 | time=4.5s
Epoch  28/30 | train_loss=4.1329 | val_loss=4.1376 | val_acc=0.2970 | time=4.5s
Epoch  29/30 | train_loss=4.1328 | val_loss=4.1354 | val_acc=0.2970 | time=4.5s
Epoch  30/30 | train_loss=4.1327 | val_loss=4.1361 | val_acc=0.2968 | time=4.5s
Model saved to results/max_1layer_stieltjes_q4.0_seq128_embd12_h1_seed2_initfix_ascend/model.pt
Metrics saved to results/max_1layer_stieltjes_q4.0_seq128_embd12_h1_seed2_initfix_ascend/metrics.csv
Wrote results/max_1layer_stieltjes_q4.0_seq128_embd12_h1_seed2_initfix_ascend/accuracy_eval_seq128_arr120_first1.json
{"checkpoint": "results/max_1layer_stieltjes_q4.0_seq128_embd12_h1_seed2_initfix_ascend/model.pt", "task": "max", "attn": "stieltjes", "q": 4.0, "seq_len": 128, "val_samples": 1000, "seed": 42, "accuracy_fixed": 0.561, "accuracy_all": 0.024002237101710452, "accuracy_input_echo": 0.015328127755776107, "output_token_count": 1000, "input_token_count": 62369, "all_token_count": 64369, "output_start_stats": {"n": 1000, "min": 4, "max": 120, "mean": 62.36899948120117}}
DONE results/max_1layer_stieltjes_q4.0_seq128_embd12_h1_seed2_initfix_ascend
