=== MAX n_embd=12 multiseed: softmax seed=2 ===
Using device: cuda
Generating training data...
Generating validation data...
Model parameters: 5,004
Using bf16 autocast for forward pass (memory optimization at long context)
Epoch   1/30 | train_loss=4.5912 | val_loss=4.2425 | val_acc=0.2800 | time=4.0s
Epoch   2/30 | train_loss=4.2127 | val_loss=4.1944 | val_acc=0.2800 | time=3.4s
Epoch   3/30 | train_loss=4.1849 | val_loss=4.1687 | val_acc=0.2800 | time=3.4s
Epoch   4/30 | train_loss=4.1609 | val_loss=4.1486 | val_acc=0.2835 | time=3.4s
Epoch   5/30 | train_loss=4.1467 | val_loss=4.1388 | val_acc=0.2905 | time=3.4s
Epoch   6/30 | train_loss=4.1422 | val_loss=4.1356 | val_acc=0.2885 | time=3.4s
Epoch   7/30 | train_loss=4.1391 | val_loss=4.1331 | val_acc=0.2890 | time=3.4s
Epoch   8/30 | train_loss=4.1351 | val_loss=4.1301 | val_acc=0.3887 | time=3.4s
Epoch   9/30 | train_loss=4.1318 | val_loss=4.1278 | val_acc=0.3907 | time=3.4s
Epoch  10/30 | train_loss=4.1300 | val_loss=4.1270 | val_acc=0.3960 | time=3.4s
Epoch  11/30 | train_loss=4.1287 | val_loss=4.1266 | val_acc=0.3977 | time=3.4s
Epoch  12/30 | train_loss=4.1278 | val_loss=4.1269 | val_acc=0.3900 | time=3.4s
Epoch  13/30 | train_loss=4.1268 | val_loss=4.1255 | val_acc=0.4333 | time=3.4s
Epoch  14/30 | train_loss=4.1260 | val_loss=4.1232 | val_acc=0.4375 | time=3.4s
Epoch  15/30 | train_loss=4.1251 | val_loss=4.1250 | val_acc=0.4373 | time=3.4s
Epoch  16/30 | train_loss=4.1244 | val_loss=4.1235 | val_acc=0.4350 | time=3.4s
Epoch  17/30 | train_loss=4.1240 | val_loss=4.1245 | val_acc=0.4350 | time=3.4s
Epoch  18/30 | train_loss=4.1236 | val_loss=4.1234 | val_acc=0.4355 | time=3.4s
Epoch  19/30 | train_loss=4.1233 | val_loss=4.1254 | val_acc=0.4380 | time=3.4s
Epoch  20/30 | train_loss=4.1229 | val_loss=4.1237 | val_acc=0.4358 | time=3.4s
Epoch  21/30 | train_loss=4.1227 | val_loss=4.1231 | val_acc=0.4333 | time=3.4s
Epoch  22/30 | train_loss=4.1223 | val_loss=4.1223 | val_acc=0.4385 | time=3.4s
Epoch  23/30 | train_loss=4.1221 | val_loss=4.1222 | val_acc=0.4370 | time=3.4s
Epoch  24/30 | train_loss=4.1219 | val_loss=4.1217 | val_acc=0.4373 | time=3.4s
Epoch  25/30 | train_loss=4.1217 | val_loss=4.1219 | val_acc=0.4343 | time=3.4s
Epoch  26/30 | train_loss=4.1213 | val_loss=4.1207 | val_acc=0.4492 | time=3.4s
Epoch  27/30 | train_loss=4.1211 | val_loss=4.1208 | val_acc=0.4580 | time=3.4s
Epoch  28/30 | train_loss=4.1210 | val_loss=4.1214 | val_acc=0.4575 | time=3.4s
Epoch  29/30 | train_loss=4.1209 | val_loss=4.1194 | val_acc=0.4567 | time=3.4s
Epoch  30/30 | train_loss=4.1207 | val_loss=4.1205 | val_acc=0.4567 | time=3.4s
Model saved to results/max_1layer_softmax_seq128_embd12_h1_seed2_initfix_ascend/model.pt
Metrics saved to results/max_1layer_softmax_seq128_embd12_h1_seed2_initfix_ascend/metrics.csv
Wrote results/max_1layer_softmax_seq128_embd12_h1_seed2_initfix_ascend/accuracy_eval_seq128_arr120_first1.json
{"checkpoint": "results/max_1layer_softmax_seq128_embd12_h1_seed2_initfix_ascend/model.pt", "task": "max", "attn": "softmax", "q": 1.0, "seq_len": 128, "val_samples": 1000, "seed": 42, "accuracy_fixed": 0.892, "accuracy_all": 0.029998912520001864, "accuracy_input_echo": 0.016081707258413635, "output_token_count": 1000, "input_token_count": 62369, "all_token_count": 64369, "output_start_stats": {"n": 1000, "min": 4, "max": 120, "mean": 62.36899948120117}}
DONE results/max_1layer_softmax_seq128_embd12_h1_seed2_initfix_ascend
