=== TOP2 embd-scan: softmax n_embd=16 n_head=1 ===
Using device: cuda
Generating training data...
Generating validation data...
Model parameters: 7,440
Using bf16 autocast for forward pass (memory optimization at long context)
Epoch   1/30 | train_loss=4.7651 | val_loss=4.4710 | val_acc=0.0000 | time=3.9s
Epoch   2/30 | train_loss=4.4071 | val_loss=4.3582 | val_acc=0.0000 | time=3.5s
Epoch   3/30 | train_loss=4.3409 | val_loss=4.3181 | val_acc=0.0050 | time=3.5s
Epoch   4/30 | train_loss=4.3120 | val_loss=4.2962 | val_acc=0.0250 | time=3.5s
Epoch   5/30 | train_loss=4.2980 | val_loss=4.2846 | val_acc=0.0413 | time=3.5s
Epoch   6/30 | train_loss=4.2880 | val_loss=4.2731 | val_acc=0.0595 | time=3.5s
Epoch   7/30 | train_loss=4.2782 | val_loss=4.2644 | val_acc=0.1143 | time=3.5s
Epoch   8/30 | train_loss=4.2722 | val_loss=4.2604 | val_acc=0.1100 | time=3.5s
Epoch   9/30 | train_loss=4.2685 | val_loss=4.2572 | val_acc=0.1310 | time=3.5s
Epoch  10/30 | train_loss=4.2656 | val_loss=4.2550 | val_acc=0.1482 | time=3.5s
Epoch  11/30 | train_loss=4.2629 | val_loss=4.2529 | val_acc=0.1500 | time=3.5s
Epoch  12/30 | train_loss=4.2606 | val_loss=4.2508 | val_acc=0.1683 | time=3.5s
Epoch  13/30 | train_loss=4.2579 | val_loss=4.2485 | val_acc=0.1638 | time=3.5s
Epoch  14/30 | train_loss=4.2555 | val_loss=4.2459 | val_acc=0.1817 | time=3.5s
Epoch  15/30 | train_loss=4.2533 | val_loss=4.2441 | val_acc=0.2010 | time=3.5s
Epoch  16/30 | train_loss=4.2512 | val_loss=4.2420 | val_acc=0.2020 | time=3.5s
Epoch  17/30 | train_loss=4.2488 | val_loss=4.2395 | val_acc=0.2052 | time=3.5s
Epoch  18/30 | train_loss=4.2466 | val_loss=4.2374 | val_acc=0.2283 | time=3.5s
Epoch  19/30 | train_loss=4.2449 | val_loss=4.2360 | val_acc=0.2355 | time=3.5s
Epoch  20/30 | train_loss=4.2428 | val_loss=4.2349 | val_acc=0.2215 | time=3.5s
Epoch  21/30 | train_loss=4.2413 | val_loss=4.2333 | val_acc=0.2422 | time=3.5s
Epoch  22/30 | train_loss=4.2403 | val_loss=4.2320 | val_acc=0.2525 | time=3.5s
Epoch  23/30 | train_loss=4.2390 | val_loss=4.2314 | val_acc=0.2505 | time=3.5s
Epoch  24/30 | train_loss=4.2378 | val_loss=4.2303 | val_acc=0.2435 | time=3.5s
Epoch  25/30 | train_loss=4.2369 | val_loss=4.2298 | val_acc=0.2720 | time=3.5s
Epoch  26/30 | train_loss=4.2361 | val_loss=4.2285 | val_acc=0.2795 | time=3.5s
Epoch  27/30 | train_loss=4.2352 | val_loss=4.2279 | val_acc=0.2772 | time=3.5s
Epoch  28/30 | train_loss=4.2340 | val_loss=4.2273 | val_acc=0.2807 | time=3.5s
Epoch  29/30 | train_loss=4.2332 | val_loss=4.2259 | val_acc=0.2782 | time=3.5s
Epoch  30/30 | train_loss=4.2325 | val_loss=4.2260 | val_acc=0.2913 | time=3.5s
Model saved to results/top2_1layer_softmax_seq128_embd16_h1_initfix_ascend/model.pt
Metrics saved to results/top2_1layer_softmax_seq128_embd16_h1_initfix_ascend/metrics.csv
Wrote results/top2_1layer_softmax_seq128_embd16_h1_initfix_ascend/accuracy_eval_seq128_arr120.json
{"checkpoint": "results/top2_1layer_softmax_seq128_embd16_h1_initfix_ascend/model.pt", "task": "top2_needle", "attn": "softmax", "q": 1.0, "seq_len": 128, "val_samples": 1000, "seed": 42, "accuracy_fixed": 0.288, "accuracy_all": 0.024506638354695007, "accuracy_input_echo": 0.018609491624050224, "output_token_count": 2000, "input_token_count": 89363, "all_token_count": 91363, "output_start_stats": {"n": 1000, "min": 60, "max": 120, "mean": 89.36299896240234}}
Wrote results/top2_1layer_softmax_seq128_embd16_h1_initfix_ascend/accuracy_eval_seq256_arr120.json
{"checkpoint": "results/top2_1layer_softmax_seq128_embd16_h1_initfix_ascend/model.pt", "task": "top2_needle", "attn": "softmax", "q": 1.0, "seq_len": 256, "val_samples": 1000, "seed": 42, "accuracy_fixed": 0.288, "accuracy_all": 0.024495693004826898, "accuracy_input_echo": 0.01859830131038573, "output_token_count": 2000, "input_token_count": 89363, "all_token_count": 91363, "output_start_stats": {"n": 1000, "min": 60, "max": 120, "mean": 89.36299896240234}}
Wrote results/top2_1layer_softmax_seq128_embd16_h1_initfix_ascend/accuracy_eval_seq512_arr120.json
{"checkpoint": "results/top2_1layer_softmax_seq128_embd16_h1_initfix_ascend/model.pt", "task": "top2_needle", "attn": "softmax", "q": 1.0, "seq_len": 512, "val_samples": 1000, "seed": 42, "accuracy_fixed": 0.288, "accuracy_all": 0.024506638354695007, "accuracy_input_echo": 0.018609491624050224, "output_token_count": 2000, "input_token_count": 89363, "all_token_count": 91363, "output_start_stats": {"n": 1000, "min": 60, "max": 120, "mean": 89.36299896240234}}
Wrote results/top2_1layer_softmax_seq128_embd16_h1_initfix_ascend/accuracy_eval_seq1024_arr120.json
{"checkpoint": "results/top2_1layer_softmax_seq128_embd16_h1_initfix_ascend/model.pt", "task": "top2_needle", "attn": "softmax", "q": 1.0, "seq_len": 1024, "val_samples": 1000, "seed": 42, "accuracy_fixed": 0.288, "accuracy_all": 0.024495693004826898, "accuracy_input_echo": 0.01859830131038573, "output_token_count": 2000, "input_token_count": 89363, "all_token_count": 91363, "output_start_stats": {"n": 1000, "min": 60, "max": 120, "mean": 89.36299896240234}}
Wrote results/top2_1layer_softmax_seq128_embd16_h1_initfix_ascend/accuracy_eval_seq2048_arr120.json
{"checkpoint": "results/top2_1layer_softmax_seq128_embd16_h1_initfix_ascend/model.pt", "task": "top2_needle", "attn": "softmax", "q": 1.0, "seq_len": 2048, "val_samples": 1000, "seed": 42, "accuracy_fixed": 0.288, "accuracy_all": 0.024506638354695007, "accuracy_input_echo": 0.018609491624050224, "output_token_count": 2000, "input_token_count": 89363, "all_token_count": 91363, "output_start_stats": {"n": 1000, "min": 60, "max": 120, "mean": 89.36299896240234}}
Wrote results/top2_1layer_softmax_seq128_embd16_h1_initfix_ascend/accuracy_eval_seq4096_arr120.json
{"checkpoint": "results/top2_1layer_softmax_seq128_embd16_h1_initfix_ascend/model.pt", "task": "top2_needle", "attn": "softmax", "q": 1.0, "seq_len": 4096, "val_samples": 1000, "seed": 42, "accuracy_fixed": 0.288, "accuracy_all": 0.024506638354695007, "accuracy_input_echo": 0.018609491624050224, "output_token_count": 2000, "input_token_count": 89363, "all_token_count": 91363, "output_start_stats": {"n": 1000, "min": 60, "max": 120, "mean": 89.36299896240234}}
Wrote results/top2_1layer_softmax_seq128_embd16_h1_initfix_ascend/accuracy_eval_seq8192_arr120.json
{"checkpoint": "results/top2_1layer_softmax_seq128_embd16_h1_initfix_ascend/model.pt", "task": "top2_needle", "attn": "softmax", "q": 1.0, "seq_len": 8192, "val_samples": 1000, "seed": 42, "accuracy_fixed": 0.288, "accuracy_all": 0.024506638354695007, "accuracy_input_echo": 0.018609491624050224, "output_token_count": 2000, "input_token_count": 89363, "all_token_count": 91363, "output_start_stats": {"n": 1000, "min": 60, "max": 120, "mean": 89.36299896240234}}
DONE results/top2_1layer_softmax_seq128_embd16_h1_initfix_ascend
