=== SUBTLE embd-scan: stieltjes_q8.0 n_embd=16 n_head=1 ===
Using device: cuda
Generating training data...
Generating validation data...
Model parameters: 7,440
Using bf16 autocast for forward pass (memory optimization at long context)
Epoch   1/30 | train_loss=4.7710 | val_loss=4.4621 | val_acc=0.0000 | time=4.9s
Epoch   2/30 | train_loss=4.4148 | val_loss=4.3523 | val_acc=0.0070 | time=4.5s
Epoch   3/30 | train_loss=4.3511 | val_loss=4.3166 | val_acc=0.0240 | time=4.5s
Epoch   4/30 | train_loss=4.3259 | val_loss=4.2958 | val_acc=0.0515 | time=4.5s
Epoch   5/30 | train_loss=4.3105 | val_loss=4.2829 | val_acc=0.0765 | time=4.5s
Epoch   6/30 | train_loss=4.3014 | val_loss=4.2759 | val_acc=0.0760 | time=4.5s
Epoch   7/30 | train_loss=4.2958 | val_loss=4.2710 | val_acc=0.1000 | time=4.5s
Epoch   8/30 | train_loss=4.2921 | val_loss=4.2694 | val_acc=0.0780 | time=4.5s
Epoch   9/30 | train_loss=4.2892 | val_loss=4.2676 | val_acc=0.0660 | time=4.5s
Epoch  10/30 | train_loss=4.2870 | val_loss=4.2648 | val_acc=0.0995 | time=4.5s
Epoch  11/30 | train_loss=4.2849 | val_loss=4.2616 | val_acc=0.0890 | time=4.5s
Epoch  12/30 | train_loss=4.2835 | val_loss=4.2623 | val_acc=0.0665 | time=4.5s
Epoch  13/30 | train_loss=4.2819 | val_loss=4.2630 | val_acc=0.0710 | time=4.5s
Epoch  14/30 | train_loss=4.2807 | val_loss=4.2589 | val_acc=0.0630 | time=4.5s
Epoch  15/30 | train_loss=4.2791 | val_loss=4.2572 | val_acc=0.0915 | time=4.5s
Epoch  16/30 | train_loss=4.2778 | val_loss=4.2571 | val_acc=0.0820 | time=4.5s
Epoch  17/30 | train_loss=4.2769 | val_loss=4.2561 | val_acc=0.0855 | time=4.5s
Epoch  18/30 | train_loss=4.2753 | val_loss=4.2544 | val_acc=0.1040 | time=4.5s
Epoch  19/30 | train_loss=4.2744 | val_loss=4.2527 | val_acc=0.1165 | time=4.5s
Epoch  20/30 | train_loss=4.2732 | val_loss=4.2523 | val_acc=0.1165 | time=4.5s
Epoch  21/30 | train_loss=4.2719 | val_loss=4.2521 | val_acc=0.1030 | time=4.5s
Epoch  22/30 | train_loss=4.2711 | val_loss=4.2519 | val_acc=0.1075 | time=4.5s
Epoch  23/30 | train_loss=4.2699 | val_loss=4.2503 | val_acc=0.1185 | time=4.5s
Epoch  24/30 | train_loss=4.2689 | val_loss=4.2467 | val_acc=0.1315 | time=4.5s
Epoch  25/30 | train_loss=4.2677 | val_loss=4.2453 | val_acc=0.1510 | time=4.5s
Epoch  26/30 | train_loss=4.2673 | val_loss=4.2457 | val_acc=0.1480 | time=4.5s
Epoch  27/30 | train_loss=4.2662 | val_loss=4.2441 | val_acc=0.1595 | time=4.5s
Epoch  28/30 | train_loss=4.2655 | val_loss=4.2445 | val_acc=0.1415 | time=4.5s
Epoch  29/30 | train_loss=4.2647 | val_loss=4.2414 | val_acc=0.1680 | time=4.5s
Epoch  30/30 | train_loss=4.2638 | val_loss=4.2414 | val_acc=0.1720 | time=4.5s
Model saved to results/subtle_1layer_stieltjes_q8.0_seq128_embd16_h1_initfix_ascend/model.pt
Metrics saved to results/subtle_1layer_stieltjes_q8.0_seq128_embd16_h1_initfix_ascend/metrics.csv
Wrote results/subtle_1layer_stieltjes_q8.0_seq128_embd16_h1_initfix_ascend/accuracy_eval_seq128_arr120.json
{"checkpoint": "results/subtle_1layer_stieltjes_q8.0_seq128_embd16_h1_initfix_ascend/model.pt", "task": "needle", "attn": "stieltjes", "q": 8.0, "seq_len": 128, "val_samples": 1000, "seed": 42, "accuracy_fixed": 0.194, "accuracy_all": 0.022904381372278865, "accuracy_input_echo": 0.020997492337698525, "output_token_count": 1000, "input_token_count": 89725, "all_token_count": 90725, "output_start_stats": {"n": 1000, "min": 60, "max": 120, "mean": 89.7249984741211}}
Wrote results/subtle_1layer_stieltjes_q8.0_seq128_embd16_h1_initfix_ascend/accuracy_eval_seq256_arr120.json
{"checkpoint": "results/subtle_1layer_stieltjes_q8.0_seq128_embd16_h1_initfix_ascend/model.pt", "task": "needle", "attn": "stieltjes", "q": 8.0, "seq_len": 256, "val_samples": 1000, "seed": 42, "accuracy_fixed": 0.194, "accuracy_all": 0.022904381372278865, "accuracy_input_echo": 0.020997492337698525, "output_token_count": 1000, "input_token_count": 89725, "all_token_count": 90725, "output_start_stats": {"n": 1000, "min": 60, "max": 120, "mean": 89.7249984741211}}
Wrote results/subtle_1layer_stieltjes_q8.0_seq128_embd16_h1_initfix_ascend/accuracy_eval_seq512_arr120.json
{"checkpoint": "results/subtle_1layer_stieltjes_q8.0_seq128_embd16_h1_initfix_ascend/model.pt", "task": "needle", "attn": "stieltjes", "q": 8.0, "seq_len": 512, "val_samples": 1000, "seed": 42, "accuracy_fixed": 0.194, "accuracy_all": 0.022904381372278865, "accuracy_input_echo": 0.020997492337698525, "output_token_count": 1000, "input_token_count": 89725, "all_token_count": 90725, "output_start_stats": {"n": 1000, "min": 60, "max": 120, "mean": 89.7249984741211}}
Wrote results/subtle_1layer_stieltjes_q8.0_seq128_embd16_h1_initfix_ascend/accuracy_eval_seq1024_arr120.json
{"checkpoint": "results/subtle_1layer_stieltjes_q8.0_seq128_embd16_h1_initfix_ascend/model.pt", "task": "needle", "attn": "stieltjes", "q": 8.0, "seq_len": 1024, "val_samples": 1000, "seed": 42, "accuracy_fixed": 0.194, "accuracy_all": 0.022904381372278865, "accuracy_input_echo": 0.020997492337698525, "output_token_count": 1000, "input_token_count": 89725, "all_token_count": 90725, "output_start_stats": {"n": 1000, "min": 60, "max": 120, "mean": 89.7249984741211}}
Wrote results/subtle_1layer_stieltjes_q8.0_seq128_embd16_h1_initfix_ascend/accuracy_eval_seq2048_arr120.json
{"checkpoint": "results/subtle_1layer_stieltjes_q8.0_seq128_embd16_h1_initfix_ascend/model.pt", "task": "needle", "attn": "stieltjes", "q": 8.0, "seq_len": 2048, "val_samples": 1000, "seed": 42, "accuracy_fixed": 0.194, "accuracy_all": 0.022904381372278865, "accuracy_input_echo": 0.020997492337698525, "output_token_count": 1000, "input_token_count": 89725, "all_token_count": 90725, "output_start_stats": {"n": 1000, "min": 60, "max": 120, "mean": 89.7249984741211}}
Wrote results/subtle_1layer_stieltjes_q8.0_seq128_embd16_h1_initfix_ascend/accuracy_eval_seq4096_arr120.json
{"checkpoint": "results/subtle_1layer_stieltjes_q8.0_seq128_embd16_h1_initfix_ascend/model.pt", "task": "needle", "attn": "stieltjes", "q": 8.0, "seq_len": 4096, "val_samples": 1000, "seed": 42, "accuracy_fixed": 0.194, "accuracy_all": 0.022904381372278865, "accuracy_input_echo": 0.020997492337698525, "output_token_count": 1000, "input_token_count": 89725, "all_token_count": 90725, "output_start_stats": {"n": 1000, "min": 60, "max": 120, "mean": 89.7249984741211}}
Wrote results/subtle_1layer_stieltjes_q8.0_seq128_embd16_h1_initfix_ascend/accuracy_eval_seq8192_arr120.json
{"checkpoint": "results/subtle_1layer_stieltjes_q8.0_seq128_embd16_h1_initfix_ascend/model.pt", "task": "needle", "attn": "stieltjes", "q": 8.0, "seq_len": 8192, "val_samples": 1000, "seed": 42, "accuracy_fixed": 0.194, "accuracy_all": 0.022904381372278865, "accuracy_input_echo": 0.020997492337698525, "output_token_count": 1000, "input_token_count": 89725, "all_token_count": 90725, "output_start_stats": {"n": 1000, "min": 60, "max": 120, "mean": 89.7249984741211}}
DONE results/subtle_1layer_stieltjes_q8.0_seq128_embd16_h1_initfix_ascend
