=== MAX embd-scan: stieltjes_q1.0 n_embd=64 n_head=4 ===
Using device: cuda
Generating training data...
Generating validation data...
Model parameters: 66,624
Using bf16 autocast for forward pass (memory optimization at long context)
Epoch   1/30 | train_loss=4.2695 | val_loss=4.1490 | val_acc=0.2908 | time=5.9s
Epoch   2/30 | train_loss=4.1419 | val_loss=4.1354 | val_acc=0.2995 | time=4.5s
Epoch   3/30 | train_loss=4.1298 | val_loss=4.1245 | val_acc=0.3935 | time=4.5s
Epoch   4/30 | train_loss=4.1229 | val_loss=4.1201 | val_acc=0.4462 | time=4.5s
Epoch   5/30 | train_loss=4.1199 | val_loss=4.1180 | val_acc=0.4525 | time=4.5s
Epoch   6/30 | train_loss=4.1180 | val_loss=4.1164 | val_acc=0.4570 | time=4.5s
Epoch   7/30 | train_loss=4.1163 | val_loss=4.1148 | val_acc=0.4672 | time=4.5s
Epoch   8/30 | train_loss=4.1143 | val_loss=4.1124 | val_acc=0.4693 | time=4.5s
Epoch   9/30 | train_loss=4.1116 | val_loss=4.1100 | val_acc=0.4690 | time=4.5s
Epoch  10/30 | train_loss=4.1097 | val_loss=4.1088 | val_acc=0.4800 | time=4.5s
Epoch  11/30 | train_loss=4.1086 | val_loss=4.1075 | val_acc=0.4677 | time=4.5s
Epoch  12/30 | train_loss=4.1078 | val_loss=4.1077 | val_acc=0.4830 | time=4.5s
Epoch  13/30 | train_loss=4.1073 | val_loss=4.1070 | val_acc=0.4890 | time=4.5s
Epoch  14/30 | train_loss=4.1066 | val_loss=4.1069 | val_acc=0.4935 | time=4.5s
Epoch  15/30 | train_loss=4.1062 | val_loss=4.1059 | val_acc=0.4878 | time=4.5s
Epoch  16/30 | train_loss=4.1056 | val_loss=4.1060 | val_acc=0.4870 | time=4.5s
Epoch  17/30 | train_loss=4.1055 | val_loss=4.1059 | val_acc=0.4913 | time=4.5s
Epoch  18/30 | train_loss=4.1050 | val_loss=4.1060 | val_acc=0.4918 | time=4.5s
Epoch  19/30 | train_loss=4.1047 | val_loss=4.1055 | val_acc=0.4940 | time=4.5s
Epoch  20/30 | train_loss=4.1046 | val_loss=4.1052 | val_acc=0.4960 | time=4.5s
Epoch  21/30 | train_loss=4.1044 | val_loss=4.1046 | val_acc=0.4910 | time=4.5s
Epoch  22/30 | train_loss=4.1041 | val_loss=4.1047 | val_acc=0.4933 | time=4.5s
Epoch  23/30 | train_loss=4.1040 | val_loss=4.1044 | val_acc=0.4970 | time=4.5s
Epoch  24/30 | train_loss=4.1037 | val_loss=4.1072 | val_acc=0.4845 | time=4.5s
Epoch  25/30 | train_loss=4.1035 | val_loss=4.1040 | val_acc=0.4970 | time=4.5s
Epoch  26/30 | train_loss=4.1035 | val_loss=4.1036 | val_acc=0.4995 | time=4.5s
Epoch  27/30 | train_loss=4.1033 | val_loss=4.1037 | val_acc=0.5032 | time=4.5s
Epoch  28/30 | train_loss=4.1034 | val_loss=4.1040 | val_acc=0.4968 | time=4.5s
Epoch  29/30 | train_loss=4.1029 | val_loss=4.1037 | val_acc=0.4998 | time=4.5s
Epoch  30/30 | train_loss=4.1028 | val_loss=4.1041 | val_acc=0.4953 | time=4.5s
Model saved to results/max_1layer_stieltjes_q1.0_seq128_embd64_h4_initfix_ascend/model.pt
Metrics saved to results/max_1layer_stieltjes_q1.0_seq128_embd64_h4_initfix_ascend/metrics.csv
Wrote results/max_1layer_stieltjes_q1.0_seq128_embd64_h4_initfix_ascend/accuracy_eval_seq128_arr120_first1.json
{"checkpoint": "results/max_1layer_stieltjes_q1.0_seq128_embd64_h4_initfix_ascend/model.pt", "task": "max", "attn": "stieltjes", "q": 1.0, "seq_len": 128, "val_samples": 1000, "seed": 42, "accuracy_fixed": 0.947, "accuracy_all": 0.0341624073700073, "accuracy_input_echo": 0.019352562971989288, "output_token_count": 1000, "input_token_count": 62369, "all_token_count": 64369, "output_start_stats": {"n": 1000, "min": 4, "max": 120, "mean": 62.36899948120117}}
Wrote results/max_1layer_stieltjes_q1.0_seq128_embd64_h4_initfix_ascend/accuracy_eval_seq256_arr120_first1.json
{"checkpoint": "results/max_1layer_stieltjes_q1.0_seq128_embd64_h4_initfix_ascend/model.pt", "task": "max", "attn": "stieltjes", "q": 1.0, "seq_len": 256, "val_samples": 1000, "seed": 42, "accuracy_fixed": 0.947, "accuracy_all": 0.0341624073700073, "accuracy_input_echo": 0.019352562971989288, "output_token_count": 1000, "input_token_count": 62369, "all_token_count": 64369, "output_start_stats": {"n": 1000, "min": 4, "max": 120, "mean": 62.36899948120117}}
Wrote results/max_1layer_stieltjes_q1.0_seq128_embd64_h4_initfix_ascend/accuracy_eval_seq512_arr120_first1.json
{"checkpoint": "results/max_1layer_stieltjes_q1.0_seq128_embd64_h4_initfix_ascend/model.pt", "task": "max", "attn": "stieltjes", "q": 1.0, "seq_len": 512, "val_samples": 1000, "seed": 42, "accuracy_fixed": 0.947, "accuracy_all": 0.0341624073700073, "accuracy_input_echo": 0.019352562971989288, "output_token_count": 1000, "input_token_count": 62369, "all_token_count": 64369, "output_start_stats": {"n": 1000, "min": 4, "max": 120, "mean": 62.36899948120117}}
Wrote results/max_1layer_stieltjes_q1.0_seq128_embd64_h4_initfix_ascend/accuracy_eval_seq1024_arr120_first1.json
{"checkpoint": "results/max_1layer_stieltjes_q1.0_seq128_embd64_h4_initfix_ascend/model.pt", "task": "max", "attn": "stieltjes", "q": 1.0, "seq_len": 1024, "val_samples": 1000, "seed": 42, "accuracy_fixed": 0.947, "accuracy_all": 0.0341624073700073, "accuracy_input_echo": 0.019352562971989288, "output_token_count": 1000, "input_token_count": 62369, "all_token_count": 64369, "output_start_stats": {"n": 1000, "min": 4, "max": 120, "mean": 62.36899948120117}}
Wrote results/max_1layer_stieltjes_q1.0_seq128_embd64_h4_initfix_ascend/accuracy_eval_seq2048_arr120_first1.json
{"checkpoint": "results/max_1layer_stieltjes_q1.0_seq128_embd64_h4_initfix_ascend/model.pt", "task": "max", "attn": "stieltjes", "q": 1.0, "seq_len": 2048, "val_samples": 1000, "seed": 42, "accuracy_fixed": 0.947, "accuracy_all": 0.0341624073700073, "accuracy_input_echo": 0.019352562971989288, "output_token_count": 1000, "input_token_count": 62369, "all_token_count": 64369, "output_start_stats": {"n": 1000, "min": 4, "max": 120, "mean": 62.36899948120117}}
Wrote results/max_1layer_stieltjes_q1.0_seq128_embd64_h4_initfix_ascend/accuracy_eval_seq4096_arr120_first1.json
{"checkpoint": "results/max_1layer_stieltjes_q1.0_seq128_embd64_h4_initfix_ascend/model.pt", "task": "max", "attn": "stieltjes", "q": 1.0, "seq_len": 4096, "val_samples": 1000, "seed": 42, "accuracy_fixed": 0.947, "accuracy_all": 0.0341624073700073, "accuracy_input_echo": 0.019352562971989288, "output_token_count": 1000, "input_token_count": 62369, "all_token_count": 64369, "output_start_stats": {"n": 1000, "min": 4, "max": 120, "mean": 62.36899948120117}}
Wrote results/max_1layer_stieltjes_q1.0_seq128_embd64_h4_initfix_ascend/accuracy_eval_seq8192_arr120_first1.json
{"checkpoint": "results/max_1layer_stieltjes_q1.0_seq128_embd64_h4_initfix_ascend/model.pt", "task": "max", "attn": "stieltjes", "q": 1.0, "seq_len": 8192, "val_samples": 1000, "seed": 42, "accuracy_fixed": 0.947, "accuracy_all": 0.0341624073700073, "accuracy_input_echo": 0.019352562971989288, "output_token_count": 1000, "input_token_count": 62369, "all_token_count": 64369, "output_start_stats": {"n": 1000, "min": 4, "max": 120, "mean": 62.36899948120117}}
DONE results/max_1layer_stieltjes_q1.0_seq128_embd64_h4_initfix_ascend
