=== SUBTLE embd-scan: stieltjes_q16.0 n_embd=8 n_head=1 ===
Using device: cuda
Generating training data...
Generating validation data...
Model parameters: 2,952
Using bf16 autocast for forward pass (memory optimization at long context)
Epoch   1/30 | train_loss=4.9517 | val_loss=4.6354 | val_acc=0.0000 | time=5.6s
Epoch   2/30 | train_loss=4.5379 | val_loss=4.4347 | val_acc=0.0000 | time=5.0s
Epoch   3/30 | train_loss=4.4185 | val_loss=4.3715 | val_acc=0.0000 | time=5.0s
Epoch   4/30 | train_loss=4.3715 | val_loss=4.3345 | val_acc=0.0000 | time=5.0s
Epoch   5/30 | train_loss=4.3485 | val_loss=4.3183 | val_acc=0.0035 | time=4.9s
Epoch   6/30 | train_loss=4.3355 | val_loss=4.3048 | val_acc=0.0120 | time=4.9s
Epoch   7/30 | train_loss=4.3247 | val_loss=4.2943 | val_acc=0.0325 | time=4.9s
Epoch   8/30 | train_loss=4.3185 | val_loss=4.2893 | val_acc=0.0430 | time=4.9s
Epoch   9/30 | train_loss=4.3139 | val_loss=4.2850 | val_acc=0.0475 | time=4.9s
Epoch  10/30 | train_loss=4.3109 | val_loss=4.2822 | val_acc=0.0660 | time=4.9s
Epoch  11/30 | train_loss=4.3085 | val_loss=4.2802 | val_acc=0.0530 | time=4.9s
Epoch  12/30 | train_loss=4.3060 | val_loss=4.2780 | val_acc=0.0765 | time=4.9s
Epoch  13/30 | train_loss=4.3045 | val_loss=4.2763 | val_acc=0.0670 | time=4.9s
Epoch  14/30 | train_loss=4.3027 | val_loss=4.2743 | val_acc=0.0900 | time=4.9s
Epoch  15/30 | train_loss=4.3014 | val_loss=4.2731 | val_acc=0.0845 | time=4.9s
Epoch  16/30 | train_loss=4.3002 | val_loss=4.2724 | val_acc=0.0845 | time=4.9s
Epoch  17/30 | train_loss=4.2994 | val_loss=4.2714 | val_acc=0.0880 | time=4.9s
Epoch  18/30 | train_loss=4.2986 | val_loss=4.2702 | val_acc=0.0970 | time=4.9s
Epoch  19/30 | train_loss=4.2979 | val_loss=4.2699 | val_acc=0.1115 | time=4.9s
Epoch  20/30 | train_loss=4.2968 | val_loss=4.2692 | val_acc=0.1060 | time=4.9s
Epoch  21/30 | train_loss=4.2960 | val_loss=4.2681 | val_acc=0.0820 | time=4.9s
Epoch  22/30 | train_loss=4.2959 | val_loss=4.2676 | val_acc=0.1005 | time=4.9s
Epoch  23/30 | train_loss=4.2952 | val_loss=4.2672 | val_acc=0.0900 | time=4.9s
Epoch  24/30 | train_loss=4.2948 | val_loss=4.2666 | val_acc=0.0850 | time=4.9s
Epoch  25/30 | train_loss=4.2944 | val_loss=4.2663 | val_acc=0.0975 | time=4.9s
Epoch  26/30 | train_loss=4.2939 | val_loss=4.2662 | val_acc=0.0990 | time=4.9s
Epoch  27/30 | train_loss=4.2935 | val_loss=4.2662 | val_acc=0.1070 | time=4.9s
Epoch  28/30 | train_loss=4.2930 | val_loss=4.2650 | val_acc=0.0950 | time=4.9s
Epoch  29/30 | train_loss=4.2922 | val_loss=4.2647 | val_acc=0.1010 | time=4.9s
Epoch  30/30 | train_loss=4.2920 | val_loss=4.2646 | val_acc=0.1005 | time=4.9s
Model saved to results/subtle_1layer_stieltjes_q16.0_seq128_embd8_h1_initfix_ascend/model.pt
Metrics saved to results/subtle_1layer_stieltjes_q16.0_seq128_embd8_h1_initfix_ascend/metrics.csv
Wrote results/subtle_1layer_stieltjes_q16.0_seq128_embd8_h1_initfix_ascend/accuracy_eval_seq128_arr120.json
{"checkpoint": "results/subtle_1layer_stieltjes_q16.0_seq128_embd8_h1_initfix_ascend/model.pt", "task": "needle", "attn": "stieltjes", "q": 16.0, "seq_len": 128, "val_samples": 1000, "seed": 42, "accuracy_fixed": 0.102, "accuracy_all": 0.018660788095894186, "accuracy_input_echo": 0.017731958762886597, "output_token_count": 1000, "input_token_count": 89725, "all_token_count": 90725, "output_start_stats": {"n": 1000, "min": 60, "max": 120, "mean": 89.7249984741211}}
Wrote results/subtle_1layer_stieltjes_q16.0_seq128_embd8_h1_initfix_ascend/accuracy_eval_seq256_arr120.json
{"checkpoint": "results/subtle_1layer_stieltjes_q16.0_seq128_embd8_h1_initfix_ascend/model.pt", "task": "needle", "attn": "stieltjes", "q": 16.0, "seq_len": 256, "val_samples": 1000, "seed": 42, "accuracy_fixed": 0.102, "accuracy_all": 0.018660788095894186, "accuracy_input_echo": 0.017731958762886597, "output_token_count": 1000, "input_token_count": 89725, "all_token_count": 90725, "output_start_stats": {"n": 1000, "min": 60, "max": 120, "mean": 89.7249984741211}}
Wrote results/subtle_1layer_stieltjes_q16.0_seq128_embd8_h1_initfix_ascend/accuracy_eval_seq512_arr120.json
{"checkpoint": "results/subtle_1layer_stieltjes_q16.0_seq128_embd8_h1_initfix_ascend/model.pt", "task": "needle", "attn": "stieltjes", "q": 16.0, "seq_len": 512, "val_samples": 1000, "seed": 42, "accuracy_fixed": 0.102, "accuracy_all": 0.018660788095894186, "accuracy_input_echo": 0.017731958762886597, "output_token_count": 1000, "input_token_count": 89725, "all_token_count": 90725, "output_start_stats": {"n": 1000, "min": 60, "max": 120, "mean": 89.7249984741211}}
Wrote results/subtle_1layer_stieltjes_q16.0_seq128_embd8_h1_initfix_ascend/accuracy_eval_seq1024_arr120.json
{"checkpoint": "results/subtle_1layer_stieltjes_q16.0_seq128_embd8_h1_initfix_ascend/model.pt", "task": "needle", "attn": "stieltjes", "q": 16.0, "seq_len": 1024, "val_samples": 1000, "seed": 42, "accuracy_fixed": 0.102, "accuracy_all": 0.018660788095894186, "accuracy_input_echo": 0.017731958762886597, "output_token_count": 1000, "input_token_count": 89725, "all_token_count": 90725, "output_start_stats": {"n": 1000, "min": 60, "max": 120, "mean": 89.7249984741211}}
Wrote results/subtle_1layer_stieltjes_q16.0_seq128_embd8_h1_initfix_ascend/accuracy_eval_seq2048_arr120.json
{"checkpoint": "results/subtle_1layer_stieltjes_q16.0_seq128_embd8_h1_initfix_ascend/model.pt", "task": "needle", "attn": "stieltjes", "q": 16.0, "seq_len": 2048, "val_samples": 1000, "seed": 42, "accuracy_fixed": 0.102, "accuracy_all": 0.018660788095894186, "accuracy_input_echo": 0.017731958762886597, "output_token_count": 1000, "input_token_count": 89725, "all_token_count": 90725, "output_start_stats": {"n": 1000, "min": 60, "max": 120, "mean": 89.7249984741211}}
Wrote results/subtle_1layer_stieltjes_q16.0_seq128_embd8_h1_initfix_ascend/accuracy_eval_seq4096_arr120.json
{"checkpoint": "results/subtle_1layer_stieltjes_q16.0_seq128_embd8_h1_initfix_ascend/model.pt", "task": "needle", "attn": "stieltjes", "q": 16.0, "seq_len": 4096, "val_samples": 1000, "seed": 42, "accuracy_fixed": 0.102, "accuracy_all": 0.018660788095894186, "accuracy_input_echo": 0.017731958762886597, "output_token_count": 1000, "input_token_count": 89725, "all_token_count": 90725, "output_start_stats": {"n": 1000, "min": 60, "max": 120, "mean": 89.7249984741211}}
Wrote results/subtle_1layer_stieltjes_q16.0_seq128_embd8_h1_initfix_ascend/accuracy_eval_seq8192_arr120.json
{"checkpoint": "results/subtle_1layer_stieltjes_q16.0_seq128_embd8_h1_initfix_ascend/model.pt", "task": "needle", "attn": "stieltjes", "q": 16.0, "seq_len": 8192, "val_samples": 1000, "seed": 42, "accuracy_fixed": 0.102, "accuracy_all": 0.018660788095894186, "accuracy_input_echo": 0.017731958762886597, "output_token_count": 1000, "input_token_count": 89725, "all_token_count": 90725, "output_start_stats": {"n": 1000, "min": 60, "max": 120, "mean": 89.7249984741211}}
DONE results/subtle_1layer_stieltjes_q16.0_seq128_embd8_h1_initfix_ascend
