=== subtle-needle 1-layer stieltjes_q16.0 seq=2048 NoPE ascend ===
Wed Apr 15 22:02:52 2026       
+-----------------------------------------------------------------------------------------+
| NVIDIA-SMI 580.95.05              Driver Version: 580.95.05      CUDA Version: 13.0     |
+-----------------------------------------+------------------------+----------------------+
| GPU  Name                 Persistence-M | Bus-Id          Disp.A | Volatile Uncorr. ECC |
| Fan  Temp   Perf          Pwr:Usage/Cap |           Memory-Usage | GPU-Util  Compute M. |
|                                         |                        |               MIG M. |
|=========================================+========================+======================|
|   0  NVIDIA A100-PCIE-40GB          On  |   00000000:25:00.0 Off |                    0 |
| N/A   26C    P0             37W /  250W |       0MiB /  40960MiB |      0%      Default |
|                                         |                        |             Disabled |
+-----------------------------------------+------------------------+----------------------+

+-----------------------------------------------------------------------------------------+
| Processes:                                                                              |
|  GPU   GI   CI              PID   Type   Process name                        GPU Memory |
|        ID   ID                                                               Usage      |
|=========================================================================================|
|  No running processes found                                                             |
+-----------------------------------------------------------------------------------------+
Using device: cuda
Generating training data...
Generating validation data...
Model parameters: 1,874,304
Using bf16 autocast for forward pass (memory optimization at long context)
Epoch   1/30 | train_loss=4.8532 | val_loss=4.8523 | val_acc=0.9995 | time=272.2s
Epoch   2/30 | train_loss=4.8481 | val_loss=4.8508 | val_acc=1.0000 | time=270.7s
Epoch   3/30 | train_loss=4.8486 | val_loss=4.8533 | val_acc=1.0000 | time=270.7s
Epoch   4/30 | train_loss=4.8496 | val_loss=4.8533 | val_acc=0.9665 | time=270.6s
Epoch   5/30 | train_loss=4.8507 | val_loss=4.8581 | val_acc=0.4485 | time=270.4s
Epoch   6/30 | train_loss=4.8533 | val_loss=4.8611 | val_acc=0.8565 | time=270.1s
Epoch   7/30 | train_loss=4.8541 | val_loss=4.8585 | val_acc=0.8615 | time=270.2s
Epoch   8/30 | train_loss=4.8568 | val_loss=4.8769 | val_acc=0.9670 | time=269.9s
Epoch   9/30 | train_loss=4.8627 | val_loss=4.8808 | val_acc=0.6905 | time=269.8s
Epoch  10/30 | train_loss=4.8636 | val_loss=4.8628 | val_acc=0.9860 | time=269.8s
Epoch  11/30 | train_loss=4.8643 | val_loss=4.8649 | val_acc=0.9115 | time=269.8s
Epoch  12/30 | train_loss=4.8651 | val_loss=4.8655 | val_acc=0.8145 | time=269.8s
Epoch  13/30 | train_loss=4.8836 | val_loss=4.8618 | val_acc=0.9090 | time=269.8s
Epoch  14/30 | train_loss=4.8885 | val_loss=4.8737 | val_acc=0.2085 | time=269.8s
Epoch  15/30 | train_loss=4.8904 | val_loss=4.8551 | val_acc=0.0000 | time=269.8s
Epoch  16/30 | train_loss=4.8920 | val_loss=4.8948 | val_acc=0.0000 | time=269.7s
Epoch  17/30 | train_loss=4.9012 | val_loss=4.9470 | val_acc=0.0000 | time=269.7s
Epoch  18/30 | train_loss=4.9455 | val_loss=4.8592 | val_acc=0.0000 | time=269.8s
Epoch  19/30 | train_loss=4.9495 | val_loss=4.9859 | val_acc=0.0000 | time=269.8s
Epoch  20/30 | train_loss=4.9529 | val_loss=5.0034 | val_acc=0.0000 | time=269.7s
Epoch  21/30 | train_loss=4.9557 | val_loss=5.2893 | val_acc=0.0000 | time=269.7s
Epoch  22/30 | train_loss=4.9587 | val_loss=4.8698 | val_acc=0.2010 | time=269.7s
Epoch  23/30 | train_loss=5.0365 | val_loss=4.9189 | val_acc=0.0055 | time=269.7s
Epoch  24/30 | train_loss=5.1237 | val_loss=6.0815 | val_acc=0.0035 | time=269.8s
Epoch  25/30 | train_loss=5.1351 | val_loss=6.2464 | val_acc=0.0000 | time=269.9s
Epoch  26/30 | train_loss=5.1471 | val_loss=4.8556 | val_acc=0.0095 | time=270.0s
Epoch  27/30 | train_loss=5.1658 | val_loss=6.0951 | val_acc=0.0000 | time=270.0s
Epoch  28/30 | train_loss=5.1777 | val_loss=5.1236 | val_acc=0.0000 | time=270.0s
Epoch  29/30 | train_loss=5.1903 | val_loss=5.5864 | val_acc=0.0595 | time=270.0s
Epoch  30/30 | train_loss=5.2000 | val_loss=5.2632 | val_acc=0.0005 | time=269.9s
Model saved to results/subtle_needle_1layer_stieltjes_q16.0_seq2048_nope_ascend/model.pt
Metrics saved to results/subtle_needle_1layer_stieltjes_q16.0_seq2048_nope_ascend/metrics.csv
Wrote results/subtle_needle_1layer_stieltjes_q16.0_seq2048_nope_ascend/accuracy_eval_seq2048_scaledarr.json
{"checkpoint": "results/subtle_needle_1layer_stieltjes_q16.0_seq2048_nope_ascend/model.pt", "task": "needle", "attn": "stieltjes", "q": 16.0, "seq_len": 2048, "val_samples": 2000, "seed": 42, "accuracy_fixed": 0.0005, "accuracy_all": 0.007931275368056658, "accuracy_input_echo": 0.007936141546792917, "output_token_count": 2000, "input_token_count": 3054255, "all_token_count": 3056255, "output_start_stats": {"n": 2000, "min": 1021, "max": 2039, "mean": 1527.12744140625}}
Traceback (most recent call last):
  File "/users/PAS2402/alexg/softmax/softmax-is-meh/nanogpt/eval_accuracy.py", line 263, in <module>
    main()
    ~~~~^^
  File "/users/PAS2402/alexg/softmax/softmax-is-meh/nanogpt/eval_accuracy.py", line 245, in main
    metrics = compute_all_metrics(model, val_loader, device)
  File "/users/PAS2402/alexg/softmax/softmax-is-meh/nanogpt/eval_accuracy.py", line 54, in compute_all_metrics
    logits = model(x)
  File "/users/PAS2402/alexg/softmax/softmax-is-meh/triton/.venv/lib/python3.14/site-packages/torch/nn/modules/module.py", line 1776, in _wrapped_call_impl
    return self._call_impl(*args, **kwargs)
           ~~~~~~~~~~~~~~~^^^^^^^^^^^^^^^^^
  File "/users/PAS2402/alexg/softmax/softmax-is-meh/triton/.venv/lib/python3.14/site-packages/torch/nn/modules/module.py", line 1787, in _call_impl
    return forward_call(*args, **kwargs)
  File "/users/PAS2402/alexg/softmax/softmax-is-meh/nanogpt/model.py", line 221, in forward
    x = block(x)
  File "/users/PAS2402/alexg/softmax/softmax-is-meh/triton/.venv/lib/python3.14/site-packages/torch/nn/modules/module.py", line 1776, in _wrapped_call_impl
    return self._call_impl(*args, **kwargs)
           ~~~~~~~~~~~~~~~^^^^^^^^^^^^^^^^^
  File "/users/PAS2402/alexg/softmax/softmax-is-meh/triton/.venv/lib/python3.14/site-packages/torch/nn/modules/module.py", line 1787, in _call_impl
    return forward_call(*args, **kwargs)
  File "/users/PAS2402/alexg/softmax/softmax-is-meh/nanogpt/model.py", line 157, in forward
    x = x + self.attn(self.ln_1(x))   # pre-norm attention + residual
            ~~~~~~~~~^^^^^^^^^^^^^^
  File "/users/PAS2402/alexg/softmax/softmax-is-meh/triton/.venv/lib/python3.14/site-packages/torch/nn/modules/module.py", line 1776, in _wrapped_call_impl
    return self._call_impl(*args, **kwargs)
           ~~~~~~~~~~~~~~~^^^^^^^^^^^^^^^^^
  File "/users/PAS2402/alexg/softmax/softmax-is-meh/triton/.venv/lib/python3.14/site-packages/torch/nn/modules/module.py", line 1787, in _call_impl
    return forward_call(*args, **kwargs)
  File "/users/PAS2402/alexg/softmax/softmax-is-meh/nanogpt/model.py", line 104, in forward
    y = _stieltjes_attention_ref(
        q, k, v,
    ...<3 lines>...
        num_iter=self.stieltjes_num_iter,
    )
  File "/users/PAS2402/alexg/softmax/softmax-is-meh/nanogpt/../triton/stieltjes_flash_attn.py", line 58, in stieltjes_attention_ref
    scores = torch.matmul(q, k.transpose(-2, -1)) * sm_scale
             ~~~~~~~~~~~~~~~~~~~~~~~~~~~~~~~~~~~~~^~~~~~~~~~
torch.OutOfMemoryError: CUDA out of memory. Tried to allocate 23.99 GiB. GPU 0 has a total capacity of 39.49 GiB of which 13.09 GiB is free. Including non-PyTorch memory, this process has 26.40 GiB memory in use. Of the allocated memory 25.89 GiB is allocated by PyTorch, and 18.57 MiB is reserved by PyTorch but unallocated. If reserved but unallocated memory is large try setting PYTORCH_ALLOC_CONF=expandable_segments:True to avoid fragmentation.  See documentation for Memory Management  (https://pytorch.org/docs/stable/notes/cuda.html#environment-variables)
Traceback (most recent call last):
  File "/users/PAS2402/alexg/softmax/softmax-is-meh/nanogpt/eval_accuracy.py", line 263, in <module>
    main()
    ~~~~^^
  File "/users/PAS2402/alexg/softmax/softmax-is-meh/nanogpt/eval_accuracy.py", line 245, in main
    metrics = compute_all_metrics(model, val_loader, device)
  File "/users/PAS2402/alexg/softmax/softmax-is-meh/nanogpt/eval_accuracy.py", line 54, in compute_all_metrics
    logits = model(x)
  File "/users/PAS2402/alexg/softmax/softmax-is-meh/triton/.venv/lib/python3.14/site-packages/torch/nn/modules/module.py", line 1776, in _wrapped_call_impl
    return self._call_impl(*args, **kwargs)
           ~~~~~~~~~~~~~~~^^^^^^^^^^^^^^^^^
  File "/users/PAS2402/alexg/softmax/softmax-is-meh/triton/.venv/lib/python3.14/site-packages/torch/nn/modules/module.py", line 1787, in _call_impl
    return forward_call(*args, **kwargs)
  File "/users/PAS2402/alexg/softmax/softmax-is-meh/nanogpt/model.py", line 221, in forward
    x = block(x)
  File "/users/PAS2402/alexg/softmax/softmax-is-meh/triton/.venv/lib/python3.14/site-packages/torch/nn/modules/module.py", line 1776, in _wrapped_call_impl
    return self._call_impl(*args, **kwargs)
           ~~~~~~~~~~~~~~~^^^^^^^^^^^^^^^^^
  File "/users/PAS2402/alexg/softmax/softmax-is-meh/triton/.venv/lib/python3.14/site-packages/torch/nn/modules/module.py", line 1787, in _call_impl
    return forward_call(*args, **kwargs)
  File "/users/PAS2402/alexg/softmax/softmax-is-meh/nanogpt/model.py", line 157, in forward
    x = x + self.attn(self.ln_1(x))   # pre-norm attention + residual
            ~~~~~~~~~^^^^^^^^^^^^^^
  File "/users/PAS2402/alexg/softmax/softmax-is-meh/triton/.venv/lib/python3.14/site-packages/torch/nn/modules/module.py", line 1776, in _wrapped_call_impl
    return self._call_impl(*args, **kwargs)
           ~~~~~~~~~~~~~~~^^^^^^^^^^^^^^^^^
  File "/users/PAS2402/alexg/softmax/softmax-is-meh/triton/.venv/lib/python3.14/site-packages/torch/nn/modules/module.py", line 1787, in _call_impl
    return forward_call(*args, **kwargs)
  File "/users/PAS2402/alexg/softmax/softmax-is-meh/nanogpt/model.py", line 104, in forward
    y = _stieltjes_attention_ref(
        q, k, v,
    ...<3 lines>...
        num_iter=self.stieltjes_num_iter,
    )
  File "/users/PAS2402/alexg/softmax/softmax-is-meh/nanogpt/../triton/stieltjes_flash_attn.py", line 58, in stieltjes_attention_ref
    scores = torch.matmul(q, k.transpose(-2, -1)) * sm_scale
             ~~~~~~~~~~~~^^^^^^^^^^^^^^^^^^^^^^^^
torch.OutOfMemoryError: CUDA out of memory. Tried to allocate 95.98 GiB. GPU 0 has a total capacity of 39.49 GiB of which 33.70 GiB is free. Including non-PyTorch memory, this process has 5.78 GiB memory in use. Of the allocated memory 5.28 GiB is allocated by PyTorch, and 12.58 MiB is reserved by PyTorch but unallocated. If reserved but unallocated memory is large try setting PYTORCH_ALLOC_CONF=expandable_segments:True to avoid fragmentation.  See documentation for Memory Management  (https://pytorch.org/docs/stable/notes/cuda.html#environment-variables)
