=== SUBTLE embd-scan: stieltjes_q16.0 n_embd=16 n_head=1 ===
Using device: cuda
Generating training data...
Generating validation data...
Model parameters: 7,440
Using bf16 autocast for forward pass (memory optimization at long context)
Epoch   1/30 | train_loss=4.7754 | val_loss=4.4669 | val_acc=0.0000 | time=4.9s
Epoch   2/30 | train_loss=4.4162 | val_loss=4.3524 | val_acc=0.0115 | time=4.5s
Epoch   3/30 | train_loss=4.3505 | val_loss=4.3144 | val_acc=0.0270 | time=4.5s
Epoch   4/30 | train_loss=4.3242 | val_loss=4.2945 | val_acc=0.0605 | time=4.5s
Epoch   5/30 | train_loss=4.3105 | val_loss=4.2828 | val_acc=0.0840 | time=4.5s
Epoch   6/30 | train_loss=4.3022 | val_loss=4.2754 | val_acc=0.1020 | time=4.5s
Epoch   7/30 | train_loss=4.2961 | val_loss=4.2707 | val_acc=0.1360 | time=4.5s
Epoch   8/30 | train_loss=4.2922 | val_loss=4.2676 | val_acc=0.1405 | time=4.5s
Epoch   9/30 | train_loss=4.2894 | val_loss=4.2653 | val_acc=0.1325 | time=4.5s
Epoch  10/30 | train_loss=4.2873 | val_loss=4.2628 | val_acc=0.1465 | time=4.5s
Epoch  11/30 | train_loss=4.2853 | val_loss=4.2614 | val_acc=0.1860 | time=4.5s
Epoch  12/30 | train_loss=4.2837 | val_loss=4.2593 | val_acc=0.1520 | time=4.5s
Epoch  13/30 | train_loss=4.2819 | val_loss=4.2575 | val_acc=0.1815 | time=4.5s
Epoch  14/30 | train_loss=4.2805 | val_loss=4.2563 | val_acc=0.1215 | time=4.5s
Epoch  15/30 | train_loss=4.2786 | val_loss=4.2548 | val_acc=0.1615 | time=4.5s
Epoch  16/30 | train_loss=4.2773 | val_loss=4.2537 | val_acc=0.1555 | time=4.5s
Epoch  17/30 | train_loss=4.2762 | val_loss=4.2522 | val_acc=0.1775 | time=4.5s
Epoch  18/30 | train_loss=4.2747 | val_loss=4.2513 | val_acc=0.1600 | time=4.5s
Epoch  19/30 | train_loss=4.2739 | val_loss=4.2496 | val_acc=0.1925 | time=4.5s
Epoch  20/30 | train_loss=4.2728 | val_loss=4.2498 | val_acc=0.1935 | time=4.5s
Epoch  21/30 | train_loss=4.2717 | val_loss=4.2489 | val_acc=0.1580 | time=4.5s
Epoch  22/30 | train_loss=4.2711 | val_loss=4.2491 | val_acc=0.1775 | time=4.5s
Epoch  23/30 | train_loss=4.2702 | val_loss=4.2472 | val_acc=0.2065 | time=4.5s
Epoch  24/30 | train_loss=4.2695 | val_loss=4.2475 | val_acc=0.2190 | time=4.5s
Epoch  25/30 | train_loss=4.2685 | val_loss=4.2481 | val_acc=0.2150 | time=4.5s
Epoch  26/30 | train_loss=4.2683 | val_loss=4.2461 | val_acc=0.2130 | time=4.5s
Epoch  27/30 | train_loss=4.2677 | val_loss=4.2460 | val_acc=0.2335 | time=4.5s
Epoch  28/30 | train_loss=4.2670 | val_loss=4.2448 | val_acc=0.2250 | time=4.5s
Epoch  29/30 | train_loss=4.2665 | val_loss=4.2451 | val_acc=0.2140 | time=4.5s
Epoch  30/30 | train_loss=4.2660 | val_loss=4.2434 | val_acc=0.2295 | time=4.5s
Model saved to results/subtle_1layer_stieltjes_q16.0_seq128_embd16_h1_initfix_ascend/model.pt
Metrics saved to results/subtle_1layer_stieltjes_q16.0_seq128_embd16_h1_initfix_ascend/metrics.csv
Wrote results/subtle_1layer_stieltjes_q16.0_seq128_embd16_h1_initfix_ascend/accuracy_eval_seq128_arr120.json
{"checkpoint": "results/subtle_1layer_stieltjes_q16.0_seq128_embd16_h1_initfix_ascend/model.pt", "task": "needle", "attn": "stieltjes", "q": 16.0, "seq_len": 128, "val_samples": 1000, "seed": 42, "accuracy_fixed": 0.228, "accuracy_all": 0.020259024524662442, "accuracy_input_echo": 0.01794371691278908, "output_token_count": 1000, "input_token_count": 89725, "all_token_count": 90725, "output_start_stats": {"n": 1000, "min": 60, "max": 120, "mean": 89.7249984741211}}
Wrote results/subtle_1layer_stieltjes_q16.0_seq128_embd16_h1_initfix_ascend/accuracy_eval_seq256_arr120.json
{"checkpoint": "results/subtle_1layer_stieltjes_q16.0_seq128_embd16_h1_initfix_ascend/model.pt", "task": "needle", "attn": "stieltjes", "q": 16.0, "seq_len": 256, "val_samples": 1000, "seed": 42, "accuracy_fixed": 0.228, "accuracy_all": 0.020259024524662442, "accuracy_input_echo": 0.01794371691278908, "output_token_count": 1000, "input_token_count": 89725, "all_token_count": 90725, "output_start_stats": {"n": 1000, "min": 60, "max": 120, "mean": 89.7249984741211}}
Wrote results/subtle_1layer_stieltjes_q16.0_seq128_embd16_h1_initfix_ascend/accuracy_eval_seq512_arr120.json
{"checkpoint": "results/subtle_1layer_stieltjes_q16.0_seq128_embd16_h1_initfix_ascend/model.pt", "task": "needle", "attn": "stieltjes", "q": 16.0, "seq_len": 512, "val_samples": 1000, "seed": 42, "accuracy_fixed": 0.228, "accuracy_all": 0.020259024524662442, "accuracy_input_echo": 0.01794371691278908, "output_token_count": 1000, "input_token_count": 89725, "all_token_count": 90725, "output_start_stats": {"n": 1000, "min": 60, "max": 120, "mean": 89.7249984741211}}
Wrote results/subtle_1layer_stieltjes_q16.0_seq128_embd16_h1_initfix_ascend/accuracy_eval_seq1024_arr120.json
{"checkpoint": "results/subtle_1layer_stieltjes_q16.0_seq128_embd16_h1_initfix_ascend/model.pt", "task": "needle", "attn": "stieltjes", "q": 16.0, "seq_len": 1024, "val_samples": 1000, "seed": 42, "accuracy_fixed": 0.228, "accuracy_all": 0.020259024524662442, "accuracy_input_echo": 0.01794371691278908, "output_token_count": 1000, "input_token_count": 89725, "all_token_count": 90725, "output_start_stats": {"n": 1000, "min": 60, "max": 120, "mean": 89.7249984741211}}
Wrote results/subtle_1layer_stieltjes_q16.0_seq128_embd16_h1_initfix_ascend/accuracy_eval_seq2048_arr120.json
{"checkpoint": "results/subtle_1layer_stieltjes_q16.0_seq128_embd16_h1_initfix_ascend/model.pt", "task": "needle", "attn": "stieltjes", "q": 16.0, "seq_len": 2048, "val_samples": 1000, "seed": 42, "accuracy_fixed": 0.228, "accuracy_all": 0.020259024524662442, "accuracy_input_echo": 0.01794371691278908, "output_token_count": 1000, "input_token_count": 89725, "all_token_count": 90725, "output_start_stats": {"n": 1000, "min": 60, "max": 120, "mean": 89.7249984741211}}
Wrote results/subtle_1layer_stieltjes_q16.0_seq128_embd16_h1_initfix_ascend/accuracy_eval_seq4096_arr120.json
{"checkpoint": "results/subtle_1layer_stieltjes_q16.0_seq128_embd16_h1_initfix_ascend/model.pt", "task": "needle", "attn": "stieltjes", "q": 16.0, "seq_len": 4096, "val_samples": 1000, "seed": 42, "accuracy_fixed": 0.228, "accuracy_all": 0.020259024524662442, "accuracy_input_echo": 0.01794371691278908, "output_token_count": 1000, "input_token_count": 89725, "all_token_count": 90725, "output_start_stats": {"n": 1000, "min": 60, "max": 120, "mean": 89.7249984741211}}
Wrote results/subtle_1layer_stieltjes_q16.0_seq128_embd16_h1_initfix_ascend/accuracy_eval_seq8192_arr120.json
{"checkpoint": "results/subtle_1layer_stieltjes_q16.0_seq128_embd16_h1_initfix_ascend/model.pt", "task": "needle", "attn": "stieltjes", "q": 16.0, "seq_len": 8192, "val_samples": 1000, "seed": 42, "accuracy_fixed": 0.228, "accuracy_all": 0.020259024524662442, "accuracy_input_echo": 0.01794371691278908, "output_token_count": 1000, "input_token_count": 89725, "all_token_count": 90725, "output_start_stats": {"n": 1000, "min": 60, "max": 120, "mean": 89.7249984741211}}
DONE results/subtle_1layer_stieltjes_q16.0_seq128_embd16_h1_initfix_ascend
