=== MAX embd-scan: stieltjes_q1.0 n_embd=8 n_head=1 ===
Using device: cuda
Generating training data...
Generating validation data...
Model parameters: 2,952
Using bf16 autocast for forward pass (memory optimization at long context)
Epoch   1/30 | train_loss=4.7203 | val_loss=4.3023 | val_acc=0.2853 | time=4.8s
Epoch   2/30 | train_loss=4.2391 | val_loss=4.2034 | val_acc=0.2853 | time=4.4s
Epoch   3/30 | train_loss=4.1977 | val_loss=4.1892 | val_acc=0.2853 | time=4.4s
Epoch   4/30 | train_loss=4.1853 | val_loss=4.1763 | val_acc=0.2853 | time=4.4s
Epoch   5/30 | train_loss=4.1707 | val_loss=4.1665 | val_acc=0.2888 | time=4.4s
Epoch   6/30 | train_loss=4.1630 | val_loss=4.1562 | val_acc=0.2895 | time=4.4s
Epoch   7/30 | train_loss=4.1532 | val_loss=4.1447 | val_acc=0.2900 | time=4.4s
Epoch   8/30 | train_loss=4.1446 | val_loss=4.1398 | val_acc=0.2978 | time=4.4s
Epoch   9/30 | train_loss=4.1410 | val_loss=4.1370 | val_acc=0.3008 | time=4.4s
Epoch  10/30 | train_loss=4.1387 | val_loss=4.1353 | val_acc=0.3018 | time=4.4s
Epoch  11/30 | train_loss=4.1372 | val_loss=4.1346 | val_acc=0.2990 | time=4.4s
Epoch  12/30 | train_loss=4.1363 | val_loss=4.1338 | val_acc=0.3010 | time=4.4s
Epoch  13/30 | train_loss=4.1355 | val_loss=4.1355 | val_acc=0.3035 | time=4.4s
Epoch  14/30 | train_loss=4.1350 | val_loss=4.1341 | val_acc=0.3013 | time=4.4s
Epoch  15/30 | train_loss=4.1345 | val_loss=4.1338 | val_acc=0.3013 | time=4.4s
Epoch  16/30 | train_loss=4.1342 | val_loss=4.1344 | val_acc=0.3013 | time=4.4s
Epoch  17/30 | train_loss=4.1337 | val_loss=4.1343 | val_acc=0.3025 | time=4.4s
Epoch  18/30 | train_loss=4.1335 | val_loss=4.1347 | val_acc=0.3025 | time=4.4s
Epoch  19/30 | train_loss=4.1332 | val_loss=4.1365 | val_acc=0.3035 | time=4.4s
Epoch  20/30 | train_loss=4.1330 | val_loss=4.1348 | val_acc=0.3018 | time=4.4s
Epoch  21/30 | train_loss=4.1326 | val_loss=4.1344 | val_acc=0.3008 | time=4.4s
Epoch  22/30 | train_loss=4.1325 | val_loss=4.1340 | val_acc=0.3008 | time=4.4s
Epoch  23/30 | train_loss=4.1322 | val_loss=4.1347 | val_acc=0.3033 | time=4.4s
Epoch  24/30 | train_loss=4.1321 | val_loss=4.1369 | val_acc=0.3008 | time=4.4s
Epoch  25/30 | train_loss=4.1319 | val_loss=4.1371 | val_acc=0.2995 | time=4.4s
Epoch  26/30 | train_loss=4.1316 | val_loss=4.1373 | val_acc=0.2980 | time=4.4s
Epoch  27/30 | train_loss=4.1317 | val_loss=4.1400 | val_acc=0.3030 | time=4.4s
Epoch  28/30 | train_loss=4.1315 | val_loss=4.1420 | val_acc=0.3003 | time=4.4s
Epoch  29/30 | train_loss=4.1314 | val_loss=4.1415 | val_acc=0.2968 | time=4.4s
Epoch  30/30 | train_loss=4.1313 | val_loss=4.1405 | val_acc=0.3040 | time=4.4s
Model saved to results/max_1layer_stieltjes_q1.0_seq128_embd8_h1_initfix_ascend/model.pt
Metrics saved to results/max_1layer_stieltjes_q1.0_seq128_embd8_h1_initfix_ascend/metrics.csv
Wrote results/max_1layer_stieltjes_q1.0_seq128_embd8_h1_initfix_ascend/accuracy_eval_seq128_arr120_first1.json
{"checkpoint": "results/max_1layer_stieltjes_q1.0_seq128_embd8_h1_initfix_ascend/model.pt", "task": "max", "attn": "stieltjes", "q": 1.0, "seq_len": 128, "val_samples": 1000, "seed": 42, "accuracy_fixed": 0.561, "accuracy_all": 0.028802684522052542, "accuracy_input_echo": 0.019977873623114047, "output_token_count": 1000, "input_token_count": 62369, "all_token_count": 64369, "output_start_stats": {"n": 1000, "min": 4, "max": 120, "mean": 62.36899948120117}}
Wrote results/max_1layer_stieltjes_q1.0_seq128_embd8_h1_initfix_ascend/accuracy_eval_seq256_arr120_first1.json
{"checkpoint": "results/max_1layer_stieltjes_q1.0_seq128_embd8_h1_initfix_ascend/model.pt", "task": "max", "attn": "stieltjes", "q": 1.0, "seq_len": 256, "val_samples": 1000, "seed": 42, "accuracy_fixed": 0.561, "accuracy_all": 0.028802684522052542, "accuracy_input_echo": 0.019977873623114047, "output_token_count": 1000, "input_token_count": 62369, "all_token_count": 64369, "output_start_stats": {"n": 1000, "min": 4, "max": 120, "mean": 62.36899948120117}}
Wrote results/max_1layer_stieltjes_q1.0_seq128_embd8_h1_initfix_ascend/accuracy_eval_seq512_arr120_first1.json
{"checkpoint": "results/max_1layer_stieltjes_q1.0_seq128_embd8_h1_initfix_ascend/model.pt", "task": "max", "attn": "stieltjes", "q": 1.0, "seq_len": 512, "val_samples": 1000, "seed": 42, "accuracy_fixed": 0.561, "accuracy_all": 0.028802684522052542, "accuracy_input_echo": 0.019977873623114047, "output_token_count": 1000, "input_token_count": 62369, "all_token_count": 64369, "output_start_stats": {"n": 1000, "min": 4, "max": 120, "mean": 62.36899948120117}}
Wrote results/max_1layer_stieltjes_q1.0_seq128_embd8_h1_initfix_ascend/accuracy_eval_seq1024_arr120_first1.json
{"checkpoint": "results/max_1layer_stieltjes_q1.0_seq128_embd8_h1_initfix_ascend/model.pt", "task": "max", "attn": "stieltjes", "q": 1.0, "seq_len": 1024, "val_samples": 1000, "seed": 42, "accuracy_fixed": 0.561, "accuracy_all": 0.028802684522052542, "accuracy_input_echo": 0.019977873623114047, "output_token_count": 1000, "input_token_count": 62369, "all_token_count": 64369, "output_start_stats": {"n": 1000, "min": 4, "max": 120, "mean": 62.36899948120117}}
Wrote results/max_1layer_stieltjes_q1.0_seq128_embd8_h1_initfix_ascend/accuracy_eval_seq2048_arr120_first1.json
{"checkpoint": "results/max_1layer_stieltjes_q1.0_seq128_embd8_h1_initfix_ascend/model.pt", "task": "max", "attn": "stieltjes", "q": 1.0, "seq_len": 2048, "val_samples": 1000, "seed": 42, "accuracy_fixed": 0.561, "accuracy_all": 0.028802684522052542, "accuracy_input_echo": 0.019977873623114047, "output_token_count": 1000, "input_token_count": 62369, "all_token_count": 64369, "output_start_stats": {"n": 1000, "min": 4, "max": 120, "mean": 62.36899948120117}}
Wrote results/max_1layer_stieltjes_q1.0_seq128_embd8_h1_initfix_ascend/accuracy_eval_seq4096_arr120_first1.json
{"checkpoint": "results/max_1layer_stieltjes_q1.0_seq128_embd8_h1_initfix_ascend/model.pt", "task": "max", "attn": "stieltjes", "q": 1.0, "seq_len": 4096, "val_samples": 1000, "seed": 42, "accuracy_fixed": 0.561, "accuracy_all": 0.028802684522052542, "accuracy_input_echo": 0.019977873623114047, "output_token_count": 1000, "input_token_count": 62369, "all_token_count": 64369, "output_start_stats": {"n": 1000, "min": 4, "max": 120, "mean": 62.36899948120117}}
Wrote results/max_1layer_stieltjes_q1.0_seq128_embd8_h1_initfix_ascend/accuracy_eval_seq8192_arr120_first1.json
{"checkpoint": "results/max_1layer_stieltjes_q1.0_seq128_embd8_h1_initfix_ascend/model.pt", "task": "max", "attn": "stieltjes", "q": 1.0, "seq_len": 8192, "val_samples": 1000, "seed": 42, "accuracy_fixed": 0.561, "accuracy_all": 0.028802684522052542, "accuracy_input_echo": 0.019977873623114047, "output_token_count": 1000, "input_token_count": 62369, "all_token_count": 64369, "output_start_stats": {"n": 1000, "min": 4, "max": 120, "mean": 62.36899948120117}}
DONE results/max_1layer_stieltjes_q1.0_seq128_embd8_h1_initfix_ascend
