=== subtle-needle 1-layer stieltjes_q16.0 seq=4096 NoPE ascend ===
Wed Apr 15 22:02:51 2026       
+-----------------------------------------------------------------------------------------+
| NVIDIA-SMI 580.95.05              Driver Version: 580.95.05      CUDA Version: 13.0     |
+-----------------------------------------+------------------------+----------------------+
| GPU  Name                 Persistence-M | Bus-Id          Disp.A | Volatile Uncorr. ECC |
| Fan  Temp   Perf          Pwr:Usage/Cap |           Memory-Usage | GPU-Util  Compute M. |
|                                         |                        |               MIG M. |
|=========================================+========================+======================|
|   0  NVIDIA A100-PCIE-40GB          On  |   00000000:25:00.0 Off |                    0 |
| N/A   30C    P0             34W /  250W |       0MiB /  40960MiB |      0%      Default |
|                                         |                        |             Disabled |
+-----------------------------------------+------------------------+----------------------+

+-----------------------------------------------------------------------------------------+
| Processes:                                                                              |
|  GPU   GI   CI              PID   Type   Process name                        GPU Memory |
|        ID   ID                                                               Usage      |
|=========================================================================================|
|  No running processes found                                                             |
+-----------------------------------------------------------------------------------------+
Using device: cuda
Generating training data...
Generating validation data...
Model parameters: 1,874,304
Using bf16 autocast for forward pass (memory optimization at long context)
Epoch   1/30 | train_loss=4.8502 | val_loss=4.8508 | val_acc=1.0000 | time=1034.9s
Epoch   2/30 | train_loss=4.8482 | val_loss=4.8492 | val_acc=1.0000 | time=1034.3s
Epoch   3/30 | train_loss=4.8499 | val_loss=4.8553 | val_acc=0.5395 | time=1033.3s
Epoch   4/30 | train_loss=4.8529 | val_loss=4.8562 | val_acc=0.0925 | time=1032.8s
Epoch   5/30 | train_loss=4.8558 | val_loss=4.8672 | val_acc=0.4990 | time=1033.0s
Epoch   6/30 | train_loss=4.8627 | val_loss=4.8712 | val_acc=0.7035 | time=1033.0s
Epoch   7/30 | train_loss=4.8640 | val_loss=4.8777 | val_acc=0.2870 | time=1033.1s
Epoch   8/30 | train_loss=4.8777 | val_loss=4.9132 | val_acc=0.9930 | time=1033.0s
Epoch   9/30 | train_loss=4.8889 | val_loss=4.9591 | val_acc=0.1120 | time=1032.9s
Epoch  10/30 | train_loss=4.8921 | val_loss=4.8507 | val_acc=0.6890 | time=1032.9s
Epoch  11/30 | train_loss=4.9331 | val_loss=4.8481 | val_acc=0.2620 | time=1033.0s
Epoch  12/30 | train_loss=4.9518 | val_loss=4.9248 | val_acc=0.9620 | time=1033.3s
Epoch  13/30 | train_loss=4.9578 | val_loss=5.0428 | val_acc=0.9995 | time=1033.2s
[2026-04-16T02:03:01.699] error: *** JOB 4932971 ON a0226 CANCELLED AT 2026-04-16T02:03:01 DUE TO TIME LIMIT ***
