=== subtle-needle 1-head toy stieltjes_q16.0 seq=128 d=64 NoPE ===
Thu Apr 16 00:22:40 2026       
+-----------------------------------------------------------------------------------------+
| NVIDIA-SMI 580.95.05              Driver Version: 580.95.05      CUDA Version: 13.0     |
+-----------------------------------------+------------------------+----------------------+
| GPU  Name                 Persistence-M | Bus-Id          Disp.A | Volatile Uncorr. ECC |
| Fan  Temp   Perf          Pwr:Usage/Cap |           Memory-Usage | GPU-Util  Compute M. |
|                                         |                        |               MIG M. |
|=========================================+========================+======================|
|   0  NVIDIA A100-PCIE-40GB          On  |   00000000:81:00.0 Off |                    0 |
| N/A   21C    P0             36W /  250W |       0MiB /  40960MiB |      0%      Default |
|                                         |                        |             Disabled |
+-----------------------------------------+------------------------+----------------------+

+-----------------------------------------------------------------------------------------+
| Processes:                                                                              |
|  GPU   GI   CI              PID   Type   Process name                        GPU Memory |
|        ID   ID                                                               Usage      |
|=========================================================================================|
|  No running processes found                                                             |
+-----------------------------------------------------------------------------------------+
Using device: cuda
Generating training data...
Generating validation data...
Model parameters: 66,624
Using bf16 autocast for forward pass (memory optimization at long context)
Epoch   1/50 | train_loss=4.8982 | val_loss=4.8257 | val_acc=0.5095 | time=6.3s
Epoch   2/50 | train_loss=4.8243 | val_loss=4.8191 | val_acc=0.5095 | time=4.7s
Epoch   3/50 | train_loss=4.8159 | val_loss=4.8156 | val_acc=0.5725 | time=4.7s
Epoch   4/50 | train_loss=4.8112 | val_loss=4.8112 | val_acc=0.7595 | time=4.7s
Epoch   5/50 | train_loss=4.8090 | val_loss=4.8114 | val_acc=0.8050 | time=4.7s
Epoch   6/50 | train_loss=4.8076 | val_loss=4.8078 | val_acc=0.7425 | time=4.7s
Epoch   7/50 | train_loss=4.8067 | val_loss=4.8076 | val_acc=0.7575 | time=4.7s
Epoch   8/50 | train_loss=4.8060 | val_loss=4.8056 | val_acc=0.8225 | time=4.7s
Epoch   9/50 | train_loss=4.8052 | val_loss=4.8043 | val_acc=0.9360 | time=4.7s
Epoch  10/50 | train_loss=4.8048 | val_loss=4.8037 | val_acc=0.9385 | time=4.7s
Epoch  11/50 | train_loss=4.8044 | val_loss=4.8077 | val_acc=0.6865 | time=4.7s
Epoch  12/50 | train_loss=4.8038 | val_loss=4.8184 | val_acc=0.5105 | time=4.7s
Epoch  13/50 | train_loss=4.8036 | val_loss=4.8053 | val_acc=0.8680 | time=4.7s
Epoch  14/50 | train_loss=4.8034 | val_loss=4.8079 | val_acc=0.7975 | time=4.7s
Epoch  15/50 | train_loss=4.8032 | val_loss=4.8057 | val_acc=0.8240 | time=4.7s
Epoch  16/50 | train_loss=4.8030 | val_loss=4.8138 | val_acc=0.6215 | time=4.7s
Epoch  17/50 | train_loss=4.8029 | val_loss=4.8088 | val_acc=0.6540 | time=4.7s
Epoch  18/50 | train_loss=4.8027 | val_loss=4.8070 | val_acc=0.7460 | time=4.7s
Epoch  19/50 | train_loss=4.8024 | val_loss=4.8026 | val_acc=0.9460 | time=4.7s
Epoch  20/50 | train_loss=4.8022 | val_loss=4.8040 | val_acc=0.9250 | time=4.7s
Epoch  21/50 | train_loss=4.8022 | val_loss=4.8088 | val_acc=0.6740 | time=4.7s
Epoch  22/50 | train_loss=4.8020 | val_loss=4.8039 | val_acc=0.8990 | time=4.7s
Epoch  23/50 | train_loss=4.8020 | val_loss=4.8140 | val_acc=0.6325 | time=4.7s
Epoch  24/50 | train_loss=4.8018 | val_loss=4.8064 | val_acc=0.8315 | time=4.7s
Epoch  25/50 | train_loss=4.8018 | val_loss=4.8041 | val_acc=0.8580 | time=4.7s
Epoch  26/50 | train_loss=4.8017 | val_loss=4.8026 | val_acc=0.9310 | time=4.7s
Epoch  27/50 | train_loss=4.8017 | val_loss=4.8036 | val_acc=0.8865 | time=4.7s
Epoch  28/50 | train_loss=4.8017 | val_loss=4.8092 | val_acc=0.6585 | time=4.7s
Epoch  29/50 | train_loss=4.8016 | val_loss=4.8036 | val_acc=0.9160 | time=4.7s
Epoch  30/50 | train_loss=4.8017 | val_loss=4.8106 | val_acc=0.6845 | time=4.7s
Epoch  31/50 | train_loss=4.8016 | val_loss=4.8017 | val_acc=0.9850 | time=4.7s
Epoch  32/50 | train_loss=4.8016 | val_loss=4.8018 | val_acc=0.9560 | time=4.7s
Epoch  33/50 | train_loss=4.8016 | val_loss=4.8013 | val_acc=0.9885 | time=4.7s
Epoch  34/50 | train_loss=4.8016 | val_loss=4.8019 | val_acc=0.9745 | time=4.7s
Epoch  35/50 | train_loss=4.8015 | val_loss=4.8023 | val_acc=0.9620 | time=4.7s
Epoch  36/50 | train_loss=4.8016 | val_loss=4.8025 | val_acc=0.9875 | time=4.7s
Epoch  37/50 | train_loss=4.8016 | val_loss=4.8062 | val_acc=0.8090 | time=4.7s
Epoch  38/50 | train_loss=4.8016 | val_loss=4.8046 | val_acc=0.9155 | time=4.7s
Epoch  39/50 | train_loss=4.8016 | val_loss=4.8024 | val_acc=0.9455 | time=4.7s
Epoch  40/50 | train_loss=4.8014 | val_loss=4.8021 | val_acc=0.9835 | time=4.7s
Epoch  41/50 | train_loss=4.8014 | val_loss=4.8096 | val_acc=0.6690 | time=4.7s
Epoch  42/50 | train_loss=4.8015 | val_loss=4.8081 | val_acc=0.7550 | time=4.7s
Epoch  43/50 | train_loss=4.8015 | val_loss=4.8093 | val_acc=0.7815 | time=4.7s
Epoch  44/50 | train_loss=4.8014 | val_loss=4.8038 | val_acc=0.9190 | time=4.7s
Epoch  45/50 | train_loss=4.8014 | val_loss=4.8023 | val_acc=0.9655 | time=4.7s
Epoch  46/50 | train_loss=4.8014 | val_loss=4.8022 | val_acc=0.9850 | time=4.7s
Epoch  47/50 | train_loss=4.8011 | val_loss=4.8031 | val_acc=0.9795 | time=4.7s
Epoch  48/50 | train_loss=4.8014 | val_loss=4.8020 | val_acc=0.9870 | time=4.7s
Epoch  49/50 | train_loss=4.8015 | val_loss=4.8150 | val_acc=0.6110 | time=4.7s
Epoch  50/50 | train_loss=4.8014 | val_loss=4.8038 | val_acc=0.9215 | time=4.7s
Model saved to results/subtle_needle_1head_stieltjes_q16.0_seq128_d64_nope_ascend/model.pt
Metrics saved to results/subtle_needle_1head_stieltjes_q16.0_seq128_d64_nope_ascend/metrics.csv
=== eval at seq=128 (128/128x extrap) ===
Wrote results/subtle_needle_1head_stieltjes_q16.0_seq128_d64_nope_ascend/accuracy_eval_seq128_scaledarr.json
{"checkpoint": "results/subtle_needle_1head_stieltjes_q16.0_seq128_d64_nope_ascend/model.pt", "task": "needle", "attn": "stieltjes", "q": 16.0, "seq_len": 128, "val_samples": 2000, "seed": 42, "accuracy_fixed": 0.3225, "accuracy_all": 0.013897357304901428, "accuracy_input_echo": 0.010469372226449466, "output_token_count": 2000, "input_token_count": 180049, "all_token_count": 182049, "output_start_stats": {"n": 2000, "min": 60, "max": 120, "mean": 90.02449798583984}}
=== eval at seq=512 (512/128x extrap) ===
Wrote results/subtle_needle_1head_stieltjes_q16.0_seq128_d64_nope_ascend/accuracy_eval_seq512_scaledarr.json
{"checkpoint": "results/subtle_needle_1head_stieltjes_q16.0_seq128_d64_nope_ascend/model.pt", "task": "needle", "attn": "stieltjes", "q": 16.0, "seq_len": 512, "val_samples": 2000, "seed": 42, "accuracy_fixed": 0.0, "accuracy_all": 0.008116082987770015, "accuracy_input_echo": 0.008137473890898549, "output_token_count": 2000, "input_token_count": 758835, "all_token_count": 760835, "output_start_stats": {"n": 2000, "min": 252, "max": 504, "mean": 379.4175109863281}}
=== eval at seq=2048 (2048/128x extrap) ===
Wrote results/subtle_needle_1head_stieltjes_q16.0_seq128_d64_nope_ascend/accuracy_eval_seq2048_scaledarr.json
{"checkpoint": "results/subtle_needle_1head_stieltjes_q16.0_seq128_d64_nope_ascend/model.pt", "task": "needle", "attn": "stieltjes", "q": 16.0, "seq_len": 2048, "val_samples": 2000, "seed": 42, "accuracy_fixed": 0.0, "accuracy_all": 0.007865181406656185, "accuracy_input_echo": 0.00787033171755469, "output_token_count": 2000, "input_token_count": 3054255, "all_token_count": 3056255, "output_start_stats": {"n": 2000, "min": 1021, "max": 2039, "mean": 1527.12744140625}}
=== eval at seq=8192 (8192/128x extrap) ===
Wrote results/subtle_needle_1head_stieltjes_q16.0_seq128_d64_nope_ascend/accuracy_eval_seq8192_scaledarr.json
{"checkpoint": "results/subtle_needle_1head_stieltjes_q16.0_seq128_d64_nope_ascend/model.pt", "task": "needle", "attn": "stieltjes", "q": 16.0, "seq_len": 8192, "val_samples": 2000, "seed": 42, "accuracy_fixed": 0.0, "accuracy_all": 0.007886146694906422, "accuracy_input_echo": 0.007887425138440084, "output_token_count": 2000, "input_token_count": 12337106, "all_token_count": 12339106, "output_start_stats": {"n": 2000, "min": 4096, "max": 8182, "mean": 6168.55322265625}}
=== eval at seq=16384 (16384/128x extrap) ===
Wrote results/subtle_needle_1head_stieltjes_q16.0_seq128_d64_nope_ascend/accuracy_eval_seq16384_scaledarr.json
{"checkpoint": "results/subtle_needle_1head_stieltjes_q16.0_seq128_d64_nope_ascend/model.pt", "task": "needle", "attn": "stieltjes", "q": 16.0, "seq_len": 16384, "val_samples": 2000, "seed": 42, "accuracy_fixed": 0.0, "accuracy_all": 0.007881274842949496, "accuracy_input_echo": 0.007881917686294905, "output_token_count": 2000, "input_token_count": 24520048, "all_token_count": 24522048, "output_start_stats": {"n": 2000, "min": 8188, "max": 16364, "mean": 12260.0244140625}}
