=== TOP2 embd-scan: stieltjes_q16.0 n_embd=32 n_head=4 ===
Using device: cuda
Generating training data...
Generating validation data...
Model parameters: 21,024
Using bf16 autocast for forward pass (memory optimization at long context)
Epoch   1/30 | train_loss=4.5983 | val_loss=4.3666 | val_acc=0.0112 | time=5.6s
Epoch   2/30 | train_loss=4.3211 | val_loss=4.2862 | val_acc=0.0752 | time=4.7s
Epoch   3/30 | train_loss=4.2755 | val_loss=4.2577 | val_acc=0.1212 | time=4.7s
Epoch   4/30 | train_loss=4.2550 | val_loss=4.2423 | val_acc=0.1405 | time=4.7s
Epoch   5/30 | train_loss=4.2428 | val_loss=4.2316 | val_acc=0.1850 | time=4.7s
Epoch   6/30 | train_loss=4.2344 | val_loss=4.2264 | val_acc=0.1920 | time=4.6s
Epoch   7/30 | train_loss=4.2281 | val_loss=4.2195 | val_acc=0.2258 | time=4.6s
Epoch   8/30 | train_loss=4.2227 | val_loss=4.2133 | val_acc=0.2220 | time=4.7s
Epoch   9/30 | train_loss=4.2186 | val_loss=4.2097 | val_acc=0.2820 | time=4.6s
Epoch  10/30 | train_loss=4.2146 | val_loss=4.2079 | val_acc=0.2442 | time=4.6s
Epoch  11/30 | train_loss=4.2122 | val_loss=4.2059 | val_acc=0.2807 | time=4.6s
Epoch  12/30 | train_loss=4.2094 | val_loss=4.2018 | val_acc=0.2810 | time=4.6s
Epoch  13/30 | train_loss=4.2074 | val_loss=4.1998 | val_acc=0.3170 | time=4.6s
Epoch  14/30 | train_loss=4.2056 | val_loss=4.1992 | val_acc=0.3232 | time=4.6s
Epoch  15/30 | train_loss=4.2035 | val_loss=4.1970 | val_acc=0.3048 | time=4.6s
Epoch  16/30 | train_loss=4.2017 | val_loss=4.1947 | val_acc=0.3295 | time=4.7s
Epoch  17/30 | train_loss=4.2004 | val_loss=4.1937 | val_acc=0.3285 | time=4.6s
Epoch  18/30 | train_loss=4.1988 | val_loss=4.1935 | val_acc=0.3400 | time=4.6s
Epoch  19/30 | train_loss=4.1975 | val_loss=4.1914 | val_acc=0.3660 | time=4.6s
Epoch  20/30 | train_loss=4.1964 | val_loss=4.1891 | val_acc=0.3725 | time=4.6s
Epoch  21/30 | train_loss=4.1953 | val_loss=4.1884 | val_acc=0.4030 | time=4.6s
Epoch  22/30 | train_loss=4.1938 | val_loss=4.1856 | val_acc=0.3910 | time=4.6s
Epoch  23/30 | train_loss=4.1928 | val_loss=4.1872 | val_acc=0.4075 | time=4.6s
Epoch  24/30 | train_loss=4.1922 | val_loss=4.1841 | val_acc=0.4143 | time=4.6s
Epoch  25/30 | train_loss=4.1908 | val_loss=4.1849 | val_acc=0.4290 | time=4.6s
Epoch  26/30 | train_loss=4.1902 | val_loss=4.1827 | val_acc=0.4547 | time=4.6s
Epoch  27/30 | train_loss=4.1894 | val_loss=4.1819 | val_acc=0.4377 | time=4.6s
Epoch  28/30 | train_loss=4.1888 | val_loss=4.1823 | val_acc=0.4042 | time=4.6s
Epoch  29/30 | train_loss=4.1878 | val_loss=4.1801 | val_acc=0.4320 | time=4.7s
Epoch  30/30 | train_loss=4.1870 | val_loss=4.1799 | val_acc=0.4320 | time=4.6s
Model saved to results/top2_1layer_stieltjes_q16.0_seq128_embd32_h4_initfix_ascend/model.pt
Metrics saved to results/top2_1layer_stieltjes_q16.0_seq128_embd32_h4_initfix_ascend/metrics.csv
Wrote results/top2_1layer_stieltjes_q16.0_seq128_embd32_h4_initfix_ascend/accuracy_eval_seq128_arr120.json
{"checkpoint": "results/top2_1layer_stieltjes_q16.0_seq128_embd32_h4_initfix_ascend/model.pt", "task": "top2_needle", "attn": "stieltjes", "q": 16.0, "seq_len": 128, "val_samples": 1000, "seed": 42, "accuracy_fixed": 0.4235, "accuracy_all": 0.03144599017107582, "accuracy_input_echo": 0.022671575484260825, "output_token_count": 2000, "input_token_count": 89363, "all_token_count": 91363, "output_start_stats": {"n": 1000, "min": 60, "max": 120, "mean": 89.36299896240234}}
Wrote results/top2_1layer_stieltjes_q16.0_seq128_embd32_h4_initfix_ascend/accuracy_eval_seq256_arr120.json
{"checkpoint": "results/top2_1layer_stieltjes_q16.0_seq128_embd32_h4_initfix_ascend/model.pt", "task": "top2_needle", "attn": "stieltjes", "q": 16.0, "seq_len": 256, "val_samples": 1000, "seed": 42, "accuracy_fixed": 0.4235, "accuracy_all": 0.03144599017107582, "accuracy_input_echo": 0.022671575484260825, "output_token_count": 2000, "input_token_count": 89363, "all_token_count": 91363, "output_start_stats": {"n": 1000, "min": 60, "max": 120, "mean": 89.36299896240234}}
Wrote results/top2_1layer_stieltjes_q16.0_seq128_embd32_h4_initfix_ascend/accuracy_eval_seq512_arr120.json
{"checkpoint": "results/top2_1layer_stieltjes_q16.0_seq128_embd32_h4_initfix_ascend/model.pt", "task": "top2_needle", "attn": "stieltjes", "q": 16.0, "seq_len": 512, "val_samples": 1000, "seed": 42, "accuracy_fixed": 0.4235, "accuracy_all": 0.03144599017107582, "accuracy_input_echo": 0.022671575484260825, "output_token_count": 2000, "input_token_count": 89363, "all_token_count": 91363, "output_start_stats": {"n": 1000, "min": 60, "max": 120, "mean": 89.36299896240234}}
Wrote results/top2_1layer_stieltjes_q16.0_seq128_embd32_h4_initfix_ascend/accuracy_eval_seq1024_arr120.json
{"checkpoint": "results/top2_1layer_stieltjes_q16.0_seq128_embd32_h4_initfix_ascend/model.pt", "task": "top2_needle", "attn": "stieltjes", "q": 16.0, "seq_len": 1024, "val_samples": 1000, "seed": 42, "accuracy_fixed": 0.4235, "accuracy_all": 0.03144599017107582, "accuracy_input_echo": 0.022671575484260825, "output_token_count": 2000, "input_token_count": 89363, "all_token_count": 91363, "output_start_stats": {"n": 1000, "min": 60, "max": 120, "mean": 89.36299896240234}}
Wrote results/top2_1layer_stieltjes_q16.0_seq128_embd32_h4_initfix_ascend/accuracy_eval_seq2048_arr120.json
{"checkpoint": "results/top2_1layer_stieltjes_q16.0_seq128_embd32_h4_initfix_ascend/model.pt", "task": "top2_needle", "attn": "stieltjes", "q": 16.0, "seq_len": 2048, "val_samples": 1000, "seed": 42, "accuracy_fixed": 0.4235, "accuracy_all": 0.03144599017107582, "accuracy_input_echo": 0.022671575484260825, "output_token_count": 2000, "input_token_count": 89363, "all_token_count": 91363, "output_start_stats": {"n": 1000, "min": 60, "max": 120, "mean": 89.36299896240234}}
Wrote results/top2_1layer_stieltjes_q16.0_seq128_embd32_h4_initfix_ascend/accuracy_eval_seq4096_arr120.json
{"checkpoint": "results/top2_1layer_stieltjes_q16.0_seq128_embd32_h4_initfix_ascend/model.pt", "task": "top2_needle", "attn": "stieltjes", "q": 16.0, "seq_len": 4096, "val_samples": 1000, "seed": 42, "accuracy_fixed": 0.4235, "accuracy_all": 0.03144599017107582, "accuracy_input_echo": 0.022671575484260825, "output_token_count": 2000, "input_token_count": 89363, "all_token_count": 91363, "output_start_stats": {"n": 1000, "min": 60, "max": 120, "mean": 89.36299896240234}}
Wrote results/top2_1layer_stieltjes_q16.0_seq128_embd32_h4_initfix_ascend/accuracy_eval_seq8192_arr120.json
{"checkpoint": "results/top2_1layer_stieltjes_q16.0_seq128_embd32_h4_initfix_ascend/model.pt", "task": "top2_needle", "attn": "stieltjes", "q": 16.0, "seq_len": 8192, "val_samples": 1000, "seed": 42, "accuracy_fixed": 0.4235, "accuracy_all": 0.03144599017107582, "accuracy_input_echo": 0.022671575484260825, "output_token_count": 2000, "input_token_count": 89363, "all_token_count": 91363, "output_start_stats": {"n": 1000, "min": 60, "max": 120, "mean": 89.36299896240234}}
DONE results/top2_1layer_stieltjes_q16.0_seq128_embd32_h4_initfix_ascend
