=== MAX embd-scan: stieltjes_q2.0 n_embd=8 n_head=1 ===
Using device: cuda
Generating training data...
Generating validation data...
Model parameters: 2,952
Using bf16 autocast for forward pass (memory optimization at long context)
Epoch   1/30 | train_loss=4.7280 | val_loss=4.3062 | val_acc=0.2853 | time=4.9s
Epoch   2/30 | train_loss=4.2411 | val_loss=4.2062 | val_acc=0.2853 | time=4.5s
Epoch   3/30 | train_loss=4.1984 | val_loss=4.1883 | val_acc=0.2853 | time=4.5s
Epoch   4/30 | train_loss=4.1883 | val_loss=4.1872 | val_acc=0.2853 | time=4.5s
Epoch   5/30 | train_loss=4.1780 | val_loss=4.1772 | val_acc=0.2855 | time=4.5s
Epoch   6/30 | train_loss=4.1661 | val_loss=4.1693 | val_acc=0.2858 | time=4.5s
Epoch   7/30 | train_loss=4.1580 | val_loss=4.1494 | val_acc=0.2880 | time=4.5s
Epoch   8/30 | train_loss=4.1463 | val_loss=4.1416 | val_acc=0.2925 | time=4.5s
Epoch   9/30 | train_loss=4.1409 | val_loss=4.1394 | val_acc=0.2938 | time=4.5s
Epoch  10/30 | train_loss=4.1384 | val_loss=4.1376 | val_acc=0.2938 | time=4.5s
Epoch  11/30 | train_loss=4.1370 | val_loss=4.1381 | val_acc=0.2955 | time=4.5s
Epoch  12/30 | train_loss=4.1359 | val_loss=4.1353 | val_acc=0.2963 | time=4.5s
Epoch  13/30 | train_loss=4.1352 | val_loss=4.1366 | val_acc=0.2995 | time=4.5s
Epoch  14/30 | train_loss=4.1346 | val_loss=4.1348 | val_acc=0.2968 | time=4.5s
Epoch  15/30 | train_loss=4.1342 | val_loss=4.1328 | val_acc=0.2965 | time=4.5s
Epoch  16/30 | train_loss=4.1338 | val_loss=4.1334 | val_acc=0.2930 | time=4.5s
Epoch  17/30 | train_loss=4.1334 | val_loss=4.1337 | val_acc=0.2950 | time=4.5s
Epoch  18/30 | train_loss=4.1333 | val_loss=4.1328 | val_acc=0.3000 | time=4.5s
Epoch  19/30 | train_loss=4.1330 | val_loss=4.1329 | val_acc=0.2998 | time=4.5s
Epoch  20/30 | train_loss=4.1327 | val_loss=4.1322 | val_acc=0.2995 | time=4.5s
Epoch  21/30 | train_loss=4.1327 | val_loss=4.1326 | val_acc=0.2955 | time=4.5s
Epoch  22/30 | train_loss=4.1323 | val_loss=4.1307 | val_acc=0.2965 | time=4.5s
Epoch  23/30 | train_loss=4.1321 | val_loss=4.1317 | val_acc=0.2998 | time=4.5s
Epoch  24/30 | train_loss=4.1319 | val_loss=4.1323 | val_acc=0.2970 | time=4.5s
Epoch  25/30 | train_loss=4.1319 | val_loss=4.1318 | val_acc=0.2970 | time=4.5s
Epoch  26/30 | train_loss=4.1315 | val_loss=4.1318 | val_acc=0.2953 | time=4.5s
Epoch  27/30 | train_loss=4.1314 | val_loss=4.1321 | val_acc=0.3015 | time=4.5s
Epoch  28/30 | train_loss=4.1314 | val_loss=4.1322 | val_acc=0.3003 | time=4.5s
Epoch  29/30 | train_loss=4.1312 | val_loss=4.1313 | val_acc=0.2958 | time=4.5s
Epoch  30/30 | train_loss=4.1310 | val_loss=4.1301 | val_acc=0.3010 | time=4.5s
Model saved to results/max_1layer_stieltjes_q2.0_seq128_embd8_h1_initfix_ascend/model.pt
Metrics saved to results/max_1layer_stieltjes_q2.0_seq128_embd8_h1_initfix_ascend/metrics.csv
Wrote results/max_1layer_stieltjes_q2.0_seq128_embd8_h1_initfix_ascend/accuracy_eval_seq128_arr120_first1.json
{"checkpoint": "results/max_1layer_stieltjes_q2.0_seq128_embd8_h1_initfix_ascend/model.pt", "task": "max", "attn": "stieltjes", "q": 2.0, "seq_len": 128, "val_samples": 1000, "seed": 42, "accuracy_fixed": 0.561, "accuracy_all": 0.028445369665522222, "accuracy_input_echo": 0.019721335920088505, "output_token_count": 1000, "input_token_count": 62369, "all_token_count": 64369, "output_start_stats": {"n": 1000, "min": 4, "max": 120, "mean": 62.36899948120117}}
Wrote results/max_1layer_stieltjes_q2.0_seq128_embd8_h1_initfix_ascend/accuracy_eval_seq256_arr120_first1.json
{"checkpoint": "results/max_1layer_stieltjes_q2.0_seq128_embd8_h1_initfix_ascend/model.pt", "task": "max", "attn": "stieltjes", "q": 2.0, "seq_len": 256, "val_samples": 1000, "seed": 42, "accuracy_fixed": 0.561, "accuracy_all": 0.028445369665522222, "accuracy_input_echo": 0.019721335920088505, "output_token_count": 1000, "input_token_count": 62369, "all_token_count": 64369, "output_start_stats": {"n": 1000, "min": 4, "max": 120, "mean": 62.36899948120117}}
Wrote results/max_1layer_stieltjes_q2.0_seq128_embd8_h1_initfix_ascend/accuracy_eval_seq512_arr120_first1.json
{"checkpoint": "results/max_1layer_stieltjes_q2.0_seq128_embd8_h1_initfix_ascend/model.pt", "task": "max", "attn": "stieltjes", "q": 2.0, "seq_len": 512, "val_samples": 1000, "seed": 42, "accuracy_fixed": 0.561, "accuracy_all": 0.028445369665522222, "accuracy_input_echo": 0.019721335920088505, "output_token_count": 1000, "input_token_count": 62369, "all_token_count": 64369, "output_start_stats": {"n": 1000, "min": 4, "max": 120, "mean": 62.36899948120117}}
Wrote results/max_1layer_stieltjes_q2.0_seq128_embd8_h1_initfix_ascend/accuracy_eval_seq1024_arr120_first1.json
{"checkpoint": "results/max_1layer_stieltjes_q2.0_seq128_embd8_h1_initfix_ascend/model.pt", "task": "max", "attn": "stieltjes", "q": 2.0, "seq_len": 1024, "val_samples": 1000, "seed": 42, "accuracy_fixed": 0.561, "accuracy_all": 0.028445369665522222, "accuracy_input_echo": 0.019721335920088505, "output_token_count": 1000, "input_token_count": 62369, "all_token_count": 64369, "output_start_stats": {"n": 1000, "min": 4, "max": 120, "mean": 62.36899948120117}}
Wrote results/max_1layer_stieltjes_q2.0_seq128_embd8_h1_initfix_ascend/accuracy_eval_seq2048_arr120_first1.json
{"checkpoint": "results/max_1layer_stieltjes_q2.0_seq128_embd8_h1_initfix_ascend/model.pt", "task": "max", "attn": "stieltjes", "q": 2.0, "seq_len": 2048, "val_samples": 1000, "seed": 42, "accuracy_fixed": 0.561, "accuracy_all": 0.028445369665522222, "accuracy_input_echo": 0.019721335920088505, "output_token_count": 1000, "input_token_count": 62369, "all_token_count": 64369, "output_start_stats": {"n": 1000, "min": 4, "max": 120, "mean": 62.36899948120117}}
Wrote results/max_1layer_stieltjes_q2.0_seq128_embd8_h1_initfix_ascend/accuracy_eval_seq4096_arr120_first1.json
{"checkpoint": "results/max_1layer_stieltjes_q2.0_seq128_embd8_h1_initfix_ascend/model.pt", "task": "max", "attn": "stieltjes", "q": 2.0, "seq_len": 4096, "val_samples": 1000, "seed": 42, "accuracy_fixed": 0.561, "accuracy_all": 0.028445369665522222, "accuracy_input_echo": 0.019721335920088505, "output_token_count": 1000, "input_token_count": 62369, "all_token_count": 64369, "output_start_stats": {"n": 1000, "min": 4, "max": 120, "mean": 62.36899948120117}}
Wrote results/max_1layer_stieltjes_q2.0_seq128_embd8_h1_initfix_ascend/accuracy_eval_seq8192_arr120_first1.json
{"checkpoint": "results/max_1layer_stieltjes_q2.0_seq128_embd8_h1_initfix_ascend/model.pt", "task": "max", "attn": "stieltjes", "q": 2.0, "seq_len": 8192, "val_samples": 1000, "seed": 42, "accuracy_fixed": 0.561, "accuracy_all": 0.028445369665522222, "accuracy_input_echo": 0.019721335920088505, "output_token_count": 1000, "input_token_count": 62369, "all_token_count": 64369, "output_start_stats": {"n": 1000, "min": 4, "max": 120, "mean": 62.36899948120117}}
DONE results/max_1layer_stieltjes_q2.0_seq128_embd8_h1_initfix_ascend
