=== MAX embd-scan: stieltjes_q8.0 n_embd=16 n_head=1 ===
Using device: cuda
Generating training data...
Generating validation data...
Model parameters: 7,440
Using bf16 autocast for forward pass (memory optimization at long context)
Epoch   1/30 | train_loss=4.5180 | val_loss=4.2253 | val_acc=0.2853 | time=5.1s
Epoch   2/30 | train_loss=4.2006 | val_loss=4.1812 | val_acc=0.2853 | time=4.5s
Epoch   3/30 | train_loss=4.1651 | val_loss=4.1498 | val_acc=0.2930 | time=4.5s
Epoch   4/30 | train_loss=4.1465 | val_loss=4.1430 | val_acc=0.3038 | time=4.5s
Epoch   5/30 | train_loss=4.1406 | val_loss=4.1385 | val_acc=0.3063 | time=4.5s
Epoch   6/30 | train_loss=4.1374 | val_loss=4.1369 | val_acc=0.3065 | time=4.5s
Epoch   7/30 | train_loss=4.1356 | val_loss=4.1348 | val_acc=0.3060 | time=4.5s
Epoch   8/30 | train_loss=4.1343 | val_loss=4.1358 | val_acc=0.3060 | time=4.5s
Epoch   9/30 | train_loss=4.1334 | val_loss=4.1332 | val_acc=0.3065 | time=4.5s
Epoch  10/30 | train_loss=4.1328 | val_loss=4.1330 | val_acc=0.3060 | time=4.5s
Epoch  11/30 | train_loss=4.1321 | val_loss=4.1329 | val_acc=0.3055 | time=4.5s
Epoch  12/30 | train_loss=4.1316 | val_loss=4.1340 | val_acc=0.3063 | time=4.5s
Epoch  13/30 | train_loss=4.1314 | val_loss=4.1322 | val_acc=0.3065 | time=4.5s
Epoch  14/30 | train_loss=4.1312 | val_loss=4.1312 | val_acc=0.3060 | time=4.5s
Epoch  15/30 | train_loss=4.1310 | val_loss=4.1321 | val_acc=0.3030 | time=4.5s
Epoch  16/30 | train_loss=4.1300 | val_loss=4.1294 | val_acc=0.3033 | time=4.5s
Epoch  17/30 | train_loss=4.1271 | val_loss=4.1262 | val_acc=0.3885 | time=4.5s
Epoch  18/30 | train_loss=4.1234 | val_loss=4.1232 | val_acc=0.4010 | time=4.5s
Epoch  19/30 | train_loss=4.1216 | val_loss=4.1239 | val_acc=0.4017 | time=4.5s
Epoch  20/30 | train_loss=4.1206 | val_loss=4.1246 | val_acc=0.3975 | time=4.5s
Epoch  21/30 | train_loss=4.1197 | val_loss=4.1218 | val_acc=0.4250 | time=4.5s
Epoch  22/30 | train_loss=4.1187 | val_loss=4.1216 | val_acc=0.4365 | time=4.5s
Epoch  23/30 | train_loss=4.1177 | val_loss=4.1221 | val_acc=0.4432 | time=4.5s
Epoch  24/30 | train_loss=4.1168 | val_loss=4.1183 | val_acc=0.4467 | time=4.5s
Epoch  25/30 | train_loss=4.1160 | val_loss=4.1189 | val_acc=0.4485 | time=4.5s
Epoch  26/30 | train_loss=4.1154 | val_loss=4.1160 | val_acc=0.4490 | time=4.5s
Epoch  27/30 | train_loss=4.1150 | val_loss=4.1159 | val_acc=0.4502 | time=4.5s
Epoch  28/30 | train_loss=4.1145 | val_loss=4.1161 | val_acc=0.4482 | time=4.5s
Epoch  29/30 | train_loss=4.1141 | val_loss=4.1155 | val_acc=0.4560 | time=4.5s
Epoch  30/30 | train_loss=4.1137 | val_loss=4.1131 | val_acc=0.4602 | time=4.5s
Model saved to results/max_1layer_stieltjes_q8.0_seq128_embd16_h1_initfix_ascend/model.pt
Metrics saved to results/max_1layer_stieltjes_q8.0_seq128_embd16_h1_initfix_ascend/metrics.csv
Wrote results/max_1layer_stieltjes_q8.0_seq128_embd16_h1_initfix_ascend/accuracy_eval_seq128_arr120_first1.json
{"checkpoint": "results/max_1layer_stieltjes_q8.0_seq128_embd16_h1_initfix_ascend/model.pt", "task": "max", "attn": "stieltjes", "q": 8.0, "seq_len": 128, "val_samples": 1000, "seed": 42, "accuracy_fixed": 0.874, "accuracy_all": 0.0332924233714987, "accuracy_input_echo": 0.019673235100771215, "output_token_count": 1000, "input_token_count": 62369, "all_token_count": 64369, "output_start_stats": {"n": 1000, "min": 4, "max": 120, "mean": 62.36899948120117}}
Wrote results/max_1layer_stieltjes_q8.0_seq128_embd16_h1_initfix_ascend/accuracy_eval_seq256_arr120_first1.json
{"checkpoint": "results/max_1layer_stieltjes_q8.0_seq128_embd16_h1_initfix_ascend/model.pt", "task": "max", "attn": "stieltjes", "q": 8.0, "seq_len": 256, "val_samples": 1000, "seed": 42, "accuracy_fixed": 0.874, "accuracy_all": 0.0332924233714987, "accuracy_input_echo": 0.019673235100771215, "output_token_count": 1000, "input_token_count": 62369, "all_token_count": 64369, "output_start_stats": {"n": 1000, "min": 4, "max": 120, "mean": 62.36899948120117}}
Wrote results/max_1layer_stieltjes_q8.0_seq128_embd16_h1_initfix_ascend/accuracy_eval_seq512_arr120_first1.json
{"checkpoint": "results/max_1layer_stieltjes_q8.0_seq128_embd16_h1_initfix_ascend/model.pt", "task": "max", "attn": "stieltjes", "q": 8.0, "seq_len": 512, "val_samples": 1000, "seed": 42, "accuracy_fixed": 0.874, "accuracy_all": 0.0332924233714987, "accuracy_input_echo": 0.019673235100771215, "output_token_count": 1000, "input_token_count": 62369, "all_token_count": 64369, "output_start_stats": {"n": 1000, "min": 4, "max": 120, "mean": 62.36899948120117}}
Wrote results/max_1layer_stieltjes_q8.0_seq128_embd16_h1_initfix_ascend/accuracy_eval_seq1024_arr120_first1.json
{"checkpoint": "results/max_1layer_stieltjes_q8.0_seq128_embd16_h1_initfix_ascend/model.pt", "task": "max", "attn": "stieltjes", "q": 8.0, "seq_len": 1024, "val_samples": 1000, "seed": 42, "accuracy_fixed": 0.874, "accuracy_all": 0.0332924233714987, "accuracy_input_echo": 0.019673235100771215, "output_token_count": 1000, "input_token_count": 62369, "all_token_count": 64369, "output_start_stats": {"n": 1000, "min": 4, "max": 120, "mean": 62.36899948120117}}
Wrote results/max_1layer_stieltjes_q8.0_seq128_embd16_h1_initfix_ascend/accuracy_eval_seq2048_arr120_first1.json
{"checkpoint": "results/max_1layer_stieltjes_q8.0_seq128_embd16_h1_initfix_ascend/model.pt", "task": "max", "attn": "stieltjes", "q": 8.0, "seq_len": 2048, "val_samples": 1000, "seed": 42, "accuracy_fixed": 0.874, "accuracy_all": 0.0332924233714987, "accuracy_input_echo": 0.019673235100771215, "output_token_count": 1000, "input_token_count": 62369, "all_token_count": 64369, "output_start_stats": {"n": 1000, "min": 4, "max": 120, "mean": 62.36899948120117}}
Wrote results/max_1layer_stieltjes_q8.0_seq128_embd16_h1_initfix_ascend/accuracy_eval_seq4096_arr120_first1.json
{"checkpoint": "results/max_1layer_stieltjes_q8.0_seq128_embd16_h1_initfix_ascend/model.pt", "task": "max", "attn": "stieltjes", "q": 8.0, "seq_len": 4096, "val_samples": 1000, "seed": 42, "accuracy_fixed": 0.874, "accuracy_all": 0.0332924233714987, "accuracy_input_echo": 0.019673235100771215, "output_token_count": 1000, "input_token_count": 62369, "all_token_count": 64369, "output_start_stats": {"n": 1000, "min": 4, "max": 120, "mean": 62.36899948120117}}
Wrote results/max_1layer_stieltjes_q8.0_seq128_embd16_h1_initfix_ascend/accuracy_eval_seq8192_arr120_first1.json
{"checkpoint": "results/max_1layer_stieltjes_q8.0_seq128_embd16_h1_initfix_ascend/model.pt", "task": "max", "attn": "stieltjes", "q": 8.0, "seq_len": 8192, "val_samples": 1000, "seed": 42, "accuracy_fixed": 0.874, "accuracy_all": 0.0332924233714987, "accuracy_input_echo": 0.019673235100771215, "output_token_count": 1000, "input_token_count": 62369, "all_token_count": 64369, "output_start_stats": {"n": 1000, "min": 4, "max": 120, "mean": 62.36899948120117}}
DONE results/max_1layer_stieltjes_q8.0_seq128_embd16_h1_initfix_ascend
