=== TOP2 embd-scan: stieltjes_q4.0 n_embd=16 n_head=1 ===
Using device: cuda
Generating training data...
Generating validation data...
Model parameters: 7,440
Using bf16 autocast for forward pass (memory optimization at long context)
Epoch   1/30 | train_loss=4.7629 | val_loss=4.4667 | val_acc=0.0000 | time=5.9s
Epoch   2/30 | train_loss=4.4099 | val_loss=4.3638 | val_acc=0.0040 | time=4.5s
Epoch   3/30 | train_loss=4.3429 | val_loss=4.3198 | val_acc=0.0088 | time=4.5s
Epoch   4/30 | train_loss=4.3123 | val_loss=4.2975 | val_acc=0.0168 | time=4.5s
Epoch   5/30 | train_loss=4.2981 | val_loss=4.2859 | val_acc=0.0318 | time=4.5s
Epoch   6/30 | train_loss=4.2883 | val_loss=4.2737 | val_acc=0.0690 | time=4.5s
Epoch   7/30 | train_loss=4.2775 | val_loss=4.2635 | val_acc=0.0895 | time=4.5s
Epoch   8/30 | train_loss=4.2700 | val_loss=4.2600 | val_acc=0.0995 | time=4.5s
Epoch   9/30 | train_loss=4.2653 | val_loss=4.2551 | val_acc=0.1192 | time=4.5s
Epoch  10/30 | train_loss=4.2613 | val_loss=4.2514 | val_acc=0.1325 | time=4.5s
Epoch  11/30 | train_loss=4.2579 | val_loss=4.2476 | val_acc=0.1395 | time=4.5s
Epoch  12/30 | train_loss=4.2547 | val_loss=4.2451 | val_acc=0.1603 | time=4.5s
Epoch  13/30 | train_loss=4.2514 | val_loss=4.2419 | val_acc=0.1683 | time=4.5s
Epoch  14/30 | train_loss=4.2485 | val_loss=4.2373 | val_acc=0.1735 | time=4.5s
Epoch  15/30 | train_loss=4.2459 | val_loss=4.2353 | val_acc=0.1852 | time=4.5s
Epoch  16/30 | train_loss=4.2440 | val_loss=4.2338 | val_acc=0.1945 | time=4.5s
Epoch  17/30 | train_loss=4.2420 | val_loss=4.2310 | val_acc=0.2097 | time=4.5s
Epoch  18/30 | train_loss=4.2402 | val_loss=4.2280 | val_acc=0.2137 | time=4.5s
Epoch  19/30 | train_loss=4.2383 | val_loss=4.2267 | val_acc=0.2205 | time=4.5s
Epoch  20/30 | train_loss=4.2368 | val_loss=4.2243 | val_acc=0.2045 | time=4.5s
Epoch  21/30 | train_loss=4.2355 | val_loss=4.2240 | val_acc=0.2405 | time=4.5s
Epoch  22/30 | train_loss=4.2341 | val_loss=4.2220 | val_acc=0.2218 | time=4.5s
Epoch  23/30 | train_loss=4.2330 | val_loss=4.2208 | val_acc=0.2377 | time=4.5s
Epoch  24/30 | train_loss=4.2313 | val_loss=4.2194 | val_acc=0.2382 | time=4.5s
Epoch  25/30 | train_loss=4.2304 | val_loss=4.2188 | val_acc=0.2475 | time=4.5s
Epoch  26/30 | train_loss=4.2291 | val_loss=4.2173 | val_acc=0.2440 | time=4.5s
Epoch  27/30 | train_loss=4.2282 | val_loss=4.2148 | val_acc=0.2507 | time=4.5s
Epoch  28/30 | train_loss=4.2269 | val_loss=4.2139 | val_acc=0.2587 | time=4.5s
Epoch  29/30 | train_loss=4.2255 | val_loss=4.2143 | val_acc=0.2572 | time=4.5s
Epoch  30/30 | train_loss=4.2245 | val_loss=4.2122 | val_acc=0.2537 | time=4.5s
Model saved to results/top2_1layer_stieltjes_q4.0_seq128_embd16_h1_initfix_ascend/model.pt
Metrics saved to results/top2_1layer_stieltjes_q4.0_seq128_embd16_h1_initfix_ascend/metrics.csv
Wrote results/top2_1layer_stieltjes_q4.0_seq128_embd16_h1_initfix_ascend/accuracy_eval_seq128_arr120.json
{"checkpoint": "results/top2_1layer_stieltjes_q4.0_seq128_embd16_h1_initfix_ascend/model.pt", "task": "top2_needle", "attn": "stieltjes", "q": 4.0, "seq_len": 128, "val_samples": 1000, "seed": 42, "accuracy_fixed": 0.2485, "accuracy_all": 0.027691735166314593, "accuracy_input_echo": 0.02274990767991227, "output_token_count": 2000, "input_token_count": 89363, "all_token_count": 91363, "output_start_stats": {"n": 1000, "min": 60, "max": 120, "mean": 89.36299896240234}}
Wrote results/top2_1layer_stieltjes_q4.0_seq128_embd16_h1_initfix_ascend/accuracy_eval_seq256_arr120.json
{"checkpoint": "results/top2_1layer_stieltjes_q4.0_seq128_embd16_h1_initfix_ascend/model.pt", "task": "top2_needle", "attn": "stieltjes", "q": 4.0, "seq_len": 256, "val_samples": 1000, "seed": 42, "accuracy_fixed": 0.2485, "accuracy_all": 0.027691735166314593, "accuracy_input_echo": 0.02274990767991227, "output_token_count": 2000, "input_token_count": 89363, "all_token_count": 91363, "output_start_stats": {"n": 1000, "min": 60, "max": 120, "mean": 89.36299896240234}}
Wrote results/top2_1layer_stieltjes_q4.0_seq128_embd16_h1_initfix_ascend/accuracy_eval_seq512_arr120.json
{"checkpoint": "results/top2_1layer_stieltjes_q4.0_seq128_embd16_h1_initfix_ascend/model.pt", "task": "top2_needle", "attn": "stieltjes", "q": 4.0, "seq_len": 512, "val_samples": 1000, "seed": 42, "accuracy_fixed": 0.2485, "accuracy_all": 0.027691735166314593, "accuracy_input_echo": 0.02274990767991227, "output_token_count": 2000, "input_token_count": 89363, "all_token_count": 91363, "output_start_stats": {"n": 1000, "min": 60, "max": 120, "mean": 89.36299896240234}}
Wrote results/top2_1layer_stieltjes_q4.0_seq128_embd16_h1_initfix_ascend/accuracy_eval_seq1024_arr120.json
{"checkpoint": "results/top2_1layer_stieltjes_q4.0_seq128_embd16_h1_initfix_ascend/model.pt", "task": "top2_needle", "attn": "stieltjes", "q": 4.0, "seq_len": 1024, "val_samples": 1000, "seed": 42, "accuracy_fixed": 0.2485, "accuracy_all": 0.027691735166314593, "accuracy_input_echo": 0.02274990767991227, "output_token_count": 2000, "input_token_count": 89363, "all_token_count": 91363, "output_start_stats": {"n": 1000, "min": 60, "max": 120, "mean": 89.36299896240234}}
Wrote results/top2_1layer_stieltjes_q4.0_seq128_embd16_h1_initfix_ascend/accuracy_eval_seq2048_arr120.json
{"checkpoint": "results/top2_1layer_stieltjes_q4.0_seq128_embd16_h1_initfix_ascend/model.pt", "task": "top2_needle", "attn": "stieltjes", "q": 4.0, "seq_len": 2048, "val_samples": 1000, "seed": 42, "accuracy_fixed": 0.2485, "accuracy_all": 0.027691735166314593, "accuracy_input_echo": 0.02274990767991227, "output_token_count": 2000, "input_token_count": 89363, "all_token_count": 91363, "output_start_stats": {"n": 1000, "min": 60, "max": 120, "mean": 89.36299896240234}}
Wrote results/top2_1layer_stieltjes_q4.0_seq128_embd16_h1_initfix_ascend/accuracy_eval_seq4096_arr120.json
{"checkpoint": "results/top2_1layer_stieltjes_q4.0_seq128_embd16_h1_initfix_ascend/model.pt", "task": "top2_needle", "attn": "stieltjes", "q": 4.0, "seq_len": 4096, "val_samples": 1000, "seed": 42, "accuracy_fixed": 0.2485, "accuracy_all": 0.027691735166314593, "accuracy_input_echo": 0.02274990767991227, "output_token_count": 2000, "input_token_count": 89363, "all_token_count": 91363, "output_start_stats": {"n": 1000, "min": 60, "max": 120, "mean": 89.36299896240234}}
Wrote results/top2_1layer_stieltjes_q4.0_seq128_embd16_h1_initfix_ascend/accuracy_eval_seq8192_arr120.json
{"checkpoint": "results/top2_1layer_stieltjes_q4.0_seq128_embd16_h1_initfix_ascend/model.pt", "task": "top2_needle", "attn": "stieltjes", "q": 4.0, "seq_len": 8192, "val_samples": 1000, "seed": 42, "accuracy_fixed": 0.2485, "accuracy_all": 0.027691735166314593, "accuracy_input_echo": 0.02274990767991227, "output_token_count": 2000, "input_token_count": 89363, "all_token_count": 91363, "output_start_stats": {"n": 1000, "min": 60, "max": 120, "mean": 89.36299896240234}}
DONE results/top2_1layer_stieltjes_q4.0_seq128_embd16_h1_initfix_ascend
