=== MAX embd-scan: stieltjes_q16.0 n_embd=128 n_head=4 ===
Using device: cuda
Generating training data...
Generating validation data...
Model parameters: 231,552
Using bf16 autocast for forward pass (memory optimization at long context)
Epoch   1/30 | train_loss=4.1962 | val_loss=4.1310 | val_acc=0.4363 | time=5.0s
Epoch   2/30 | train_loss=4.1229 | val_loss=4.1175 | val_acc=0.4838 | time=4.6s
Epoch   3/30 | train_loss=4.1162 | val_loss=4.1135 | val_acc=0.5028 | time=4.6s
Epoch   4/30 | train_loss=4.1133 | val_loss=4.1126 | val_acc=0.5038 | time=4.6s
Epoch   5/30 | train_loss=4.1114 | val_loss=4.1105 | val_acc=0.5035 | time=4.6s
Epoch   6/30 | train_loss=4.1101 | val_loss=4.1099 | val_acc=0.4978 | time=4.6s
Epoch   7/30 | train_loss=4.1089 | val_loss=4.1093 | val_acc=0.5025 | time=4.6s
Epoch   8/30 | train_loss=4.1079 | val_loss=4.1087 | val_acc=0.5002 | time=4.6s
Epoch   9/30 | train_loss=4.1071 | val_loss=4.1076 | val_acc=0.4985 | time=4.6s
Epoch  10/30 | train_loss=4.1065 | val_loss=4.1060 | val_acc=0.5032 | time=4.6s
Epoch  11/30 | train_loss=4.1056 | val_loss=4.1059 | val_acc=0.5092 | time=4.6s
Epoch  12/30 | train_loss=4.1049 | val_loss=4.1069 | val_acc=0.5032 | time=4.6s
Epoch  13/30 | train_loss=4.1044 | val_loss=4.1048 | val_acc=0.5008 | time=4.6s
Epoch  14/30 | train_loss=4.1040 | val_loss=4.1041 | val_acc=0.5058 | time=4.6s
Epoch  15/30 | train_loss=4.1036 | val_loss=4.1041 | val_acc=0.5072 | time=4.6s
Epoch  16/30 | train_loss=4.1033 | val_loss=4.1037 | val_acc=0.5095 | time=4.6s
Epoch  17/30 | train_loss=4.1029 | val_loss=4.1042 | val_acc=0.5128 | time=4.6s
Epoch  18/30 | train_loss=4.1025 | val_loss=4.1041 | val_acc=0.5072 | time=4.6s
Epoch  19/30 | train_loss=4.1024 | val_loss=4.1052 | val_acc=0.5108 | time=4.6s
Epoch  20/30 | train_loss=4.1021 | val_loss=4.1043 | val_acc=0.5088 | time=4.6s
Epoch  21/30 | train_loss=4.1020 | val_loss=4.1032 | val_acc=0.5150 | time=4.6s
Epoch  22/30 | train_loss=4.1018 | val_loss=4.1032 | val_acc=0.5132 | time=4.6s
Epoch  23/30 | train_loss=4.1017 | val_loss=4.1042 | val_acc=0.5112 | time=4.6s
Epoch  24/30 | train_loss=4.1015 | val_loss=4.1033 | val_acc=0.5138 | time=4.6s
Epoch  25/30 | train_loss=4.1013 | val_loss=4.1042 | val_acc=0.5170 | time=4.6s
Epoch  26/30 | train_loss=4.1011 | val_loss=4.1027 | val_acc=0.5142 | time=4.6s
Epoch  27/30 | train_loss=4.1011 | val_loss=4.1032 | val_acc=0.5168 | time=4.6s
Epoch  28/30 | train_loss=4.1010 | val_loss=4.1042 | val_acc=0.5178 | time=4.6s
Epoch  29/30 | train_loss=4.1009 | val_loss=4.1048 | val_acc=0.5180 | time=4.6s
Epoch  30/30 | train_loss=4.1007 | val_loss=4.1028 | val_acc=0.5158 | time=4.6s
Model saved to results/max_1layer_stieltjes_q16.0_seq128_embd128_h4_initfix_ascend/model.pt
Metrics saved to results/max_1layer_stieltjes_q16.0_seq128_embd128_h4_initfix_ascend/metrics.csv
Wrote results/max_1layer_stieltjes_q16.0_seq128_embd128_h4_initfix_ascend/accuracy_eval_seq128_arr120_first1.json
{"checkpoint": "results/max_1layer_stieltjes_q16.0_seq128_embd128_h4_initfix_ascend/model.pt", "task": "max", "attn": "stieltjes", "q": 16.0, "seq_len": 128, "val_samples": 1000, "seed": 42, "accuracy_fixed": 0.992, "accuracy_all": 0.035312029082322234, "accuracy_input_echo": 0.019977873623114047, "output_token_count": 1000, "input_token_count": 62369, "all_token_count": 64369, "output_start_stats": {"n": 1000, "min": 4, "max": 120, "mean": 62.36899948120117}}
Wrote results/max_1layer_stieltjes_q16.0_seq128_embd128_h4_initfix_ascend/accuracy_eval_seq256_arr120_first1.json
{"checkpoint": "results/max_1layer_stieltjes_q16.0_seq128_embd128_h4_initfix_ascend/model.pt", "task": "max", "attn": "stieltjes", "q": 16.0, "seq_len": 256, "val_samples": 1000, "seed": 42, "accuracy_fixed": 0.992, "accuracy_all": 0.035312029082322234, "accuracy_input_echo": 0.019977873623114047, "output_token_count": 1000, "input_token_count": 62369, "all_token_count": 64369, "output_start_stats": {"n": 1000, "min": 4, "max": 120, "mean": 62.36899948120117}}
Wrote results/max_1layer_stieltjes_q16.0_seq128_embd128_h4_initfix_ascend/accuracy_eval_seq512_arr120_first1.json
{"checkpoint": "results/max_1layer_stieltjes_q16.0_seq128_embd128_h4_initfix_ascend/model.pt", "task": "max", "attn": "stieltjes", "q": 16.0, "seq_len": 512, "val_samples": 1000, "seed": 42, "accuracy_fixed": 0.992, "accuracy_all": 0.035312029082322234, "accuracy_input_echo": 0.019977873623114047, "output_token_count": 1000, "input_token_count": 62369, "all_token_count": 64369, "output_start_stats": {"n": 1000, "min": 4, "max": 120, "mean": 62.36899948120117}}
Wrote results/max_1layer_stieltjes_q16.0_seq128_embd128_h4_initfix_ascend/accuracy_eval_seq1024_arr120_first1.json
{"checkpoint": "results/max_1layer_stieltjes_q16.0_seq128_embd128_h4_initfix_ascend/model.pt", "task": "max", "attn": "stieltjes", "q": 16.0, "seq_len": 1024, "val_samples": 1000, "seed": 42, "accuracy_fixed": 0.992, "accuracy_all": 0.035312029082322234, "accuracy_input_echo": 0.019977873623114047, "output_token_count": 1000, "input_token_count": 62369, "all_token_count": 64369, "output_start_stats": {"n": 1000, "min": 4, "max": 120, "mean": 62.36899948120117}}
Wrote results/max_1layer_stieltjes_q16.0_seq128_embd128_h4_initfix_ascend/accuracy_eval_seq2048_arr120_first1.json
{"checkpoint": "results/max_1layer_stieltjes_q16.0_seq128_embd128_h4_initfix_ascend/model.pt", "task": "max", "attn": "stieltjes", "q": 16.0, "seq_len": 2048, "val_samples": 1000, "seed": 42, "accuracy_fixed": 0.992, "accuracy_all": 0.035312029082322234, "accuracy_input_echo": 0.019977873623114047, "output_token_count": 1000, "input_token_count": 62369, "all_token_count": 64369, "output_start_stats": {"n": 1000, "min": 4, "max": 120, "mean": 62.36899948120117}}
Wrote results/max_1layer_stieltjes_q16.0_seq128_embd128_h4_initfix_ascend/accuracy_eval_seq4096_arr120_first1.json
{"checkpoint": "results/max_1layer_stieltjes_q16.0_seq128_embd128_h4_initfix_ascend/model.pt", "task": "max", "attn": "stieltjes", "q": 16.0, "seq_len": 4096, "val_samples": 1000, "seed": 42, "accuracy_fixed": 0.992, "accuracy_all": 0.035312029082322234, "accuracy_input_echo": 0.019977873623114047, "output_token_count": 1000, "input_token_count": 62369, "all_token_count": 64369, "output_start_stats": {"n": 1000, "min": 4, "max": 120, "mean": 62.36899948120117}}
Wrote results/max_1layer_stieltjes_q16.0_seq128_embd128_h4_initfix_ascend/accuracy_eval_seq8192_arr120_first1.json
{"checkpoint": "results/max_1layer_stieltjes_q16.0_seq128_embd128_h4_initfix_ascend/model.pt", "task": "max", "attn": "stieltjes", "q": 16.0, "seq_len": 8192, "val_samples": 1000, "seed": 42, "accuracy_fixed": 0.992, "accuracy_all": 0.035312029082322234, "accuracy_input_echo": 0.019977873623114047, "output_token_count": 1000, "input_token_count": 62369, "all_token_count": 64369, "output_start_stats": {"n": 1000, "min": 4, "max": 120, "mean": 62.36899948120117}}
DONE results/max_1layer_stieltjes_q16.0_seq128_embd128_h4_initfix_ascend
