=== max 1-head toy stieltjes_q64.0 seq=128 d=64 NoPE ===
Thu Apr 16 00:32:07 2026       
+-----------------------------------------------------------------------------------------+
| NVIDIA-SMI 580.95.05              Driver Version: 580.95.05      CUDA Version: 13.0     |
+-----------------------------------------+------------------------+----------------------+
| GPU  Name                 Persistence-M | Bus-Id          Disp.A | Volatile Uncorr. ECC |
| Fan  Temp   Perf          Pwr:Usage/Cap |           Memory-Usage | GPU-Util  Compute M. |
|                                         |                        |               MIG M. |
|=========================================+========================+======================|
|   0  NVIDIA A100-PCIE-40GB          On  |   00000000:25:00.0 Off |                    0 |
| N/A   30C    P0             36W /  250W |       0MiB /  40960MiB |      0%      Default |
|                                         |                        |             Disabled |
+-----------------------------------------+------------------------+----------------------+

+-----------------------------------------------------------------------------------------+
| Processes:                                                                              |
|  GPU   GI   CI              PID   Type   Process name                        GPU Memory |
|        ID   ID                                                               Usage      |
|=========================================================================================|
|  No running processes found                                                             |
+-----------------------------------------------------------------------------------------+
Using device: cuda
Generating training data...
Generating validation data...
Model parameters: 66,624
Using bf16 autocast for forward pass (memory optimization at long context)
Epoch   1/50 | train_loss=4.2706 | val_loss=4.1517 | val_acc=0.3050 | time=6.4s
Epoch   2/50 | train_loss=4.1460 | val_loss=4.1423 | val_acc=0.3005 | time=4.8s
Epoch   3/50 | train_loss=4.1416 | val_loss=4.1412 | val_acc=0.3028 | time=4.8s
Epoch   4/50 | train_loss=4.1399 | val_loss=4.1388 | val_acc=0.3053 | time=4.8s
Epoch   5/50 | train_loss=4.1389 | val_loss=4.1390 | val_acc=0.3028 | time=4.8s
Epoch   6/50 | train_loss=4.1380 | val_loss=4.1382 | val_acc=0.3048 | time=4.8s
Epoch   7/50 | train_loss=4.1371 | val_loss=4.1367 | val_acc=0.3020 | time=4.8s
Epoch   8/50 | train_loss=4.1357 | val_loss=4.1363 | val_acc=0.2985 | time=4.8s
Epoch   9/50 | train_loss=4.1341 | val_loss=4.1330 | val_acc=0.3058 | time=4.8s
Epoch  10/50 | train_loss=4.1324 | val_loss=4.1322 | val_acc=0.2993 | time=4.8s
Epoch  11/50 | train_loss=4.1311 | val_loss=4.1317 | val_acc=0.2988 | time=4.8s
Epoch  12/50 | train_loss=4.1299 | val_loss=4.1294 | val_acc=0.2990 | time=4.8s
Epoch  13/50 | train_loss=4.1291 | val_loss=4.1306 | val_acc=0.3003 | time=4.8s
Epoch  14/50 | train_loss=4.1284 | val_loss=4.1282 | val_acc=0.3055 | time=4.8s
Epoch  15/50 | train_loss=4.1277 | val_loss=4.1283 | val_acc=0.2980 | time=4.8s
Epoch  16/50 | train_loss=4.1272 | val_loss=4.1280 | val_acc=0.3005 | time=4.8s
Epoch  17/50 | train_loss=4.1213 | val_loss=4.1174 | val_acc=0.3970 | time=4.8s
Epoch  18/50 | train_loss=4.1157 | val_loss=4.1188 | val_acc=0.4133 | time=4.8s
Epoch  19/50 | train_loss=4.1133 | val_loss=4.1125 | val_acc=0.4635 | time=4.8s
Epoch  20/50 | train_loss=4.1118 | val_loss=4.1114 | val_acc=0.4677 | time=4.8s
Epoch  21/50 | train_loss=4.1107 | val_loss=4.1107 | val_acc=0.4738 | time=4.8s
Epoch  22/50 | train_loss=4.1099 | val_loss=4.1098 | val_acc=0.4735 | time=4.8s
Epoch  23/50 | train_loss=4.1091 | val_loss=4.1088 | val_acc=0.4788 | time=4.8s
Epoch  24/50 | train_loss=4.1085 | val_loss=4.1096 | val_acc=0.4848 | time=4.8s
Epoch  25/50 | train_loss=4.1083 | val_loss=4.1087 | val_acc=0.4838 | time=4.8s
Epoch  26/50 | train_loss=4.1079 | val_loss=4.1086 | val_acc=0.4890 | time=4.8s
Epoch  27/50 | train_loss=4.1074 | val_loss=4.1075 | val_acc=0.4985 | time=4.8s
Epoch  28/50 | train_loss=4.1072 | val_loss=4.1075 | val_acc=0.4978 | time=4.8s
Epoch  29/50 | train_loss=4.1069 | val_loss=4.1079 | val_acc=0.4980 | time=4.8s
Epoch  30/50 | train_loss=4.1066 | val_loss=4.1072 | val_acc=0.4990 | time=4.8s
Epoch  31/50 | train_loss=4.1064 | val_loss=4.1071 | val_acc=0.4990 | time=4.8s
Epoch  32/50 | train_loss=4.1063 | val_loss=4.1082 | val_acc=0.4900 | time=4.8s
Epoch  33/50 | train_loss=4.1063 | val_loss=4.1061 | val_acc=0.5022 | time=4.8s
Epoch  34/50 | train_loss=4.1058 | val_loss=4.1069 | val_acc=0.5010 | time=4.8s
Epoch  35/50 | train_loss=4.1057 | val_loss=4.1071 | val_acc=0.5065 | time=4.8s
Epoch  36/50 | train_loss=4.1055 | val_loss=4.1099 | val_acc=0.4667 | time=4.8s
Epoch  37/50 | train_loss=4.1054 | val_loss=4.1068 | val_acc=0.4975 | time=4.8s
Epoch  38/50 | train_loss=4.1052 | val_loss=4.1068 | val_acc=0.5002 | time=4.8s
Epoch  39/50 | train_loss=4.1052 | val_loss=4.1072 | val_acc=0.4998 | time=4.8s
Epoch  40/50 | train_loss=4.1050 | val_loss=4.1062 | val_acc=0.5082 | time=4.8s
Epoch  41/50 | train_loss=4.1048 | val_loss=4.1070 | val_acc=0.5022 | time=4.8s
Epoch  42/50 | train_loss=4.1048 | val_loss=4.1064 | val_acc=0.5072 | time=4.8s
Epoch  43/50 | train_loss=4.1046 | val_loss=4.1060 | val_acc=0.5070 | time=4.8s
Epoch  44/50 | train_loss=4.1045 | val_loss=4.1063 | val_acc=0.5048 | time=4.8s
Epoch  45/50 | train_loss=4.1043 | val_loss=4.1057 | val_acc=0.5088 | time=4.8s
Epoch  46/50 | train_loss=4.1042 | val_loss=4.1067 | val_acc=0.5090 | time=4.8s
Epoch  47/50 | train_loss=4.1042 | val_loss=4.1060 | val_acc=0.5038 | time=4.8s
Epoch  48/50 | train_loss=4.1041 | val_loss=4.1056 | val_acc=0.5088 | time=4.8s
Epoch  49/50 | train_loss=4.1041 | val_loss=4.1055 | val_acc=0.5040 | time=4.8s
Epoch  50/50 | train_loss=4.1038 | val_loss=4.1055 | val_acc=0.5068 | time=4.8s
Model saved to results/max_1head_stieltjes_q64.0_seq128_d64_nope_ascend/model.pt
Metrics saved to results/max_1head_stieltjes_q64.0_seq128_d64_nope_ascend/metrics.csv
=== eval at seq=128 (128/128x extrap) ===
Wrote results/max_1head_stieltjes_q64.0_seq128_d64_nope_ascend/accuracy_eval_seq128_scaledarr.json
{"checkpoint": "results/max_1head_stieltjes_q64.0_seq128_d64_nope_ascend/model.pt", "task": "max", "attn": "stieltjes", "q": 64.0, "seq_len": 128, "val_samples": 2000, "seed": 42, "accuracy_fixed": 0.46025, "accuracy_all": 0.03151325330947018, "accuracy_input_echo": 0.017862260005731205, "output_token_count": 4000, "input_token_count": 125628, "all_token_count": 129628, "output_start_stats": {"n": 2000, "min": 4, "max": 120, "mean": 62.81399917602539}}
=== eval at seq=512 (512/128x extrap) ===
Wrote results/max_1head_stieltjes_q64.0_seq128_d64_nope_ascend/accuracy_eval_seq512_scaledarr.json
{"checkpoint": "results/max_1head_stieltjes_q64.0_seq128_d64_nope_ascend/model.pt", "task": "max", "attn": "stieltjes", "q": 64.0, "seq_len": 512, "val_samples": 2000, "seed": 42, "accuracy_fixed": 0.9965, "accuracy_all": 0.009942404881484698, "accuracy_input_echo": 0.007347535675724726, "output_token_count": 2000, "input_token_count": 760391, "all_token_count": 762391, "output_start_stats": {"n": 2000, "min": 256, "max": 504, "mean": 380.19549560546875}}
=== eval at seq=2048 (2048/128x extrap) ===
Wrote results/max_1head_stieltjes_q64.0_seq128_d64_nope_ascend/accuracy_eval_seq2048_scaledarr.json
{"checkpoint": "results/max_1head_stieltjes_q64.0_seq128_d64_nope_ascend/model.pt", "task": "max", "attn": "stieltjes", "q": 64.0, "seq_len": 2048, "val_samples": 2000, "seed": 42, "accuracy_fixed": 1.0, "accuracy_all": 0.0037160842496793797, "accuracy_input_echo": 0.002854345351568852, "output_token_count": 2000, "input_token_count": 2312264, "all_token_count": 2314264, "output_start_stats": {"n": 2000, "min": 256, "max": 2039, "mean": 1156.1319580078125}}
=== eval at seq=8192 (8192/128x extrap) ===
Wrote results/max_1head_stieltjes_q64.0_seq128_d64_nope_ascend/accuracy_eval_seq8192_scaledarr.json
{"checkpoint": "results/max_1head_stieltjes_q64.0_seq128_d64_nope_ascend/model.pt", "task": "max", "attn": "stieltjes", "q": 64.0, "seq_len": 8192, "val_samples": 2000, "seed": 42, "accuracy_fixed": 1.0, "accuracy_all": 0.0011318821789293673, "accuracy_input_echo": 0.0008980389811190582, "output_token_count": 2000, "input_token_count": 8543059, "all_token_count": 8545059, "output_start_stats": {"n": 2000, "min": 258, "max": 8164, "mean": 4271.529296875}}
=== eval at seq=16384 (16384/128x extrap) ===
Wrote results/max_1head_stieltjes_q64.0_seq128_d64_nope_ascend/accuracy_eval_seq16384_scaledarr.json
{"checkpoint": "results/max_1head_stieltjes_q64.0_seq128_d64_nope_ascend/model.pt", "task": "max", "attn": "stieltjes", "q": 64.0, "seq_len": 16384, "val_samples": 2000, "seed": 42, "accuracy_fixed": 1.0, "accuracy_all": 0.0006294035763104471, "accuracy_input_echo": 0.0005099310430489752, "output_token_count": 2000, "input_token_count": 16729713, "all_token_count": 16731713, "output_start_stats": {"n": 2000, "min": 286, "max": 16375, "mean": 8364.8564453125}}
