=== MAX embd-scan: stieltjes_q32.0 n_embd=16 n_head=1 ===
Using device: cuda
Generating training data...
Generating validation data...
Model parameters: 7,440
Using bf16 autocast for forward pass (memory optimization at long context)
Epoch   1/30 | train_loss=4.5172 | val_loss=4.2214 | val_acc=0.2853 | time=4.8s
Epoch   2/30 | train_loss=4.1999 | val_loss=4.1801 | val_acc=0.2853 | time=4.5s
Epoch   3/30 | train_loss=4.1652 | val_loss=4.1537 | val_acc=0.2895 | time=4.5s
Epoch   4/30 | train_loss=4.1490 | val_loss=4.1437 | val_acc=0.3050 | time=4.5s
Epoch   5/30 | train_loss=4.1422 | val_loss=4.1391 | val_acc=0.3060 | time=4.5s
Epoch   6/30 | train_loss=4.1390 | val_loss=4.1374 | val_acc=0.3055 | time=4.5s
Epoch   7/30 | train_loss=4.1373 | val_loss=4.1377 | val_acc=0.3065 | time=4.5s
Epoch   8/30 | train_loss=4.1360 | val_loss=4.1349 | val_acc=0.3055 | time=4.5s
Epoch   9/30 | train_loss=4.1353 | val_loss=4.1360 | val_acc=0.3053 | time=4.5s
Epoch  10/30 | train_loss=4.1347 | val_loss=4.1345 | val_acc=0.3065 | time=4.5s
Epoch  11/30 | train_loss=4.1341 | val_loss=4.1338 | val_acc=0.3063 | time=4.5s
Epoch  12/30 | train_loss=4.1331 | val_loss=4.1329 | val_acc=0.3050 | time=4.5s
Epoch  13/30 | train_loss=4.1325 | val_loss=4.1327 | val_acc=0.3060 | time=4.5s
Epoch  14/30 | train_loss=4.1322 | val_loss=4.1321 | val_acc=0.3053 | time=4.4s
Epoch  15/30 | train_loss=4.1318 | val_loss=4.1323 | val_acc=0.2995 | time=4.5s
Epoch  16/30 | train_loss=4.1316 | val_loss=4.1319 | val_acc=0.2990 | time=4.4s
Epoch  17/30 | train_loss=4.1314 | val_loss=4.1321 | val_acc=0.3048 | time=4.5s
Epoch  18/30 | train_loss=4.1314 | val_loss=4.1313 | val_acc=0.3045 | time=4.4s
Epoch  19/30 | train_loss=4.1311 | val_loss=4.1315 | val_acc=0.3050 | time=4.4s
Epoch  20/30 | train_loss=4.1310 | val_loss=4.1314 | val_acc=0.2993 | time=4.5s
Epoch  21/30 | train_loss=4.1309 | val_loss=4.1317 | val_acc=0.2993 | time=4.5s
Epoch  22/30 | train_loss=4.1310 | val_loss=4.1318 | val_acc=0.2988 | time=4.5s
Epoch  23/30 | train_loss=4.1309 | val_loss=4.1320 | val_acc=0.2980 | time=4.5s
Epoch  24/30 | train_loss=4.1307 | val_loss=4.1313 | val_acc=0.2993 | time=4.5s
Epoch  25/30 | train_loss=4.1306 | val_loss=4.1313 | val_acc=0.3055 | time=4.5s
Epoch  26/30 | train_loss=4.1305 | val_loss=4.1309 | val_acc=0.3003 | time=4.5s
Epoch  27/30 | train_loss=4.1305 | val_loss=4.1306 | val_acc=0.2988 | time=4.5s
Epoch  28/30 | train_loss=4.1302 | val_loss=4.1305 | val_acc=0.2985 | time=4.5s
Epoch  29/30 | train_loss=4.1301 | val_loss=4.1307 | val_acc=0.2985 | time=4.5s
Epoch  30/30 | train_loss=4.1300 | val_loss=4.1302 | val_acc=0.2988 | time=4.5s
Model saved to results/max_1layer_stieltjes_q32.0_seq128_embd16_h1_initfix_ascend/model.pt
Metrics saved to results/max_1layer_stieltjes_q32.0_seq128_embd16_h1_initfix_ascend/metrics.csv
Wrote results/max_1layer_stieltjes_q32.0_seq128_embd16_h1_initfix_ascend/accuracy_eval_seq128_arr120_first1.json
{"checkpoint": "results/max_1layer_stieltjes_q32.0_seq128_embd16_h1_initfix_ascend/model.pt", "task": "max", "attn": "stieltjes", "q": 32.0, "seq_len": 128, "val_samples": 1000, "seed": 42, "accuracy_fixed": 0.561, "accuracy_all": 0.028119125666081497, "accuracy_input_echo": 0.019560999855697543, "output_token_count": 1000, "input_token_count": 62369, "all_token_count": 64369, "output_start_stats": {"n": 1000, "min": 4, "max": 120, "mean": 62.36899948120117}}
Wrote results/max_1layer_stieltjes_q32.0_seq128_embd16_h1_initfix_ascend/accuracy_eval_seq256_arr120_first1.json
{"checkpoint": "results/max_1layer_stieltjes_q32.0_seq128_embd16_h1_initfix_ascend/model.pt", "task": "max", "attn": "stieltjes", "q": 32.0, "seq_len": 256, "val_samples": 1000, "seed": 42, "accuracy_fixed": 0.561, "accuracy_all": 0.028119125666081497, "accuracy_input_echo": 0.019560999855697543, "output_token_count": 1000, "input_token_count": 62369, "all_token_count": 64369, "output_start_stats": {"n": 1000, "min": 4, "max": 120, "mean": 62.36899948120117}}
Wrote results/max_1layer_stieltjes_q32.0_seq128_embd16_h1_initfix_ascend/accuracy_eval_seq512_arr120_first1.json
{"checkpoint": "results/max_1layer_stieltjes_q32.0_seq128_embd16_h1_initfix_ascend/model.pt", "task": "max", "attn": "stieltjes", "q": 32.0, "seq_len": 512, "val_samples": 1000, "seed": 42, "accuracy_fixed": 0.561, "accuracy_all": 0.028119125666081497, "accuracy_input_echo": 0.019560999855697543, "output_token_count": 1000, "input_token_count": 62369, "all_token_count": 64369, "output_start_stats": {"n": 1000, "min": 4, "max": 120, "mean": 62.36899948120117}}
Wrote results/max_1layer_stieltjes_q32.0_seq128_embd16_h1_initfix_ascend/accuracy_eval_seq1024_arr120_first1.json
{"checkpoint": "results/max_1layer_stieltjes_q32.0_seq128_embd16_h1_initfix_ascend/model.pt", "task": "max", "attn": "stieltjes", "q": 32.0, "seq_len": 1024, "val_samples": 1000, "seed": 42, "accuracy_fixed": 0.561, "accuracy_all": 0.028119125666081497, "accuracy_input_echo": 0.019560999855697543, "output_token_count": 1000, "input_token_count": 62369, "all_token_count": 64369, "output_start_stats": {"n": 1000, "min": 4, "max": 120, "mean": 62.36899948120117}}
Wrote results/max_1layer_stieltjes_q32.0_seq128_embd16_h1_initfix_ascend/accuracy_eval_seq2048_arr120_first1.json
{"checkpoint": "results/max_1layer_stieltjes_q32.0_seq128_embd16_h1_initfix_ascend/model.pt", "task": "max", "attn": "stieltjes", "q": 32.0, "seq_len": 2048, "val_samples": 1000, "seed": 42, "accuracy_fixed": 0.561, "accuracy_all": 0.028119125666081497, "accuracy_input_echo": 0.019560999855697543, "output_token_count": 1000, "input_token_count": 62369, "all_token_count": 64369, "output_start_stats": {"n": 1000, "min": 4, "max": 120, "mean": 62.36899948120117}}
Wrote results/max_1layer_stieltjes_q32.0_seq128_embd16_h1_initfix_ascend/accuracy_eval_seq4096_arr120_first1.json
{"checkpoint": "results/max_1layer_stieltjes_q32.0_seq128_embd16_h1_initfix_ascend/model.pt", "task": "max", "attn": "stieltjes", "q": 32.0, "seq_len": 4096, "val_samples": 1000, "seed": 42, "accuracy_fixed": 0.561, "accuracy_all": 0.028119125666081497, "accuracy_input_echo": 0.019560999855697543, "output_token_count": 1000, "input_token_count": 62369, "all_token_count": 64369, "output_start_stats": {"n": 1000, "min": 4, "max": 120, "mean": 62.36899948120117}}
Wrote results/max_1layer_stieltjes_q32.0_seq128_embd16_h1_initfix_ascend/accuracy_eval_seq8192_arr120_first1.json
{"checkpoint": "results/max_1layer_stieltjes_q32.0_seq128_embd16_h1_initfix_ascend/model.pt", "task": "max", "attn": "stieltjes", "q": 32.0, "seq_len": 8192, "val_samples": 1000, "seed": 42, "accuracy_fixed": 0.561, "accuracy_all": 0.028119125666081497, "accuracy_input_echo": 0.019560999855697543, "output_token_count": 1000, "input_token_count": 62369, "all_token_count": 64369, "output_start_stats": {"n": 1000, "min": 4, "max": 120, "mean": 62.36899948120117}}
DONE results/max_1layer_stieltjes_q32.0_seq128_embd16_h1_initfix_ascend
