=== TOP2 embd-scan: stieltjes_q8.0 n_embd=8 n_head=1 ===
Using device: cuda
Generating training data...
Generating validation data...
Model parameters: 2,952
Using bf16 autocast for forward pass (memory optimization at long context)
Epoch   1/30 | train_loss=4.9494 | val_loss=4.6366 | val_acc=0.0000 | time=4.9s
Epoch   2/30 | train_loss=4.5174 | val_loss=4.4364 | val_acc=0.0000 | time=4.5s
Epoch   3/30 | train_loss=4.4067 | val_loss=4.3779 | val_acc=0.0030 | time=4.5s
Epoch   4/30 | train_loss=4.3617 | val_loss=4.3415 | val_acc=0.0063 | time=4.5s
Epoch   5/30 | train_loss=4.3389 | val_loss=4.3251 | val_acc=0.0057 | time=4.5s
Epoch   6/30 | train_loss=4.3274 | val_loss=4.3143 | val_acc=0.0085 | time=4.5s
Epoch   7/30 | train_loss=4.3187 | val_loss=4.3051 | val_acc=0.0198 | time=4.5s
Epoch   8/30 | train_loss=4.3108 | val_loss=4.2976 | val_acc=0.0230 | time=4.5s
Epoch   9/30 | train_loss=4.3047 | val_loss=4.2918 | val_acc=0.0203 | time=4.5s
Epoch  10/30 | train_loss=4.3000 | val_loss=4.2864 | val_acc=0.0240 | time=4.5s
Epoch  11/30 | train_loss=4.2964 | val_loss=4.2846 | val_acc=0.0230 | time=4.5s
Epoch  12/30 | train_loss=4.2933 | val_loss=4.2806 | val_acc=0.0245 | time=4.5s
Epoch  13/30 | train_loss=4.2910 | val_loss=4.2794 | val_acc=0.0215 | time=4.5s
Epoch  14/30 | train_loss=4.2889 | val_loss=4.2773 | val_acc=0.0280 | time=4.5s
Epoch  15/30 | train_loss=4.2873 | val_loss=4.2741 | val_acc=0.0360 | time=4.5s
Epoch  16/30 | train_loss=4.2853 | val_loss=4.2717 | val_acc=0.0398 | time=4.5s
Epoch  17/30 | train_loss=4.2836 | val_loss=4.2687 | val_acc=0.0520 | time=4.5s
Epoch  18/30 | train_loss=4.2819 | val_loss=4.2664 | val_acc=0.0670 | time=4.5s
Epoch  19/30 | train_loss=4.2798 | val_loss=4.2637 | val_acc=0.0762 | time=4.5s
Epoch  20/30 | train_loss=4.2778 | val_loss=4.2621 | val_acc=0.0795 | time=4.5s
Epoch  21/30 | train_loss=4.2772 | val_loss=4.2608 | val_acc=0.0935 | time=4.5s
Epoch  22/30 | train_loss=4.2761 | val_loss=4.2605 | val_acc=0.0803 | time=4.5s
Epoch  23/30 | train_loss=4.2752 | val_loss=4.2593 | val_acc=0.1027 | time=4.5s
Epoch  24/30 | train_loss=4.2743 | val_loss=4.2582 | val_acc=0.1080 | time=4.5s
Epoch  25/30 | train_loss=4.2737 | val_loss=4.2579 | val_acc=0.1125 | time=4.5s
Epoch  26/30 | train_loss=4.2726 | val_loss=4.2574 | val_acc=0.1145 | time=4.5s
Epoch  27/30 | train_loss=4.2721 | val_loss=4.2563 | val_acc=0.1227 | time=4.5s
Epoch  28/30 | train_loss=4.2718 | val_loss=4.2556 | val_acc=0.1295 | time=4.5s
Epoch  29/30 | train_loss=4.2710 | val_loss=4.2553 | val_acc=0.1215 | time=4.5s
Epoch  30/30 | train_loss=4.2700 | val_loss=4.2550 | val_acc=0.1385 | time=4.5s
Model saved to results/top2_1layer_stieltjes_q8.0_seq128_embd8_h1_initfix_ascend/model.pt
Metrics saved to results/top2_1layer_stieltjes_q8.0_seq128_embd8_h1_initfix_ascend/metrics.csv
Wrote results/top2_1layer_stieltjes_q8.0_seq128_embd8_h1_initfix_ascend/accuracy_eval_seq128_arr120.json
{"checkpoint": "results/top2_1layer_stieltjes_q8.0_seq128_embd8_h1_initfix_ascend/model.pt", "task": "top2_needle", "attn": "stieltjes", "q": 8.0, "seq_len": 128, "val_samples": 1000, "seed": 42, "accuracy_fixed": 0.1375, "accuracy_all": 0.021387213642284075, "accuracy_input_echo": 0.018788536642682093, "output_token_count": 2000, "input_token_count": 89363, "all_token_count": 91363, "output_start_stats": {"n": 1000, "min": 60, "max": 120, "mean": 89.36299896240234}}
Wrote results/top2_1layer_stieltjes_q8.0_seq128_embd8_h1_initfix_ascend/accuracy_eval_seq256_arr120.json
{"checkpoint": "results/top2_1layer_stieltjes_q8.0_seq128_embd8_h1_initfix_ascend/model.pt", "task": "top2_needle", "attn": "stieltjes", "q": 8.0, "seq_len": 256, "val_samples": 1000, "seed": 42, "accuracy_fixed": 0.1375, "accuracy_all": 0.021387213642284075, "accuracy_input_echo": 0.018788536642682093, "output_token_count": 2000, "input_token_count": 89363, "all_token_count": 91363, "output_start_stats": {"n": 1000, "min": 60, "max": 120, "mean": 89.36299896240234}}
Wrote results/top2_1layer_stieltjes_q8.0_seq128_embd8_h1_initfix_ascend/accuracy_eval_seq512_arr120.json
{"checkpoint": "results/top2_1layer_stieltjes_q8.0_seq128_embd8_h1_initfix_ascend/model.pt", "task": "top2_needle", "attn": "stieltjes", "q": 8.0, "seq_len": 512, "val_samples": 1000, "seed": 42, "accuracy_fixed": 0.1375, "accuracy_all": 0.021387213642284075, "accuracy_input_echo": 0.018788536642682093, "output_token_count": 2000, "input_token_count": 89363, "all_token_count": 91363, "output_start_stats": {"n": 1000, "min": 60, "max": 120, "mean": 89.36299896240234}}
Wrote results/top2_1layer_stieltjes_q8.0_seq128_embd8_h1_initfix_ascend/accuracy_eval_seq1024_arr120.json
{"checkpoint": "results/top2_1layer_stieltjes_q8.0_seq128_embd8_h1_initfix_ascend/model.pt", "task": "top2_needle", "attn": "stieltjes", "q": 8.0, "seq_len": 1024, "val_samples": 1000, "seed": 42, "accuracy_fixed": 0.1375, "accuracy_all": 0.021387213642284075, "accuracy_input_echo": 0.018788536642682093, "output_token_count": 2000, "input_token_count": 89363, "all_token_count": 91363, "output_start_stats": {"n": 1000, "min": 60, "max": 120, "mean": 89.36299896240234}}
Wrote results/top2_1layer_stieltjes_q8.0_seq128_embd8_h1_initfix_ascend/accuracy_eval_seq2048_arr120.json
{"checkpoint": "results/top2_1layer_stieltjes_q8.0_seq128_embd8_h1_initfix_ascend/model.pt", "task": "top2_needle", "attn": "stieltjes", "q": 8.0, "seq_len": 2048, "val_samples": 1000, "seed": 42, "accuracy_fixed": 0.1375, "accuracy_all": 0.021387213642284075, "accuracy_input_echo": 0.018788536642682093, "output_token_count": 2000, "input_token_count": 89363, "all_token_count": 91363, "output_start_stats": {"n": 1000, "min": 60, "max": 120, "mean": 89.36299896240234}}
Wrote results/top2_1layer_stieltjes_q8.0_seq128_embd8_h1_initfix_ascend/accuracy_eval_seq4096_arr120.json
{"checkpoint": "results/top2_1layer_stieltjes_q8.0_seq128_embd8_h1_initfix_ascend/model.pt", "task": "top2_needle", "attn": "stieltjes", "q": 8.0, "seq_len": 4096, "val_samples": 1000, "seed": 42, "accuracy_fixed": 0.1375, "accuracy_all": 0.021387213642284075, "accuracy_input_echo": 0.018788536642682093, "output_token_count": 2000, "input_token_count": 89363, "all_token_count": 91363, "output_start_stats": {"n": 1000, "min": 60, "max": 120, "mean": 89.36299896240234}}
Wrote results/top2_1layer_stieltjes_q8.0_seq128_embd8_h1_initfix_ascend/accuracy_eval_seq8192_arr120.json
{"checkpoint": "results/top2_1layer_stieltjes_q8.0_seq128_embd8_h1_initfix_ascend/model.pt", "task": "top2_needle", "attn": "stieltjes", "q": 8.0, "seq_len": 8192, "val_samples": 1000, "seed": 42, "accuracy_fixed": 0.1375, "accuracy_all": 0.021387213642284075, "accuracy_input_echo": 0.018788536642682093, "output_token_count": 2000, "input_token_count": 89363, "all_token_count": 91363, "output_start_stats": {"n": 1000, "min": 60, "max": 120, "mean": 89.36299896240234}}
DONE results/top2_1layer_stieltjes_q8.0_seq128_embd8_h1_initfix_ascend
