=== FIXEDCAP retrain: subtle-needle 1-layer stieltjes_q16.0 seq=128 ===
Thu Apr 16 10:09:27 2026       
+-----------------------------------------------------------------------------------------+
| NVIDIA-SMI 580.95.05              Driver Version: 580.95.05      CUDA Version: 13.0     |
+-----------------------------------------+------------------------+----------------------+
| GPU  Name                 Persistence-M | Bus-Id          Disp.A | Volatile Uncorr. ECC |
| Fan  Temp   Perf          Pwr:Usage/Cap |           Memory-Usage | GPU-Util  Compute M. |
|                                         |                        |               MIG M. |
|=========================================+========================+======================|
|   0  NVIDIA A100-PCIE-40GB          On  |   00000000:81:00.0 Off |                    0 |
| N/A   27C    P0             33W /  250W |       0MiB /  40960MiB |      0%      Default |
|                                         |                        |             Disabled |
+-----------------------------------------+------------------------+----------------------+

+-----------------------------------------------------------------------------------------+
| Processes:                                                                              |
|  GPU   GI   CI              PID   Type   Process name                        GPU Memory |
|        ID   ID                                                               Usage      |
|=========================================================================================|
|  No running processes found                                                             |
+-----------------------------------------------------------------------------------------+
Using device: cuda
Generating training data...
Generating validation data...
Model parameters: 1,874,304
Using bf16 autocast for forward pass (memory optimization at long context)
Epoch   1/30 | train_loss=4.3194 | val_loss=4.2318 | val_acc=0.5590 | time=5.0s
Epoch   2/30 | train_loss=4.2407 | val_loss=4.2145 | val_acc=0.8735 | time=4.6s
Epoch   3/30 | train_loss=4.2287 | val_loss=4.2075 | val_acc=0.9200 | time=4.6s
Epoch   4/30 | train_loss=4.2235 | val_loss=4.2078 | val_acc=0.9215 | time=4.6s
Epoch   5/30 | train_loss=4.2211 | val_loss=4.2057 | val_acc=0.9470 | time=4.6s
Epoch   6/30 | train_loss=4.2193 | val_loss=4.2056 | val_acc=0.9165 | time=4.6s
Epoch   7/30 | train_loss=4.2187 | val_loss=4.2045 | val_acc=0.9180 | time=4.6s
Epoch   8/30 | train_loss=4.2178 | val_loss=4.2025 | val_acc=0.9310 | time=4.6s
Epoch   9/30 | train_loss=4.2174 | val_loss=4.2070 | val_acc=0.8705 | time=4.6s
Epoch  10/30 | train_loss=4.2176 | val_loss=4.2054 | val_acc=0.8485 | time=4.6s
Epoch  11/30 | train_loss=4.2173 | val_loss=4.2057 | val_acc=0.8825 | time=4.6s
Epoch  12/30 | train_loss=4.2172 | val_loss=4.2034 | val_acc=0.8730 | time=4.6s
Epoch  13/30 | train_loss=4.2164 | val_loss=4.2057 | val_acc=0.8125 | time=4.6s
Epoch  14/30 | train_loss=4.2156 | val_loss=4.2053 | val_acc=0.8410 | time=4.6s
Epoch  15/30 | train_loss=4.2159 | val_loss=4.2053 | val_acc=0.8355 | time=4.6s
Epoch  16/30 | train_loss=4.2157 | val_loss=4.2048 | val_acc=0.8680 | time=4.6s
Epoch  17/30 | train_loss=4.2149 | val_loss=4.2032 | val_acc=0.8850 | time=4.6s
Epoch  18/30 | train_loss=4.2140 | val_loss=4.2029 | val_acc=0.8720 | time=4.6s
Epoch  19/30 | train_loss=4.2151 | val_loss=4.2039 | val_acc=0.8590 | time=4.6s
Epoch  20/30 | train_loss=4.2136 | val_loss=4.2037 | val_acc=0.8695 | time=4.7s
Epoch  21/30 | train_loss=4.2143 | val_loss=4.2020 | val_acc=0.8935 | time=4.6s
Epoch  22/30 | train_loss=4.2128 | val_loss=4.2040 | val_acc=0.8765 | time=4.6s
Epoch  23/30 | train_loss=4.2129 | val_loss=4.2044 | val_acc=0.8180 | time=4.6s
Epoch  24/30 | train_loss=4.2129 | val_loss=4.2026 | val_acc=0.8845 | time=4.6s
Epoch  25/30 | train_loss=4.2123 | val_loss=4.2035 | val_acc=0.8860 | time=4.6s
Epoch  26/30 | train_loss=4.2125 | val_loss=4.2026 | val_acc=0.8975 | time=4.6s
Epoch  27/30 | train_loss=4.2119 | val_loss=4.2016 | val_acc=0.8835 | time=4.6s
Epoch  28/30 | train_loss=4.2112 | val_loss=4.2015 | val_acc=0.9095 | time=4.6s
Epoch  29/30 | train_loss=4.2114 | val_loss=4.2032 | val_acc=0.8830 | time=4.6s
Epoch  30/30 | train_loss=4.2114 | val_loss=4.2030 | val_acc=0.8795 | time=4.6s
Model saved to results/subtle_needle_1layer_stieltjes_q16.0_seq128_fixedcap_ascend/model.pt
Metrics saved to results/subtle_needle_1layer_stieltjes_q16.0_seq128_fixedcap_ascend/metrics.csv
Wrote results/subtle_needle_1layer_stieltjes_q16.0_seq128_fixedcap_ascend/accuracy_eval_seq128_arr120.json
{"checkpoint": "results/subtle_needle_1layer_stieltjes_q16.0_seq128_fixedcap_ascend/model.pt", "task": "needle", "attn": "stieltjes", "q": 16.0, "seq_len": 128, "val_samples": 1000, "seed": 42, "accuracy_fixed": 0.873, "accuracy_all": 0.029870487737668778, "accuracy_input_echo": 0.020473669545834496, "output_token_count": 1000, "input_token_count": 89725, "all_token_count": 90725, "output_start_stats": {"n": 1000, "min": 60, "max": 120, "mean": 89.7249984741211}}
Wrote results/subtle_needle_1layer_stieltjes_q16.0_seq128_fixedcap_ascend/accuracy_eval_seq256_arr120.json
{"checkpoint": "results/subtle_needle_1layer_stieltjes_q16.0_seq128_fixedcap_ascend/model.pt", "task": "needle", "attn": "stieltjes", "q": 16.0, "seq_len": 256, "val_samples": 1000, "seed": 42, "accuracy_fixed": 0.873, "accuracy_all": 0.029870487737668778, "accuracy_input_echo": 0.020473669545834496, "output_token_count": 1000, "input_token_count": 89725, "all_token_count": 90725, "output_start_stats": {"n": 1000, "min": 60, "max": 120, "mean": 89.7249984741211}}
Wrote results/subtle_needle_1layer_stieltjes_q16.0_seq128_fixedcap_ascend/accuracy_eval_seq512_arr120.json
{"checkpoint": "results/subtle_needle_1layer_stieltjes_q16.0_seq128_fixedcap_ascend/model.pt", "task": "needle", "attn": "stieltjes", "q": 16.0, "seq_len": 512, "val_samples": 1000, "seed": 42, "accuracy_fixed": 0.873, "accuracy_all": 0.029870487737668778, "accuracy_input_echo": 0.020473669545834496, "output_token_count": 1000, "input_token_count": 89725, "all_token_count": 90725, "output_start_stats": {"n": 1000, "min": 60, "max": 120, "mean": 89.7249984741211}}
Wrote results/subtle_needle_1layer_stieltjes_q16.0_seq128_fixedcap_ascend/accuracy_eval_seq1024_arr120.json
{"checkpoint": "results/subtle_needle_1layer_stieltjes_q16.0_seq128_fixedcap_ascend/model.pt", "task": "needle", "attn": "stieltjes", "q": 16.0, "seq_len": 1024, "val_samples": 1000, "seed": 42, "accuracy_fixed": 0.873, "accuracy_all": 0.029870487737668778, "accuracy_input_echo": 0.020473669545834496, "output_token_count": 1000, "input_token_count": 89725, "all_token_count": 90725, "output_start_stats": {"n": 1000, "min": 60, "max": 120, "mean": 89.7249984741211}}
Wrote results/subtle_needle_1layer_stieltjes_q16.0_seq128_fixedcap_ascend/accuracy_eval_seq2048_arr120.json
{"checkpoint": "results/subtle_needle_1layer_stieltjes_q16.0_seq128_fixedcap_ascend/model.pt", "task": "needle", "attn": "stieltjes", "q": 16.0, "seq_len": 2048, "val_samples": 1000, "seed": 42, "accuracy_fixed": 0.007, "accuracy_all": 0.01180490493248829, "accuracy_input_echo": 0.011858456394538868, "output_token_count": 1000, "input_token_count": 89725, "all_token_count": 90725, "output_start_stats": {"n": 1000, "min": 60, "max": 120, "mean": 89.7249984741211}}
Wrote results/subtle_needle_1layer_stieltjes_q16.0_seq128_fixedcap_ascend/accuracy_eval_seq4096_arr120.json
{"checkpoint": "results/subtle_needle_1layer_stieltjes_q16.0_seq128_fixedcap_ascend/model.pt", "task": "needle", "attn": "stieltjes", "q": 16.0, "seq_len": 4096, "val_samples": 1000, "seed": 42, "accuracy_fixed": 0.0, "accuracy_all": 0.011904105814273905, "accuracy_input_echo": 0.012036779047088325, "output_token_count": 1000, "input_token_count": 89725, "all_token_count": 90725, "output_start_stats": {"n": 1000, "min": 60, "max": 120, "mean": 89.7249984741211}}
Wrote results/subtle_needle_1layer_stieltjes_q16.0_seq128_fixedcap_ascend/accuracy_eval_seq8192_arr120.json
{"checkpoint": "results/subtle_needle_1layer_stieltjes_q16.0_seq128_fixedcap_ascend/model.pt", "task": "needle", "attn": "stieltjes", "q": 16.0, "seq_len": 8192, "val_samples": 1000, "seed": 42, "accuracy_fixed": 0.869, "accuracy_all": 0.029418572609534305, "accuracy_input_echo": 0.020061298411813876, "output_token_count": 1000, "input_token_count": 89725, "all_token_count": 90725, "output_start_stats": {"n": 1000, "min": 60, "max": 120, "mean": 89.7249984741211}}
DONE results/subtle_needle_1layer_stieltjes_q16.0_seq128_fixedcap_ascend
