=== MAX n_embd=8 multiseed: stieltjes_q1.0 seed=1 ===
Using device: cuda
Generating training data...
Generating validation data...
Model parameters: 2,952
Using bf16 autocast for forward pass (memory optimization at long context)
Epoch   1/30 | train_loss=4.7209 | val_loss=4.2975 | val_acc=0.2893 | time=6.2s
Epoch   2/30 | train_loss=4.2379 | val_loss=4.2053 | val_acc=0.2893 | time=4.5s
Epoch   3/30 | train_loss=4.1975 | val_loss=4.1890 | val_acc=0.2893 | time=4.5s
Epoch   4/30 | train_loss=4.1836 | val_loss=4.1742 | val_acc=0.2895 | time=4.4s
Epoch   5/30 | train_loss=4.1692 | val_loss=4.1629 | val_acc=0.2905 | time=4.5s
Epoch   6/30 | train_loss=4.1574 | val_loss=4.1473 | val_acc=0.2955 | time=4.5s
Epoch   7/30 | train_loss=4.1459 | val_loss=4.1423 | val_acc=0.2980 | time=4.5s
Epoch   8/30 | train_loss=4.1412 | val_loss=4.1401 | val_acc=0.2968 | time=4.5s
Epoch   9/30 | train_loss=4.1385 | val_loss=4.1374 | val_acc=0.2980 | time=4.5s
Epoch  10/30 | train_loss=4.1370 | val_loss=4.1369 | val_acc=0.2955 | time=4.5s
Epoch  11/30 | train_loss=4.1359 | val_loss=4.1371 | val_acc=0.2978 | time=4.5s
Epoch  12/30 | train_loss=4.1350 | val_loss=4.1363 | val_acc=0.2998 | time=4.5s
Epoch  13/30 | train_loss=4.1343 | val_loss=4.1343 | val_acc=0.2948 | time=4.5s
Epoch  14/30 | train_loss=4.1338 | val_loss=4.1349 | val_acc=0.2980 | time=4.5s
Epoch  15/30 | train_loss=4.1333 | val_loss=4.1349 | val_acc=0.2995 | time=4.5s
Epoch  16/30 | train_loss=4.1330 | val_loss=4.1338 | val_acc=0.2980 | time=4.5s
Epoch  17/30 | train_loss=4.1327 | val_loss=4.1336 | val_acc=0.2968 | time=4.5s
Epoch  18/30 | train_loss=4.1323 | val_loss=4.1334 | val_acc=0.2998 | time=4.5s
Epoch  19/30 | train_loss=4.1320 | val_loss=4.1325 | val_acc=0.2978 | time=4.5s
Epoch  20/30 | train_loss=4.1318 | val_loss=4.1326 | val_acc=0.2988 | time=4.5s
Epoch  21/30 | train_loss=4.1315 | val_loss=4.1326 | val_acc=0.3043 | time=4.4s
Epoch  22/30 | train_loss=4.1316 | val_loss=4.1319 | val_acc=0.2993 | time=4.5s
Epoch  23/30 | train_loss=4.1313 | val_loss=4.1324 | val_acc=0.3045 | time=4.4s
Epoch  24/30 | train_loss=4.1310 | val_loss=4.1323 | val_acc=0.3043 | time=4.5s
Epoch  25/30 | train_loss=4.1309 | val_loss=4.1303 | val_acc=0.2998 | time=4.4s
Epoch  26/30 | train_loss=4.1309 | val_loss=4.1303 | val_acc=0.2960 | time=4.5s
Epoch  27/30 | train_loss=4.1308 | val_loss=4.1325 | val_acc=0.2988 | time=4.5s
Epoch  28/30 | train_loss=4.1306 | val_loss=4.1305 | val_acc=0.3023 | time=4.5s
Epoch  29/30 | train_loss=4.1305 | val_loss=4.1318 | val_acc=0.2990 | time=4.5s
Epoch  30/30 | train_loss=4.1304 | val_loss=4.1308 | val_acc=0.2990 | time=4.5s
Model saved to results/max_1layer_stieltjes_q1.0_seq128_embd8_h1_seed1_initfix_ascend/model.pt
Metrics saved to results/max_1layer_stieltjes_q1.0_seq128_embd8_h1_seed1_initfix_ascend/metrics.csv
Wrote results/max_1layer_stieltjes_q1.0_seq128_embd8_h1_seed1_initfix_ascend/accuracy_eval_seq128_arr120_first1.json
{"checkpoint": "results/max_1layer_stieltjes_q1.0_seq128_embd8_h1_seed1_initfix_ascend/model.pt", "task": "max", "attn": "stieltjes", "q": 1.0, "seq_len": 128, "val_samples": 1000, "seed": 42, "accuracy_fixed": 0.561, "accuracy_all": 0.028056983951902315, "accuracy_input_echo": 0.019721335920088505, "output_token_count": 1000, "input_token_count": 62369, "all_token_count": 64369, "output_start_stats": {"n": 1000, "min": 4, "max": 120, "mean": 62.36899948120117}}
DONE results/max_1layer_stieltjes_q1.0_seq128_embd8_h1_seed1_initfix_ascend
