=== TOP2 embd-scan: softmax n_embd=8 n_head=1 ===
Using device: cuda
Generating training data...
Generating validation data...
Model parameters: 2,952
Using bf16 autocast for forward pass (memory optimization at long context)
Epoch   1/30 | train_loss=4.9484 | val_loss=4.6352 | val_acc=0.0000 | time=4.9s
Epoch   2/30 | train_loss=4.5150 | val_loss=4.4354 | val_acc=0.0000 | time=3.4s
Epoch   3/30 | train_loss=4.4068 | val_loss=4.3767 | val_acc=0.0000 | time=3.4s
Epoch   4/30 | train_loss=4.3616 | val_loss=4.3416 | val_acc=0.0000 | time=3.4s
Epoch   5/30 | train_loss=4.3399 | val_loss=4.3259 | val_acc=0.0027 | time=3.4s
Epoch   6/30 | train_loss=4.3285 | val_loss=4.3150 | val_acc=0.0105 | time=3.4s
Epoch   7/30 | train_loss=4.3200 | val_loss=4.3057 | val_acc=0.0105 | time=3.4s
Epoch   8/30 | train_loss=4.3129 | val_loss=4.2991 | val_acc=0.0085 | time=3.4s
Epoch   9/30 | train_loss=4.3077 | val_loss=4.2939 | val_acc=0.0073 | time=3.4s
Epoch  10/30 | train_loss=4.3035 | val_loss=4.2894 | val_acc=0.0118 | time=3.4s
Epoch  11/30 | train_loss=4.2999 | val_loss=4.2867 | val_acc=0.0180 | time=3.4s
Epoch  12/30 | train_loss=4.2972 | val_loss=4.2834 | val_acc=0.0325 | time=3.3s
Epoch  13/30 | train_loss=4.2951 | val_loss=4.2817 | val_acc=0.0442 | time=3.4s
Epoch  14/30 | train_loss=4.2934 | val_loss=4.2799 | val_acc=0.0460 | time=3.4s
Epoch  15/30 | train_loss=4.2920 | val_loss=4.2782 | val_acc=0.0483 | time=3.3s
Epoch  16/30 | train_loss=4.2906 | val_loss=4.2776 | val_acc=0.0460 | time=3.4s
Epoch  17/30 | train_loss=4.2897 | val_loss=4.2756 | val_acc=0.0415 | time=3.4s
Epoch  18/30 | train_loss=4.2887 | val_loss=4.2750 | val_acc=0.0517 | time=3.3s
Epoch  19/30 | train_loss=4.2879 | val_loss=4.2739 | val_acc=0.0587 | time=3.3s
Epoch  20/30 | train_loss=4.2866 | val_loss=4.2730 | val_acc=0.0580 | time=3.3s
Epoch  21/30 | train_loss=4.2863 | val_loss=4.2718 | val_acc=0.0740 | time=3.4s
Epoch  22/30 | train_loss=4.2853 | val_loss=4.2708 | val_acc=0.0730 | time=3.3s
Epoch  23/30 | train_loss=4.2843 | val_loss=4.2699 | val_acc=0.0848 | time=3.3s
Epoch  24/30 | train_loss=4.2834 | val_loss=4.2688 | val_acc=0.0983 | time=3.4s
Epoch  25/30 | train_loss=4.2826 | val_loss=4.2679 | val_acc=0.0843 | time=3.4s
Epoch  26/30 | train_loss=4.2816 | val_loss=4.2670 | val_acc=0.0950 | time=3.4s
Epoch  27/30 | train_loss=4.2808 | val_loss=4.2664 | val_acc=0.0948 | time=3.4s
Epoch  28/30 | train_loss=4.2801 | val_loss=4.2656 | val_acc=0.1017 | time=3.4s
Epoch  29/30 | train_loss=4.2794 | val_loss=4.2646 | val_acc=0.1080 | time=3.3s
Epoch  30/30 | train_loss=4.2782 | val_loss=4.2637 | val_acc=0.1160 | time=3.4s
Model saved to results/top2_1layer_softmax_seq128_embd8_h1_initfix_ascend/model.pt
Metrics saved to results/top2_1layer_softmax_seq128_embd8_h1_initfix_ascend/metrics.csv
Wrote results/top2_1layer_softmax_seq128_embd8_h1_initfix_ascend/accuracy_eval_seq128_arr120.json
{"checkpoint": "results/top2_1layer_softmax_seq128_embd8_h1_initfix_ascend/model.pt", "task": "top2_needle", "attn": "softmax", "q": 1.0, "seq_len": 128, "val_samples": 1000, "seed": 42, "accuracy_fixed": 0.113, "accuracy_all": 0.02066482055098891, "accuracy_input_echo": 0.01859830131038573, "output_token_count": 2000, "input_token_count": 89363, "all_token_count": 91363, "output_start_stats": {"n": 1000, "min": 60, "max": 120, "mean": 89.36299896240234}}
Wrote results/top2_1layer_softmax_seq128_embd8_h1_initfix_ascend/accuracy_eval_seq256_arr120.json
{"checkpoint": "results/top2_1layer_softmax_seq128_embd8_h1_initfix_ascend/model.pt", "task": "top2_needle", "attn": "softmax", "q": 1.0, "seq_len": 256, "val_samples": 1000, "seed": 42, "accuracy_fixed": 0.113, "accuracy_all": 0.02066482055098891, "accuracy_input_echo": 0.01859830131038573, "output_token_count": 2000, "input_token_count": 89363, "all_token_count": 91363, "output_start_stats": {"n": 1000, "min": 60, "max": 120, "mean": 89.36299896240234}}
Wrote results/top2_1layer_softmax_seq128_embd8_h1_initfix_ascend/accuracy_eval_seq512_arr120.json
{"checkpoint": "results/top2_1layer_softmax_seq128_embd8_h1_initfix_ascend/model.pt", "task": "top2_needle", "attn": "softmax", "q": 1.0, "seq_len": 512, "val_samples": 1000, "seed": 42, "accuracy_fixed": 0.113, "accuracy_all": 0.02066482055098891, "accuracy_input_echo": 0.01859830131038573, "output_token_count": 2000, "input_token_count": 89363, "all_token_count": 91363, "output_start_stats": {"n": 1000, "min": 60, "max": 120, "mean": 89.36299896240234}}
Wrote results/top2_1layer_softmax_seq128_embd8_h1_initfix_ascend/accuracy_eval_seq1024_arr120.json
{"checkpoint": "results/top2_1layer_softmax_seq128_embd8_h1_initfix_ascend/model.pt", "task": "top2_needle", "attn": "softmax", "q": 1.0, "seq_len": 1024, "val_samples": 1000, "seed": 42, "accuracy_fixed": 0.113, "accuracy_all": 0.02066482055098891, "accuracy_input_echo": 0.01859830131038573, "output_token_count": 2000, "input_token_count": 89363, "all_token_count": 91363, "output_start_stats": {"n": 1000, "min": 60, "max": 120, "mean": 89.36299896240234}}
Wrote results/top2_1layer_softmax_seq128_embd8_h1_initfix_ascend/accuracy_eval_seq2048_arr120.json
{"checkpoint": "results/top2_1layer_softmax_seq128_embd8_h1_initfix_ascend/model.pt", "task": "top2_needle", "attn": "softmax", "q": 1.0, "seq_len": 2048, "val_samples": 1000, "seed": 42, "accuracy_fixed": 0.113, "accuracy_all": 0.02066482055098891, "accuracy_input_echo": 0.01859830131038573, "output_token_count": 2000, "input_token_count": 89363, "all_token_count": 91363, "output_start_stats": {"n": 1000, "min": 60, "max": 120, "mean": 89.36299896240234}}
Wrote results/top2_1layer_softmax_seq128_embd8_h1_initfix_ascend/accuracy_eval_seq4096_arr120.json
{"checkpoint": "results/top2_1layer_softmax_seq128_embd8_h1_initfix_ascend/model.pt", "task": "top2_needle", "attn": "softmax", "q": 1.0, "seq_len": 4096, "val_samples": 1000, "seed": 42, "accuracy_fixed": 0.113, "accuracy_all": 0.02066482055098891, "accuracy_input_echo": 0.01859830131038573, "output_token_count": 2000, "input_token_count": 89363, "all_token_count": 91363, "output_start_stats": {"n": 1000, "min": 60, "max": 120, "mean": 89.36299896240234}}
Wrote results/top2_1layer_softmax_seq128_embd8_h1_initfix_ascend/accuracy_eval_seq8192_arr120.json
{"checkpoint": "results/top2_1layer_softmax_seq128_embd8_h1_initfix_ascend/model.pt", "task": "top2_needle", "attn": "softmax", "q": 1.0, "seq_len": 8192, "val_samples": 1000, "seed": 42, "accuracy_fixed": 0.113, "accuracy_all": 0.02066482055098891, "accuracy_input_echo": 0.01859830131038573, "output_token_count": 2000, "input_token_count": 89363, "all_token_count": 91363, "output_start_stats": {"n": 1000, "min": 60, "max": 120, "mean": 89.36299896240234}}
DONE results/top2_1layer_softmax_seq128_embd8_h1_initfix_ascend
