=== SUBTLE embd-scan: stieltjes_q2.0 n_embd=16 n_head=1 ===
Using device: cuda
Generating training data...
Generating validation data...
Model parameters: 7,440
Using bf16 autocast for forward pass (memory optimization at long context)
Epoch   1/30 | train_loss=4.7692 | val_loss=4.4598 | val_acc=0.0000 | time=4.9s
Epoch   2/30 | train_loss=4.4185 | val_loss=4.3595 | val_acc=0.0035 | time=4.4s
Epoch   3/30 | train_loss=4.3554 | val_loss=4.3226 | val_acc=0.0040 | time=4.4s
Epoch   4/30 | train_loss=4.3307 | val_loss=4.3008 | val_acc=0.0305 | time=4.4s
Epoch   5/30 | train_loss=4.3154 | val_loss=4.2880 | val_acc=0.0440 | time=4.4s
Epoch   6/30 | train_loss=4.3054 | val_loss=4.2802 | val_acc=0.0310 | time=4.4s
Epoch   7/30 | train_loss=4.2984 | val_loss=4.2721 | val_acc=0.0685 | time=4.4s
Epoch   8/30 | train_loss=4.2929 | val_loss=4.2688 | val_acc=0.0680 | time=4.4s
Epoch   9/30 | train_loss=4.2888 | val_loss=4.2661 | val_acc=0.0855 | time=4.4s
Epoch  10/30 | train_loss=4.2857 | val_loss=4.2618 | val_acc=0.0965 | time=4.4s
Epoch  11/30 | train_loss=4.2835 | val_loss=4.2591 | val_acc=0.1060 | time=4.4s
Epoch  12/30 | train_loss=4.2810 | val_loss=4.2575 | val_acc=0.1110 | time=4.4s
Epoch  13/30 | train_loss=4.2790 | val_loss=4.2541 | val_acc=0.1170 | time=4.4s
Epoch  14/30 | train_loss=4.2768 | val_loss=4.2516 | val_acc=0.1220 | time=4.4s
Epoch  15/30 | train_loss=4.2746 | val_loss=4.2483 | val_acc=0.1220 | time=4.4s
Epoch  16/30 | train_loss=4.2725 | val_loss=4.2472 | val_acc=0.1165 | time=4.4s
Epoch  17/30 | train_loss=4.2712 | val_loss=4.2446 | val_acc=0.1415 | time=4.4s
Epoch  18/30 | train_loss=4.2691 | val_loss=4.2440 | val_acc=0.1370 | time=4.4s
Epoch  19/30 | train_loss=4.2679 | val_loss=4.2424 | val_acc=0.1535 | time=4.4s
Epoch  20/30 | train_loss=4.2665 | val_loss=4.2413 | val_acc=0.1485 | time=4.4s
Epoch  21/30 | train_loss=4.2650 | val_loss=4.2399 | val_acc=0.1380 | time=4.4s
Epoch  22/30 | train_loss=4.2640 | val_loss=4.2394 | val_acc=0.1465 | time=4.4s
Epoch  23/30 | train_loss=4.2629 | val_loss=4.2392 | val_acc=0.1525 | time=4.4s
Epoch  24/30 | train_loss=4.2619 | val_loss=4.2367 | val_acc=0.1515 | time=4.4s
Epoch  25/30 | train_loss=4.2608 | val_loss=4.2359 | val_acc=0.1640 | time=4.4s
Epoch  26/30 | train_loss=4.2601 | val_loss=4.2358 | val_acc=0.1530 | time=4.4s
Epoch  27/30 | train_loss=4.2592 | val_loss=4.2341 | val_acc=0.1595 | time=4.4s
Epoch  28/30 | train_loss=4.2583 | val_loss=4.2340 | val_acc=0.1635 | time=4.4s
Epoch  29/30 | train_loss=4.2576 | val_loss=4.2323 | val_acc=0.1530 | time=4.4s
Epoch  30/30 | train_loss=4.2570 | val_loss=4.2326 | val_acc=0.1700 | time=4.4s
Model saved to results/subtle_1layer_stieltjes_q2.0_seq128_embd16_h1_initfix_ascend/model.pt
Metrics saved to results/subtle_1layer_stieltjes_q2.0_seq128_embd16_h1_initfix_ascend/metrics.csv
Wrote results/subtle_1layer_stieltjes_q2.0_seq128_embd16_h1_initfix_ascend/accuracy_eval_seq128_arr120.json
{"checkpoint": "results/subtle_1layer_stieltjes_q2.0_seq128_embd16_h1_initfix_ascend/model.pt", "task": "needle", "attn": "stieltjes", "q": 2.0, "seq_len": 128, "val_samples": 1000, "seed": 42, "accuracy_fixed": 0.181, "accuracy_all": 0.02482226508680077, "accuracy_input_echo": 0.023081638339370297, "output_token_count": 1000, "input_token_count": 89725, "all_token_count": 90725, "output_start_stats": {"n": 1000, "min": 60, "max": 120, "mean": 89.7249984741211}}
Wrote results/subtle_1layer_stieltjes_q2.0_seq128_embd16_h1_initfix_ascend/accuracy_eval_seq256_arr120.json
{"checkpoint": "results/subtle_1layer_stieltjes_q2.0_seq128_embd16_h1_initfix_ascend/model.pt", "task": "needle", "attn": "stieltjes", "q": 2.0, "seq_len": 256, "val_samples": 1000, "seed": 42, "accuracy_fixed": 0.181, "accuracy_all": 0.02482226508680077, "accuracy_input_echo": 0.023081638339370297, "output_token_count": 1000, "input_token_count": 89725, "all_token_count": 90725, "output_start_stats": {"n": 1000, "min": 60, "max": 120, "mean": 89.7249984741211}}
Wrote results/subtle_1layer_stieltjes_q2.0_seq128_embd16_h1_initfix_ascend/accuracy_eval_seq512_arr120.json
{"checkpoint": "results/subtle_1layer_stieltjes_q2.0_seq128_embd16_h1_initfix_ascend/model.pt", "task": "needle", "attn": "stieltjes", "q": 2.0, "seq_len": 512, "val_samples": 1000, "seed": 42, "accuracy_fixed": 0.181, "accuracy_all": 0.02482226508680077, "accuracy_input_echo": 0.023081638339370297, "output_token_count": 1000, "input_token_count": 89725, "all_token_count": 90725, "output_start_stats": {"n": 1000, "min": 60, "max": 120, "mean": 89.7249984741211}}
Wrote results/subtle_1layer_stieltjes_q2.0_seq128_embd16_h1_initfix_ascend/accuracy_eval_seq1024_arr120.json
{"checkpoint": "results/subtle_1layer_stieltjes_q2.0_seq128_embd16_h1_initfix_ascend/model.pt", "task": "needle", "attn": "stieltjes", "q": 2.0, "seq_len": 1024, "val_samples": 1000, "seed": 42, "accuracy_fixed": 0.181, "accuracy_all": 0.02482226508680077, "accuracy_input_echo": 0.023081638339370297, "output_token_count": 1000, "input_token_count": 89725, "all_token_count": 90725, "output_start_stats": {"n": 1000, "min": 60, "max": 120, "mean": 89.7249984741211}}
Wrote results/subtle_1layer_stieltjes_q2.0_seq128_embd16_h1_initfix_ascend/accuracy_eval_seq2048_arr120.json
{"checkpoint": "results/subtle_1layer_stieltjes_q2.0_seq128_embd16_h1_initfix_ascend/model.pt", "task": "needle", "attn": "stieltjes", "q": 2.0, "seq_len": 2048, "val_samples": 1000, "seed": 42, "accuracy_fixed": 0.181, "accuracy_all": 0.02482226508680077, "accuracy_input_echo": 0.023081638339370297, "output_token_count": 1000, "input_token_count": 89725, "all_token_count": 90725, "output_start_stats": {"n": 1000, "min": 60, "max": 120, "mean": 89.7249984741211}}
Wrote results/subtle_1layer_stieltjes_q2.0_seq128_embd16_h1_initfix_ascend/accuracy_eval_seq4096_arr120.json
{"checkpoint": "results/subtle_1layer_stieltjes_q2.0_seq128_embd16_h1_initfix_ascend/model.pt", "task": "needle", "attn": "stieltjes", "q": 2.0, "seq_len": 4096, "val_samples": 1000, "seed": 42, "accuracy_fixed": 0.181, "accuracy_all": 0.02482226508680077, "accuracy_input_echo": 0.023081638339370297, "output_token_count": 1000, "input_token_count": 89725, "all_token_count": 90725, "output_start_stats": {"n": 1000, "min": 60, "max": 120, "mean": 89.7249984741211}}
Wrote results/subtle_1layer_stieltjes_q2.0_seq128_embd16_h1_initfix_ascend/accuracy_eval_seq8192_arr120.json
{"checkpoint": "results/subtle_1layer_stieltjes_q2.0_seq128_embd16_h1_initfix_ascend/model.pt", "task": "needle", "attn": "stieltjes", "q": 2.0, "seq_len": 8192, "val_samples": 1000, "seed": 42, "accuracy_fixed": 0.181, "accuracy_all": 0.02482226508680077, "accuracy_input_echo": 0.023081638339370297, "output_token_count": 1000, "input_token_count": 89725, "all_token_count": 90725, "output_start_stats": {"n": 1000, "min": 60, "max": 120, "mean": 89.7249984741211}}
DONE results/subtle_1layer_stieltjes_q2.0_seq128_embd16_h1_initfix_ascend
