=== MAX embd-scan: stieltjes_q1.0 n_embd=128 n_head=4 ===
Using device: cuda
Generating training data...
Generating validation data...
Model parameters: 231,552
Using bf16 autocast for forward pass (memory optimization at long context)
Epoch   1/30 | train_loss=4.2061 | val_loss=4.1419 | val_acc=0.2878 | time=5.0s
Epoch   2/30 | train_loss=4.1390 | val_loss=4.1349 | val_acc=0.2903 | time=4.6s
Epoch   3/30 | train_loss=4.1281 | val_loss=4.1208 | val_acc=0.4397 | time=4.6s
Epoch   4/30 | train_loss=4.1206 | val_loss=4.1188 | val_acc=0.4412 | time=4.6s
Epoch   5/30 | train_loss=4.1181 | val_loss=4.1166 | val_acc=0.4602 | time=4.6s
Epoch   6/30 | train_loss=4.1162 | val_loss=4.1138 | val_acc=0.4695 | time=4.6s
Epoch   7/30 | train_loss=4.1114 | val_loss=4.1098 | val_acc=0.4730 | time=4.6s
Epoch   8/30 | train_loss=4.1087 | val_loss=4.1082 | val_acc=0.4838 | time=4.6s
Epoch   9/30 | train_loss=4.1073 | val_loss=4.1066 | val_acc=0.4813 | time=4.6s
Epoch  10/30 | train_loss=4.1064 | val_loss=4.1059 | val_acc=0.4915 | time=4.6s
Epoch  11/30 | train_loss=4.1053 | val_loss=4.1055 | val_acc=0.4963 | time=4.6s
Epoch  12/30 | train_loss=4.1047 | val_loss=4.1057 | val_acc=0.4960 | time=4.6s
Epoch  13/30 | train_loss=4.1042 | val_loss=4.1046 | val_acc=0.4965 | time=4.6s
Epoch  14/30 | train_loss=4.1037 | val_loss=4.1041 | val_acc=0.4995 | time=4.6s
Epoch  15/30 | train_loss=4.1034 | val_loss=4.1044 | val_acc=0.5025 | time=4.6s
Epoch  16/30 | train_loss=4.1031 | val_loss=4.1039 | val_acc=0.5058 | time=4.6s
Epoch  17/30 | train_loss=4.1026 | val_loss=4.1029 | val_acc=0.5118 | time=4.6s
Epoch  18/30 | train_loss=4.1023 | val_loss=4.1030 | val_acc=0.5100 | time=4.6s
Epoch  19/30 | train_loss=4.1020 | val_loss=4.1027 | val_acc=0.5140 | time=4.6s
Epoch  20/30 | train_loss=4.1019 | val_loss=4.1031 | val_acc=0.5138 | time=4.5s
Epoch  21/30 | train_loss=4.1016 | val_loss=4.1027 | val_acc=0.5182 | time=4.5s
Epoch  22/30 | train_loss=4.1014 | val_loss=4.1024 | val_acc=0.5185 | time=4.5s
Epoch  23/30 | train_loss=4.1012 | val_loss=4.1021 | val_acc=0.5160 | time=4.5s
Epoch  24/30 | train_loss=4.1009 | val_loss=4.1020 | val_acc=0.5162 | time=4.6s
Epoch  25/30 | train_loss=4.1008 | val_loss=4.1031 | val_acc=0.5188 | time=4.6s
Epoch  26/30 | train_loss=4.1007 | val_loss=4.1017 | val_acc=0.5150 | time=4.6s
Epoch  27/30 | train_loss=4.1008 | val_loss=4.1023 | val_acc=0.5190 | time=4.6s
Epoch  28/30 | train_loss=4.1005 | val_loss=4.1020 | val_acc=0.5195 | time=4.5s
Epoch  29/30 | train_loss=4.1005 | val_loss=4.1016 | val_acc=0.5208 | time=4.5s
Epoch  30/30 | train_loss=4.1004 | val_loss=4.1015 | val_acc=0.5142 | time=4.6s
Model saved to results/max_1layer_stieltjes_q1.0_seq128_embd128_h4_initfix_ascend/model.pt
Metrics saved to results/max_1layer_stieltjes_q1.0_seq128_embd128_h4_initfix_ascend/metrics.csv
Wrote results/max_1layer_stieltjes_q1.0_seq128_embd128_h4_initfix_ascend/accuracy_eval_seq128_arr120_first1.json
{"checkpoint": "results/max_1layer_stieltjes_q1.0_seq128_embd128_h4_initfix_ascend/model.pt", "task": "max", "attn": "stieltjes", "q": 1.0, "seq_len": 128, "val_samples": 1000, "seed": 42, "accuracy_fixed": 0.994, "accuracy_all": 0.035436312510680607, "accuracy_input_echo": 0.020122176081065913, "output_token_count": 1000, "input_token_count": 62369, "all_token_count": 64369, "output_start_stats": {"n": 1000, "min": 4, "max": 120, "mean": 62.36899948120117}}
Wrote results/max_1layer_stieltjes_q1.0_seq128_embd128_h4_initfix_ascend/accuracy_eval_seq256_arr120_first1.json
{"checkpoint": "results/max_1layer_stieltjes_q1.0_seq128_embd128_h4_initfix_ascend/model.pt", "task": "max", "attn": "stieltjes", "q": 1.0, "seq_len": 256, "val_samples": 1000, "seed": 42, "accuracy_fixed": 0.994, "accuracy_all": 0.035436312510680607, "accuracy_input_echo": 0.020122176081065913, "output_token_count": 1000, "input_token_count": 62369, "all_token_count": 64369, "output_start_stats": {"n": 1000, "min": 4, "max": 120, "mean": 62.36899948120117}}
Wrote results/max_1layer_stieltjes_q1.0_seq128_embd128_h4_initfix_ascend/accuracy_eval_seq512_arr120_first1.json
{"checkpoint": "results/max_1layer_stieltjes_q1.0_seq128_embd128_h4_initfix_ascend/model.pt", "task": "max", "attn": "stieltjes", "q": 1.0, "seq_len": 512, "val_samples": 1000, "seed": 42, "accuracy_fixed": 0.994, "accuracy_all": 0.035436312510680607, "accuracy_input_echo": 0.020122176081065913, "output_token_count": 1000, "input_token_count": 62369, "all_token_count": 64369, "output_start_stats": {"n": 1000, "min": 4, "max": 120, "mean": 62.36899948120117}}
Wrote results/max_1layer_stieltjes_q1.0_seq128_embd128_h4_initfix_ascend/accuracy_eval_seq1024_arr120_first1.json
{"checkpoint": "results/max_1layer_stieltjes_q1.0_seq128_embd128_h4_initfix_ascend/model.pt", "task": "max", "attn": "stieltjes", "q": 1.0, "seq_len": 1024, "val_samples": 1000, "seed": 42, "accuracy_fixed": 0.994, "accuracy_all": 0.035436312510680607, "accuracy_input_echo": 0.020122176081065913, "output_token_count": 1000, "input_token_count": 62369, "all_token_count": 64369, "output_start_stats": {"n": 1000, "min": 4, "max": 120, "mean": 62.36899948120117}}
Wrote results/max_1layer_stieltjes_q1.0_seq128_embd128_h4_initfix_ascend/accuracy_eval_seq2048_arr120_first1.json
{"checkpoint": "results/max_1layer_stieltjes_q1.0_seq128_embd128_h4_initfix_ascend/model.pt", "task": "max", "attn": "stieltjes", "q": 1.0, "seq_len": 2048, "val_samples": 1000, "seed": 42, "accuracy_fixed": 0.994, "accuracy_all": 0.035436312510680607, "accuracy_input_echo": 0.020122176081065913, "output_token_count": 1000, "input_token_count": 62369, "all_token_count": 64369, "output_start_stats": {"n": 1000, "min": 4, "max": 120, "mean": 62.36899948120117}}
Wrote results/max_1layer_stieltjes_q1.0_seq128_embd128_h4_initfix_ascend/accuracy_eval_seq4096_arr120_first1.json
{"checkpoint": "results/max_1layer_stieltjes_q1.0_seq128_embd128_h4_initfix_ascend/model.pt", "task": "max", "attn": "stieltjes", "q": 1.0, "seq_len": 4096, "val_samples": 1000, "seed": 42, "accuracy_fixed": 0.994, "accuracy_all": 0.035436312510680607, "accuracy_input_echo": 0.020122176081065913, "output_token_count": 1000, "input_token_count": 62369, "all_token_count": 64369, "output_start_stats": {"n": 1000, "min": 4, "max": 120, "mean": 62.36899948120117}}
Wrote results/max_1layer_stieltjes_q1.0_seq128_embd128_h4_initfix_ascend/accuracy_eval_seq8192_arr120_first1.json
{"checkpoint": "results/max_1layer_stieltjes_q1.0_seq128_embd128_h4_initfix_ascend/model.pt", "task": "max", "attn": "stieltjes", "q": 1.0, "seq_len": 8192, "val_samples": 1000, "seed": 42, "accuracy_fixed": 0.994, "accuracy_all": 0.035436312510680607, "accuracy_input_echo": 0.020122176081065913, "output_token_count": 1000, "input_token_count": 62369, "all_token_count": 64369, "output_start_stats": {"n": 1000, "min": 4, "max": 120, "mean": 62.36899948120117}}
DONE results/max_1layer_stieltjes_q1.0_seq128_embd128_h4_initfix_ascend
