=== SUBTLE embd-scan: stieltjes_q8.0 n_embd=32 n_head=4 ===
Using device: cuda
Generating training data...
Generating validation data...
Model parameters: 21,024
Using bf16 autocast for forward pass (memory optimization at long context)
Epoch   1/30 | train_loss=4.6017 | val_loss=4.3602 | val_acc=0.0270 | time=5.0s
Epoch   2/30 | train_loss=4.3383 | val_loss=4.2935 | val_acc=0.0810 | time=4.6s
Epoch   3/30 | train_loss=4.2948 | val_loss=4.2638 | val_acc=0.0970 | time=4.6s
Epoch   4/30 | train_loss=4.2761 | val_loss=4.2521 | val_acc=0.1595 | time=4.6s
Epoch   5/30 | train_loss=4.2671 | val_loss=4.2433 | val_acc=0.1725 | time=4.6s
Epoch   6/30 | train_loss=4.2595 | val_loss=4.2355 | val_acc=0.2115 | time=4.5s
Epoch   7/30 | train_loss=4.2539 | val_loss=4.2316 | val_acc=0.2270 | time=4.6s
Epoch   8/30 | train_loss=4.2499 | val_loss=4.2275 | val_acc=0.2275 | time=4.5s
Epoch   9/30 | train_loss=4.2468 | val_loss=4.2240 | val_acc=0.2255 | time=4.5s
Epoch  10/30 | train_loss=4.2441 | val_loss=4.2222 | val_acc=0.2320 | time=4.5s
Epoch  11/30 | train_loss=4.2419 | val_loss=4.2206 | val_acc=0.2610 | time=4.5s
Epoch  12/30 | train_loss=4.2403 | val_loss=4.2188 | val_acc=0.2990 | time=4.5s
Epoch  13/30 | train_loss=4.2385 | val_loss=4.2164 | val_acc=0.3060 | time=4.6s
Epoch  14/30 | train_loss=4.2368 | val_loss=4.2161 | val_acc=0.3405 | time=4.6s
Epoch  15/30 | train_loss=4.2358 | val_loss=4.2146 | val_acc=0.3080 | time=4.6s
Epoch  16/30 | train_loss=4.2348 | val_loss=4.2140 | val_acc=0.3490 | time=4.5s
Epoch  17/30 | train_loss=4.2336 | val_loss=4.2129 | val_acc=0.3660 | time=4.5s
Epoch  18/30 | train_loss=4.2329 | val_loss=4.2119 | val_acc=0.3700 | time=4.5s
Epoch  19/30 | train_loss=4.2316 | val_loss=4.2108 | val_acc=0.4015 | time=4.6s
Epoch  20/30 | train_loss=4.2310 | val_loss=4.2104 | val_acc=0.4085 | time=4.7s
Epoch  21/30 | train_loss=4.2301 | val_loss=4.2097 | val_acc=0.4055 | time=4.6s
Epoch  22/30 | train_loss=4.2293 | val_loss=4.2093 | val_acc=0.4100 | time=4.5s
Epoch  23/30 | train_loss=4.2287 | val_loss=4.2075 | val_acc=0.4490 | time=4.5s
Epoch  24/30 | train_loss=4.2285 | val_loss=4.2074 | val_acc=0.4665 | time=4.5s
Epoch  25/30 | train_loss=4.2276 | val_loss=4.2068 | val_acc=0.4375 | time=4.6s
Epoch  26/30 | train_loss=4.2272 | val_loss=4.2063 | val_acc=0.4700 | time=4.6s
Epoch  27/30 | train_loss=4.2265 | val_loss=4.2059 | val_acc=0.4950 | time=4.6s
Epoch  28/30 | train_loss=4.2259 | val_loss=4.2061 | val_acc=0.4700 | time=4.6s
Epoch  29/30 | train_loss=4.2254 | val_loss=4.2048 | val_acc=0.5025 | time=4.6s
Epoch  30/30 | train_loss=4.2250 | val_loss=4.2039 | val_acc=0.5085 | time=4.6s
Model saved to results/subtle_1layer_stieltjes_q8.0_seq128_embd32_h4_initfix_ascend/model.pt
Metrics saved to results/subtle_1layer_stieltjes_q8.0_seq128_embd32_h4_initfix_ascend/metrics.csv
Wrote results/subtle_1layer_stieltjes_q8.0_seq128_embd32_h4_initfix_ascend/accuracy_eval_seq128_arr120.json
{"checkpoint": "results/subtle_1layer_stieltjes_q8.0_seq128_embd32_h4_initfix_ascend/model.pt", "task": "needle", "attn": "stieltjes", "q": 8.0, "seq_len": 128, "val_samples": 1000, "seed": 42, "accuracy_fixed": 0.504, "accuracy_all": 0.027974648663543676, "accuracy_input_echo": 0.022669267205349678, "output_token_count": 1000, "input_token_count": 89725, "all_token_count": 90725, "output_start_stats": {"n": 1000, "min": 60, "max": 120, "mean": 89.7249984741211}}
Wrote results/subtle_1layer_stieltjes_q8.0_seq128_embd32_h4_initfix_ascend/accuracy_eval_seq256_arr120.json
{"checkpoint": "results/subtle_1layer_stieltjes_q8.0_seq128_embd32_h4_initfix_ascend/model.pt", "task": "needle", "attn": "stieltjes", "q": 8.0, "seq_len": 256, "val_samples": 1000, "seed": 42, "accuracy_fixed": 0.504, "accuracy_all": 0.027974648663543676, "accuracy_input_echo": 0.022669267205349678, "output_token_count": 1000, "input_token_count": 89725, "all_token_count": 90725, "output_start_stats": {"n": 1000, "min": 60, "max": 120, "mean": 89.7249984741211}}
Wrote results/subtle_1layer_stieltjes_q8.0_seq128_embd32_h4_initfix_ascend/accuracy_eval_seq512_arr120.json
{"checkpoint": "results/subtle_1layer_stieltjes_q8.0_seq128_embd32_h4_initfix_ascend/model.pt", "task": "needle", "attn": "stieltjes", "q": 8.0, "seq_len": 512, "val_samples": 1000, "seed": 42, "accuracy_fixed": 0.504, "accuracy_all": 0.027974648663543676, "accuracy_input_echo": 0.022669267205349678, "output_token_count": 1000, "input_token_count": 89725, "all_token_count": 90725, "output_start_stats": {"n": 1000, "min": 60, "max": 120, "mean": 89.7249984741211}}
Wrote results/subtle_1layer_stieltjes_q8.0_seq128_embd32_h4_initfix_ascend/accuracy_eval_seq1024_arr120.json
{"checkpoint": "results/subtle_1layer_stieltjes_q8.0_seq128_embd32_h4_initfix_ascend/model.pt", "task": "needle", "attn": "stieltjes", "q": 8.0, "seq_len": 1024, "val_samples": 1000, "seed": 42, "accuracy_fixed": 0.504, "accuracy_all": 0.027974648663543676, "accuracy_input_echo": 0.022669267205349678, "output_token_count": 1000, "input_token_count": 89725, "all_token_count": 90725, "output_start_stats": {"n": 1000, "min": 60, "max": 120, "mean": 89.7249984741211}}
Wrote results/subtle_1layer_stieltjes_q8.0_seq128_embd32_h4_initfix_ascend/accuracy_eval_seq2048_arr120.json
{"checkpoint": "results/subtle_1layer_stieltjes_q8.0_seq128_embd32_h4_initfix_ascend/model.pt", "task": "needle", "attn": "stieltjes", "q": 8.0, "seq_len": 2048, "val_samples": 1000, "seed": 42, "accuracy_fixed": 0.504, "accuracy_all": 0.027974648663543676, "accuracy_input_echo": 0.022669267205349678, "output_token_count": 1000, "input_token_count": 89725, "all_token_count": 90725, "output_start_stats": {"n": 1000, "min": 60, "max": 120, "mean": 89.7249984741211}}
Wrote results/subtle_1layer_stieltjes_q8.0_seq128_embd32_h4_initfix_ascend/accuracy_eval_seq4096_arr120.json
{"checkpoint": "results/subtle_1layer_stieltjes_q8.0_seq128_embd32_h4_initfix_ascend/model.pt", "task": "needle", "attn": "stieltjes", "q": 8.0, "seq_len": 4096, "val_samples": 1000, "seed": 42, "accuracy_fixed": 0.504, "accuracy_all": 0.027974648663543676, "accuracy_input_echo": 0.022669267205349678, "output_token_count": 1000, "input_token_count": 89725, "all_token_count": 90725, "output_start_stats": {"n": 1000, "min": 60, "max": 120, "mean": 89.7249984741211}}
Wrote results/subtle_1layer_stieltjes_q8.0_seq128_embd32_h4_initfix_ascend/accuracy_eval_seq8192_arr120.json
{"checkpoint": "results/subtle_1layer_stieltjes_q8.0_seq128_embd32_h4_initfix_ascend/model.pt", "task": "needle", "attn": "stieltjes", "q": 8.0, "seq_len": 8192, "val_samples": 1000, "seed": 42, "accuracy_fixed": 0.504, "accuracy_all": 0.027974648663543676, "accuracy_input_echo": 0.022669267205349678, "output_token_count": 1000, "input_token_count": 89725, "all_token_count": 90725, "output_start_stats": {"n": 1000, "min": 60, "max": 120, "mean": 89.7249984741211}}
DONE results/subtle_1layer_stieltjes_q8.0_seq128_embd32_h4_initfix_ascend
