=== max 1-head toy stieltjes_q32.0 seq=128 d=64 NoPE ===
Thu Apr 16 00:32:08 2026       
+-----------------------------------------------------------------------------------------+
| NVIDIA-SMI 580.95.05              Driver Version: 580.95.05      CUDA Version: 13.0     |
+-----------------------------------------+------------------------+----------------------+
| GPU  Name                 Persistence-M | Bus-Id          Disp.A | Volatile Uncorr. ECC |
| Fan  Temp   Perf          Pwr:Usage/Cap |           Memory-Usage | GPU-Util  Compute M. |
|                                         |                        |               MIG M. |
|=========================================+========================+======================|
|   0  NVIDIA A100-PCIE-40GB          On  |   00000000:81:00.0 Off |                    0 |
| N/A   29C    P0             38W /  250W |       0MiB /  40960MiB |      0%      Default |
|                                         |                        |             Disabled |
+-----------------------------------------+------------------------+----------------------+

+-----------------------------------------------------------------------------------------+
| Processes:                                                                              |
|  GPU   GI   CI              PID   Type   Process name                        GPU Memory |
|        ID   ID                                                               Usage      |
|=========================================================================================|
|  No running processes found                                                             |
+-----------------------------------------------------------------------------------------+
Using device: cuda
Generating training data...
Generating validation data...
Model parameters: 66,624
Using bf16 autocast for forward pass (memory optimization at long context)
Epoch   1/50 | train_loss=4.2752 | val_loss=4.1523 | val_acc=0.3000 | time=6.2s
Epoch   2/50 | train_loss=4.1472 | val_loss=4.1421 | val_acc=0.3015 | time=4.7s
Epoch   3/50 | train_loss=4.1404 | val_loss=4.1330 | val_acc=0.3272 | time=4.7s
Epoch   4/50 | train_loss=4.1310 | val_loss=4.1271 | val_acc=0.4040 | time=4.7s
Epoch   5/50 | train_loss=4.1266 | val_loss=4.1249 | val_acc=0.4310 | time=4.7s
Epoch   6/50 | train_loss=4.1238 | val_loss=4.1235 | val_acc=0.4387 | time=4.7s
Epoch   7/50 | train_loss=4.1223 | val_loss=4.1222 | val_acc=0.4587 | time=4.7s
Epoch   8/50 | train_loss=4.1210 | val_loss=4.1214 | val_acc=0.4437 | time=4.7s
Epoch   9/50 | train_loss=4.1197 | val_loss=4.1225 | val_acc=0.4113 | time=4.7s
Epoch  10/50 | train_loss=4.1175 | val_loss=4.1171 | val_acc=0.4590 | time=4.7s
Epoch  11/50 | train_loss=4.1150 | val_loss=4.1147 | val_acc=0.4655 | time=4.7s
Epoch  12/50 | train_loss=4.1129 | val_loss=4.1134 | val_acc=0.4605 | time=4.7s
Epoch  13/50 | train_loss=4.1119 | val_loss=4.1132 | val_acc=0.4660 | time=4.7s
Epoch  14/50 | train_loss=4.1111 | val_loss=4.1126 | val_acc=0.4590 | time=4.7s
Epoch  15/50 | train_loss=4.1104 | val_loss=4.1210 | val_acc=0.3775 | time=4.7s
Epoch  16/50 | train_loss=4.1098 | val_loss=4.1125 | val_acc=0.4405 | time=4.7s
Epoch  17/50 | train_loss=4.1095 | val_loss=4.1100 | val_acc=0.4833 | time=4.7s
Epoch  18/50 | train_loss=4.1090 | val_loss=4.1120 | val_acc=0.4915 | time=4.7s
Epoch  19/50 | train_loss=4.1086 | val_loss=4.1112 | val_acc=0.4743 | time=4.7s
Epoch  20/50 | train_loss=4.1083 | val_loss=4.1110 | val_acc=0.4785 | time=4.7s
Epoch  21/50 | train_loss=4.1081 | val_loss=4.1125 | val_acc=0.4615 | time=4.7s
Epoch  22/50 | train_loss=4.1076 | val_loss=4.1111 | val_acc=0.4640 | time=4.7s
Epoch  23/50 | train_loss=4.1074 | val_loss=4.1114 | val_acc=0.4562 | time=4.7s
Epoch  24/50 | train_loss=4.1072 | val_loss=4.1096 | val_acc=0.4858 | time=4.7s
Epoch  25/50 | train_loss=4.1071 | val_loss=4.1082 | val_acc=0.4945 | time=4.7s
Epoch  26/50 | train_loss=4.1068 | val_loss=4.1076 | val_acc=0.4975 | time=4.7s
Epoch  27/50 | train_loss=4.1065 | val_loss=4.1085 | val_acc=0.5000 | time=4.7s
Epoch  28/50 | train_loss=4.1064 | val_loss=4.1084 | val_acc=0.4793 | time=4.7s
Epoch  29/50 | train_loss=4.1062 | val_loss=4.1077 | val_acc=0.4885 | time=4.7s
Epoch  30/50 | train_loss=4.1060 | val_loss=4.1081 | val_acc=0.4975 | time=4.7s
Epoch  31/50 | train_loss=4.1059 | val_loss=4.1077 | val_acc=0.4998 | time=4.7s
Epoch  32/50 | train_loss=4.1058 | val_loss=4.1077 | val_acc=0.4913 | time=4.7s
Epoch  33/50 | train_loss=4.1057 | val_loss=4.1062 | val_acc=0.4993 | time=4.7s
Epoch  34/50 | train_loss=4.1055 | val_loss=4.1074 | val_acc=0.5025 | time=4.7s
Epoch  35/50 | train_loss=4.1052 | val_loss=4.1090 | val_acc=0.4672 | time=4.7s
Epoch  36/50 | train_loss=4.1052 | val_loss=4.1082 | val_acc=0.4873 | time=4.7s
Epoch  37/50 | train_loss=4.1050 | val_loss=4.1075 | val_acc=0.4853 | time=4.7s
Epoch  38/50 | train_loss=4.1049 | val_loss=4.1073 | val_acc=0.4920 | time=4.7s
Epoch  39/50 | train_loss=4.1049 | val_loss=4.1100 | val_acc=0.4580 | time=4.7s
Epoch  40/50 | train_loss=4.1047 | val_loss=4.1075 | val_acc=0.4950 | time=4.7s
Epoch  41/50 | train_loss=4.1046 | val_loss=4.1060 | val_acc=0.5115 | time=4.7s
Epoch  42/50 | train_loss=4.1045 | val_loss=4.1071 | val_acc=0.4975 | time=4.7s
Epoch  43/50 | train_loss=4.1043 | val_loss=4.1057 | val_acc=0.5088 | time=4.7s
Epoch  44/50 | train_loss=4.1042 | val_loss=4.1062 | val_acc=0.5005 | time=4.7s
Epoch  45/50 | train_loss=4.1042 | val_loss=4.1060 | val_acc=0.5070 | time=4.7s
Epoch  46/50 | train_loss=4.1040 | val_loss=4.1059 | val_acc=0.5080 | time=4.7s
Epoch  47/50 | train_loss=4.1040 | val_loss=4.1055 | val_acc=0.5102 | time=4.7s
Epoch  48/50 | train_loss=4.1038 | val_loss=4.1062 | val_acc=0.5040 | time=4.7s
Epoch  49/50 | train_loss=4.1038 | val_loss=4.1062 | val_acc=0.5032 | time=4.7s
Epoch  50/50 | train_loss=4.1037 | val_loss=4.1058 | val_acc=0.5025 | time=4.7s
Model saved to results/max_1head_stieltjes_q32.0_seq128_d64_nope_ascend/model.pt
Metrics saved to results/max_1head_stieltjes_q32.0_seq128_d64_nope_ascend/metrics.csv
=== eval at seq=128 (128/128x extrap) ===
Wrote results/max_1head_stieltjes_q32.0_seq128_d64_nope_ascend/accuracy_eval_seq128_scaledarr.json
{"checkpoint": "results/max_1head_stieltjes_q32.0_seq128_d64_nope_ascend/model.pt", "task": "max", "attn": "stieltjes", "q": 32.0, "seq_len": 128, "val_samples": 2000, "seed": 42, "accuracy_fixed": 0.42375, "accuracy_all": 0.029384083685623476, "accuracy_input_echo": 0.01682745884675391, "output_token_count": 4000, "input_token_count": 125628, "all_token_count": 129628, "output_start_stats": {"n": 2000, "min": 4, "max": 120, "mean": 62.81399917602539}}
=== eval at seq=512 (512/128x extrap) ===
Wrote results/max_1head_stieltjes_q32.0_seq128_d64_nope_ascend/accuracy_eval_seq512_scaledarr.json
{"checkpoint": "results/max_1head_stieltjes_q32.0_seq128_d64_nope_ascend/model.pt", "task": "max", "attn": "stieltjes", "q": 32.0, "seq_len": 512, "val_samples": 2000, "seed": 42, "accuracy_fixed": 0.996, "accuracy_all": 0.01246997931507586, "accuracy_input_echo": 0.009883073313597873, "output_token_count": 2000, "input_token_count": 760391, "all_token_count": 762391, "output_start_stats": {"n": 2000, "min": 256, "max": 504, "mean": 380.19549560546875}}
=== eval at seq=2048 (2048/128x extrap) ===
Wrote results/max_1head_stieltjes_q32.0_seq128_d64_nope_ascend/accuracy_eval_seq2048_scaledarr.json
{"checkpoint": "results/max_1head_stieltjes_q32.0_seq128_d64_nope_ascend/model.pt", "task": "max", "attn": "stieltjes", "q": 32.0, "seq_len": 2048, "val_samples": 2000, "seed": 42, "accuracy_fixed": 1.0, "accuracy_all": 0.008658908404572684, "accuracy_input_echo": 0.007801444817719776, "output_token_count": 2000, "input_token_count": 2312264, "all_token_count": 2314264, "output_start_stats": {"n": 2000, "min": 256, "max": 2039, "mean": 1156.1319580078125}}
=== eval at seq=8192 (8192/128x extrap) ===
Wrote results/max_1head_stieltjes_q32.0_seq128_d64_nope_ascend/accuracy_eval_seq8192_scaledarr.json
{"checkpoint": "results/max_1head_stieltjes_q32.0_seq128_d64_nope_ascend/model.pt", "task": "max", "attn": "stieltjes", "q": 32.0, "seq_len": 8192, "val_samples": 2000, "seed": 42, "accuracy_fixed": 0.99, "accuracy_all": 0.006404519851764628, "accuracy_input_echo": 0.006174252103374213, "output_token_count": 2000, "input_token_count": 8543059, "all_token_count": 8545059, "output_start_stats": {"n": 2000, "min": 258, "max": 8164, "mean": 4271.529296875}}
=== eval at seq=16384 (16384/128x extrap) ===
Wrote results/max_1head_stieltjes_q32.0_seq128_d64_nope_ascend/accuracy_eval_seq16384_scaledarr.json
{"checkpoint": "results/max_1head_stieltjes_q32.0_seq128_d64_nope_ascend/model.pt", "task": "max", "attn": "stieltjes", "q": 32.0, "seq_len": 16384, "val_samples": 2000, "seed": 42, "accuracy_fixed": 0.5785, "accuracy_all": 0.00564455056096169, "accuracy_input_echo": 0.005576066965404607, "output_token_count": 2000, "input_token_count": 16729713, "all_token_count": 16731713, "output_start_stats": {"n": 2000, "min": 286, "max": 16375, "mean": 8364.8564453125}}
