=== MAX embd-scan: stieltjes_q8.0 n_embd=128 n_head=4 ===
Using device: cuda
Generating training data...
Generating validation data...
Model parameters: 231,552
Using bf16 autocast for forward pass (memory optimization at long context)
Epoch   1/30 | train_loss=4.1945 | val_loss=4.1213 | val_acc=0.4655 | time=5.5s
Epoch   2/30 | train_loss=4.1184 | val_loss=4.1141 | val_acc=0.4918 | time=4.6s
Epoch   3/30 | train_loss=4.1140 | val_loss=4.1115 | val_acc=0.5018 | time=4.6s
Epoch   4/30 | train_loss=4.1117 | val_loss=4.1110 | val_acc=0.5138 | time=4.5s
Epoch   5/30 | train_loss=4.1095 | val_loss=4.1074 | val_acc=0.5102 | time=4.5s
Epoch   6/30 | train_loss=4.1076 | val_loss=4.1068 | val_acc=0.5138 | time=4.6s
Epoch   7/30 | train_loss=4.1062 | val_loss=4.1056 | val_acc=0.5118 | time=4.5s
Epoch   8/30 | train_loss=4.1055 | val_loss=4.1061 | val_acc=0.5140 | time=4.5s
Epoch   9/30 | train_loss=4.1047 | val_loss=4.1056 | val_acc=0.5112 | time=4.6s
Epoch  10/30 | train_loss=4.1043 | val_loss=4.1052 | val_acc=0.5135 | time=4.5s
Epoch  11/30 | train_loss=4.1037 | val_loss=4.1044 | val_acc=0.5168 | time=4.5s
Epoch  12/30 | train_loss=4.1033 | val_loss=4.1043 | val_acc=0.5118 | time=4.5s
Epoch  13/30 | train_loss=4.1029 | val_loss=4.1034 | val_acc=0.5140 | time=4.6s
Epoch  14/30 | train_loss=4.1028 | val_loss=4.1032 | val_acc=0.5128 | time=4.5s
Epoch  15/30 | train_loss=4.1024 | val_loss=4.1037 | val_acc=0.5108 | time=4.5s
Epoch  16/30 | train_loss=4.1023 | val_loss=4.1032 | val_acc=0.5138 | time=4.5s
Epoch  17/30 | train_loss=4.1020 | val_loss=4.1034 | val_acc=0.5138 | time=4.5s
Epoch  18/30 | train_loss=4.1017 | val_loss=4.1033 | val_acc=0.5128 | time=4.5s
Epoch  19/30 | train_loss=4.1016 | val_loss=4.1041 | val_acc=0.5180 | time=4.5s
Epoch  20/30 | train_loss=4.1015 | val_loss=4.1029 | val_acc=0.5170 | time=4.5s
Epoch  21/30 | train_loss=4.1013 | val_loss=4.1030 | val_acc=0.5190 | time=4.5s
Epoch  22/30 | train_loss=4.1011 | val_loss=4.1025 | val_acc=0.5160 | time=4.5s
Epoch  23/30 | train_loss=4.1010 | val_loss=4.1024 | val_acc=0.5135 | time=4.5s
Epoch  24/30 | train_loss=4.1008 | val_loss=4.1027 | val_acc=0.5160 | time=4.5s
Epoch  25/30 | train_loss=4.1007 | val_loss=4.1030 | val_acc=0.5205 | time=4.5s
Epoch  26/30 | train_loss=4.1005 | val_loss=4.1024 | val_acc=0.5175 | time=4.5s
Epoch  27/30 | train_loss=4.1005 | val_loss=4.1032 | val_acc=0.5188 | time=4.5s
Epoch  28/30 | train_loss=4.1004 | val_loss=4.1031 | val_acc=0.5185 | time=4.5s
Epoch  29/30 | train_loss=4.1003 | val_loss=4.1029 | val_acc=0.5185 | time=4.5s
Epoch  30/30 | train_loss=4.1001 | val_loss=4.1030 | val_acc=0.5208 | time=4.5s
Model saved to results/max_1layer_stieltjes_q8.0_seq128_embd128_h4_initfix_ascend/model.pt
Metrics saved to results/max_1layer_stieltjes_q8.0_seq128_embd128_h4_initfix_ascend/metrics.csv
Wrote results/max_1layer_stieltjes_q8.0_seq128_embd128_h4_initfix_ascend/accuracy_eval_seq128_arr120_first1.json
{"checkpoint": "results/max_1layer_stieltjes_q8.0_seq128_embd128_h4_initfix_ascend/model.pt", "task": "max", "attn": "stieltjes", "q": 8.0, "seq_len": 128, "val_samples": 1000, "seed": 42, "accuracy_fixed": 0.998, "accuracy_all": 0.034830430797433545, "accuracy_input_echo": 0.01925636133335471, "output_token_count": 1000, "input_token_count": 62369, "all_token_count": 64369, "output_start_stats": {"n": 1000, "min": 4, "max": 120, "mean": 62.36899948120117}}
Wrote results/max_1layer_stieltjes_q8.0_seq128_embd128_h4_initfix_ascend/accuracy_eval_seq256_arr120_first1.json
{"checkpoint": "results/max_1layer_stieltjes_q8.0_seq128_embd128_h4_initfix_ascend/model.pt", "task": "max", "attn": "stieltjes", "q": 8.0, "seq_len": 256, "val_samples": 1000, "seed": 42, "accuracy_fixed": 0.998, "accuracy_all": 0.034830430797433545, "accuracy_input_echo": 0.01925636133335471, "output_token_count": 1000, "input_token_count": 62369, "all_token_count": 64369, "output_start_stats": {"n": 1000, "min": 4, "max": 120, "mean": 62.36899948120117}}
Wrote results/max_1layer_stieltjes_q8.0_seq128_embd128_h4_initfix_ascend/accuracy_eval_seq512_arr120_first1.json
{"checkpoint": "results/max_1layer_stieltjes_q8.0_seq128_embd128_h4_initfix_ascend/model.pt", "task": "max", "attn": "stieltjes", "q": 8.0, "seq_len": 512, "val_samples": 1000, "seed": 42, "accuracy_fixed": 0.998, "accuracy_all": 0.034830430797433545, "accuracy_input_echo": 0.01925636133335471, "output_token_count": 1000, "input_token_count": 62369, "all_token_count": 64369, "output_start_stats": {"n": 1000, "min": 4, "max": 120, "mean": 62.36899948120117}}
Wrote results/max_1layer_stieltjes_q8.0_seq128_embd128_h4_initfix_ascend/accuracy_eval_seq1024_arr120_first1.json
{"checkpoint": "results/max_1layer_stieltjes_q8.0_seq128_embd128_h4_initfix_ascend/model.pt", "task": "max", "attn": "stieltjes", "q": 8.0, "seq_len": 1024, "val_samples": 1000, "seed": 42, "accuracy_fixed": 0.998, "accuracy_all": 0.034830430797433545, "accuracy_input_echo": 0.01925636133335471, "output_token_count": 1000, "input_token_count": 62369, "all_token_count": 64369, "output_start_stats": {"n": 1000, "min": 4, "max": 120, "mean": 62.36899948120117}}
Wrote results/max_1layer_stieltjes_q8.0_seq128_embd128_h4_initfix_ascend/accuracy_eval_seq2048_arr120_first1.json
{"checkpoint": "results/max_1layer_stieltjes_q8.0_seq128_embd128_h4_initfix_ascend/model.pt", "task": "max", "attn": "stieltjes", "q": 8.0, "seq_len": 2048, "val_samples": 1000, "seed": 42, "accuracy_fixed": 0.998, "accuracy_all": 0.034830430797433545, "accuracy_input_echo": 0.01925636133335471, "output_token_count": 1000, "input_token_count": 62369, "all_token_count": 64369, "output_start_stats": {"n": 1000, "min": 4, "max": 120, "mean": 62.36899948120117}}
Wrote results/max_1layer_stieltjes_q8.0_seq128_embd128_h4_initfix_ascend/accuracy_eval_seq4096_arr120_first1.json
{"checkpoint": "results/max_1layer_stieltjes_q8.0_seq128_embd128_h4_initfix_ascend/model.pt", "task": "max", "attn": "stieltjes", "q": 8.0, "seq_len": 4096, "val_samples": 1000, "seed": 42, "accuracy_fixed": 0.998, "accuracy_all": 0.034830430797433545, "accuracy_input_echo": 0.01925636133335471, "output_token_count": 1000, "input_token_count": 62369, "all_token_count": 64369, "output_start_stats": {"n": 1000, "min": 4, "max": 120, "mean": 62.36899948120117}}
Wrote results/max_1layer_stieltjes_q8.0_seq128_embd128_h4_initfix_ascend/accuracy_eval_seq8192_arr120_first1.json
{"checkpoint": "results/max_1layer_stieltjes_q8.0_seq128_embd128_h4_initfix_ascend/model.pt", "task": "max", "attn": "stieltjes", "q": 8.0, "seq_len": 8192, "val_samples": 1000, "seed": 42, "accuracy_fixed": 0.998, "accuracy_all": 0.034830430797433545, "accuracy_input_echo": 0.01925636133335471, "output_token_count": 1000, "input_token_count": 62369, "all_token_count": 64369, "output_start_stats": {"n": 1000, "min": 4, "max": 120, "mean": 62.36899948120117}}
DONE results/max_1layer_stieltjes_q8.0_seq128_embd128_h4_initfix_ascend
