=== MAX embd-scan: stieltjes_q24.0 n_embd=16 n_head=1 ===
Using device: cuda
Generating training data...
Generating validation data...
Model parameters: 7,440
Using bf16 autocast for forward pass (memory optimization at long context)
Epoch   1/30 | train_loss=4.5166 | val_loss=4.2228 | val_acc=0.2853 | time=4.9s
Epoch   2/30 | train_loss=4.2004 | val_loss=4.1818 | val_acc=0.2853 | time=4.5s
Epoch   3/30 | train_loss=4.1667 | val_loss=4.1536 | val_acc=0.2935 | time=4.5s
Epoch   4/30 | train_loss=4.1481 | val_loss=4.1422 | val_acc=0.3033 | time=4.5s
Epoch   5/30 | train_loss=4.1408 | val_loss=4.1385 | val_acc=0.3038 | time=4.5s
Epoch   6/30 | train_loss=4.1379 | val_loss=4.1363 | val_acc=0.3305 | time=4.5s
Epoch   7/30 | train_loss=4.1356 | val_loss=4.1334 | val_acc=0.3448 | time=4.5s
Epoch   8/30 | train_loss=4.1336 | val_loss=4.1312 | val_acc=0.3448 | time=4.5s
Epoch   9/30 | train_loss=4.1324 | val_loss=4.1297 | val_acc=0.3448 | time=4.5s
Epoch  10/30 | train_loss=4.1314 | val_loss=4.1295 | val_acc=0.3448 | time=4.5s
Epoch  11/30 | train_loss=4.1301 | val_loss=4.1281 | val_acc=0.4020 | time=4.5s
Epoch  12/30 | train_loss=4.1289 | val_loss=4.1264 | val_acc=0.4185 | time=4.5s
Epoch  13/30 | train_loss=4.1276 | val_loss=4.1262 | val_acc=0.4387 | time=4.5s
Epoch  14/30 | train_loss=4.1266 | val_loss=4.1250 | val_acc=0.4387 | time=4.5s
Epoch  15/30 | train_loss=4.1254 | val_loss=4.1245 | val_acc=0.4392 | time=4.5s
Epoch  16/30 | train_loss=4.1246 | val_loss=4.1239 | val_acc=0.4405 | time=4.5s
Epoch  17/30 | train_loss=4.1241 | val_loss=4.1235 | val_acc=0.4412 | time=4.5s
Epoch  18/30 | train_loss=4.1236 | val_loss=4.1235 | val_acc=0.4412 | time=4.5s
Epoch  19/30 | train_loss=4.1230 | val_loss=4.1232 | val_acc=0.4412 | time=4.5s
Epoch  20/30 | train_loss=4.1226 | val_loss=4.1226 | val_acc=0.4422 | time=4.5s
Epoch  21/30 | train_loss=4.1224 | val_loss=4.1221 | val_acc=0.4422 | time=4.5s
Epoch  22/30 | train_loss=4.1220 | val_loss=4.1216 | val_acc=0.4397 | time=4.5s
Epoch  23/30 | train_loss=4.1217 | val_loss=4.1217 | val_acc=0.4345 | time=4.5s
Epoch  24/30 | train_loss=4.1213 | val_loss=4.1217 | val_acc=0.4410 | time=4.5s
Epoch  25/30 | train_loss=4.1209 | val_loss=4.1200 | val_acc=0.4305 | time=4.5s
Epoch  26/30 | train_loss=4.1205 | val_loss=4.1199 | val_acc=0.4348 | time=4.5s
Epoch  27/30 | train_loss=4.1200 | val_loss=4.1194 | val_acc=0.4430 | time=4.5s
Epoch  28/30 | train_loss=4.1196 | val_loss=4.1189 | val_acc=0.4500 | time=4.5s
Epoch  29/30 | train_loss=4.1191 | val_loss=4.1185 | val_acc=0.4522 | time=4.5s
Epoch  30/30 | train_loss=4.1188 | val_loss=4.1184 | val_acc=0.4460 | time=4.5s
Model saved to results/max_1layer_stieltjes_q24.0_seq128_embd16_h1_initfix_ascend/model.pt
Metrics saved to results/max_1layer_stieltjes_q24.0_seq128_embd16_h1_initfix_ascend/metrics.csv
Wrote results/max_1layer_stieltjes_q24.0_seq128_embd16_h1_initfix_ascend/accuracy_eval_seq128_arr120_first1.json
{"checkpoint": "results/max_1layer_stieltjes_q24.0_seq128_embd16_h1_initfix_ascend/model.pt", "task": "max", "attn": "stieltjes", "q": 24.0, "seq_len": 128, "val_samples": 1000, "seed": 42, "accuracy_fixed": 0.856, "accuracy_all": 0.032344762230266125, "accuracy_input_echo": 0.01909602526896375, "output_token_count": 1000, "input_token_count": 62369, "all_token_count": 64369, "output_start_stats": {"n": 1000, "min": 4, "max": 120, "mean": 62.36899948120117}}
Wrote results/max_1layer_stieltjes_q24.0_seq128_embd16_h1_initfix_ascend/accuracy_eval_seq256_arr120_first1.json
{"checkpoint": "results/max_1layer_stieltjes_q24.0_seq128_embd16_h1_initfix_ascend/model.pt", "task": "max", "attn": "stieltjes", "q": 24.0, "seq_len": 256, "val_samples": 1000, "seed": 42, "accuracy_fixed": 0.856, "accuracy_all": 0.032344762230266125, "accuracy_input_echo": 0.01909602526896375, "output_token_count": 1000, "input_token_count": 62369, "all_token_count": 64369, "output_start_stats": {"n": 1000, "min": 4, "max": 120, "mean": 62.36899948120117}}
Wrote results/max_1layer_stieltjes_q24.0_seq128_embd16_h1_initfix_ascend/accuracy_eval_seq512_arr120_first1.json
{"checkpoint": "results/max_1layer_stieltjes_q24.0_seq128_embd16_h1_initfix_ascend/model.pt", "task": "max", "attn": "stieltjes", "q": 24.0, "seq_len": 512, "val_samples": 1000, "seed": 42, "accuracy_fixed": 0.856, "accuracy_all": 0.032344762230266125, "accuracy_input_echo": 0.01909602526896375, "output_token_count": 1000, "input_token_count": 62369, "all_token_count": 64369, "output_start_stats": {"n": 1000, "min": 4, "max": 120, "mean": 62.36899948120117}}
Wrote results/max_1layer_stieltjes_q24.0_seq128_embd16_h1_initfix_ascend/accuracy_eval_seq1024_arr120_first1.json
{"checkpoint": "results/max_1layer_stieltjes_q24.0_seq128_embd16_h1_initfix_ascend/model.pt", "task": "max", "attn": "stieltjes", "q": 24.0, "seq_len": 1024, "val_samples": 1000, "seed": 42, "accuracy_fixed": 0.856, "accuracy_all": 0.032344762230266125, "accuracy_input_echo": 0.01909602526896375, "output_token_count": 1000, "input_token_count": 62369, "all_token_count": 64369, "output_start_stats": {"n": 1000, "min": 4, "max": 120, "mean": 62.36899948120117}}
Wrote results/max_1layer_stieltjes_q24.0_seq128_embd16_h1_initfix_ascend/accuracy_eval_seq2048_arr120_first1.json
{"checkpoint": "results/max_1layer_stieltjes_q24.0_seq128_embd16_h1_initfix_ascend/model.pt", "task": "max", "attn": "stieltjes", "q": 24.0, "seq_len": 2048, "val_samples": 1000, "seed": 42, "accuracy_fixed": 0.856, "accuracy_all": 0.032344762230266125, "accuracy_input_echo": 0.01909602526896375, "output_token_count": 1000, "input_token_count": 62369, "all_token_count": 64369, "output_start_stats": {"n": 1000, "min": 4, "max": 120, "mean": 62.36899948120117}}
Wrote results/max_1layer_stieltjes_q24.0_seq128_embd16_h1_initfix_ascend/accuracy_eval_seq4096_arr120_first1.json
{"checkpoint": "results/max_1layer_stieltjes_q24.0_seq128_embd16_h1_initfix_ascend/model.pt", "task": "max", "attn": "stieltjes", "q": 24.0, "seq_len": 4096, "val_samples": 1000, "seed": 42, "accuracy_fixed": 0.856, "accuracy_all": 0.032344762230266125, "accuracy_input_echo": 0.01909602526896375, "output_token_count": 1000, "input_token_count": 62369, "all_token_count": 64369, "output_start_stats": {"n": 1000, "min": 4, "max": 120, "mean": 62.36899948120117}}
Wrote results/max_1layer_stieltjes_q24.0_seq128_embd16_h1_initfix_ascend/accuracy_eval_seq8192_arr120_first1.json
{"checkpoint": "results/max_1layer_stieltjes_q24.0_seq128_embd16_h1_initfix_ascend/model.pt", "task": "max", "attn": "stieltjes", "q": 24.0, "seq_len": 8192, "val_samples": 1000, "seed": 42, "accuracy_fixed": 0.856, "accuracy_all": 0.032344762230266125, "accuracy_input_echo": 0.01909602526896375, "output_token_count": 1000, "input_token_count": 62369, "all_token_count": 64369, "output_start_stats": {"n": 1000, "min": 4, "max": 120, "mean": 62.36899948120117}}
DONE results/max_1layer_stieltjes_q24.0_seq128_embd16_h1_initfix_ascend
