=== MAX embd-scan: softmax n_embd=8 n_head=1 ===
Using device: cuda
Generating training data...
Generating validation data...
Model parameters: 2,952
Using bf16 autocast for forward pass (memory optimization at long context)
Epoch   1/30 | train_loss=4.7172 | val_loss=4.3001 | val_acc=0.2853 | time=4.5s
Epoch   2/30 | train_loss=4.2383 | val_loss=4.2047 | val_acc=0.2853 | time=3.6s
Epoch   3/30 | train_loss=4.1977 | val_loss=4.1895 | val_acc=0.2853 | time=3.6s
Epoch   4/30 | train_loss=4.1880 | val_loss=4.1881 | val_acc=0.2853 | time=3.6s
Epoch   5/30 | train_loss=4.1843 | val_loss=4.1855 | val_acc=0.2853 | time=3.5s
Epoch   6/30 | train_loss=4.1761 | val_loss=4.1635 | val_acc=0.2858 | time=3.5s
Epoch   7/30 | train_loss=4.1565 | val_loss=4.1488 | val_acc=0.2898 | time=3.5s
Epoch   8/30 | train_loss=4.1461 | val_loss=4.1418 | val_acc=0.2913 | time=3.5s
Epoch   9/30 | train_loss=4.1422 | val_loss=4.1407 | val_acc=0.2923 | time=3.6s
Epoch  10/30 | train_loss=4.1398 | val_loss=4.1370 | val_acc=0.2923 | time=3.5s
Epoch  11/30 | train_loss=4.1375 | val_loss=4.1358 | val_acc=0.2980 | time=3.5s
Epoch  12/30 | train_loss=4.1346 | val_loss=4.1309 | val_acc=0.3957 | time=3.5s
Epoch  13/30 | train_loss=4.1324 | val_loss=4.1303 | val_acc=0.3980 | time=3.6s
Epoch  14/30 | train_loss=4.1311 | val_loss=4.1306 | val_acc=0.3960 | time=3.5s
Epoch  15/30 | train_loss=4.1302 | val_loss=4.1294 | val_acc=0.3987 | time=3.5s
Epoch  16/30 | train_loss=4.1294 | val_loss=4.1280 | val_acc=0.3977 | time=3.5s
Epoch  17/30 | train_loss=4.1288 | val_loss=4.1276 | val_acc=0.3957 | time=3.5s
Epoch  18/30 | train_loss=4.1282 | val_loss=4.1273 | val_acc=0.4030 | time=3.5s
Epoch  19/30 | train_loss=4.1277 | val_loss=4.1259 | val_acc=0.4005 | time=3.5s
Epoch  20/30 | train_loss=4.1271 | val_loss=4.1261 | val_acc=0.4040 | time=3.5s
Epoch  21/30 | train_loss=4.1267 | val_loss=4.1271 | val_acc=0.4485 | time=3.5s
Epoch  22/30 | train_loss=4.1263 | val_loss=4.1254 | val_acc=0.4480 | time=3.5s
Epoch  23/30 | train_loss=4.1257 | val_loss=4.1244 | val_acc=0.4495 | time=3.5s
Epoch  24/30 | train_loss=4.1255 | val_loss=4.1239 | val_acc=0.4497 | time=3.5s
Epoch  25/30 | train_loss=4.1253 | val_loss=4.1248 | val_acc=0.4497 | time=3.6s
Epoch  26/30 | train_loss=4.1249 | val_loss=4.1237 | val_acc=0.4490 | time=3.5s
Epoch  27/30 | train_loss=4.1247 | val_loss=4.1236 | val_acc=0.4517 | time=3.5s
Epoch  28/30 | train_loss=4.1245 | val_loss=4.1241 | val_acc=0.4520 | time=3.5s
Epoch  29/30 | train_loss=4.1243 | val_loss=4.1244 | val_acc=0.4472 | time=3.5s
Epoch  30/30 | train_loss=4.1243 | val_loss=4.1231 | val_acc=0.4512 | time=3.5s
Model saved to results/max_1layer_softmax_seq128_embd8_h1_initfix_ascend/model.pt
Metrics saved to results/max_1layer_softmax_seq128_embd8_h1_initfix_ascend/metrics.csv
Wrote results/max_1layer_softmax_seq128_embd8_h1_initfix_ascend/accuracy_eval_seq128_arr120_first1.json
{"checkpoint": "results/max_1layer_softmax_seq128_embd8_h1_initfix_ascend/model.pt", "task": "max", "attn": "softmax", "q": 1.0, "seq_len": 128, "val_samples": 1000, "seed": 42, "accuracy_fixed": 0.85, "accuracy_all": 0.028864826236231725, "accuracy_input_echo": 0.015344161362215203, "output_token_count": 1000, "input_token_count": 62369, "all_token_count": 64369, "output_start_stats": {"n": 1000, "min": 4, "max": 120, "mean": 62.36899948120117}}
Wrote results/max_1layer_softmax_seq128_embd8_h1_initfix_ascend/accuracy_eval_seq256_arr120_first1.json
{"checkpoint": "results/max_1layer_softmax_seq128_embd8_h1_initfix_ascend/model.pt", "task": "max", "attn": "softmax", "q": 1.0, "seq_len": 256, "val_samples": 1000, "seed": 42, "accuracy_fixed": 0.85, "accuracy_all": 0.028864826236231725, "accuracy_input_echo": 0.015344161362215203, "output_token_count": 1000, "input_token_count": 62369, "all_token_count": 64369, "output_start_stats": {"n": 1000, "min": 4, "max": 120, "mean": 62.36899948120117}}
Wrote results/max_1layer_softmax_seq128_embd8_h1_initfix_ascend/accuracy_eval_seq512_arr120_first1.json
{"checkpoint": "results/max_1layer_softmax_seq128_embd8_h1_initfix_ascend/model.pt", "task": "max", "attn": "softmax", "q": 1.0, "seq_len": 512, "val_samples": 1000, "seed": 42, "accuracy_fixed": 0.85, "accuracy_all": 0.028864826236231725, "accuracy_input_echo": 0.015344161362215203, "output_token_count": 1000, "input_token_count": 62369, "all_token_count": 64369, "output_start_stats": {"n": 1000, "min": 4, "max": 120, "mean": 62.36899948120117}}
Wrote results/max_1layer_softmax_seq128_embd8_h1_initfix_ascend/accuracy_eval_seq1024_arr120_first1.json
{"checkpoint": "results/max_1layer_softmax_seq128_embd8_h1_initfix_ascend/model.pt", "task": "max", "attn": "softmax", "q": 1.0, "seq_len": 1024, "val_samples": 1000, "seed": 42, "accuracy_fixed": 0.85, "accuracy_all": 0.028864826236231725, "accuracy_input_echo": 0.015344161362215203, "output_token_count": 1000, "input_token_count": 62369, "all_token_count": 64369, "output_start_stats": {"n": 1000, "min": 4, "max": 120, "mean": 62.36899948120117}}
Wrote results/max_1layer_softmax_seq128_embd8_h1_initfix_ascend/accuracy_eval_seq2048_arr120_first1.json
{"checkpoint": "results/max_1layer_softmax_seq128_embd8_h1_initfix_ascend/model.pt", "task": "max", "attn": "softmax", "q": 1.0, "seq_len": 2048, "val_samples": 1000, "seed": 42, "accuracy_fixed": 0.85, "accuracy_all": 0.028864826236231725, "accuracy_input_echo": 0.015344161362215203, "output_token_count": 1000, "input_token_count": 62369, "all_token_count": 64369, "output_start_stats": {"n": 1000, "min": 4, "max": 120, "mean": 62.36899948120117}}
Wrote results/max_1layer_softmax_seq128_embd8_h1_initfix_ascend/accuracy_eval_seq4096_arr120_first1.json
{"checkpoint": "results/max_1layer_softmax_seq128_embd8_h1_initfix_ascend/model.pt", "task": "max", "attn": "softmax", "q": 1.0, "seq_len": 4096, "val_samples": 1000, "seed": 42, "accuracy_fixed": 0.85, "accuracy_all": 0.028864826236231725, "accuracy_input_echo": 0.015344161362215203, "output_token_count": 1000, "input_token_count": 62369, "all_token_count": 64369, "output_start_stats": {"n": 1000, "min": 4, "max": 120, "mean": 62.36899948120117}}
Wrote results/max_1layer_softmax_seq128_embd8_h1_initfix_ascend/accuracy_eval_seq8192_arr120_first1.json
{"checkpoint": "results/max_1layer_softmax_seq128_embd8_h1_initfix_ascend/model.pt", "task": "max", "attn": "softmax", "q": 1.0, "seq_len": 8192, "val_samples": 1000, "seed": 42, "accuracy_fixed": 0.85, "accuracy_all": 0.028864826236231725, "accuracy_input_echo": 0.015344161362215203, "output_token_count": 1000, "input_token_count": 62369, "all_token_count": 64369, "output_start_stats": {"n": 1000, "min": 4, "max": 120, "mean": 62.36899948120117}}
DONE results/max_1layer_softmax_seq128_embd8_h1_initfix_ascend
