=== SUBTLE embd-scan: stieltjes_q2.0 n_embd=8 n_head=1 ===
Using device: cuda
Generating training data...
Generating validation data...
Model parameters: 2,952
Using bf16 autocast for forward pass (memory optimization at long context)
Epoch   1/30 | train_loss=4.9539 | val_loss=4.6394 | val_acc=0.0025 | time=4.9s
Epoch   2/30 | train_loss=4.5335 | val_loss=4.4337 | val_acc=0.0000 | time=4.5s
Epoch   3/30 | train_loss=4.4200 | val_loss=4.3834 | val_acc=0.0000 | time=4.4s
Epoch   4/30 | train_loss=4.3845 | val_loss=4.3503 | val_acc=0.0000 | time=4.4s
Epoch   5/30 | train_loss=4.3574 | val_loss=4.3280 | val_acc=0.0000 | time=4.4s
Epoch   6/30 | train_loss=4.3421 | val_loss=4.3159 | val_acc=0.0010 | time=4.4s
Epoch   7/30 | train_loss=4.3320 | val_loss=4.3070 | val_acc=0.0010 | time=4.4s
Epoch   8/30 | train_loss=4.3248 | val_loss=4.3001 | val_acc=0.0200 | time=4.4s
Epoch   9/30 | train_loss=4.3196 | val_loss=4.2956 | val_acc=0.0110 | time=4.4s
Epoch  10/30 | train_loss=4.3165 | val_loss=4.2917 | val_acc=0.0315 | time=4.4s
Epoch  11/30 | train_loss=4.3142 | val_loss=4.2889 | val_acc=0.0265 | time=4.4s
Epoch  12/30 | train_loss=4.3122 | val_loss=4.2870 | val_acc=0.0195 | time=4.4s
Epoch  13/30 | train_loss=4.3100 | val_loss=4.2843 | val_acc=0.0190 | time=4.4s
Epoch  14/30 | train_loss=4.3079 | val_loss=4.2822 | val_acc=0.0190 | time=4.4s
Epoch  15/30 | train_loss=4.3062 | val_loss=4.2799 | val_acc=0.0325 | time=4.4s
Epoch  16/30 | train_loss=4.3045 | val_loss=4.2791 | val_acc=0.0265 | time=4.4s
Epoch  17/30 | train_loss=4.3028 | val_loss=4.2763 | val_acc=0.0235 | time=4.4s
Epoch  18/30 | train_loss=4.3015 | val_loss=4.2741 | val_acc=0.0295 | time=4.4s
Epoch  19/30 | train_loss=4.2997 | val_loss=4.2731 | val_acc=0.0450 | time=4.4s
Epoch  20/30 | train_loss=4.2982 | val_loss=4.2706 | val_acc=0.0485 | time=4.4s
Epoch  21/30 | train_loss=4.2967 | val_loss=4.2697 | val_acc=0.0535 | time=4.4s
Epoch  22/30 | train_loss=4.2960 | val_loss=4.2694 | val_acc=0.0555 | time=4.4s
Epoch  23/30 | train_loss=4.2947 | val_loss=4.2672 | val_acc=0.0645 | time=4.4s
Epoch  24/30 | train_loss=4.2940 | val_loss=4.2662 | val_acc=0.0740 | time=4.4s
Epoch  25/30 | train_loss=4.2930 | val_loss=4.2655 | val_acc=0.0760 | time=4.4s
Epoch  26/30 | train_loss=4.2923 | val_loss=4.2643 | val_acc=0.0840 | time=4.4s
Epoch  27/30 | train_loss=4.2913 | val_loss=4.2630 | val_acc=0.0830 | time=4.4s
Epoch  28/30 | train_loss=4.2909 | val_loss=4.2636 | val_acc=0.0775 | time=4.4s
Epoch  29/30 | train_loss=4.2902 | val_loss=4.2626 | val_acc=0.0820 | time=4.4s
Epoch  30/30 | train_loss=4.2896 | val_loss=4.2613 | val_acc=0.0820 | time=4.4s
Model saved to results/subtle_1layer_stieltjes_q2.0_seq128_embd8_h1_initfix_ascend/model.pt
Metrics saved to results/subtle_1layer_stieltjes_q2.0_seq128_embd8_h1_initfix_ascend/metrics.csv
Wrote results/subtle_1layer_stieltjes_q2.0_seq128_embd8_h1_initfix_ascend/accuracy_eval_seq128_arr120.json
{"checkpoint": "results/subtle_1layer_stieltjes_q2.0_seq128_embd8_h1_initfix_ascend/model.pt", "task": "needle", "attn": "stieltjes", "q": 2.0, "seq_len": 128, "val_samples": 1000, "seed": 42, "accuracy_fixed": 0.083, "accuracy_all": 0.022342243042160374, "accuracy_input_echo": 0.021666202284758986, "output_token_count": 1000, "input_token_count": 89725, "all_token_count": 90725, "output_start_stats": {"n": 1000, "min": 60, "max": 120, "mean": 89.7249984741211}}
Wrote results/subtle_1layer_stieltjes_q2.0_seq128_embd8_h1_initfix_ascend/accuracy_eval_seq256_arr120.json
{"checkpoint": "results/subtle_1layer_stieltjes_q2.0_seq128_embd8_h1_initfix_ascend/model.pt", "task": "needle", "attn": "stieltjes", "q": 2.0, "seq_len": 256, "val_samples": 1000, "seed": 42, "accuracy_fixed": 0.083, "accuracy_all": 0.022342243042160374, "accuracy_input_echo": 0.021666202284758986, "output_token_count": 1000, "input_token_count": 89725, "all_token_count": 90725, "output_start_stats": {"n": 1000, "min": 60, "max": 120, "mean": 89.7249984741211}}
Wrote results/subtle_1layer_stieltjes_q2.0_seq128_embd8_h1_initfix_ascend/accuracy_eval_seq512_arr120.json
{"checkpoint": "results/subtle_1layer_stieltjes_q2.0_seq128_embd8_h1_initfix_ascend/model.pt", "task": "needle", "attn": "stieltjes", "q": 2.0, "seq_len": 512, "val_samples": 1000, "seed": 42, "accuracy_fixed": 0.083, "accuracy_all": 0.022342243042160374, "accuracy_input_echo": 0.021666202284758986, "output_token_count": 1000, "input_token_count": 89725, "all_token_count": 90725, "output_start_stats": {"n": 1000, "min": 60, "max": 120, "mean": 89.7249984741211}}
Wrote results/subtle_1layer_stieltjes_q2.0_seq128_embd8_h1_initfix_ascend/accuracy_eval_seq1024_arr120.json
{"checkpoint": "results/subtle_1layer_stieltjes_q2.0_seq128_embd8_h1_initfix_ascend/model.pt", "task": "needle", "attn": "stieltjes", "q": 2.0, "seq_len": 1024, "val_samples": 1000, "seed": 42, "accuracy_fixed": 0.083, "accuracy_all": 0.022342243042160374, "accuracy_input_echo": 0.021666202284758986, "output_token_count": 1000, "input_token_count": 89725, "all_token_count": 90725, "output_start_stats": {"n": 1000, "min": 60, "max": 120, "mean": 89.7249984741211}}
Wrote results/subtle_1layer_stieltjes_q2.0_seq128_embd8_h1_initfix_ascend/accuracy_eval_seq2048_arr120.json
{"checkpoint": "results/subtle_1layer_stieltjes_q2.0_seq128_embd8_h1_initfix_ascend/model.pt", "task": "needle", "attn": "stieltjes", "q": 2.0, "seq_len": 2048, "val_samples": 1000, "seed": 42, "accuracy_fixed": 0.083, "accuracy_all": 0.022342243042160374, "accuracy_input_echo": 0.021666202284758986, "output_token_count": 1000, "input_token_count": 89725, "all_token_count": 90725, "output_start_stats": {"n": 1000, "min": 60, "max": 120, "mean": 89.7249984741211}}
Wrote results/subtle_1layer_stieltjes_q2.0_seq128_embd8_h1_initfix_ascend/accuracy_eval_seq4096_arr120.json
{"checkpoint": "results/subtle_1layer_stieltjes_q2.0_seq128_embd8_h1_initfix_ascend/model.pt", "task": "needle", "attn": "stieltjes", "q": 2.0, "seq_len": 4096, "val_samples": 1000, "seed": 42, "accuracy_fixed": 0.083, "accuracy_all": 0.022342243042160374, "accuracy_input_echo": 0.021666202284758986, "output_token_count": 1000, "input_token_count": 89725, "all_token_count": 90725, "output_start_stats": {"n": 1000, "min": 60, "max": 120, "mean": 89.7249984741211}}
Wrote results/subtle_1layer_stieltjes_q2.0_seq128_embd8_h1_initfix_ascend/accuracy_eval_seq8192_arr120.json
{"checkpoint": "results/subtle_1layer_stieltjes_q2.0_seq128_embd8_h1_initfix_ascend/model.pt", "task": "needle", "attn": "stieltjes", "q": 2.0, "seq_len": 8192, "val_samples": 1000, "seed": 42, "accuracy_fixed": 0.083, "accuracy_all": 0.022342243042160374, "accuracy_input_echo": 0.021666202284758986, "output_token_count": 1000, "input_token_count": 89725, "all_token_count": 90725, "output_start_stats": {"n": 1000, "min": 60, "max": 120, "mean": 89.7249984741211}}
DONE results/subtle_1layer_stieltjes_q2.0_seq128_embd8_h1_initfix_ascend
