=== subtle-needle 1-layer stieltjes_q8.0 seq=4096 NoPE ascend ===
Wed Apr 15 22:02:51 2026       
+-----------------------------------------------------------------------------------------+
| NVIDIA-SMI 580.95.05              Driver Version: 580.95.05      CUDA Version: 13.0     |
+-----------------------------------------+------------------------+----------------------+
| GPU  Name                 Persistence-M | Bus-Id          Disp.A | Volatile Uncorr. ECC |
| Fan  Temp   Perf          Pwr:Usage/Cap |           Memory-Usage | GPU-Util  Compute M. |
|                                         |                        |               MIG M. |
|=========================================+========================+======================|
|   0  NVIDIA A100-PCIE-40GB          On  |   00000000:E2:00.0 Off |                    0 |
| N/A   23C    P0             36W /  250W |       0MiB /  40960MiB |      0%      Default |
|                                         |                        |             Disabled |
+-----------------------------------------+------------------------+----------------------+

+-----------------------------------------------------------------------------------------+
| Processes:                                                                              |
|  GPU   GI   CI              PID   Type   Process name                        GPU Memory |
|        ID   ID                                                               Usage      |
|=========================================================================================|
|  No running processes found                                                             |
+-----------------------------------------------------------------------------------------+
Using device: cuda
Generating training data...
Generating validation data...
Model parameters: 1,874,304
Using bf16 autocast for forward pass (memory optimization at long context)
Epoch   1/30 | train_loss=4.8505 | val_loss=4.8606 | val_acc=0.0000 | time=1037.4s
Epoch   2/30 | train_loss=4.8486 | val_loss=4.8461 | val_acc=1.0000 | time=1036.5s
Epoch   3/30 | train_loss=4.8501 | val_loss=4.8530 | val_acc=1.0000 | time=1036.3s
Epoch   4/30 | train_loss=4.8533 | val_loss=4.8544 | val_acc=1.0000 | time=1036.3s
Epoch   5/30 | train_loss=4.8603 | val_loss=4.8625 | val_acc=1.0000 | time=1036.8s
Epoch   6/30 | train_loss=4.8636 | val_loss=4.8611 | val_acc=1.0000 | time=1036.2s
Epoch   7/30 | train_loss=4.8762 | val_loss=4.9465 | val_acc=1.0000 | time=1036.4s
Epoch   8/30 | train_loss=4.8897 | val_loss=4.9105 | val_acc=1.0000 | time=1036.2s
Epoch   9/30 | train_loss=4.8962 | val_loss=4.9257 | val_acc=1.0000 | time=1036.8s
Epoch  10/30 | train_loss=4.9484 | val_loss=4.9519 | val_acc=1.0000 | time=1036.0s
Epoch  11/30 | train_loss=4.9554 | val_loss=4.8554 | val_acc=1.0000 | time=1036.8s
Epoch  12/30 | train_loss=5.0829 | val_loss=4.9073 | val_acc=1.0000 | time=1036.6s
Epoch  13/30 | train_loss=5.2131 | val_loss=5.3528 | val_acc=1.0000 | time=1035.9s
[2026-04-16T02:03:01.700] error: *** JOB 4932969 ON a0357 CANCELLED AT 2026-04-16T02:03:01 DUE TO TIME LIMIT ***
