=== MAX embd-scan: softmax n_embd=12 n_head=1 ===
Using device: cuda
Generating training data...
Generating validation data...
Model parameters: 5,004
Using bf16 autocast for forward pass (memory optimization at long context)
Epoch   1/30 | train_loss=4.5888 | val_loss=4.2432 | val_acc=0.2853 | time=4.8s
Epoch   2/30 | train_loss=4.2120 | val_loss=4.1998 | val_acc=0.2853 | time=3.6s
Epoch   3/30 | train_loss=4.1862 | val_loss=4.1727 | val_acc=0.2860 | time=3.5s
Epoch   4/30 | train_loss=4.1611 | val_loss=4.1503 | val_acc=0.2890 | time=3.6s
Epoch   5/30 | train_loss=4.1470 | val_loss=4.1451 | val_acc=0.2913 | time=3.5s
Epoch   6/30 | train_loss=4.1419 | val_loss=4.1418 | val_acc=0.3010 | time=3.5s
Epoch   7/30 | train_loss=4.1392 | val_loss=4.1363 | val_acc=0.3015 | time=3.5s
Epoch   8/30 | train_loss=4.1360 | val_loss=4.1320 | val_acc=0.4000 | time=3.5s
Epoch   9/30 | train_loss=4.1321 | val_loss=4.1288 | val_acc=0.3995 | time=3.5s
Epoch  10/30 | train_loss=4.1301 | val_loss=4.1289 | val_acc=0.4017 | time=3.5s
Epoch  11/30 | train_loss=4.1286 | val_loss=4.1267 | val_acc=0.4007 | time=3.5s
Epoch  12/30 | train_loss=4.1274 | val_loss=4.1260 | val_acc=0.4035 | time=3.5s
Epoch  13/30 | train_loss=4.1265 | val_loss=4.1259 | val_acc=0.4480 | time=3.6s
Epoch  14/30 | train_loss=4.1257 | val_loss=4.1252 | val_acc=0.4492 | time=3.5s
Epoch  15/30 | train_loss=4.1250 | val_loss=4.1249 | val_acc=0.4502 | time=3.5s
Epoch  16/30 | train_loss=4.1244 | val_loss=4.1237 | val_acc=0.4510 | time=3.5s
Epoch  17/30 | train_loss=4.1237 | val_loss=4.1230 | val_acc=0.4515 | time=3.5s
Epoch  18/30 | train_loss=4.1234 | val_loss=4.1232 | val_acc=0.4467 | time=3.5s
Epoch  19/30 | train_loss=4.1232 | val_loss=4.1232 | val_acc=0.4482 | time=3.6s
Epoch  20/30 | train_loss=4.1229 | val_loss=4.1221 | val_acc=0.4507 | time=3.5s
Epoch  21/30 | train_loss=4.1225 | val_loss=4.1226 | val_acc=0.4422 | time=3.5s
Epoch  22/30 | train_loss=4.1224 | val_loss=4.1215 | val_acc=0.4490 | time=3.5s
Epoch  23/30 | train_loss=4.1221 | val_loss=4.1228 | val_acc=0.4500 | time=3.5s
Epoch  24/30 | train_loss=4.1218 | val_loss=4.1219 | val_acc=0.4640 | time=3.5s
Epoch  25/30 | train_loss=4.1215 | val_loss=4.1220 | val_acc=0.4627 | time=3.5s
Epoch  26/30 | train_loss=4.1213 | val_loss=4.1220 | val_acc=0.4693 | time=3.6s
Epoch  27/30 | train_loss=4.1211 | val_loss=4.1215 | val_acc=0.4635 | time=3.5s
Epoch  28/30 | train_loss=4.1209 | val_loss=4.1213 | val_acc=0.4665 | time=3.5s
Epoch  29/30 | train_loss=4.1206 | val_loss=4.1216 | val_acc=0.4685 | time=3.5s
Epoch  30/30 | train_loss=4.1204 | val_loss=4.1216 | val_acc=0.4688 | time=3.5s
Model saved to results/max_1layer_softmax_seq128_embd12_h1_initfix_ascend/model.pt
Metrics saved to results/max_1layer_softmax_seq128_embd12_h1_initfix_ascend/metrics.csv
Wrote results/max_1layer_softmax_seq128_embd12_h1_initfix_ascend/accuracy_eval_seq128_arr120_first1.json
{"checkpoint": "results/max_1layer_softmax_seq128_embd12_h1_initfix_ascend/model.pt", "task": "max", "attn": "softmax", "q": 1.0, "seq_len": 128, "val_samples": 1000, "seed": 42, "accuracy_fixed": 0.892, "accuracy_all": 0.02928428280694123, "accuracy_input_echo": 0.015215892510702432, "output_token_count": 1000, "input_token_count": 62369, "all_token_count": 64369, "output_start_stats": {"n": 1000, "min": 4, "max": 120, "mean": 62.36899948120117}}
Wrote results/max_1layer_softmax_seq128_embd12_h1_initfix_ascend/accuracy_eval_seq256_arr120_first1.json
{"checkpoint": "results/max_1layer_softmax_seq128_embd12_h1_initfix_ascend/model.pt", "task": "max", "attn": "softmax", "q": 1.0, "seq_len": 256, "val_samples": 1000, "seed": 42, "accuracy_fixed": 0.892, "accuracy_all": 0.02928428280694123, "accuracy_input_echo": 0.015215892510702432, "output_token_count": 1000, "input_token_count": 62369, "all_token_count": 64369, "output_start_stats": {"n": 1000, "min": 4, "max": 120, "mean": 62.36899948120117}}
Wrote results/max_1layer_softmax_seq128_embd12_h1_initfix_ascend/accuracy_eval_seq512_arr120_first1.json
{"checkpoint": "results/max_1layer_softmax_seq128_embd12_h1_initfix_ascend/model.pt", "task": "max", "attn": "softmax", "q": 1.0, "seq_len": 512, "val_samples": 1000, "seed": 42, "accuracy_fixed": 0.892, "accuracy_all": 0.02928428280694123, "accuracy_input_echo": 0.015215892510702432, "output_token_count": 1000, "input_token_count": 62369, "all_token_count": 64369, "output_start_stats": {"n": 1000, "min": 4, "max": 120, "mean": 62.36899948120117}}
Wrote results/max_1layer_softmax_seq128_embd12_h1_initfix_ascend/accuracy_eval_seq1024_arr120_first1.json
{"checkpoint": "results/max_1layer_softmax_seq128_embd12_h1_initfix_ascend/model.pt", "task": "max", "attn": "softmax", "q": 1.0, "seq_len": 1024, "val_samples": 1000, "seed": 42, "accuracy_fixed": 0.892, "accuracy_all": 0.02928428280694123, "accuracy_input_echo": 0.015215892510702432, "output_token_count": 1000, "input_token_count": 62369, "all_token_count": 64369, "output_start_stats": {"n": 1000, "min": 4, "max": 120, "mean": 62.36899948120117}}
Wrote results/max_1layer_softmax_seq128_embd12_h1_initfix_ascend/accuracy_eval_seq2048_arr120_first1.json
{"checkpoint": "results/max_1layer_softmax_seq128_embd12_h1_initfix_ascend/model.pt", "task": "max", "attn": "softmax", "q": 1.0, "seq_len": 2048, "val_samples": 1000, "seed": 42, "accuracy_fixed": 0.892, "accuracy_all": 0.02928428280694123, "accuracy_input_echo": 0.015215892510702432, "output_token_count": 1000, "input_token_count": 62369, "all_token_count": 64369, "output_start_stats": {"n": 1000, "min": 4, "max": 120, "mean": 62.36899948120117}}
Wrote results/max_1layer_softmax_seq128_embd12_h1_initfix_ascend/accuracy_eval_seq4096_arr120_first1.json
{"checkpoint": "results/max_1layer_softmax_seq128_embd12_h1_initfix_ascend/model.pt", "task": "max", "attn": "softmax", "q": 1.0, "seq_len": 4096, "val_samples": 1000, "seed": 42, "accuracy_fixed": 0.892, "accuracy_all": 0.02928428280694123, "accuracy_input_echo": 0.015215892510702432, "output_token_count": 1000, "input_token_count": 62369, "all_token_count": 64369, "output_start_stats": {"n": 1000, "min": 4, "max": 120, "mean": 62.36899948120117}}
Wrote results/max_1layer_softmax_seq128_embd12_h1_initfix_ascend/accuracy_eval_seq8192_arr120_first1.json
{"checkpoint": "results/max_1layer_softmax_seq128_embd12_h1_initfix_ascend/model.pt", "task": "max", "attn": "softmax", "q": 1.0, "seq_len": 8192, "val_samples": 1000, "seed": 42, "accuracy_fixed": 0.892, "accuracy_all": 0.02928428280694123, "accuracy_input_echo": 0.015215892510702432, "output_token_count": 1000, "input_token_count": 62369, "all_token_count": 64369, "output_start_stats": {"n": 1000, "min": 4, "max": 120, "mean": 62.36899948120117}}
DONE results/max_1layer_softmax_seq128_embd12_h1_initfix_ascend
