=== subtle-needle 1-head toy softmax seq=128 d=64 NoPE ===
Thu Apr 16 00:22:39 2026       
+-----------------------------------------------------------------------------------------+
| NVIDIA-SMI 580.95.05              Driver Version: 580.95.05      CUDA Version: 13.0     |
+-----------------------------------------+------------------------+----------------------+
| GPU  Name                 Persistence-M | Bus-Id          Disp.A | Volatile Uncorr. ECC |
| Fan  Temp   Perf          Pwr:Usage/Cap |           Memory-Usage | GPU-Util  Compute M. |
|                                         |                        |               MIG M. |
|=========================================+========================+======================|
|   0  NVIDIA A100-PCIE-40GB          On  |   00000000:25:00.0 Off |                    0 |
| N/A   26C    P0             38W /  250W |       0MiB /  40960MiB |      0%      Default |
|                                         |                        |             Disabled |
+-----------------------------------------+------------------------+----------------------+

+-----------------------------------------------------------------------------------------+
| Processes:                                                                              |
|  GPU   GI   CI              PID   Type   Process name                        GPU Memory |
|        ID   ID                                                               Usage      |
|=========================================================================================|
|  No running processes found                                                             |
+-----------------------------------------------------------------------------------------+
Using device: cuda
Generating training data...
Generating validation data...
Model parameters: 66,624
Using bf16 autocast for forward pass (memory optimization at long context)
Epoch   1/50 | train_loss=4.8978 | val_loss=4.8214 | val_acc=0.7510 | time=5.0s
Epoch   2/50 | train_loss=4.8168 | val_loss=4.8091 | val_acc=0.8825 | time=3.5s
Epoch   3/50 | train_loss=4.8118 | val_loss=4.8083 | val_acc=0.9385 | time=3.4s
Epoch   4/50 | train_loss=4.8102 | val_loss=4.8069 | val_acc=0.9385 | time=3.4s
Epoch   5/50 | train_loss=4.8096 | val_loss=4.8061 | val_acc=0.9385 | time=3.4s
Epoch   6/50 | train_loss=4.8093 | val_loss=4.8054 | val_acc=0.9385 | time=3.4s
Epoch   7/50 | train_loss=4.8092 | val_loss=4.8088 | val_acc=0.9385 | time=3.4s
Epoch   8/50 | train_loss=4.8082 | val_loss=4.8052 | val_acc=0.9385 | time=3.4s
Epoch   9/50 | train_loss=4.8065 | val_loss=4.8052 | val_acc=0.9385 | time=3.4s
Epoch  10/50 | train_loss=4.8063 | val_loss=4.8052 | val_acc=0.9385 | time=3.4s
Epoch  11/50 | train_loss=4.8062 | val_loss=4.8045 | val_acc=0.9385 | time=3.4s
Epoch  12/50 | train_loss=4.8060 | val_loss=4.8055 | val_acc=0.9385 | time=3.4s
Epoch  13/50 | train_loss=4.8060 | val_loss=4.8043 | val_acc=0.9385 | time=3.5s
Epoch  14/50 | train_loss=4.8060 | val_loss=4.8066 | val_acc=0.9385 | time=3.4s
Epoch  15/50 | train_loss=4.8059 | val_loss=4.8036 | val_acc=0.9385 | time=3.4s
Epoch  16/50 | train_loss=4.8059 | val_loss=4.8028 | val_acc=0.9385 | time=3.4s
Epoch  17/50 | train_loss=4.8060 | val_loss=4.8083 | val_acc=0.9385 | time=3.4s
Epoch  18/50 | train_loss=4.8059 | val_loss=4.8044 | val_acc=0.9385 | time=3.4s
Epoch  19/50 | train_loss=4.8059 | val_loss=4.8038 | val_acc=0.9385 | time=3.4s
Epoch  20/50 | train_loss=4.8059 | val_loss=4.8067 | val_acc=0.9385 | time=3.4s
Epoch  21/50 | train_loss=4.8060 | val_loss=4.8060 | val_acc=0.9385 | time=3.4s
Epoch  22/50 | train_loss=4.8060 | val_loss=4.8059 | val_acc=0.9385 | time=3.4s
Epoch  23/50 | train_loss=4.8060 | val_loss=4.8054 | val_acc=0.9385 | time=3.4s
Epoch  24/50 | train_loss=4.8060 | val_loss=4.8087 | val_acc=0.9385 | time=3.4s
Epoch  25/50 | train_loss=4.8061 | val_loss=4.8046 | val_acc=0.9385 | time=3.4s
Epoch  26/50 | train_loss=4.8060 | val_loss=4.8072 | val_acc=0.9385 | time=3.4s
Epoch  27/50 | train_loss=4.8060 | val_loss=4.8072 | val_acc=0.9385 | time=3.4s
Epoch  28/50 | train_loss=4.8060 | val_loss=4.8063 | val_acc=0.9385 | time=3.4s
Epoch  29/50 | train_loss=4.8061 | val_loss=4.8029 | val_acc=0.9385 | time=3.4s
Epoch  30/50 | train_loss=4.8061 | val_loss=4.8038 | val_acc=0.9385 | time=3.4s
Epoch  31/50 | train_loss=4.8061 | val_loss=4.8041 | val_acc=0.9385 | time=3.4s
Epoch  32/50 | train_loss=4.8062 | val_loss=4.8052 | val_acc=0.9385 | time=3.4s
Epoch  33/50 | train_loss=4.8063 | val_loss=4.8069 | val_acc=0.9385 | time=3.4s
Epoch  34/50 | train_loss=4.8063 | val_loss=4.8070 | val_acc=0.9385 | time=3.4s
Epoch  35/50 | train_loss=4.8063 | val_loss=4.8024 | val_acc=0.9385 | time=3.4s
Epoch  36/50 | train_loss=4.8064 | val_loss=4.8092 | val_acc=0.9385 | time=3.4s
Epoch  37/50 | train_loss=4.8065 | val_loss=4.8031 | val_acc=0.9385 | time=3.4s
Epoch  38/50 | train_loss=4.8064 | val_loss=4.8056 | val_acc=0.9385 | time=3.4s
Epoch  39/50 | train_loss=4.8066 | val_loss=4.8074 | val_acc=0.9385 | time=3.4s
Epoch  40/50 | train_loss=4.8065 | val_loss=4.8068 | val_acc=0.9385 | time=3.4s
Epoch  41/50 | train_loss=4.8065 | val_loss=4.8056 | val_acc=0.9385 | time=3.4s
Epoch  42/50 | train_loss=4.8066 | val_loss=4.8076 | val_acc=0.9385 | time=3.4s
Epoch  43/50 | train_loss=4.8067 | val_loss=4.8070 | val_acc=0.9385 | time=3.4s
Epoch  44/50 | train_loss=4.8067 | val_loss=4.8047 | val_acc=0.9385 | time=3.4s
Epoch  45/50 | train_loss=4.8067 | val_loss=4.8058 | val_acc=0.9385 | time=3.4s
Epoch  46/50 | train_loss=4.8068 | val_loss=4.8068 | val_acc=0.9385 | time=3.4s
Epoch  47/50 | train_loss=4.8067 | val_loss=4.8065 | val_acc=0.9385 | time=3.4s
Epoch  48/50 | train_loss=4.8068 | val_loss=4.8054 | val_acc=0.9385 | time=3.4s
Epoch  49/50 | train_loss=4.8069 | val_loss=4.8099 | val_acc=0.9385 | time=3.4s
Epoch  50/50 | train_loss=4.8069 | val_loss=4.8073 | val_acc=0.9385 | time=3.4s
Model saved to results/subtle_needle_1head_softmax_seq128_d64_nope_ascend/model.pt
Metrics saved to results/subtle_needle_1head_softmax_seq128_d64_nope_ascend/metrics.csv
=== eval at seq=128 (128/128x extrap) ===
Wrote results/subtle_needle_1head_softmax_seq128_d64_nope_ascend/accuracy_eval_seq128_scaledarr.json
{"checkpoint": "results/subtle_needle_1head_softmax_seq128_d64_nope_ascend/model.pt", "task": "needle", "attn": "softmax", "q": 1.0, "seq_len": 128, "val_samples": 2000, "seed": 42, "accuracy_fixed": 0.9385, "accuracy_all": 0.02422424731802976, "accuracy_input_echo": 0.014068392493154641, "output_token_count": 2000, "input_token_count": 180049, "all_token_count": 182049, "output_start_stats": {"n": 2000, "min": 60, "max": 120, "mean": 90.02449798583984}}
=== eval at seq=512 (512/128x extrap) ===
Wrote results/subtle_needle_1head_softmax_seq128_d64_nope_ascend/accuracy_eval_seq512_scaledarr.json
{"checkpoint": "results/subtle_needle_1head_softmax_seq128_d64_nope_ascend/model.pt", "task": "needle", "attn": "softmax", "q": 1.0, "seq_len": 512, "val_samples": 2000, "seed": 42, "accuracy_fixed": 1.0, "accuracy_all": 0.006580927533565096, "accuracy_input_echo": 0.003962653277721771, "output_token_count": 2000, "input_token_count": 758835, "all_token_count": 760835, "output_start_stats": {"n": 2000, "min": 252, "max": 504, "mean": 379.4175109863281}}
=== eval at seq=2048 (2048/128x extrap) ===
Wrote results/subtle_needle_1head_softmax_seq128_d64_nope_ascend/accuracy_eval_seq2048_scaledarr.json
{"checkpoint": "results/subtle_needle_1head_softmax_seq128_d64_nope_ascend/model.pt", "task": "needle", "attn": "softmax", "q": 1.0, "seq_len": 2048, "val_samples": 2000, "seed": 42, "accuracy_fixed": 1.0, "accuracy_all": 0.0015983613932737941, "accuracy_input_echo": 0.0009445838674242982, "output_token_count": 2000, "input_token_count": 3054255, "all_token_count": 3056255, "output_start_stats": {"n": 2000, "min": 1021, "max": 2039, "mean": 1527.12744140625}}
=== eval at seq=8192 (8192/128x extrap) ===
Wrote results/subtle_needle_1head_softmax_seq128_d64_nope_ascend/accuracy_eval_seq8192_scaledarr.json
{"checkpoint": "results/subtle_needle_1head_softmax_seq128_d64_nope_ascend/model.pt", "task": "needle", "attn": "softmax", "q": 1.0, "seq_len": 8192, "val_samples": 2000, "seed": 42, "accuracy_fixed": 1.0, "accuracy_all": 0.0004041621816037564, "accuracy_input_echo": 0.00024211512813458847, "output_token_count": 2000, "input_token_count": 12337106, "all_token_count": 12339106, "output_start_stats": {"n": 2000, "min": 4096, "max": 8182, "mean": 6168.55322265625}}
=== eval at seq=16384 (16384/128x extrap) ===
Wrote results/subtle_needle_1head_softmax_seq128_d64_nope_ascend/accuracy_eval_seq16384_scaledarr.json
{"checkpoint": "results/subtle_needle_1head_softmax_seq128_d64_nope_ascend/model.pt", "task": "needle", "attn": "softmax", "q": 1.0, "seq_len": 16384, "val_samples": 2000, "seed": 42, "accuracy_fixed": 1.0, "accuracy_all": 0.0002032456669198266, "accuracy_input_echo": 0.00012169633599412203, "output_token_count": 2000, "input_token_count": 24520048, "all_token_count": 24522048, "output_start_stats": {"n": 2000, "min": 8188, "max": 16364, "mean": 12260.0244140625}}
