GPU: NVIDIA H100  dembs=[128, 256] qorders=[4.0, 16.0]
d=128 q_order=4 seed=0 gamma=0.993: L16=99.9 L128=98.2 L512=91.2 L1024=82.4 L2048=68.4 L4096=51.2 L8192=38.4 L16384=27.5
d=128 q_order=4 seed=1 gamma=0.990: L16=99.7 L128=98.6 L512=93.1 L1024=84.8 L2048=70.8 L4096=50.1 L8192=37.0 L16384=26.9
d=128 q_order=4 seed=2 gamma=0.983: L16=99.9 L128=98.2 L512=93.8 L1024=86.4 L2048=75.1 L4096=56.8 L8192=39.6 L16384=29.3
d=128 q_order=16 seed=0 gamma=0.977: L16=99.9 L128=96.8 L512=80.1 L1024=60.1 L2048=39.7 L4096=27.7 L8192=24.0 L16384=20.9
d=128 q_order=16 seed=1 gamma=0.977: L16=99.8 L128=97.2 L512=79.4 L1024=57.1 L2048=41.1 L4096=28.0 L8192=23.5 L16384=19.2
d=128 q_order=16 seed=2 gamma=0.981: L16=99.9 L128=96.6 L512=78.9 L1024=57.6 L2048=38.8 L4096=27.9 L8192=23.4 L16384=19.3
d=256 q_order=4 seed=0 gamma=1.012: L16=99.9 L128=97.9 L512=87.1 L1024=69.7 L2048=46.2 L4096=28.6 L8192=19.2 L16384=12.0
d=256 q_order=4 seed=1 gamma=1.021: L16=99.8 L128=98.4 L512=87.4 L1024=71.5 L2048=47.3 L4096=31.0 L8192=21.7 L16384=14.6
d=256 q_order=4 seed=2 gamma=1.012: L16=100.0 L128=98.3 L512=84.9 L1024=62.0 L2048=39.1 L4096=24.5 L8192=17.5 L16384=13.0
d=256 q_order=16 seed=0 gamma=1.016: L16=99.9 L128=97.7 L512=85.4 L1024=68.9 L2048=46.7 L4096=33.0 L8192=25.2 L16384=21.5
d=256 q_order=16 seed=1 gamma=1.035: L16=99.8 L128=98.4 L512=85.9 L1024=68.6 L2048=46.1 L4096=33.6 L8192=25.8 L16384=20.1
d=256 q_order=16 seed=2 gamma=1.024: L16=100.0 L128=98.7 L512=85.6 L1024=65.8 L2048=44.3 L4096=30.4 L8192=23.8 L16384=19.2

===== AS-Stieltjes mean±std (compare vs scale-sweep softmax/stj-q32) =====
d=128  asstj-q16 |   99.84±0.06   96.84±0.24   79.46±0.48   58.27±1.28   39.88±0.96   27.90±0.12   23.67±0.26   19.82±0.76
d=128   asstj-q4 |   99.84±0.09   98.37±0.18   92.71±1.11   84.54±1.64   71.42±2.79   52.70±2.96   38.35±1.08   27.90±1.03
d=256  asstj-q16 |   99.89±0.10   98.27±0.45   85.64±0.24   67.77±1.39   45.70±1.00   32.32±1.40   24.93±0.82   20.28±0.92
d=256   asstj-q4 |   99.90±0.08   98.21±0.26   86.46±1.13   67.74±4.11   44.17±3.64   28.03±2.66   19.47±1.72   13.18±1.05

DONE
ALL DONE
