=== MAX embd-scan: stieltjes_q4.0 n_embd=16 n_head=1 ===
Using device: cuda
Generating training data...
Generating validation data...
Model parameters: 7,440
Using bf16 autocast for forward pass (memory optimization at long context)
Epoch   1/30 | train_loss=4.5192 | val_loss=4.2239 | val_acc=0.2853 | time=5.5s
Epoch   2/30 | train_loss=4.2003 | val_loss=4.1803 | val_acc=0.2855 | time=4.5s
Epoch   3/30 | train_loss=4.1672 | val_loss=4.1526 | val_acc=0.2853 | time=4.5s
Epoch   4/30 | train_loss=4.1472 | val_loss=4.1421 | val_acc=0.2880 | time=4.5s
Epoch   5/30 | train_loss=4.1404 | val_loss=4.1373 | val_acc=0.3008 | time=4.5s
Epoch   6/30 | train_loss=4.1374 | val_loss=4.1355 | val_acc=0.2980 | time=4.5s
Epoch   7/30 | train_loss=4.1353 | val_loss=4.1348 | val_acc=0.2985 | time=4.5s
Epoch   8/30 | train_loss=4.1339 | val_loss=4.1315 | val_acc=0.2975 | time=4.5s
Epoch   9/30 | train_loss=4.1330 | val_loss=4.1322 | val_acc=0.2983 | time=4.5s
Epoch  10/30 | train_loss=4.1322 | val_loss=4.1303 | val_acc=0.3010 | time=4.5s
Epoch  11/30 | train_loss=4.1314 | val_loss=4.1305 | val_acc=0.2985 | time=4.5s
Epoch  12/30 | train_loss=4.1308 | val_loss=4.1320 | val_acc=0.3005 | time=4.5s
Epoch  13/30 | train_loss=4.1303 | val_loss=4.1315 | val_acc=0.3003 | time=4.5s
Epoch  14/30 | train_loss=4.1298 | val_loss=4.1290 | val_acc=0.3008 | time=4.5s
Epoch  15/30 | train_loss=4.1293 | val_loss=4.1275 | val_acc=0.3000 | time=4.5s
Epoch  16/30 | train_loss=4.1279 | val_loss=4.1249 | val_acc=0.3550 | time=4.5s
Epoch  17/30 | train_loss=4.1234 | val_loss=4.1234 | val_acc=0.3970 | time=4.5s
Epoch  18/30 | train_loss=4.1215 | val_loss=4.1212 | val_acc=0.4273 | time=4.5s
Epoch  19/30 | train_loss=4.1204 | val_loss=4.1222 | val_acc=0.4407 | time=4.5s
Epoch  20/30 | train_loss=4.1195 | val_loss=4.1235 | val_acc=0.4397 | time=4.5s
Epoch  21/30 | train_loss=4.1188 | val_loss=4.1193 | val_acc=0.4447 | time=4.5s
Epoch  22/30 | train_loss=4.1182 | val_loss=4.1226 | val_acc=0.4505 | time=4.5s
Epoch  23/30 | train_loss=4.1176 | val_loss=4.1248 | val_acc=0.4482 | time=4.5s
Epoch  24/30 | train_loss=4.1172 | val_loss=4.1229 | val_acc=0.4560 | time=4.5s
Epoch  25/30 | train_loss=4.1168 | val_loss=4.1287 | val_acc=0.4682 | time=4.5s
Epoch  26/30 | train_loss=4.1164 | val_loss=4.1183 | val_acc=0.4620 | time=4.5s
Epoch  27/30 | train_loss=4.1162 | val_loss=4.1258 | val_acc=0.4718 | time=4.5s
Epoch  28/30 | train_loss=4.1158 | val_loss=4.1267 | val_acc=0.4718 | time=4.5s
Epoch  29/30 | train_loss=4.1157 | val_loss=4.1226 | val_acc=0.4715 | time=4.5s
Epoch  30/30 | train_loss=4.1153 | val_loss=4.1206 | val_acc=0.4688 | time=4.5s
Model saved to results/max_1layer_stieltjes_q4.0_seq128_embd16_h1_initfix_ascend/model.pt
Metrics saved to results/max_1layer_stieltjes_q4.0_seq128_embd16_h1_initfix_ascend/metrics.csv
{"checkpoint": "results/max_1layer_stieltjes_q4.0_seq128_embd16_h1_initfix_ascend/model.pt", "task": "max", "attn": "stieltjes", "q": 4.0, "seq_len": 128, "val_samples": 1000, "seed": 42, "accuracy_fixed": 0.912, "accuracy_all": 0.03391384051329056, "accuracy_input_echo": 0.01991373919735766, "output_token_count": 1000, "input_token_count": 62369, "all_token_count": 64369, "output_start_stats": {"n": 1000, "min": 4, "max": 120, "mean": 62.36899948120117}}
{"checkpoint": "results/max_1layer_stieltjes_q4.0_seq128_embd16_h1_initfix_ascend/model.pt", "task": "max", "attn": "stieltjes", "q": 4.0, "seq_len": 256, "val_samples": 1000, "seed": 42, "accuracy_fixed": 0.912, "accuracy_all": 0.03391384051329056, "accuracy_input_echo": 0.01991373919735766, "output_token_count": 1000, "input_token_count": 62369, "all_token_count": 64369, "output_start_stats": {"n": 1000, "min": 4, "max": 120, "mean": 62.36899948120117}}
{"checkpoint": "results/max_1layer_stieltjes_q4.0_seq128_embd16_h1_initfix_ascend/model.pt", "task": "max", "attn": "stieltjes", "q": 4.0, "seq_len": 512, "val_samples": 1000, "seed": 42, "accuracy_fixed": 0.912, "accuracy_all": 0.03391384051329056, "accuracy_input_echo": 0.01991373919735766, "output_token_count": 1000, "input_token_count": 62369, "all_token_count": 64369, "output_start_stats": {"n": 1000, "min": 4, "max": 120, "mean": 62.36899948120117}}
{"checkpoint": "results/max_1layer_stieltjes_q4.0_seq128_embd16_h1_initfix_ascend/model.pt", "task": "max", "attn": "stieltjes", "q": 4.0, "seq_len": 1024, "val_samples": 1000, "seed": 42, "accuracy_fixed": 0.912, "accuracy_all": 0.03391384051329056, "accuracy_input_echo": 0.01991373919735766, "output_token_count": 1000, "input_token_count": 62369, "all_token_count": 64369, "output_start_stats": {"n": 1000, "min": 4, "max": 120, "mean": 62.36899948120117}}
{"checkpoint": "results/max_1layer_stieltjes_q4.0_seq128_embd16_h1_initfix_ascend/model.pt", "task": "max", "attn": "stieltjes", "q": 4.0, "seq_len": 2048, "val_samples": 1000, "seed": 42, "accuracy_fixed": 0.912, "accuracy_all": 0.03391384051329056, "accuracy_input_echo": 0.01991373919735766, "output_token_count": 1000, "input_token_count": 62369, "all_token_count": 64369, "output_start_stats": {"n": 1000, "min": 4, "max": 120, "mean": 62.36899948120117}}
{"checkpoint": "results/max_1layer_stieltjes_q4.0_seq128_embd16_h1_initfix_ascend/model.pt", "task": "max", "attn": "stieltjes", "q": 4.0, "seq_len": 4096, "val_samples": 1000, "seed": 42, "accuracy_fixed": 0.912, "accuracy_all": 0.03391384051329056, "accuracy_input_echo": 0.01991373919735766, "output_token_count": 1000, "input_token_count": 62369, "all_token_count": 64369, "output_start_stats": {"n": 1000, "min": 4, "max": 120, "mean": 62.36899948120117}}
{"checkpoint": "results/max_1layer_stieltjes_q4.0_seq128_embd16_h1_initfix_ascend/model.pt", "task": "max", "attn": "stieltjes", "q": 4.0, "seq_len": 8192, "val_samples": 1000, "seed": 42, "accuracy_fixed": 0.912, "accuracy_all": 0.03391384051329056, "accuracy_input_echo": 0.01991373919735766, "output_token_count": 1000, "input_token_count": 62369, "all_token_count": 64369, "output_start_stats": {"n": 1000, "min": 4, "max": 120, "mean": 62.36899948120117}}
DONE results/max_1layer_stieltjes_q4.0_seq128_embd16_h1_initfix_ascend
