=== MAX embd-scan: stieltjes_q4.0 n_embd=64 n_head=4 ===
Using device: cuda
Generating training data...
Generating validation data...
Model parameters: 66,624
Using bf16 autocast for forward pass (memory optimization at long context)
Epoch   1/30 | train_loss=4.2670 | val_loss=4.1461 | val_acc=0.2990 | time=5.5s
Epoch   2/30 | train_loss=4.1350 | val_loss=4.1258 | val_acc=0.4010 | time=4.7s
Epoch   3/30 | train_loss=4.1217 | val_loss=4.1183 | val_acc=0.4450 | time=4.7s
Epoch   4/30 | train_loss=4.1166 | val_loss=4.1139 | val_acc=0.4675 | time=4.6s
Epoch   5/30 | train_loss=4.1133 | val_loss=4.1126 | val_acc=0.4682 | time=4.6s
Epoch   6/30 | train_loss=4.1112 | val_loss=4.1108 | val_acc=0.4828 | time=4.6s
Epoch   7/30 | train_loss=4.1098 | val_loss=4.1103 | val_acc=0.4785 | time=4.6s
Epoch   8/30 | train_loss=4.1088 | val_loss=4.1094 | val_acc=0.4790 | time=4.6s
Epoch   9/30 | train_loss=4.1079 | val_loss=4.1084 | val_acc=0.4813 | time=4.6s
Epoch  10/30 | train_loss=4.1071 | val_loss=4.1071 | val_acc=0.4865 | time=4.6s
Epoch  11/30 | train_loss=4.1064 | val_loss=4.1062 | val_acc=0.4873 | time=4.6s
Epoch  12/30 | train_loss=4.1059 | val_loss=4.1059 | val_acc=0.4863 | time=4.6s
Epoch  13/30 | train_loss=4.1055 | val_loss=4.1059 | val_acc=0.4965 | time=4.6s
Epoch  14/30 | train_loss=4.1051 | val_loss=4.1053 | val_acc=0.4990 | time=4.6s
Epoch  15/30 | train_loss=4.1047 | val_loss=4.1051 | val_acc=0.4965 | time=4.6s
Epoch  16/30 | train_loss=4.1043 | val_loss=4.1052 | val_acc=0.4988 | time=4.6s
Epoch  17/30 | train_loss=4.1039 | val_loss=4.1043 | val_acc=0.4990 | time=4.6s
Epoch  18/30 | train_loss=4.1036 | val_loss=4.1045 | val_acc=0.5032 | time=4.6s
Epoch  19/30 | train_loss=4.1033 | val_loss=4.1037 | val_acc=0.5120 | time=4.6s
Epoch  20/30 | train_loss=4.1032 | val_loss=4.1039 | val_acc=0.5038 | time=4.6s
Epoch  21/30 | train_loss=4.1031 | val_loss=4.1034 | val_acc=0.5052 | time=4.6s
Epoch  22/30 | train_loss=4.1027 | val_loss=4.1036 | val_acc=0.5078 | time=4.6s
Epoch  23/30 | train_loss=4.1026 | val_loss=4.1029 | val_acc=0.5092 | time=4.6s
Epoch  24/30 | train_loss=4.1023 | val_loss=4.1040 | val_acc=0.5080 | time=4.6s
Epoch  25/30 | train_loss=4.1023 | val_loss=4.1027 | val_acc=0.5108 | time=4.6s
Epoch  26/30 | train_loss=4.1021 | val_loss=4.1021 | val_acc=0.5118 | time=4.6s
Epoch  27/30 | train_loss=4.1019 | val_loss=4.1022 | val_acc=0.5110 | time=4.6s
Epoch  28/30 | train_loss=4.1019 | val_loss=4.1033 | val_acc=0.5108 | time=4.6s
Epoch  29/30 | train_loss=4.1017 | val_loss=4.1024 | val_acc=0.5125 | time=4.6s
Epoch  30/30 | train_loss=4.1016 | val_loss=4.1029 | val_acc=0.5122 | time=4.6s
Model saved to results/max_1layer_stieltjes_q4.0_seq128_embd64_h4_initfix_ascend/model.pt
Metrics saved to results/max_1layer_stieltjes_q4.0_seq128_embd64_h4_initfix_ascend/metrics.csv
{"checkpoint": "results/max_1layer_stieltjes_q4.0_seq128_embd64_h4_initfix_ascend/model.pt", "task": "max", "attn": "stieltjes", "q": 4.0, "seq_len": 128, "val_samples": 1000, "seed": 42, "accuracy_fixed": 0.982, "accuracy_all": 0.03481489536888875, "accuracy_input_echo": 0.019512899036380253, "output_token_count": 1000, "input_token_count": 62369, "all_token_count": 64369, "output_start_stats": {"n": 1000, "min": 4, "max": 120, "mean": 62.36899948120117}}
{"checkpoint": "results/max_1layer_stieltjes_q4.0_seq128_embd64_h4_initfix_ascend/model.pt", "task": "max", "attn": "stieltjes", "q": 4.0, "seq_len": 256, "val_samples": 1000, "seed": 42, "accuracy_fixed": 0.982, "accuracy_all": 0.03481489536888875, "accuracy_input_echo": 0.019512899036380253, "output_token_count": 1000, "input_token_count": 62369, "all_token_count": 64369, "output_start_stats": {"n": 1000, "min": 4, "max": 120, "mean": 62.36899948120117}}
{"checkpoint": "results/max_1layer_stieltjes_q4.0_seq128_embd64_h4_initfix_ascend/model.pt", "task": "max", "attn": "stieltjes", "q": 4.0, "seq_len": 512, "val_samples": 1000, "seed": 42, "accuracy_fixed": 0.982, "accuracy_all": 0.03481489536888875, "accuracy_input_echo": 0.019512899036380253, "output_token_count": 1000, "input_token_count": 62369, "all_token_count": 64369, "output_start_stats": {"n": 1000, "min": 4, "max": 120, "mean": 62.36899948120117}}
{"checkpoint": "results/max_1layer_stieltjes_q4.0_seq128_embd64_h4_initfix_ascend/model.pt", "task": "max", "attn": "stieltjes", "q": 4.0, "seq_len": 1024, "val_samples": 1000, "seed": 42, "accuracy_fixed": 0.982, "accuracy_all": 0.03481489536888875, "accuracy_input_echo": 0.019512899036380253, "output_token_count": 1000, "input_token_count": 62369, "all_token_count": 64369, "output_start_stats": {"n": 1000, "min": 4, "max": 120, "mean": 62.36899948120117}}
{"checkpoint": "results/max_1layer_stieltjes_q4.0_seq128_embd64_h4_initfix_ascend/model.pt", "task": "max", "attn": "stieltjes", "q": 4.0, "seq_len": 2048, "val_samples": 1000, "seed": 42, "accuracy_fixed": 0.982, "accuracy_all": 0.03481489536888875, "accuracy_input_echo": 0.019512899036380253, "output_token_count": 1000, "input_token_count": 62369, "all_token_count": 64369, "output_start_stats": {"n": 1000, "min": 4, "max": 120, "mean": 62.36899948120117}}
{"checkpoint": "results/max_1layer_stieltjes_q4.0_seq128_embd64_h4_initfix_ascend/model.pt", "task": "max", "attn": "stieltjes", "q": 4.0, "seq_len": 4096, "val_samples": 1000, "seed": 42, "accuracy_fixed": 0.982, "accuracy_all": 0.03481489536888875, "accuracy_input_echo": 0.019512899036380253, "output_token_count": 1000, "input_token_count": 62369, "all_token_count": 64369, "output_start_stats": {"n": 1000, "min": 4, "max": 120, "mean": 62.36899948120117}}
{"checkpoint": "results/max_1layer_stieltjes_q4.0_seq128_embd64_h4_initfix_ascend/model.pt", "task": "max", "attn": "stieltjes", "q": 4.0, "seq_len": 8192, "val_samples": 1000, "seed": 42, "accuracy_fixed": 0.982, "accuracy_all": 0.03481489536888875, "accuracy_input_echo": 0.019512899036380253, "output_token_count": 1000, "input_token_count": 62369, "all_token_count": 64369, "output_start_stats": {"n": 1000, "min": 4, "max": 120, "mean": 62.36899948120117}}
DONE results/max_1layer_stieltjes_q4.0_seq128_embd64_h4_initfix_ascend
