=== MAX embd-scan: softmax n_embd=128 n_head=4 ===
Using device: cuda
Generating training data...
Generating validation data...
Model parameters: 231,552
Using bf16 autocast for forward pass (memory optimization at long context)
Epoch   1/30 | train_loss=4.2023 | val_loss=4.1286 | val_acc=0.4387 | time=4.6s
Epoch   2/30 | train_loss=4.1239 | val_loss=4.1167 | val_acc=0.4775 | time=3.5s
Epoch   3/30 | train_loss=4.1172 | val_loss=4.1149 | val_acc=0.5015 | time=3.5s
Epoch   4/30 | train_loss=4.1140 | val_loss=4.1125 | val_acc=0.5132 | time=3.5s
Epoch   5/30 | train_loss=4.1117 | val_loss=4.1098 | val_acc=0.5115 | time=3.5s
Epoch   6/30 | train_loss=4.1098 | val_loss=4.1088 | val_acc=0.5135 | time=3.5s
Epoch   7/30 | train_loss=4.1083 | val_loss=4.1084 | val_acc=0.5130 | time=3.5s
Epoch   8/30 | train_loss=4.1075 | val_loss=4.1072 | val_acc=0.5120 | time=3.5s
Epoch   9/30 | train_loss=4.1066 | val_loss=4.1075 | val_acc=0.5115 | time=3.5s
Epoch  10/30 | train_loss=4.1061 | val_loss=4.1069 | val_acc=0.5182 | time=3.5s
Epoch  11/30 | train_loss=4.1055 | val_loss=4.1062 | val_acc=0.5160 | time=3.5s
Epoch  12/30 | train_loss=4.1051 | val_loss=4.1069 | val_acc=0.5160 | time=3.5s
Epoch  13/30 | train_loss=4.1048 | val_loss=4.1053 | val_acc=0.5162 | time=3.5s
Epoch  14/30 | train_loss=4.1044 | val_loss=4.1058 | val_acc=0.5145 | time=3.5s
Epoch  15/30 | train_loss=4.1043 | val_loss=4.1064 | val_acc=0.5142 | time=3.5s
Epoch  16/30 | train_loss=4.1042 | val_loss=4.1058 | val_acc=0.5170 | time=3.5s
Epoch  17/30 | train_loss=4.1038 | val_loss=4.1053 | val_acc=0.5145 | time=3.5s
Epoch  18/30 | train_loss=4.1036 | val_loss=4.1058 | val_acc=0.5165 | time=3.5s
Epoch  19/30 | train_loss=4.1034 | val_loss=4.1061 | val_acc=0.5185 | time=3.5s
Epoch  20/30 | train_loss=4.1034 | val_loss=4.1061 | val_acc=0.5178 | time=3.5s
Epoch  21/30 | train_loss=4.1032 | val_loss=4.1058 | val_acc=0.5180 | time=3.5s
Epoch  22/30 | train_loss=4.1030 | val_loss=4.1058 | val_acc=0.5185 | time=3.5s
Epoch  23/30 | train_loss=4.1029 | val_loss=4.1054 | val_acc=0.5152 | time=3.5s
Epoch  24/30 | train_loss=4.1026 | val_loss=4.1056 | val_acc=0.5180 | time=3.5s
Epoch  25/30 | train_loss=4.1025 | val_loss=4.1063 | val_acc=0.5202 | time=3.5s
Epoch  26/30 | train_loss=4.1024 | val_loss=4.1056 | val_acc=0.5160 | time=3.5s
Epoch  27/30 | train_loss=4.1023 | val_loss=4.1066 | val_acc=0.5195 | time=3.5s
Epoch  28/30 | train_loss=4.1023 | val_loss=4.1064 | val_acc=0.5212 | time=3.5s
Epoch  29/30 | train_loss=4.1022 | val_loss=4.1065 | val_acc=0.5210 | time=3.5s
Epoch  30/30 | train_loss=4.1021 | val_loss=4.1051 | val_acc=0.5158 | time=3.5s
Model saved to results/max_1layer_softmax_seq128_embd128_h4_initfix_ascend/model.pt
Metrics saved to results/max_1layer_softmax_seq128_embd128_h4_initfix_ascend/metrics.csv
{"checkpoint": "results/max_1layer_softmax_seq128_embd128_h4_initfix_ascend/model.pt", "task": "max", "attn": "softmax", "q": 1.0, "seq_len": 128, "val_samples": 1000, "seed": 42, "accuracy_fixed": 0.996, "accuracy_all": 0.03420901365564169, "accuracy_input_echo": 0.018743285927303628, "output_token_count": 1000, "input_token_count": 62369, "all_token_count": 64369, "output_start_stats": {"n": 1000, "min": 4, "max": 120, "mean": 62.36899948120117}}
{"checkpoint": "results/max_1layer_softmax_seq128_embd128_h4_initfix_ascend/model.pt", "task": "max", "attn": "softmax", "q": 1.0, "seq_len": 256, "val_samples": 1000, "seed": 42, "accuracy_fixed": 0.996, "accuracy_all": 0.03420901365564169, "accuracy_input_echo": 0.018743285927303628, "output_token_count": 1000, "input_token_count": 62369, "all_token_count": 64369, "output_start_stats": {"n": 1000, "min": 4, "max": 120, "mean": 62.36899948120117}}
{"checkpoint": "results/max_1layer_softmax_seq128_embd128_h4_initfix_ascend/model.pt", "task": "max", "attn": "softmax", "q": 1.0, "seq_len": 512, "val_samples": 1000, "seed": 42, "accuracy_fixed": 0.996, "accuracy_all": 0.03420901365564169, "accuracy_input_echo": 0.018743285927303628, "output_token_count": 1000, "input_token_count": 62369, "all_token_count": 64369, "output_start_stats": {"n": 1000, "min": 4, "max": 120, "mean": 62.36899948120117}}
{"checkpoint": "results/max_1layer_softmax_seq128_embd128_h4_initfix_ascend/model.pt", "task": "max", "attn": "softmax", "q": 1.0, "seq_len": 1024, "val_samples": 1000, "seed": 42, "accuracy_fixed": 0.996, "accuracy_all": 0.03420901365564169, "accuracy_input_echo": 0.018743285927303628, "output_token_count": 1000, "input_token_count": 62369, "all_token_count": 64369, "output_start_stats": {"n": 1000, "min": 4, "max": 120, "mean": 62.36899948120117}}
{"checkpoint": "results/max_1layer_softmax_seq128_embd128_h4_initfix_ascend/model.pt", "task": "max", "attn": "softmax", "q": 1.0, "seq_len": 2048, "val_samples": 1000, "seed": 42, "accuracy_fixed": 0.996, "accuracy_all": 0.03420901365564169, "accuracy_input_echo": 0.018743285927303628, "output_token_count": 1000, "input_token_count": 62369, "all_token_count": 64369, "output_start_stats": {"n": 1000, "min": 4, "max": 120, "mean": 62.36899948120117}}
{"checkpoint": "results/max_1layer_softmax_seq128_embd128_h4_initfix_ascend/model.pt", "task": "max", "attn": "softmax", "q": 1.0, "seq_len": 4096, "val_samples": 1000, "seed": 42, "accuracy_fixed": 0.996, "accuracy_all": 0.03420901365564169, "accuracy_input_echo": 0.018743285927303628, "output_token_count": 1000, "input_token_count": 62369, "all_token_count": 64369, "output_start_stats": {"n": 1000, "min": 4, "max": 120, "mean": 62.36899948120117}}
{"checkpoint": "results/max_1layer_softmax_seq128_embd128_h4_initfix_ascend/model.pt", "task": "max", "attn": "softmax", "q": 1.0, "seq_len": 8192, "val_samples": 1000, "seed": 42, "accuracy_fixed": 0.996, "accuracy_all": 0.03420901365564169, "accuracy_input_echo": 0.018743285927303628, "output_token_count": 1000, "input_token_count": 62369, "all_token_count": 64369, "output_start_stats": {"n": 1000, "min": 4, "max": 120, "mean": 62.36899948120117}}
DONE results/max_1layer_softmax_seq128_embd128_h4_initfix_ascend
