=== MAX embd-scan: stieltjes_q2.0 n_embd=16 n_head=1 ===
Using device: cuda
Generating training data...
Generating validation data...
Model parameters: 7,440
Using bf16 autocast for forward pass (memory optimization at long context)
Epoch   1/30 | train_loss=4.5199 | val_loss=4.2228 | val_acc=0.2853 | time=5.5s
Epoch   2/30 | train_loss=4.1994 | val_loss=4.1777 | val_acc=0.2855 | time=4.5s
Epoch   3/30 | train_loss=4.1664 | val_loss=4.1527 | val_acc=0.2850 | time=4.5s
Epoch   4/30 | train_loss=4.1472 | val_loss=4.1425 | val_acc=0.2850 | time=4.5s
Epoch   5/30 | train_loss=4.1402 | val_loss=4.1363 | val_acc=0.3008 | time=4.5s
Epoch   6/30 | train_loss=4.1371 | val_loss=4.1351 | val_acc=0.2975 | time=4.5s
Epoch   7/30 | train_loss=4.1350 | val_loss=4.1341 | val_acc=0.2973 | time=4.5s
Epoch   8/30 | train_loss=4.1335 | val_loss=4.1326 | val_acc=0.2988 | time=4.5s
Epoch   9/30 | train_loss=4.1325 | val_loss=4.1307 | val_acc=0.2998 | time=4.5s
Epoch  10/30 | train_loss=4.1317 | val_loss=4.1296 | val_acc=0.3018 | time=4.5s
Epoch  11/30 | train_loss=4.1310 | val_loss=4.1297 | val_acc=0.2995 | time=4.5s
Epoch  12/30 | train_loss=4.1302 | val_loss=4.1300 | val_acc=0.3010 | time=4.5s
Epoch  13/30 | train_loss=4.1296 | val_loss=4.1297 | val_acc=0.3043 | time=4.5s
Epoch  14/30 | train_loss=4.1291 | val_loss=4.1278 | val_acc=0.3033 | time=4.5s
Epoch  15/30 | train_loss=4.1287 | val_loss=4.1263 | val_acc=0.3065 | time=4.5s
Epoch  16/30 | train_loss=4.1281 | val_loss=4.1263 | val_acc=0.3065 | time=4.5s
Epoch  17/30 | train_loss=4.1277 | val_loss=4.1265 | val_acc=0.3063 | time=4.5s
Epoch  18/30 | train_loss=4.1274 | val_loss=4.1250 | val_acc=0.3212 | time=4.5s
Epoch  19/30 | train_loss=4.1270 | val_loss=4.1253 | val_acc=0.3310 | time=4.5s
Epoch  20/30 | train_loss=4.1265 | val_loss=4.1246 | val_acc=0.3187 | time=4.5s
Epoch  21/30 | train_loss=4.1259 | val_loss=4.1229 | val_acc=0.3613 | time=4.5s
Epoch  22/30 | train_loss=4.1250 | val_loss=4.1224 | val_acc=0.3740 | time=4.5s
Epoch  23/30 | train_loss=4.1235 | val_loss=4.1216 | val_acc=0.4055 | time=4.5s
Epoch  24/30 | train_loss=4.1214 | val_loss=4.1199 | val_acc=0.4253 | time=4.5s
Epoch  25/30 | train_loss=4.1201 | val_loss=4.1210 | val_acc=0.4365 | time=4.5s
Epoch  26/30 | train_loss=4.1194 | val_loss=4.1178 | val_acc=0.4340 | time=4.5s
Epoch  27/30 | train_loss=4.1190 | val_loss=4.1184 | val_acc=0.4407 | time=4.5s
Epoch  28/30 | train_loss=4.1186 | val_loss=4.1188 | val_acc=0.4417 | time=4.5s
Epoch  29/30 | train_loss=4.1183 | val_loss=4.1182 | val_acc=0.4442 | time=4.5s
Epoch  30/30 | train_loss=4.1179 | val_loss=4.1176 | val_acc=0.4472 | time=4.5s
Model saved to results/max_1layer_stieltjes_q2.0_seq128_embd16_h1_initfix_ascend/model.pt
Metrics saved to results/max_1layer_stieltjes_q2.0_seq128_embd16_h1_initfix_ascend/metrics.csv
{"checkpoint": "results/max_1layer_stieltjes_q2.0_seq128_embd16_h1_initfix_ascend/model.pt", "task": "max", "attn": "stieltjes", "q": 2.0, "seq_len": 128, "val_samples": 1000, "seed": 42, "accuracy_fixed": 0.85, "accuracy_all": 0.03316813994314033, "accuracy_input_echo": 0.019945806410235856, "output_token_count": 1000, "input_token_count": 62369, "all_token_count": 64369, "output_start_stats": {"n": 1000, "min": 4, "max": 120, "mean": 62.36899948120117}}
{"checkpoint": "results/max_1layer_stieltjes_q2.0_seq128_embd16_h1_initfix_ascend/model.pt", "task": "max", "attn": "stieltjes", "q": 2.0, "seq_len": 256, "val_samples": 1000, "seed": 42, "accuracy_fixed": 0.85, "accuracy_all": 0.03316813994314033, "accuracy_input_echo": 0.019945806410235856, "output_token_count": 1000, "input_token_count": 62369, "all_token_count": 64369, "output_start_stats": {"n": 1000, "min": 4, "max": 120, "mean": 62.36899948120117}}
{"checkpoint": "results/max_1layer_stieltjes_q2.0_seq128_embd16_h1_initfix_ascend/model.pt", "task": "max", "attn": "stieltjes", "q": 2.0, "seq_len": 512, "val_samples": 1000, "seed": 42, "accuracy_fixed": 0.85, "accuracy_all": 0.03316813994314033, "accuracy_input_echo": 0.019945806410235856, "output_token_count": 1000, "input_token_count": 62369, "all_token_count": 64369, "output_start_stats": {"n": 1000, "min": 4, "max": 120, "mean": 62.36899948120117}}
{"checkpoint": "results/max_1layer_stieltjes_q2.0_seq128_embd16_h1_initfix_ascend/model.pt", "task": "max", "attn": "stieltjes", "q": 2.0, "seq_len": 1024, "val_samples": 1000, "seed": 42, "accuracy_fixed": 0.85, "accuracy_all": 0.03316813994314033, "accuracy_input_echo": 0.019945806410235856, "output_token_count": 1000, "input_token_count": 62369, "all_token_count": 64369, "output_start_stats": {"n": 1000, "min": 4, "max": 120, "mean": 62.36899948120117}}
{"checkpoint": "results/max_1layer_stieltjes_q2.0_seq128_embd16_h1_initfix_ascend/model.pt", "task": "max", "attn": "stieltjes", "q": 2.0, "seq_len": 2048, "val_samples": 1000, "seed": 42, "accuracy_fixed": 0.85, "accuracy_all": 0.03316813994314033, "accuracy_input_echo": 0.019945806410235856, "output_token_count": 1000, "input_token_count": 62369, "all_token_count": 64369, "output_start_stats": {"n": 1000, "min": 4, "max": 120, "mean": 62.36899948120117}}
{"checkpoint": "results/max_1layer_stieltjes_q2.0_seq128_embd16_h1_initfix_ascend/model.pt", "task": "max", "attn": "stieltjes", "q": 2.0, "seq_len": 4096, "val_samples": 1000, "seed": 42, "accuracy_fixed": 0.85, "accuracy_all": 0.03316813994314033, "accuracy_input_echo": 0.019945806410235856, "output_token_count": 1000, "input_token_count": 62369, "all_token_count": 64369, "output_start_stats": {"n": 1000, "min": 4, "max": 120, "mean": 62.36899948120117}}
{"checkpoint": "results/max_1layer_stieltjes_q2.0_seq128_embd16_h1_initfix_ascend/model.pt", "task": "max", "attn": "stieltjes", "q": 2.0, "seq_len": 8192, "val_samples": 1000, "seed": 42, "accuracy_fixed": 0.85, "accuracy_all": 0.03316813994314033, "accuracy_input_echo": 0.019945806410235856, "output_token_count": 1000, "input_token_count": 62369, "all_token_count": 64369, "output_start_stats": {"n": 1000, "min": 4, "max": 120, "mean": 62.36899948120117}}
DONE results/max_1layer_stieltjes_q2.0_seq128_embd16_h1_initfix_ascend
