=== MAX embd-scan: stieltjes_q2.0 n_embd=128 n_head=4 ===
Using device: cuda
Generating training data...
Generating validation data...
Model parameters: 231,552
Using bf16 autocast for forward pass (memory optimization at long context)
Epoch   1/30 | train_loss=4.2034 | val_loss=4.1319 | val_acc=0.3850 | time=5.6s
Epoch   2/30 | train_loss=4.1254 | val_loss=4.1193 | val_acc=0.4617 | time=4.5s
Epoch   3/30 | train_loss=4.1175 | val_loss=4.1153 | val_acc=0.4855 | time=4.5s
Epoch   4/30 | train_loss=4.1152 | val_loss=4.1143 | val_acc=0.4810 | time=4.5s
Epoch   5/30 | train_loss=4.1128 | val_loss=4.1094 | val_acc=0.5035 | time=4.5s
Epoch   6/30 | train_loss=4.1086 | val_loss=4.1072 | val_acc=0.5060 | time=4.5s
Epoch   7/30 | train_loss=4.1068 | val_loss=4.1065 | val_acc=0.5050 | time=4.5s
Epoch   8/30 | train_loss=4.1059 | val_loss=4.1057 | val_acc=0.5100 | time=4.5s
Epoch   9/30 | train_loss=4.1050 | val_loss=4.1055 | val_acc=0.5098 | time=4.5s
Epoch  10/30 | train_loss=4.1045 | val_loss=4.1044 | val_acc=0.5130 | time=4.5s
Epoch  11/30 | train_loss=4.1040 | val_loss=4.1047 | val_acc=0.5142 | time=4.5s
Epoch  12/30 | train_loss=4.1035 | val_loss=4.1039 | val_acc=0.5092 | time=4.5s
Epoch  13/30 | train_loss=4.1031 | val_loss=4.1041 | val_acc=0.5102 | time=4.5s
Epoch  14/30 | train_loss=4.1028 | val_loss=4.1029 | val_acc=0.5102 | time=4.5s
Epoch  15/30 | train_loss=4.1026 | val_loss=4.1036 | val_acc=0.5100 | time=4.5s
Epoch  16/30 | train_loss=4.1023 | val_loss=4.1040 | val_acc=0.5095 | time=4.5s
Epoch  17/30 | train_loss=4.1019 | val_loss=4.1025 | val_acc=0.5125 | time=4.5s
Epoch  18/30 | train_loss=4.1015 | val_loss=4.1028 | val_acc=0.5122 | time=4.4s
Epoch  19/30 | train_loss=4.1014 | val_loss=4.1026 | val_acc=0.5165 | time=4.5s
Epoch  20/30 | train_loss=4.1013 | val_loss=4.1023 | val_acc=0.5145 | time=4.5s
Epoch  21/30 | train_loss=4.1011 | val_loss=4.1024 | val_acc=0.5170 | time=4.4s
Epoch  22/30 | train_loss=4.1009 | val_loss=4.1018 | val_acc=0.5172 | time=4.4s
Epoch  23/30 | train_loss=4.1007 | val_loss=4.1016 | val_acc=0.5150 | time=4.5s
Epoch  24/30 | train_loss=4.1004 | val_loss=4.1018 | val_acc=0.5148 | time=4.5s
Epoch  25/30 | train_loss=4.1004 | val_loss=4.1023 | val_acc=0.5185 | time=4.5s
Epoch  26/30 | train_loss=4.1001 | val_loss=4.1013 | val_acc=0.5162 | time=4.5s
Epoch  27/30 | train_loss=4.1001 | val_loss=4.1019 | val_acc=0.5200 | time=4.4s
Epoch  28/30 | train_loss=4.0999 | val_loss=4.1019 | val_acc=0.5218 | time=4.5s
Epoch  29/30 | train_loss=4.1000 | val_loss=4.1016 | val_acc=0.5252 | time=4.4s
Epoch  30/30 | train_loss=4.0998 | val_loss=4.1018 | val_acc=0.5168 | time=4.5s
Model saved to results/max_1layer_stieltjes_q2.0_seq128_embd128_h4_initfix_ascend/model.pt
Metrics saved to results/max_1layer_stieltjes_q2.0_seq128_embd128_h4_initfix_ascend/metrics.csv
{"checkpoint": "results/max_1layer_stieltjes_q2.0_seq128_embd128_h4_initfix_ascend/model.pt", "task": "max", "attn": "stieltjes", "q": 2.0, "seq_len": 128, "val_samples": 1000, "seed": 42, "accuracy_fixed": 0.996, "accuracy_all": 0.035482918796314995, "accuracy_input_echo": 0.020154243293944107, "output_token_count": 1000, "input_token_count": 62369, "all_token_count": 64369, "output_start_stats": {"n": 1000, "min": 4, "max": 120, "mean": 62.36899948120117}}
{"checkpoint": "results/max_1layer_stieltjes_q2.0_seq128_embd128_h4_initfix_ascend/model.pt", "task": "max", "attn": "stieltjes", "q": 2.0, "seq_len": 256, "val_samples": 1000, "seed": 42, "accuracy_fixed": 0.996, "accuracy_all": 0.035482918796314995, "accuracy_input_echo": 0.020154243293944107, "output_token_count": 1000, "input_token_count": 62369, "all_token_count": 64369, "output_start_stats": {"n": 1000, "min": 4, "max": 120, "mean": 62.36899948120117}}
{"checkpoint": "results/max_1layer_stieltjes_q2.0_seq128_embd128_h4_initfix_ascend/model.pt", "task": "max", "attn": "stieltjes", "q": 2.0, "seq_len": 512, "val_samples": 1000, "seed": 42, "accuracy_fixed": 0.996, "accuracy_all": 0.035482918796314995, "accuracy_input_echo": 0.020154243293944107, "output_token_count": 1000, "input_token_count": 62369, "all_token_count": 64369, "output_start_stats": {"n": 1000, "min": 4, "max": 120, "mean": 62.36899948120117}}
{"checkpoint": "results/max_1layer_stieltjes_q2.0_seq128_embd128_h4_initfix_ascend/model.pt", "task": "max", "attn": "stieltjes", "q": 2.0, "seq_len": 1024, "val_samples": 1000, "seed": 42, "accuracy_fixed": 0.996, "accuracy_all": 0.035482918796314995, "accuracy_input_echo": 0.020154243293944107, "output_token_count": 1000, "input_token_count": 62369, "all_token_count": 64369, "output_start_stats": {"n": 1000, "min": 4, "max": 120, "mean": 62.36899948120117}}
{"checkpoint": "results/max_1layer_stieltjes_q2.0_seq128_embd128_h4_initfix_ascend/model.pt", "task": "max", "attn": "stieltjes", "q": 2.0, "seq_len": 2048, "val_samples": 1000, "seed": 42, "accuracy_fixed": 0.996, "accuracy_all": 0.035482918796314995, "accuracy_input_echo": 0.020154243293944107, "output_token_count": 1000, "input_token_count": 62369, "all_token_count": 64369, "output_start_stats": {"n": 1000, "min": 4, "max": 120, "mean": 62.36899948120117}}
{"checkpoint": "results/max_1layer_stieltjes_q2.0_seq128_embd128_h4_initfix_ascend/model.pt", "task": "max", "attn": "stieltjes", "q": 2.0, "seq_len": 4096, "val_samples": 1000, "seed": 42, "accuracy_fixed": 0.996, "accuracy_all": 0.035482918796314995, "accuracy_input_echo": 0.020154243293944107, "output_token_count": 1000, "input_token_count": 62369, "all_token_count": 64369, "output_start_stats": {"n": 1000, "min": 4, "max": 120, "mean": 62.36899948120117}}
{"checkpoint": "results/max_1layer_stieltjes_q2.0_seq128_embd128_h4_initfix_ascend/model.pt", "task": "max", "attn": "stieltjes", "q": 2.0, "seq_len": 8192, "val_samples": 1000, "seed": 42, "accuracy_fixed": 0.996, "accuracy_all": 0.035482918796314995, "accuracy_input_echo": 0.020154243293944107, "output_token_count": 1000, "input_token_count": 62369, "all_token_count": 64369, "output_start_stats": {"n": 1000, "min": 4, "max": 120, "mean": 62.36899948120117}}
DONE results/max_1layer_stieltjes_q2.0_seq128_embd128_h4_initfix_ascend
