=== MAX embd-scan: stieltjes_q4.0 n_embd=128 n_head=4 ===
Using device: cuda
Generating training data...
Generating validation data...
Model parameters: 231,552
Using bf16 autocast for forward pass (memory optimization at long context)
Epoch   1/30 | train_loss=4.1985 | val_loss=4.1285 | val_acc=0.4402 | time=5.6s
Epoch   2/30 | train_loss=4.1209 | val_loss=4.1148 | val_acc=0.4858 | time=4.6s
Epoch   3/30 | train_loss=4.1142 | val_loss=4.1109 | val_acc=0.4993 | time=4.6s
Epoch   4/30 | train_loss=4.1106 | val_loss=4.1090 | val_acc=0.5032 | time=4.6s
Epoch   5/30 | train_loss=4.1085 | val_loss=4.1074 | val_acc=0.5072 | time=4.6s
Epoch   6/30 | train_loss=4.1071 | val_loss=4.1066 | val_acc=0.5110 | time=4.6s
Epoch   7/30 | train_loss=4.1060 | val_loss=4.1058 | val_acc=0.5105 | time=4.6s
Epoch   8/30 | train_loss=4.1053 | val_loss=4.1049 | val_acc=0.5115 | time=4.6s
Epoch   9/30 | train_loss=4.1043 | val_loss=4.1044 | val_acc=0.5092 | time=4.6s
Epoch  10/30 | train_loss=4.1039 | val_loss=4.1032 | val_acc=0.5148 | time=4.6s
Epoch  11/30 | train_loss=4.1034 | val_loss=4.1034 | val_acc=0.5145 | time=4.6s
Epoch  12/30 | train_loss=4.1029 | val_loss=4.1039 | val_acc=0.5128 | time=4.6s
Epoch  13/30 | train_loss=4.1026 | val_loss=4.1031 | val_acc=0.5135 | time=4.6s
Epoch  14/30 | train_loss=4.1023 | val_loss=4.1026 | val_acc=0.5130 | time=4.6s
Epoch  15/30 | train_loss=4.1021 | val_loss=4.1031 | val_acc=0.5102 | time=4.6s
Epoch  16/30 | train_loss=4.1019 | val_loss=4.1030 | val_acc=0.5122 | time=4.6s
Epoch  17/30 | train_loss=4.1016 | val_loss=4.1017 | val_acc=0.5160 | time=4.6s
Epoch  18/30 | train_loss=4.1012 | val_loss=4.1031 | val_acc=0.5140 | time=4.6s
Epoch  19/30 | train_loss=4.1011 | val_loss=4.1030 | val_acc=0.5188 | time=4.6s
Epoch  20/30 | train_loss=4.1010 | val_loss=4.1019 | val_acc=0.5190 | time=4.6s
Epoch  21/30 | train_loss=4.1008 | val_loss=4.1024 | val_acc=0.5222 | time=4.6s
Epoch  22/30 | train_loss=4.1006 | val_loss=4.1017 | val_acc=0.5165 | time=4.6s
Epoch  23/30 | train_loss=4.1005 | val_loss=4.1016 | val_acc=0.5165 | time=4.6s
Epoch  24/30 | train_loss=4.1002 | val_loss=4.1019 | val_acc=0.5175 | time=4.6s
Epoch  25/30 | train_loss=4.1002 | val_loss=4.1023 | val_acc=0.5200 | time=4.6s
Epoch  26/30 | train_loss=4.1000 | val_loss=4.1010 | val_acc=0.5168 | time=4.6s
Epoch  27/30 | train_loss=4.1001 | val_loss=4.1024 | val_acc=0.5215 | time=4.6s
Epoch  28/30 | train_loss=4.1000 | val_loss=4.1019 | val_acc=0.5228 | time=4.6s
Epoch  29/30 | train_loss=4.0999 | val_loss=4.1017 | val_acc=0.5195 | time=4.6s
Epoch  30/30 | train_loss=4.0997 | val_loss=4.1016 | val_acc=0.5200 | time=4.6s
Model saved to results/max_1layer_stieltjes_q4.0_seq128_embd128_h4_initfix_ascend/model.pt
Metrics saved to results/max_1layer_stieltjes_q4.0_seq128_embd128_h4_initfix_ascend/metrics.csv
{"checkpoint": "results/max_1layer_stieltjes_q4.0_seq128_embd128_h4_initfix_ascend/model.pt", "task": "max", "attn": "stieltjes", "q": 4.0, "seq_len": 128, "val_samples": 1000, "seed": 42, "accuracy_fixed": 1.0, "accuracy_all": 0.03479935994034396, "accuracy_input_echo": 0.01925636133335471, "output_token_count": 1000, "input_token_count": 62369, "all_token_count": 64369, "output_start_stats": {"n": 1000, "min": 4, "max": 120, "mean": 62.36899948120117}}
{"checkpoint": "results/max_1layer_stieltjes_q4.0_seq128_embd128_h4_initfix_ascend/model.pt", "task": "max", "attn": "stieltjes", "q": 4.0, "seq_len": 256, "val_samples": 1000, "seed": 42, "accuracy_fixed": 1.0, "accuracy_all": 0.03479935994034396, "accuracy_input_echo": 0.01925636133335471, "output_token_count": 1000, "input_token_count": 62369, "all_token_count": 64369, "output_start_stats": {"n": 1000, "min": 4, "max": 120, "mean": 62.36899948120117}}
{"checkpoint": "results/max_1layer_stieltjes_q4.0_seq128_embd128_h4_initfix_ascend/model.pt", "task": "max", "attn": "stieltjes", "q": 4.0, "seq_len": 512, "val_samples": 1000, "seed": 42, "accuracy_fixed": 1.0, "accuracy_all": 0.03479935994034396, "accuracy_input_echo": 0.01925636133335471, "output_token_count": 1000, "input_token_count": 62369, "all_token_count": 64369, "output_start_stats": {"n": 1000, "min": 4, "max": 120, "mean": 62.36899948120117}}
{"checkpoint": "results/max_1layer_stieltjes_q4.0_seq128_embd128_h4_initfix_ascend/model.pt", "task": "max", "attn": "stieltjes", "q": 4.0, "seq_len": 1024, "val_samples": 1000, "seed": 42, "accuracy_fixed": 1.0, "accuracy_all": 0.03479935994034396, "accuracy_input_echo": 0.01925636133335471, "output_token_count": 1000, "input_token_count": 62369, "all_token_count": 64369, "output_start_stats": {"n": 1000, "min": 4, "max": 120, "mean": 62.36899948120117}}
{"checkpoint": "results/max_1layer_stieltjes_q4.0_seq128_embd128_h4_initfix_ascend/model.pt", "task": "max", "attn": "stieltjes", "q": 4.0, "seq_len": 2048, "val_samples": 1000, "seed": 42, "accuracy_fixed": 1.0, "accuracy_all": 0.03479935994034396, "accuracy_input_echo": 0.01925636133335471, "output_token_count": 1000, "input_token_count": 62369, "all_token_count": 64369, "output_start_stats": {"n": 1000, "min": 4, "max": 120, "mean": 62.36899948120117}}
{"checkpoint": "results/max_1layer_stieltjes_q4.0_seq128_embd128_h4_initfix_ascend/model.pt", "task": "max", "attn": "stieltjes", "q": 4.0, "seq_len": 4096, "val_samples": 1000, "seed": 42, "accuracy_fixed": 1.0, "accuracy_all": 0.03479935994034396, "accuracy_input_echo": 0.01925636133335471, "output_token_count": 1000, "input_token_count": 62369, "all_token_count": 64369, "output_start_stats": {"n": 1000, "min": 4, "max": 120, "mean": 62.36899948120117}}
{"checkpoint": "results/max_1layer_stieltjes_q4.0_seq128_embd128_h4_initfix_ascend/model.pt", "task": "max", "attn": "stieltjes", "q": 4.0, "seq_len": 8192, "val_samples": 1000, "seed": 42, "accuracy_fixed": 1.0, "accuracy_all": 0.03479935994034396, "accuracy_input_echo": 0.01925636133335471, "output_token_count": 1000, "input_token_count": 62369, "all_token_count": 64369, "output_start_stats": {"n": 1000, "min": 4, "max": 120, "mean": 62.36899948120117}}
DONE results/max_1layer_stieltjes_q4.0_seq128_embd128_h4_initfix_ascend
