=== MAX embd-scan: softmax n_embd=16 n_head=1 ===
Using device: cuda
Generating training data...
Generating validation data...
Model parameters: 7,440
Using bf16 autocast for forward pass (memory optimization at long context)
Epoch   1/30 | train_loss=4.5163 | val_loss=4.2245 | val_acc=0.2853 | time=4.6s
Epoch   2/30 | train_loss=4.2004 | val_loss=4.1822 | val_acc=0.2853 | time=3.5s
Epoch   3/30 | train_loss=4.1673 | val_loss=4.1541 | val_acc=0.2930 | time=3.5s
Epoch   4/30 | train_loss=4.1497 | val_loss=4.1455 | val_acc=0.2953 | time=3.4s
Epoch   5/30 | train_loss=4.1441 | val_loss=4.1426 | val_acc=0.3063 | time=3.4s
Epoch   6/30 | train_loss=4.1410 | val_loss=4.1385 | val_acc=0.3063 | time=3.4s
Epoch   7/30 | train_loss=4.1379 | val_loss=4.1369 | val_acc=0.3055 | time=3.4s
Epoch   8/30 | train_loss=4.1362 | val_loss=4.1376 | val_acc=0.3070 | time=3.4s
Epoch   9/30 | train_loss=4.1351 | val_loss=4.1347 | val_acc=0.3055 | time=3.4s
Epoch  10/30 | train_loss=4.1344 | val_loss=4.1340 | val_acc=0.3055 | time=3.4s
Epoch  11/30 | train_loss=4.1337 | val_loss=4.1341 | val_acc=0.3055 | time=3.4s
Epoch  12/30 | train_loss=4.1332 | val_loss=4.1351 | val_acc=0.3055 | time=3.4s
Epoch  13/30 | train_loss=4.1330 | val_loss=4.1341 | val_acc=0.3065 | time=3.4s
Epoch  14/30 | train_loss=4.1328 | val_loss=4.1332 | val_acc=0.3038 | time=3.4s
Epoch  15/30 | train_loss=4.1325 | val_loss=4.1328 | val_acc=0.3038 | time=3.4s
Epoch  16/30 | train_loss=4.1324 | val_loss=4.1335 | val_acc=0.3030 | time=3.5s
Epoch  17/30 | train_loss=4.1323 | val_loss=4.1325 | val_acc=0.3060 | time=3.4s
Epoch  18/30 | train_loss=4.1322 | val_loss=4.1320 | val_acc=0.3055 | time=3.5s
Epoch  19/30 | train_loss=4.1321 | val_loss=4.1327 | val_acc=0.3065 | time=3.4s
Epoch  20/30 | train_loss=4.1319 | val_loss=4.1325 | val_acc=0.2995 | time=3.4s
Epoch  21/30 | train_loss=4.1318 | val_loss=4.1326 | val_acc=0.3030 | time=3.4s
Epoch  22/30 | train_loss=4.1318 | val_loss=4.1327 | val_acc=0.3030 | time=3.4s
Epoch  23/30 | train_loss=4.1316 | val_loss=4.1326 | val_acc=0.3030 | time=3.4s
Epoch  24/30 | train_loss=4.1316 | val_loss=4.1330 | val_acc=0.3030 | time=3.4s
Epoch  25/30 | train_loss=4.1315 | val_loss=4.1314 | val_acc=0.3038 | time=3.4s
Epoch  26/30 | train_loss=4.1314 | val_loss=4.1314 | val_acc=0.3030 | time=3.4s
Epoch  27/30 | train_loss=4.1314 | val_loss=4.1319 | val_acc=0.3038 | time=3.4s
Epoch  28/30 | train_loss=4.1313 | val_loss=4.1324 | val_acc=0.3030 | time=3.4s
Epoch  29/30 | train_loss=4.1312 | val_loss=4.1326 | val_acc=0.3033 | time=3.4s
Epoch  30/30 | train_loss=4.1311 | val_loss=4.1319 | val_acc=0.3030 | time=3.4s
Model saved to results/max_1layer_softmax_seq128_embd16_h1_initfix_ascend/model.pt
Metrics saved to results/max_1layer_softmax_seq128_embd16_h1_initfix_ascend/metrics.csv
{"checkpoint": "results/max_1layer_softmax_seq128_embd16_h1_initfix_ascend/model.pt", "task": "max", "attn": "softmax", "q": 1.0, "seq_len": 128, "val_samples": 1000, "seed": 42, "accuracy_fixed": 0.561, "accuracy_all": 0.026285945097795523, "accuracy_input_echo": 0.017492664625054114, "output_token_count": 1000, "input_token_count": 62369, "all_token_count": 64369, "output_start_stats": {"n": 1000, "min": 4, "max": 120, "mean": 62.36899948120117}}
{"checkpoint": "results/max_1layer_softmax_seq128_embd16_h1_initfix_ascend/model.pt", "task": "max", "attn": "softmax", "q": 1.0, "seq_len": 256, "val_samples": 1000, "seed": 42, "accuracy_fixed": 0.561, "accuracy_all": 0.026285945097795523, "accuracy_input_echo": 0.017492664625054114, "output_token_count": 1000, "input_token_count": 62369, "all_token_count": 64369, "output_start_stats": {"n": 1000, "min": 4, "max": 120, "mean": 62.36899948120117}}
{"checkpoint": "results/max_1layer_softmax_seq128_embd16_h1_initfix_ascend/model.pt", "task": "max", "attn": "softmax", "q": 1.0, "seq_len": 512, "val_samples": 1000, "seed": 42, "accuracy_fixed": 0.561, "accuracy_all": 0.026285945097795523, "accuracy_input_echo": 0.017492664625054114, "output_token_count": 1000, "input_token_count": 62369, "all_token_count": 64369, "output_start_stats": {"n": 1000, "min": 4, "max": 120, "mean": 62.36899948120117}}
{"checkpoint": "results/max_1layer_softmax_seq128_embd16_h1_initfix_ascend/model.pt", "task": "max", "attn": "softmax", "q": 1.0, "seq_len": 1024, "val_samples": 1000, "seed": 42, "accuracy_fixed": 0.561, "accuracy_all": 0.026285945097795523, "accuracy_input_echo": 0.017492664625054114, "output_token_count": 1000, "input_token_count": 62369, "all_token_count": 64369, "output_start_stats": {"n": 1000, "min": 4, "max": 120, "mean": 62.36899948120117}}
{"checkpoint": "results/max_1layer_softmax_seq128_embd16_h1_initfix_ascend/model.pt", "task": "max", "attn": "softmax", "q": 1.0, "seq_len": 2048, "val_samples": 1000, "seed": 42, "accuracy_fixed": 0.561, "accuracy_all": 0.026285945097795523, "accuracy_input_echo": 0.017492664625054114, "output_token_count": 1000, "input_token_count": 62369, "all_token_count": 64369, "output_start_stats": {"n": 1000, "min": 4, "max": 120, "mean": 62.36899948120117}}
{"checkpoint": "results/max_1layer_softmax_seq128_embd16_h1_initfix_ascend/model.pt", "task": "max", "attn": "softmax", "q": 1.0, "seq_len": 4096, "val_samples": 1000, "seed": 42, "accuracy_fixed": 0.561, "accuracy_all": 0.026285945097795523, "accuracy_input_echo": 0.017492664625054114, "output_token_count": 1000, "input_token_count": 62369, "all_token_count": 64369, "output_start_stats": {"n": 1000, "min": 4, "max": 120, "mean": 62.36899948120117}}
{"checkpoint": "results/max_1layer_softmax_seq128_embd16_h1_initfix_ascend/model.pt", "task": "max", "attn": "softmax", "q": 1.0, "seq_len": 8192, "val_samples": 1000, "seed": 42, "accuracy_fixed": 0.561, "accuracy_all": 0.026285945097795523, "accuracy_input_echo": 0.017492664625054114, "output_token_count": 1000, "input_token_count": 62369, "all_token_count": 64369, "output_start_stats": {"n": 1000, "min": 4, "max": 120, "mean": 62.36899948120117}}
DONE results/max_1layer_softmax_seq128_embd16_h1_initfix_ascend
