=== JTAYLOR stieltjes retrain: stieltjes_jt_q4.0 seq=128 ===
Using device: cuda
Generating training data...
Generating validation data...
Model parameters: 1,874,304
Using bf16 autocast for forward pass (memory optimization at long context)
Epoch   1/30 | train_loss=4.3074 | val_loss=4.2225 | val_acc=0.5920 | time=4.9s
Epoch   2/30 | train_loss=4.2298 | val_loss=4.2006 | val_acc=0.8750 | time=4.6s
Epoch   3/30 | train_loss=4.2164 | val_loss=4.1941 | val_acc=0.9545 | time=4.6s
Epoch   4/30 | train_loss=4.2107 | val_loss=4.1918 | val_acc=0.9645 | time=4.6s
Epoch   5/30 | train_loss=4.2069 | val_loss=4.1913 | val_acc=0.9635 | time=4.6s
Epoch   6/30 | train_loss=4.2043 | val_loss=4.1893 | val_acc=0.9850 | time=4.5s
Epoch   7/30 | train_loss=4.2029 | val_loss=4.1879 | val_acc=0.9735 | time=4.6s
Epoch   8/30 | train_loss=4.2017 | val_loss=4.1858 | val_acc=0.9995 | time=4.6s
Epoch   9/30 | train_loss=4.2003 | val_loss=4.1879 | val_acc=0.9810 | time=4.6s
Epoch  10/30 | train_loss=4.1990 | val_loss=4.1865 | val_acc=0.9790 | time=4.6s
Epoch  11/30 | train_loss=4.1985 | val_loss=4.1855 | val_acc=0.9925 | time=4.6s
Epoch  12/30 | train_loss=4.1977 | val_loss=4.1848 | val_acc=0.9780 | time=4.6s
Epoch  13/30 | train_loss=4.1968 | val_loss=4.1851 | val_acc=0.9910 | time=4.6s
Epoch  14/30 | train_loss=4.1960 | val_loss=4.1854 | val_acc=0.9885 | time=4.6s
Epoch  15/30 | train_loss=4.1957 | val_loss=4.1854 | val_acc=1.0000 | time=4.6s
Epoch  16/30 | train_loss=4.1947 | val_loss=4.1844 | val_acc=0.9995 | time=4.6s
Epoch  17/30 | train_loss=4.1940 | val_loss=4.1859 | val_acc=1.0000 | time=4.6s
Epoch  18/30 | train_loss=4.1931 | val_loss=4.1845 | val_acc=0.9990 | time=4.5s
Epoch  19/30 | train_loss=4.1926 | val_loss=4.1865 | val_acc=1.0000 | time=4.6s
Epoch  20/30 | train_loss=4.1914 | val_loss=4.1867 | val_acc=0.9860 | time=4.6s
Epoch  21/30 | train_loss=4.1906 | val_loss=4.1881 | val_acc=0.9875 | time=4.6s
Epoch  22/30 | train_loss=4.1898 | val_loss=4.1872 | val_acc=1.0000 | time=4.5s
Epoch  23/30 | train_loss=4.1889 | val_loss=4.1888 | val_acc=1.0000 | time=4.6s
Epoch  24/30 | train_loss=4.1877 | val_loss=4.1888 | val_acc=0.9975 | time=4.6s
Epoch  25/30 | train_loss=4.1866 | val_loss=4.1890 | val_acc=0.9895 | time=4.6s
Epoch  26/30 | train_loss=4.1853 | val_loss=4.1897 | val_acc=1.0000 | time=4.6s
Epoch  27/30 | train_loss=4.1838 | val_loss=4.1911 | val_acc=1.0000 | time=4.6s
Epoch  28/30 | train_loss=4.1825 | val_loss=4.1911 | val_acc=0.9995 | time=4.6s
Epoch  29/30 | train_loss=4.1806 | val_loss=4.1930 | val_acc=0.9990 | time=4.6s
Epoch  30/30 | train_loss=4.1790 | val_loss=4.1942 | val_acc=1.0000 | time=4.5s
Model saved to results/subtle_needle_1layer_stieltjes_jt_q4.0_seq128_fixedcap_ascend/model.pt
Metrics saved to results/subtle_needle_1layer_stieltjes_jt_q4.0_seq128_fixedcap_ascend/metrics.csv
{"checkpoint": "results/subtle_needle_1layer_stieltjes_jt_q4.0_seq128_fixedcap_ascend/model.pt", "task": "needle", "attn": "stieltjes_jt", "q": 4.0, "seq_len": 128, "val_samples": 1000, "seed": 42, "accuracy_fixed": 1.0, "accuracy_all": 0.03338660788095894, "accuracy_input_echo": 0.022613541376427973, "output_token_count": 1000, "input_token_count": 89725, "all_token_count": 90725, "output_start_stats": {"n": 1000, "min": 60, "max": 120, "mean": 89.7249984741211}}
{"checkpoint": "results/subtle_needle_1layer_stieltjes_jt_q4.0_seq128_fixedcap_ascend/model.pt", "task": "needle", "attn": "stieltjes_jt", "q": 4.0, "seq_len": 256, "val_samples": 1000, "seed": 42, "accuracy_fixed": 1.0, "accuracy_all": 0.03338660788095894, "accuracy_input_echo": 0.022613541376427973, "output_token_count": 1000, "input_token_count": 89725, "all_token_count": 90725, "output_start_stats": {"n": 1000, "min": 60, "max": 120, "mean": 89.7249984741211}}
{"checkpoint": "results/subtle_needle_1layer_stieltjes_jt_q4.0_seq128_fixedcap_ascend/model.pt", "task": "needle", "attn": "stieltjes_jt", "q": 4.0, "seq_len": 512, "val_samples": 1000, "seed": 42, "accuracy_fixed": 1.0, "accuracy_all": 0.03338660788095894, "accuracy_input_echo": 0.022613541376427973, "output_token_count": 1000, "input_token_count": 89725, "all_token_count": 90725, "output_start_stats": {"n": 1000, "min": 60, "max": 120, "mean": 89.7249984741211}}
{"checkpoint": "results/subtle_needle_1layer_stieltjes_jt_q4.0_seq128_fixedcap_ascend/model.pt", "task": "needle", "attn": "stieltjes_jt", "q": 4.0, "seq_len": 1024, "val_samples": 1000, "seed": 42, "accuracy_fixed": 1.0, "accuracy_all": 0.03338660788095894, "accuracy_input_echo": 0.022613541376427973, "output_token_count": 1000, "input_token_count": 89725, "all_token_count": 90725, "output_start_stats": {"n": 1000, "min": 60, "max": 120, "mean": 89.7249984741211}}
{"checkpoint": "results/subtle_needle_1layer_stieltjes_jt_q4.0_seq128_fixedcap_ascend/model.pt", "task": "needle", "attn": "stieltjes_jt", "q": 4.0, "seq_len": 2048, "val_samples": 1000, "seed": 42, "accuracy_fixed": 1.0, "accuracy_all": 0.03338660788095894, "accuracy_input_echo": 0.022613541376427973, "output_token_count": 1000, "input_token_count": 89725, "all_token_count": 90725, "output_start_stats": {"n": 1000, "min": 60, "max": 120, "mean": 89.7249984741211}}
{"checkpoint": "results/subtle_needle_1layer_stieltjes_jt_q4.0_seq128_fixedcap_ascend/model.pt", "task": "needle", "attn": "stieltjes_jt", "q": 4.0, "seq_len": 4096, "val_samples": 1000, "seed": 42, "accuracy_fixed": 1.0, "accuracy_all": 0.03338660788095894, "accuracy_input_echo": 0.022613541376427973, "output_token_count": 1000, "input_token_count": 89725, "all_token_count": 90725, "output_start_stats": {"n": 1000, "min": 60, "max": 120, "mean": 89.7249984741211}}
{"checkpoint": "results/subtle_needle_1layer_stieltjes_jt_q4.0_seq128_fixedcap_ascend/model.pt", "task": "needle", "attn": "stieltjes_jt", "q": 4.0, "seq_len": 8192, "val_samples": 1000, "seed": 42, "accuracy_fixed": 1.0, "accuracy_all": 0.03338660788095894, "accuracy_input_echo": 0.022613541376427973, "output_token_count": 1000, "input_token_count": 89725, "all_token_count": 90725, "output_start_stats": {"n": 1000, "min": 60, "max": 120, "mean": 89.7249984741211}}
DONE results/subtle_needle_1layer_stieltjes_jt_q4.0_seq128_fixedcap_ascend
