Running sweep default2026-07-13-03-44-02 with 6 configs
TrainConfig(
    data=DataConfig(
        train_configs=[
            MQARConfig(
                vocab_size=8192,
                num_examples=100000,
                input_seq_len=64,
                name='multiquery_ar',
                power_a=0.01,
                num_kv_pairs=4,
                random_non_queries=True,
                include_slices=True
            ),
            MQARConfig(
                vocab_size=8192,
                num_examples=20000,
                input_seq_len=128,
                name='multiquery_ar',
                power_a=0.01,
                num_kv_pairs=8,
                random_non_queries=True,
                include_slices=True
            ),
            MQARConfig(
                vocab_size=8192,
                num_examples=20000,
                input_seq_len=256,
                name='multiquery_ar',
                power_a=0.01,
                num_kv_pairs=16,
                random_non_queries=True,
                include_slices=True
            ),
            MQARConfig(
                vocab_size=8192,
                num_examples=20000,
                input_seq_len=256,
                name='multiquery_ar',
                power_a=0.01,
                num_kv_pairs=32,
                random_non_queries=True,
                include_slices=True
            ),
            MQARConfig(
                vocab_size=8192,
                num_examples=20000,
                input_seq_len=256,
                name='multiquery_ar',
                power_a=0.01,
                num_kv_pairs=64,
                random_non_queries=True,
                include_slices=True
            )
        ],
        test_configs=[
            MQARConfig(
                vocab_size=8192,
                num_examples=1000,
                input_seq_len=64,
                name='multiquery_ar',
                power_a=0.01,
                num_kv_pairs=4,
                random_non_queries=True,
                include_slices=True
            ),
            MQARConfig(
                vocab_size=8192,
                num_examples=1000,
                input_seq_len=64,
                name='multiquery_ar',
                power_a=0.01,
                num_kv_pairs=8,
                random_non_queries=True,
                include_slices=True
            ),
            MQARConfig(
                vocab_size=8192,
                num_examples=1000,
                input_seq_len=64,
                name='multiquery_ar',
                power_a=0.01,
                num_kv_pairs=16,
                random_non_queries=True,
                include_slices=True
            ),
            MQARConfig(
                vocab_size=8192,
                num_examples=1000,
                input_seq_len=128,
                name='multiquery_ar',
                power_a=0.01,
                num_kv_pairs=32,
                random_non_queries=True,
                include_slices=True
            ),
            MQARConfig(
                vocab_size=8192,
                num_examples=1000,
                input_seq_len=256,
                name='multiquery_ar',
                power_a=0.01,
                num_kv_pairs=64,
                random_non_queries=True,
                include_slices=True
            ),
            MQARConfig(
                vocab_size=8192,
                num_examples=1000,
                input_seq_len=512,
                name='multiquery_ar',
                power_a=0.01,
                num_kv_pairs=128,
                random_non_queries=True,
                include_slices=True
            ),
            MQARConfig(
                vocab_size=8192,
                num_examples=1000,
                input_seq_len=1024,
                name='multiquery_ar',
                power_a=0.01,
                num_kv_pairs=256,
                random_non_queries=True,
                include_slices=True
            )
        ],
        batch_size=(256, 32),
        seed=123,
        cache_dir='/users/PAS2402/alexg/softmax/softmax-is-meh/results/zoology_c
ache',
        force_cache=False,
        num_passes=1
    ),
    model=ModelConfig(
        sequence_mixer=ModuleConfig(
            name='zoology.mixers.hybrid.Hybrid',
            kwargs={
                'configs': [
                    {
                        'name': 'zoology.mixers.base_conv.BaseConv',
                        'kwargs': {
                            'l_max': 1024,
                            'kernel_size': 3,
                            'implicit_long_conv': True
                        }
                    },
                    {
                        'name': 'zoology.mixers.attention.MHA',
                        'kwargs': {'dropout': 0.0, 'num_heads': 2}
                    }
                ]
            }
        ),
        state_mixer=ModuleConfig(name='torch.nn.Identity', kwargs={}),
        d_model=64,
        n_layers=2,
        multiplier=1,
        max_position_embeddings=0,
        learnable_word_embeddings=True,
        embedding_init_type='default',
        vocab_size=8192,
        resid_dropout=0.0,
        embed_dropout=0.1,
        drop_path=0.0,
        layer_norm_epsilon=1e-05,
        pad_vocab_size_multiple=1,
        block_type='TransformerBlock',
        name='softmax-d64'
    ),
    logger=LoggerConfig(project_name='stieltjes-flash-attn', entity='gulkoa'),
    max_epochs=32,
    loss_type='ce',
    input_type='discrete',
    early_stopping_metric='valid/accuracy',
    early_stopping_threshold=0.99,
    slice_keys=['num_kv_pairs'],
    learning_rate=0.001,
    weight_decay=0.1,
    seed=123,
    launch_id='default-2026-07-13-03-44-02',
    sweep_id='mqar-stieltjes-vs-softmax-441740',
    run_id='softmax-d64-lr1.0e-03'
)
Generating dataset...
Saving dataset to on-disk cache at /users/PAS2402/alexg/softmax/softmax-is-meh/results/zoology_cache/data_5b0265b0978cc6b711cd76fcf34e8969.pt...
Generating dataset...
Saving dataset to on-disk cache at /users/PAS2402/alexg/softmax/softmax-is-meh/results/zoology_cache/data_0192c761df278911bb68046d8d1bd4bb.pt...
Generating dataset...
Saving dataset to on-disk cache at /users/PAS2402/alexg/softmax/softmax-is-meh/results/zoology_cache/data_d3faf35348337347822d1f5a2bc43c96.pt...
Generating dataset...
Saving dataset to on-disk cache at /users/PAS2402/alexg/softmax/softmax-is-meh/results/zoology_cache/data_3a37505bc239830ae7a7070040e09f6a.pt...
Generating dataset...
Saving dataset to on-disk cache at /users/PAS2402/alexg/softmax/softmax-is-meh/results/zoology_cache/data_8ef4855e77aa9e88588d018d5b0461f7.pt...
Generating dataset...
Saving dataset to on-disk cache at /users/PAS2402/alexg/softmax/softmax-is-meh/results/zoology_cache/data_25f7a1e8f8e6d2ba1fdbfa481d66614a.pt...
Generating dataset...
Saving dataset to on-disk cache at /users/PAS2402/alexg/softmax/softmax-is-meh/results/zoology_cache/data_5e0c59f2a5df62cc996f523c97b0d10a.pt...
Generating dataset...
Saving dataset to on-disk cache at /users/PAS2402/alexg/softmax/softmax-is-meh/results/zoology_cache/data_9892a64887c1ed56c1c7421f492d76ed.pt...
Generating dataset...
Saving dataset to on-disk cache at /users/PAS2402/alexg/softmax/softmax-is-meh/results/zoology_cache/data_b53959d96a217faa44c26a74b7d53685.pt...
Generating dataset...
Saving dataset to on-disk cache at /users/PAS2402/alexg/softmax/softmax-is-meh/results/zoology_cache/data_2e72f812c43c426a106c777f791c5e7d.pt...
Generating dataset...
Saving dataset to on-disk cache at /users/PAS2402/alexg/softmax/softmax-is-meh/results/zoology_cache/data_887e0e2a2ad624d1605904cb817a6ec8.pt...
Generating dataset...
Saving dataset to on-disk cache at /users/PAS2402/alexg/softmax/softmax-is-meh/results/zoology_cache/data_cc63c1430c7324d99a84abe992a11f41.pt...
Need to install causal_conv1d: pip install causal_conv1d
Need to install causal_conv1d: pip install causal_conv1d
Early stopping triggered at epoch 0 with valid/accuracy 1.0 > 0.99
TrainConfig(
    data=DataConfig(
        train_configs=[
            MQARConfig(
                vocab_size=8192,
                num_examples=100000,
                input_seq_len=64,
                name='multiquery_ar',
                power_a=0.01,
                num_kv_pairs=4,
                random_non_queries=True,
                include_slices=True
            ),
            MQARConfig(
                vocab_size=8192,
                num_examples=20000,
                input_seq_len=128,
                name='multiquery_ar',
                power_a=0.01,
                num_kv_pairs=8,
                random_non_queries=True,
                include_slices=True
            ),
            MQARConfig(
                vocab_size=8192,
                num_examples=20000,
                input_seq_len=256,
                name='multiquery_ar',
                power_a=0.01,
                num_kv_pairs=16,
                random_non_queries=True,
                include_slices=True
            ),
            MQARConfig(
                vocab_size=8192,
                num_examples=20000,
                input_seq_len=256,
                name='multiquery_ar',
                power_a=0.01,
                num_kv_pairs=32,
                random_non_queries=True,
                include_slices=True
            ),
            MQARConfig(
                vocab_size=8192,
                num_examples=20000,
                input_seq_len=256,
                name='multiquery_ar',
                power_a=0.01,
                num_kv_pairs=64,
                random_non_queries=True,
                include_slices=True
            )
        ],
        test_configs=[
            MQARConfig(
                vocab_size=8192,
                num_examples=1000,
                input_seq_len=64,
                name='multiquery_ar',
                power_a=0.01,
                num_kv_pairs=4,
                random_non_queries=True,
                include_slices=True
            ),
            MQARConfig(
                vocab_size=8192,
                num_examples=1000,
                input_seq_len=64,
                name='multiquery_ar',
                power_a=0.01,
                num_kv_pairs=8,
                random_non_queries=True,
                include_slices=True
            ),
            MQARConfig(
                vocab_size=8192,
                num_examples=1000,
                input_seq_len=64,
                name='multiquery_ar',
                power_a=0.01,
                num_kv_pairs=16,
                random_non_queries=True,
                include_slices=True
            ),
            MQARConfig(
                vocab_size=8192,
                num_examples=1000,
                input_seq_len=128,
                name='multiquery_ar',
                power_a=0.01,
                num_kv_pairs=32,
                random_non_queries=True,
                include_slices=True
            ),
            MQARConfig(
                vocab_size=8192,
                num_examples=1000,
                input_seq_len=256,
                name='multiquery_ar',
                power_a=0.01,
                num_kv_pairs=64,
                random_non_queries=True,
                include_slices=True
            ),
            MQARConfig(
                vocab_size=8192,
                num_examples=1000,
                input_seq_len=512,
                name='multiquery_ar',
                power_a=0.01,
                num_kv_pairs=128,
                random_non_queries=True,
                include_slices=True
            ),
            MQARConfig(
                vocab_size=8192,
                num_examples=1000,
                input_seq_len=1024,
                name='multiquery_ar',
                power_a=0.01,
                num_kv_pairs=256,
                random_non_queries=True,
                include_slices=True
            )
        ],
        batch_size=(256, 32),
        seed=123,
        cache_dir='/users/PAS2402/alexg/softmax/softmax-is-meh/results/zoology_c
ache',
        force_cache=False,
        num_passes=1
    ),
    model=ModelConfig(
        sequence_mixer=ModuleConfig(
            name='zoology.mixers.hybrid.Hybrid',
            kwargs={
                'configs': [
                    {
                        'name': 'zoology.mixers.base_conv.BaseConv',
                        'kwargs': {
                            'l_max': 1024,
                            'kernel_size': 3,
                            'implicit_long_conv': True
                        }
                    },
                    {
                        'name': 'zoology.mixers.attention.MHA',
                        'kwargs': {'dropout': 0.0, 'num_heads': 2}
                    }
                ]
            }
        ),
        state_mixer=ModuleConfig(name='torch.nn.Identity', kwargs={}),
        d_model=64,
        n_layers=2,
        multiplier=1,
        max_position_embeddings=0,
        learnable_word_embeddings=True,
        embedding_init_type='default',
        vocab_size=8192,
        resid_dropout=0.0,
        embed_dropout=0.1,
        drop_path=0.0,
        layer_norm_epsilon=1e-05,
        pad_vocab_size_multiple=1,
        block_type='TransformerBlock',
        name='softmax-d64'
    ),
    logger=LoggerConfig(project_name='stieltjes-flash-attn', entity='gulkoa'),
    max_epochs=32,
    loss_type='ce',
    input_type='discrete',
    early_stopping_metric='valid/accuracy',
    early_stopping_threshold=0.99,
    slice_keys=['num_kv_pairs'],
    learning_rate=0.03162277660168379,
    weight_decay=0.1,
    seed=123,
    launch_id='default-2026-07-13-03-44-02',
    sweep_id='mqar-stieltjes-vs-softmax-441740',
    run_id='softmax-d64-lr3.2e-02'
)
Loading data from on-disk cache at /users/PAS2402/alexg/softmax/softmax-is-meh/results/zoology_cache/data_5b0265b0978cc6b711cd76fcf34e8969.pt...
Loading data from on-disk cache at /users/PAS2402/alexg/softmax/softmax-is-meh/results/zoology_cache/data_0192c761df278911bb68046d8d1bd4bb.pt...
Loading data from on-disk cache at /users/PAS2402/alexg/softmax/softmax-is-meh/results/zoology_cache/data_d3faf35348337347822d1f5a2bc43c96.pt...
Loading data from on-disk cache at /users/PAS2402/alexg/softmax/softmax-is-meh/results/zoology_cache/data_3a37505bc239830ae7a7070040e09f6a.pt...
Loading data from on-disk cache at /users/PAS2402/alexg/softmax/softmax-is-meh/results/zoology_cache/data_8ef4855e77aa9e88588d018d5b0461f7.pt...
Loading data from on-disk cache at /users/PAS2402/alexg/softmax/softmax-is-meh/results/zoology_cache/data_25f7a1e8f8e6d2ba1fdbfa481d66614a.pt...
Loading data from on-disk cache at /users/PAS2402/alexg/softmax/softmax-is-meh/results/zoology_cache/data_5e0c59f2a5df62cc996f523c97b0d10a.pt...
Loading data from on-disk cache at /users/PAS2402/alexg/softmax/softmax-is-meh/results/zoology_cache/data_9892a64887c1ed56c1c7421f492d76ed.pt...
Loading data from on-disk cache at /users/PAS2402/alexg/softmax/softmax-is-meh/results/zoology_cache/data_b53959d96a217faa44c26a74b7d53685.pt...
Loading data from on-disk cache at /users/PAS2402/alexg/softmax/softmax-is-meh/results/zoology_cache/data_2e72f812c43c426a106c777f791c5e7d.pt...
Loading data from on-disk cache at /users/PAS2402/alexg/softmax/softmax-is-meh/results/zoology_cache/data_887e0e2a2ad624d1605904cb817a6ec8.pt...
Loading data from on-disk cache at /users/PAS2402/alexg/softmax/softmax-is-meh/results/zoology_cache/data_cc63c1430c7324d99a84abe992a11f41.pt...
Need to install causal_conv1d: pip install causal_conv1d
Need to install causal_conv1d: pip install causal_conv1d
Early stopping triggered at epoch 0 with valid/accuracy 0.9999107142857143 > 0.99
TrainConfig(
    data=DataConfig(
        train_configs=[
            MQARConfig(
                vocab_size=8192,
                num_examples=100000,
                input_seq_len=64,
                name='multiquery_ar',
                power_a=0.01,
                num_kv_pairs=4,
                random_non_queries=True,
                include_slices=True
            ),
            MQARConfig(
                vocab_size=8192,
                num_examples=20000,
                input_seq_len=128,
                name='multiquery_ar',
                power_a=0.01,
                num_kv_pairs=8,
                random_non_queries=True,
                include_slices=True
            ),
            MQARConfig(
                vocab_size=8192,
                num_examples=20000,
                input_seq_len=256,
                name='multiquery_ar',
                power_a=0.01,
                num_kv_pairs=16,
                random_non_queries=True,
                include_slices=True
            ),
            MQARConfig(
                vocab_size=8192,
                num_examples=20000,
                input_seq_len=256,
                name='multiquery_ar',
                power_a=0.01,
                num_kv_pairs=32,
                random_non_queries=True,
                include_slices=True
            ),
            MQARConfig(
                vocab_size=8192,
                num_examples=20000,
                input_seq_len=256,
                name='multiquery_ar',
                power_a=0.01,
                num_kv_pairs=64,
                random_non_queries=True,
                include_slices=True
            )
        ],
        test_configs=[
            MQARConfig(
                vocab_size=8192,
                num_examples=1000,
                input_seq_len=64,
                name='multiquery_ar',
                power_a=0.01,
                num_kv_pairs=4,
                random_non_queries=True,
                include_slices=True
            ),
            MQARConfig(
                vocab_size=8192,
                num_examples=1000,
                input_seq_len=64,
                name='multiquery_ar',
                power_a=0.01,
                num_kv_pairs=8,
                random_non_queries=True,
                include_slices=True
            ),
            MQARConfig(
                vocab_size=8192,
                num_examples=1000,
                input_seq_len=64,
                name='multiquery_ar',
                power_a=0.01,
                num_kv_pairs=16,
                random_non_queries=True,
                include_slices=True
            ),
            MQARConfig(
                vocab_size=8192,
                num_examples=1000,
                input_seq_len=128,
                name='multiquery_ar',
                power_a=0.01,
                num_kv_pairs=32,
                random_non_queries=True,
                include_slices=True
            ),
            MQARConfig(
                vocab_size=8192,
                num_examples=1000,
                input_seq_len=256,
                name='multiquery_ar',
                power_a=0.01,
                num_kv_pairs=64,
                random_non_queries=True,
                include_slices=True
            ),
            MQARConfig(
                vocab_size=8192,
                num_examples=1000,
                input_seq_len=512,
                name='multiquery_ar',
                power_a=0.01,
                num_kv_pairs=128,
                random_non_queries=True,
                include_slices=True
            ),
            MQARConfig(
                vocab_size=8192,
                num_examples=1000,
                input_seq_len=1024,
                name='multiquery_ar',
                power_a=0.01,
                num_kv_pairs=256,
                random_non_queries=True,
                include_slices=True
            )
        ],
        batch_size=(256, 32),
        seed=123,
        cache_dir='/users/PAS2402/alexg/softmax/softmax-is-meh/results/zoology_c
ache',
        force_cache=False,
        num_passes=1
    ),
    model=ModelConfig(
        sequence_mixer=ModuleConfig(
            name='zoology.mixers.hybrid.Hybrid',
            kwargs={
                'configs': [
                    {
                        'name': 'zoology.mixers.base_conv.BaseConv',
                        'kwargs': {
                            'l_max': 1024,
                            'kernel_size': 3,
                            'implicit_long_conv': True
                        }
                    },
                    {
                        'name': 'stieltjes_mixer.StieltjesMHA',
                        'kwargs': {
                            'dropout': 0.0,
                            'num_heads': 2,
                            'stieltjes_q': 2.0,
                            'num_iter': 8,
                            'normalize': True,
                            'compute_dtype': 'bf16'
                        }
                    }
                ]
            }
        ),
        state_mixer=ModuleConfig(name='torch.nn.Identity', kwargs={}),
        d_model=64,
        n_layers=2,
        multiplier=1,
        max_position_embeddings=0,
        learnable_word_embeddings=True,
        embedding_init_type='default',
        vocab_size=8192,
        resid_dropout=0.0,
        embed_dropout=0.1,
        drop_path=0.0,
        layer_norm_epsilon=1e-05,
        pad_vocab_size_multiple=1,
        block_type='TransformerBlock',
        name='flashn-q2-d64'
    ),
    logger=LoggerConfig(project_name='stieltjes-flash-attn', entity='gulkoa'),
    max_epochs=32,
    loss_type='ce',
    input_type='discrete',
    early_stopping_metric='valid/accuracy',
    early_stopping_threshold=0.99,
    slice_keys=['num_kv_pairs'],
    learning_rate=0.001,
    weight_decay=0.1,
    seed=123,
    launch_id='default-2026-07-13-03-44-02',
    sweep_id='mqar-stieltjes-vs-softmax-441740',
    run_id='flashn-q2-d64-lr1.0e-03'
)
Loading data from on-disk cache at /users/PAS2402/alexg/softmax/softmax-is-meh/results/zoology_cache/data_5b0265b0978cc6b711cd76fcf34e8969.pt...
Loading data from on-disk cache at /users/PAS2402/alexg/softmax/softmax-is-meh/results/zoology_cache/data_0192c761df278911bb68046d8d1bd4bb.pt...
Loading data from on-disk cache at /users/PAS2402/alexg/softmax/softmax-is-meh/results/zoology_cache/data_d3faf35348337347822d1f5a2bc43c96.pt...
Loading data from on-disk cache at /users/PAS2402/alexg/softmax/softmax-is-meh/results/zoology_cache/data_3a37505bc239830ae7a7070040e09f6a.pt...
Loading data from on-disk cache at /users/PAS2402/alexg/softmax/softmax-is-meh/results/zoology_cache/data_8ef4855e77aa9e88588d018d5b0461f7.pt...
Loading data from on-disk cache at /users/PAS2402/alexg/softmax/softmax-is-meh/results/zoology_cache/data_25f7a1e8f8e6d2ba1fdbfa481d66614a.pt...
Loading data from on-disk cache at /users/PAS2402/alexg/softmax/softmax-is-meh/results/zoology_cache/data_5e0c59f2a5df62cc996f523c97b0d10a.pt...
Loading data from on-disk cache at /users/PAS2402/alexg/softmax/softmax-is-meh/results/zoology_cache/data_9892a64887c1ed56c1c7421f492d76ed.pt...
Loading data from on-disk cache at /users/PAS2402/alexg/softmax/softmax-is-meh/results/zoology_cache/data_b53959d96a217faa44c26a74b7d53685.pt...
Loading data from on-disk cache at /users/PAS2402/alexg/softmax/softmax-is-meh/results/zoology_cache/data_2e72f812c43c426a106c777f791c5e7d.pt...
Loading data from on-disk cache at /users/PAS2402/alexg/softmax/softmax-is-meh/results/zoology_cache/data_887e0e2a2ad624d1605904cb817a6ec8.pt...
Loading data from on-disk cache at /users/PAS2402/alexg/softmax/softmax-is-meh/results/zoology_cache/data_cc63c1430c7324d99a84abe992a11f41.pt...
Need to install causal_conv1d: pip install causal_conv1d
Need to install causal_conv1d: pip install causal_conv1d
Early stopping triggered at epoch 0 with valid/accuracy 0.9993080357142857 > 0.99
TrainConfig(
    data=DataConfig(
        train_configs=[
            MQARConfig(
                vocab_size=8192,
                num_examples=100000,
                input_seq_len=64,
                name='multiquery_ar',
                power_a=0.01,
                num_kv_pairs=4,
                random_non_queries=True,
                include_slices=True
            ),
            MQARConfig(
                vocab_size=8192,
                num_examples=20000,
                input_seq_len=128,
                name='multiquery_ar',
                power_a=0.01,
                num_kv_pairs=8,
                random_non_queries=True,
                include_slices=True
            ),
            MQARConfig(
                vocab_size=8192,
                num_examples=20000,
                input_seq_len=256,
                name='multiquery_ar',
                power_a=0.01,
                num_kv_pairs=16,
                random_non_queries=True,
                include_slices=True
            ),
            MQARConfig(
                vocab_size=8192,
                num_examples=20000,
                input_seq_len=256,
                name='multiquery_ar',
                power_a=0.01,
                num_kv_pairs=32,
                random_non_queries=True,
                include_slices=True
            ),
            MQARConfig(
                vocab_size=8192,
                num_examples=20000,
                input_seq_len=256,
                name='multiquery_ar',
                power_a=0.01,
                num_kv_pairs=64,
                random_non_queries=True,
                include_slices=True
            )
        ],
        test_configs=[
            MQARConfig(
                vocab_size=8192,
                num_examples=1000,
                input_seq_len=64,
                name='multiquery_ar',
                power_a=0.01,
                num_kv_pairs=4,
                random_non_queries=True,
                include_slices=True
            ),
            MQARConfig(
                vocab_size=8192,
                num_examples=1000,
                input_seq_len=64,
                name='multiquery_ar',
                power_a=0.01,
                num_kv_pairs=8,
                random_non_queries=True,
                include_slices=True
            ),
            MQARConfig(
                vocab_size=8192,
                num_examples=1000,
                input_seq_len=64,
                name='multiquery_ar',
                power_a=0.01,
                num_kv_pairs=16,
                random_non_queries=True,
                include_slices=True
            ),
            MQARConfig(
                vocab_size=8192,
                num_examples=1000,
                input_seq_len=128,
                name='multiquery_ar',
                power_a=0.01,
                num_kv_pairs=32,
                random_non_queries=True,
                include_slices=True
            ),
            MQARConfig(
                vocab_size=8192,
                num_examples=1000,
                input_seq_len=256,
                name='multiquery_ar',
                power_a=0.01,
                num_kv_pairs=64,
                random_non_queries=True,
                include_slices=True
            ),
            MQARConfig(
                vocab_size=8192,
                num_examples=1000,
                input_seq_len=512,
                name='multiquery_ar',
                power_a=0.01,
                num_kv_pairs=128,
                random_non_queries=True,
                include_slices=True
            ),
            MQARConfig(
                vocab_size=8192,
                num_examples=1000,
                input_seq_len=1024,
                name='multiquery_ar',
                power_a=0.01,
                num_kv_pairs=256,
                random_non_queries=True,
                include_slices=True
            )
        ],
        batch_size=(256, 32),
        seed=123,
        cache_dir='/users/PAS2402/alexg/softmax/softmax-is-meh/results/zoology_c
ache',
        force_cache=False,
        num_passes=1
    ),
    model=ModelConfig(
        sequence_mixer=ModuleConfig(
            name='zoology.mixers.hybrid.Hybrid',
            kwargs={
                'configs': [
                    {
                        'name': 'zoology.mixers.base_conv.BaseConv',
                        'kwargs': {
                            'l_max': 1024,
                            'kernel_size': 3,
                            'implicit_long_conv': True
                        }
                    },
                    {
                        'name': 'stieltjes_mixer.StieltjesMHA',
                        'kwargs': {
                            'dropout': 0.0,
                            'num_heads': 2,
                            'stieltjes_q': 2.0,
                            'num_iter': 8,
                            'normalize': True,
                            'compute_dtype': 'bf16'
                        }
                    }
                ]
            }
        ),
        state_mixer=ModuleConfig(name='torch.nn.Identity', kwargs={}),
        d_model=64,
        n_layers=2,
        multiplier=1,
        max_position_embeddings=0,
        learnable_word_embeddings=True,
        embedding_init_type='default',
        vocab_size=8192,
        resid_dropout=0.0,
        embed_dropout=0.1,
        drop_path=0.0,
        layer_norm_epsilon=1e-05,
        pad_vocab_size_multiple=1,
        block_type='TransformerBlock',
        name='flashn-q2-d64'
    ),
    logger=LoggerConfig(project_name='stieltjes-flash-attn', entity='gulkoa'),
    max_epochs=32,
    loss_type='ce',
    input_type='discrete',
    early_stopping_metric='valid/accuracy',
    early_stopping_threshold=0.99,
    slice_keys=['num_kv_pairs'],
    learning_rate=0.03162277660168379,
    weight_decay=0.1,
    seed=123,
    launch_id='default-2026-07-13-03-44-02',
    sweep_id='mqar-stieltjes-vs-softmax-441740',
    run_id='flashn-q2-d64-lr3.2e-02'
)
Loading data from on-disk cache at /users/PAS2402/alexg/softmax/softmax-is-meh/results/zoology_cache/data_5b0265b0978cc6b711cd76fcf34e8969.pt...
Loading data from on-disk cache at /users/PAS2402/alexg/softmax/softmax-is-meh/results/zoology_cache/data_0192c761df278911bb68046d8d1bd4bb.pt...
Loading data from on-disk cache at /users/PAS2402/alexg/softmax/softmax-is-meh/results/zoology_cache/data_d3faf35348337347822d1f5a2bc43c96.pt...
Loading data from on-disk cache at /users/PAS2402/alexg/softmax/softmax-is-meh/results/zoology_cache/data_3a37505bc239830ae7a7070040e09f6a.pt...
Loading data from on-disk cache at /users/PAS2402/alexg/softmax/softmax-is-meh/results/zoology_cache/data_8ef4855e77aa9e88588d018d5b0461f7.pt...
Loading data from on-disk cache at /users/PAS2402/alexg/softmax/softmax-is-meh/results/zoology_cache/data_25f7a1e8f8e6d2ba1fdbfa481d66614a.pt...
Loading data from on-disk cache at /users/PAS2402/alexg/softmax/softmax-is-meh/results/zoology_cache/data_5e0c59f2a5df62cc996f523c97b0d10a.pt...
Loading data from on-disk cache at /users/PAS2402/alexg/softmax/softmax-is-meh/results/zoology_cache/data_9892a64887c1ed56c1c7421f492d76ed.pt...
Loading data from on-disk cache at /users/PAS2402/alexg/softmax/softmax-is-meh/results/zoology_cache/data_b53959d96a217faa44c26a74b7d53685.pt...
Loading data from on-disk cache at /users/PAS2402/alexg/softmax/softmax-is-meh/results/zoology_cache/data_2e72f812c43c426a106c777f791c5e7d.pt...
Loading data from on-disk cache at /users/PAS2402/alexg/softmax/softmax-is-meh/results/zoology_cache/data_887e0e2a2ad624d1605904cb817a6ec8.pt...
Loading data from on-disk cache at /users/PAS2402/alexg/softmax/softmax-is-meh/results/zoology_cache/data_cc63c1430c7324d99a84abe992a11f41.pt...
Need to install causal_conv1d: pip install causal_conv1d
Need to install causal_conv1d: pip install causal_conv1d
TrainConfig(
    data=DataConfig(
        train_configs=[
            MQARConfig(
                vocab_size=8192,
                num_examples=100000,
                input_seq_len=64,
                name='multiquery_ar',
                power_a=0.01,
                num_kv_pairs=4,
                random_non_queries=True,
                include_slices=True
            ),
            MQARConfig(
                vocab_size=8192,
                num_examples=20000,
                input_seq_len=128,
                name='multiquery_ar',
                power_a=0.01,
                num_kv_pairs=8,
                random_non_queries=True,
                include_slices=True
            ),
            MQARConfig(
                vocab_size=8192,
                num_examples=20000,
                input_seq_len=256,
                name='multiquery_ar',
                power_a=0.01,
                num_kv_pairs=16,
                random_non_queries=True,
                include_slices=True
            ),
            MQARConfig(
                vocab_size=8192,
                num_examples=20000,
                input_seq_len=256,
                name='multiquery_ar',
                power_a=0.01,
                num_kv_pairs=32,
                random_non_queries=True,
                include_slices=True
            ),
            MQARConfig(
                vocab_size=8192,
                num_examples=20000,
                input_seq_len=256,
                name='multiquery_ar',
                power_a=0.01,
                num_kv_pairs=64,
                random_non_queries=True,
                include_slices=True
            )
        ],
        test_configs=[
            MQARConfig(
                vocab_size=8192,
                num_examples=1000,
                input_seq_len=64,
                name='multiquery_ar',
                power_a=0.01,
                num_kv_pairs=4,
                random_non_queries=True,
                include_slices=True
            ),
            MQARConfig(
                vocab_size=8192,
                num_examples=1000,
                input_seq_len=64,
                name='multiquery_ar',
                power_a=0.01,
                num_kv_pairs=8,
                random_non_queries=True,
                include_slices=True
            ),
            MQARConfig(
                vocab_size=8192,
                num_examples=1000,
                input_seq_len=64,
                name='multiquery_ar',
                power_a=0.01,
                num_kv_pairs=16,
                random_non_queries=True,
                include_slices=True
            ),
            MQARConfig(
                vocab_size=8192,
                num_examples=1000,
                input_seq_len=128,
                name='multiquery_ar',
                power_a=0.01,
                num_kv_pairs=32,
                random_non_queries=True,
                include_slices=True
            ),
            MQARConfig(
                vocab_size=8192,
                num_examples=1000,
                input_seq_len=256,
                name='multiquery_ar',
                power_a=0.01,
                num_kv_pairs=64,
                random_non_queries=True,
                include_slices=True
            ),
            MQARConfig(
                vocab_size=8192,
                num_examples=1000,
                input_seq_len=512,
                name='multiquery_ar',
                power_a=0.01,
                num_kv_pairs=128,
                random_non_queries=True,
                include_slices=True
            ),
            MQARConfig(
                vocab_size=8192,
                num_examples=1000,
                input_seq_len=1024,
                name='multiquery_ar',
                power_a=0.01,
                num_kv_pairs=256,
                random_non_queries=True,
                include_slices=True
            )
        ],
        batch_size=(256, 32),
        seed=123,
        cache_dir='/users/PAS2402/alexg/softmax/softmax-is-meh/results/zoology_c
ache',
        force_cache=False,
        num_passes=1
    ),
    model=ModelConfig(
        sequence_mixer=ModuleConfig(
            name='zoology.mixers.hybrid.Hybrid',
            kwargs={
                'configs': [
                    {
                        'name': 'zoology.mixers.base_conv.BaseConv',
                        'kwargs': {
                            'l_max': 1024,
                            'kernel_size': 3,
                            'implicit_long_conv': True
                        }
                    },
                    {
                        'name': 'stieltjes_mixer.StieltjesMHA',
                        'kwargs': {
                            'dropout': 0.0,
                            'num_heads': 2,
                            'stieltjes_q': 4.0,
                            'num_iter': 8,
                            'normalize': True,
                            'compute_dtype': 'bf16'
                        }
                    }
                ]
            }
        ),
        state_mixer=ModuleConfig(name='torch.nn.Identity', kwargs={}),
        d_model=64,
        n_layers=2,
        multiplier=1,
        max_position_embeddings=0,
        learnable_word_embeddings=True,
        embedding_init_type='default',
        vocab_size=8192,
        resid_dropout=0.0,
        embed_dropout=0.1,
        drop_path=0.0,
        layer_norm_epsilon=1e-05,
        pad_vocab_size_multiple=1,
        block_type='TransformerBlock',
        name='flashn-q4-d64'
    ),
    logger=LoggerConfig(project_name='stieltjes-flash-attn', entity='gulkoa'),
    max_epochs=32,
    loss_type='ce',
    input_type='discrete',
    early_stopping_metric='valid/accuracy',
    early_stopping_threshold=0.99,
    slice_keys=['num_kv_pairs'],
    learning_rate=0.001,
    weight_decay=0.1,
    seed=123,
    launch_id='default-2026-07-13-03-44-02',
    sweep_id='mqar-stieltjes-vs-softmax-441740',
    run_id='flashn-q4-d64-lr1.0e-03'
)
Loading data from on-disk cache at /users/PAS2402/alexg/softmax/softmax-is-meh/results/zoology_cache/data_5b0265b0978cc6b711cd76fcf34e8969.pt...
Loading data from on-disk cache at /users/PAS2402/alexg/softmax/softmax-is-meh/results/zoology_cache/data_0192c761df278911bb68046d8d1bd4bb.pt...
Loading data from on-disk cache at /users/PAS2402/alexg/softmax/softmax-is-meh/results/zoology_cache/data_d3faf35348337347822d1f5a2bc43c96.pt...
Loading data from on-disk cache at /users/PAS2402/alexg/softmax/softmax-is-meh/results/zoology_cache/data_3a37505bc239830ae7a7070040e09f6a.pt...
Loading data from on-disk cache at /users/PAS2402/alexg/softmax/softmax-is-meh/results/zoology_cache/data_8ef4855e77aa9e88588d018d5b0461f7.pt...
Loading data from on-disk cache at /users/PAS2402/alexg/softmax/softmax-is-meh/results/zoology_cache/data_25f7a1e8f8e6d2ba1fdbfa481d66614a.pt...
Loading data from on-disk cache at /users/PAS2402/alexg/softmax/softmax-is-meh/results/zoology_cache/data_5e0c59f2a5df62cc996f523c97b0d10a.pt...
Loading data from on-disk cache at /users/PAS2402/alexg/softmax/softmax-is-meh/results/zoology_cache/data_9892a64887c1ed56c1c7421f492d76ed.pt...
Loading data from on-disk cache at /users/PAS2402/alexg/softmax/softmax-is-meh/results/zoology_cache/data_b53959d96a217faa44c26a74b7d53685.pt...
Loading data from on-disk cache at /users/PAS2402/alexg/softmax/softmax-is-meh/results/zoology_cache/data_2e72f812c43c426a106c777f791c5e7d.pt...
Loading data from on-disk cache at /users/PAS2402/alexg/softmax/softmax-is-meh/results/zoology_cache/data_887e0e2a2ad624d1605904cb817a6ec8.pt...
Loading data from on-disk cache at /users/PAS2402/alexg/softmax/softmax-is-meh/results/zoology_cache/data_cc63c1430c7324d99a84abe992a11f41.pt...
Need to install causal_conv1d: pip install causal_conv1d
Need to install causal_conv1d: pip install causal_conv1d
Early stopping triggered at epoch 0 with valid/accuracy 0.9999285714285714 > 0.99
TrainConfig(
    data=DataConfig(
        train_configs=[
            MQARConfig(
                vocab_size=8192,
                num_examples=100000,
                input_seq_len=64,
                name='multiquery_ar',
                power_a=0.01,
                num_kv_pairs=4,
                random_non_queries=True,
                include_slices=True
            ),
            MQARConfig(
                vocab_size=8192,
                num_examples=20000,
                input_seq_len=128,
                name='multiquery_ar',
                power_a=0.01,
                num_kv_pairs=8,
                random_non_queries=True,
                include_slices=True
            ),
            MQARConfig(
                vocab_size=8192,
                num_examples=20000,
                input_seq_len=256,
                name='multiquery_ar',
                power_a=0.01,
                num_kv_pairs=16,
                random_non_queries=True,
                include_slices=True
            ),
            MQARConfig(
                vocab_size=8192,
                num_examples=20000,
                input_seq_len=256,
                name='multiquery_ar',
                power_a=0.01,
                num_kv_pairs=32,
                random_non_queries=True,
                include_slices=True
            ),
            MQARConfig(
                vocab_size=8192,
                num_examples=20000,
                input_seq_len=256,
                name='multiquery_ar',
                power_a=0.01,
                num_kv_pairs=64,
                random_non_queries=True,
                include_slices=True
            )
        ],
        test_configs=[
            MQARConfig(
                vocab_size=8192,
                num_examples=1000,
                input_seq_len=64,
                name='multiquery_ar',
                power_a=0.01,
                num_kv_pairs=4,
                random_non_queries=True,
                include_slices=True
            ),
            MQARConfig(
                vocab_size=8192,
                num_examples=1000,
                input_seq_len=64,
                name='multiquery_ar',
                power_a=0.01,
                num_kv_pairs=8,
                random_non_queries=True,
                include_slices=True
            ),
            MQARConfig(
                vocab_size=8192,
                num_examples=1000,
                input_seq_len=64,
                name='multiquery_ar',
                power_a=0.01,
                num_kv_pairs=16,
                random_non_queries=True,
                include_slices=True
            ),
            MQARConfig(
                vocab_size=8192,
                num_examples=1000,
                input_seq_len=128,
                name='multiquery_ar',
                power_a=0.01,
                num_kv_pairs=32,
                random_non_queries=True,
                include_slices=True
            ),
            MQARConfig(
                vocab_size=8192,
                num_examples=1000,
                input_seq_len=256,
                name='multiquery_ar',
                power_a=0.01,
                num_kv_pairs=64,
                random_non_queries=True,
                include_slices=True
            ),
            MQARConfig(
                vocab_size=8192,
                num_examples=1000,
                input_seq_len=512,
                name='multiquery_ar',
                power_a=0.01,
                num_kv_pairs=128,
                random_non_queries=True,
                include_slices=True
            ),
            MQARConfig(
                vocab_size=8192,
                num_examples=1000,
                input_seq_len=1024,
                name='multiquery_ar',
                power_a=0.01,
                num_kv_pairs=256,
                random_non_queries=True,
                include_slices=True
            )
        ],
        batch_size=(256, 32),
        seed=123,
        cache_dir='/users/PAS2402/alexg/softmax/softmax-is-meh/results/zoology_c
ache',
        force_cache=False,
        num_passes=1
    ),
    model=ModelConfig(
        sequence_mixer=ModuleConfig(
            name='zoology.mixers.hybrid.Hybrid',
            kwargs={
                'configs': [
                    {
                        'name': 'zoology.mixers.base_conv.BaseConv',
                        'kwargs': {
                            'l_max': 1024,
                            'kernel_size': 3,
                            'implicit_long_conv': True
                        }
                    },
                    {
                        'name': 'stieltjes_mixer.StieltjesMHA',
                        'kwargs': {
                            'dropout': 0.0,
                            'num_heads': 2,
                            'stieltjes_q': 4.0,
                            'num_iter': 8,
                            'normalize': True,
                            'compute_dtype': 'bf16'
                        }
                    }
                ]
            }
        ),
        state_mixer=ModuleConfig(name='torch.nn.Identity', kwargs={}),
        d_model=64,
        n_layers=2,
        multiplier=1,
        max_position_embeddings=0,
        learnable_word_embeddings=True,
        embedding_init_type='default',
        vocab_size=8192,
        resid_dropout=0.0,
        embed_dropout=0.1,
        drop_path=0.0,
        layer_norm_epsilon=1e-05,
        pad_vocab_size_multiple=1,
        block_type='TransformerBlock',
        name='flashn-q4-d64'
    ),
    logger=LoggerConfig(project_name='stieltjes-flash-attn', entity='gulkoa'),
    max_epochs=32,
    loss_type='ce',
    input_type='discrete',
    early_stopping_metric='valid/accuracy',
    early_stopping_threshold=0.99,
    slice_keys=['num_kv_pairs'],
    learning_rate=0.03162277660168379,
    weight_decay=0.1,
    seed=123,
    launch_id='default-2026-07-13-03-44-02',
    sweep_id='mqar-stieltjes-vs-softmax-441740',
    run_id='flashn-q4-d64-lr3.2e-02'
)
Loading data from on-disk cache at /users/PAS2402/alexg/softmax/softmax-is-meh/results/zoology_cache/data_5b0265b0978cc6b711cd76fcf34e8969.pt...
Loading data from on-disk cache at /users/PAS2402/alexg/softmax/softmax-is-meh/results/zoology_cache/data_0192c761df278911bb68046d8d1bd4bb.pt...
Loading data from on-disk cache at /users/PAS2402/alexg/softmax/softmax-is-meh/results/zoology_cache/data_d3faf35348337347822d1f5a2bc43c96.pt...
Loading data from on-disk cache at /users/PAS2402/alexg/softmax/softmax-is-meh/results/zoology_cache/data_3a37505bc239830ae7a7070040e09f6a.pt...
Loading data from on-disk cache at /users/PAS2402/alexg/softmax/softmax-is-meh/results/zoology_cache/data_8ef4855e77aa9e88588d018d5b0461f7.pt...
Loading data from on-disk cache at /users/PAS2402/alexg/softmax/softmax-is-meh/results/zoology_cache/data_25f7a1e8f8e6d2ba1fdbfa481d66614a.pt...
Loading data from on-disk cache at /users/PAS2402/alexg/softmax/softmax-is-meh/results/zoology_cache/data_5e0c59f2a5df62cc996f523c97b0d10a.pt...
Loading data from on-disk cache at /users/PAS2402/alexg/softmax/softmax-is-meh/results/zoology_cache/data_9892a64887c1ed56c1c7421f492d76ed.pt...
Loading data from on-disk cache at /users/PAS2402/alexg/softmax/softmax-is-meh/results/zoology_cache/data_b53959d96a217faa44c26a74b7d53685.pt...
Loading data from on-disk cache at /users/PAS2402/alexg/softmax/softmax-is-meh/results/zoology_cache/data_2e72f812c43c426a106c777f791c5e7d.pt...
Loading data from on-disk cache at /users/PAS2402/alexg/softmax/softmax-is-meh/results/zoology_cache/data_887e0e2a2ad624d1605904cb817a6ec8.pt...
Loading data from on-disk cache at /users/PAS2402/alexg/softmax/softmax-is-meh/results/zoology_cache/data_cc63c1430c7324d99a84abe992a11f41.pt...
Need to install causal_conv1d: pip install causal_conv1d
Need to install causal_conv1d: pip install causal_conv1d
Early stopping triggered at epoch 1 with valid/accuracy 0.9993141741071428 > 0.99
ALL DONE
