=== MAX retrieval cut-embd: stieltjes_q2.0 n_embd=32 n_head=4 ===
Using device: cuda
Generating training data...
Generating validation data...
Model parameters: 21,024
Using bf16 autocast for forward pass (memory optimization at long context)
Epoch   1/30 | train_loss=4.3724 | val_loss=4.1809 | val_acc=0.2853 | time=6.5s
Epoch   2/30 | train_loss=4.1596 | val_loss=4.1449 | val_acc=0.2888 | time=4.7s
Epoch   3/30 | train_loss=4.1406 | val_loss=4.1361 | val_acc=0.2925 | time=4.7s
Epoch   4/30 | train_loss=4.1331 | val_loss=4.1288 | val_acc=0.3115 | time=4.7s
Epoch   5/30 | train_loss=4.1268 | val_loss=4.1238 | val_acc=0.3738 | time=4.7s
Epoch   6/30 | train_loss=4.1235 | val_loss=4.1218 | val_acc=0.3925 | time=4.7s
Epoch   7/30 | train_loss=4.1211 | val_loss=4.1197 | val_acc=0.4288 | time=4.7s
Epoch   8/30 | train_loss=4.1193 | val_loss=4.1186 | val_acc=0.4397 | time=4.7s
Epoch   9/30 | train_loss=4.1181 | val_loss=4.1178 | val_acc=0.4477 | time=4.7s
Epoch  10/30 | train_loss=4.1168 | val_loss=4.1164 | val_acc=0.4480 | time=4.7s
Epoch  11/30 | train_loss=4.1155 | val_loss=4.1142 | val_acc=0.4490 | time=4.7s
Epoch  12/30 | train_loss=4.1132 | val_loss=4.1117 | val_acc=0.4710 | time=4.7s
Epoch  13/30 | train_loss=4.1116 | val_loss=4.1106 | val_acc=0.4655 | time=4.7s
Epoch  14/30 | train_loss=4.1104 | val_loss=4.1093 | val_acc=0.4713 | time=4.7s
Epoch  15/30 | train_loss=4.1093 | val_loss=4.1101 | val_acc=0.4647 | time=4.7s
Epoch  16/30 | train_loss=4.1086 | val_loss=4.1078 | val_acc=0.4728 | time=4.7s
Epoch  17/30 | train_loss=4.1080 | val_loss=4.1077 | val_acc=0.4778 | time=4.7s
Epoch  18/30 | train_loss=4.1074 | val_loss=4.1078 | val_acc=0.4788 | time=4.7s
Epoch  19/30 | train_loss=4.1070 | val_loss=4.1069 | val_acc=0.4820 | time=4.6s
Epoch  20/30 | train_loss=4.1066 | val_loss=4.1066 | val_acc=0.4845 | time=4.6s
Epoch  21/30 | train_loss=4.1061 | val_loss=4.1065 | val_acc=0.4843 | time=4.6s
Epoch  22/30 | train_loss=4.1059 | val_loss=4.1062 | val_acc=0.4820 | time=4.6s
Epoch  23/30 | train_loss=4.1057 | val_loss=4.1057 | val_acc=0.4863 | time=4.6s
Epoch  24/30 | train_loss=4.1055 | val_loss=4.1055 | val_acc=0.4920 | time=4.6s
Epoch  25/30 | train_loss=4.1051 | val_loss=4.1051 | val_acc=0.4953 | time=4.6s
Epoch  26/30 | train_loss=4.1050 | val_loss=4.1052 | val_acc=0.4970 | time=4.6s
Epoch  27/30 | train_loss=4.1048 | val_loss=4.1047 | val_acc=0.4975 | time=4.6s
Epoch  28/30 | train_loss=4.1045 | val_loss=4.1046 | val_acc=0.4953 | time=4.6s
Epoch  29/30 | train_loss=4.1044 | val_loss=4.1050 | val_acc=0.4993 | time=4.6s
Epoch  30/30 | train_loss=4.1042 | val_loss=4.1045 | val_acc=0.4993 | time=4.6s
Model saved to results/max_1layer_stieltjes_q2.0_seq128_embd32_h4_initfix_ascend/model.pt
Metrics saved to results/max_1layer_stieltjes_q2.0_seq128_embd32_h4_initfix_ascend/metrics.csv
{"checkpoint": "results/max_1layer_stieltjes_q2.0_seq128_embd32_h4_initfix_ascend/model.pt", "task": "max", "attn": "stieltjes", "q": 2.0, "seq_len": 128, "val_samples": 1000, "seed": 42, "accuracy_fixed": 0.5, "accuracy_all": 0.034939178797247124, "accuracy_input_echo": 0.020025974442431337, "output_token_count": 2000, "input_token_count": 62369, "all_token_count": 64369, "output_start_stats": {"n": 1000, "min": 4, "max": 120, "mean": 62.36899948120117}}
{"checkpoint": "results/max_1layer_stieltjes_q2.0_seq128_embd32_h4_initfix_ascend/model.pt", "task": "max", "attn": "stieltjes", "q": 2.0, "seq_len": 256, "val_samples": 1000, "seed": 42, "accuracy_fixed": 0.5, "accuracy_all": 0.034939178797247124, "accuracy_input_echo": 0.020025974442431337, "output_token_count": 2000, "input_token_count": 62369, "all_token_count": 64369, "output_start_stats": {"n": 1000, "min": 4, "max": 120, "mean": 62.36899948120117}}
{"checkpoint": "results/max_1layer_stieltjes_q2.0_seq128_embd32_h4_initfix_ascend/model.pt", "task": "max", "attn": "stieltjes", "q": 2.0, "seq_len": 512, "val_samples": 1000, "seed": 42, "accuracy_fixed": 0.5, "accuracy_all": 0.034939178797247124, "accuracy_input_echo": 0.020025974442431337, "output_token_count": 2000, "input_token_count": 62369, "all_token_count": 64369, "output_start_stats": {"n": 1000, "min": 4, "max": 120, "mean": 62.36899948120117}}
{"checkpoint": "results/max_1layer_stieltjes_q2.0_seq128_embd32_h4_initfix_ascend/model.pt", "task": "max", "attn": "stieltjes", "q": 2.0, "seq_len": 1024, "val_samples": 1000, "seed": 42, "accuracy_fixed": 0.5, "accuracy_all": 0.034939178797247124, "accuracy_input_echo": 0.020025974442431337, "output_token_count": 2000, "input_token_count": 62369, "all_token_count": 64369, "output_start_stats": {"n": 1000, "min": 4, "max": 120, "mean": 62.36899948120117}}
{"checkpoint": "results/max_1layer_stieltjes_q2.0_seq128_embd32_h4_initfix_ascend/model.pt", "task": "max", "attn": "stieltjes", "q": 2.0, "seq_len": 2048, "val_samples": 1000, "seed": 42, "accuracy_fixed": 0.5, "accuracy_all": 0.034939178797247124, "accuracy_input_echo": 0.020025974442431337, "output_token_count": 2000, "input_token_count": 62369, "all_token_count": 64369, "output_start_stats": {"n": 1000, "min": 4, "max": 120, "mean": 62.36899948120117}}
{"checkpoint": "results/max_1layer_stieltjes_q2.0_seq128_embd32_h4_initfix_ascend/model.pt", "task": "max", "attn": "stieltjes", "q": 2.0, "seq_len": 4096, "val_samples": 1000, "seed": 42, "accuracy_fixed": 0.5, "accuracy_all": 0.034939178797247124, "accuracy_input_echo": 0.020025974442431337, "output_token_count": 2000, "input_token_count": 62369, "all_token_count": 64369, "output_start_stats": {"n": 1000, "min": 4, "max": 120, "mean": 62.36899948120117}}
{"checkpoint": "results/max_1layer_stieltjes_q2.0_seq128_embd32_h4_initfix_ascend/model.pt", "task": "max", "attn": "stieltjes", "q": 2.0, "seq_len": 8192, "val_samples": 1000, "seed": 42, "accuracy_fixed": 0.5, "accuracy_all": 0.034939178797247124, "accuracy_input_echo": 0.020025974442431337, "output_token_count": 2000, "input_token_count": 62369, "all_token_count": 64369, "output_start_stats": {"n": 1000, "min": 4, "max": 120, "mean": 62.36899948120117}}
DONE results/max_1layer_stieltjes_q2.0_seq128_embd32_h4_initfix_ascend
