=== MAX retrieval cut-embd: stieltjes_q32.0 n_embd=32 n_head=4 ===
Using device: cuda
Generating training data...
Generating validation data...
Model parameters: 21,024
Using bf16 autocast for forward pass (memory optimization at long context)
Epoch   1/30 | train_loss=4.3732 | val_loss=4.1877 | val_acc=0.2853 | time=6.4s
Epoch   2/30 | train_loss=4.1645 | val_loss=4.1466 | val_acc=0.2933 | time=4.6s
Epoch   3/30 | train_loss=4.1435 | val_loss=4.1343 | val_acc=0.3000 | time=4.6s
Epoch   4/30 | train_loss=4.1303 | val_loss=4.1252 | val_acc=0.4382 | time=4.6s
Epoch   5/30 | train_loss=4.1242 | val_loss=4.1224 | val_acc=0.4565 | time=4.6s
Epoch   6/30 | train_loss=4.1203 | val_loss=4.1180 | val_acc=0.4655 | time=4.6s
Epoch   7/30 | train_loss=4.1178 | val_loss=4.1161 | val_acc=0.4798 | time=4.6s
Epoch   8/30 | train_loss=4.1159 | val_loss=4.1147 | val_acc=0.4855 | time=4.6s
Epoch   9/30 | train_loss=4.1145 | val_loss=4.1133 | val_acc=0.4860 | time=4.6s
Epoch  10/30 | train_loss=4.1131 | val_loss=4.1120 | val_acc=0.4835 | time=4.6s
Epoch  11/30 | train_loss=4.1122 | val_loss=4.1121 | val_acc=0.4830 | time=4.6s
Epoch  12/30 | train_loss=4.1115 | val_loss=4.1118 | val_acc=0.4848 | time=4.6s
Epoch  13/30 | train_loss=4.1111 | val_loss=4.1106 | val_acc=0.4803 | time=4.6s
Epoch  14/30 | train_loss=4.1105 | val_loss=4.1108 | val_acc=0.4903 | time=4.6s
Epoch  15/30 | train_loss=4.1103 | val_loss=4.1111 | val_acc=0.4890 | time=4.6s
Epoch  16/30 | train_loss=4.1099 | val_loss=4.1103 | val_acc=0.4873 | time=4.6s
Epoch  17/30 | train_loss=4.1097 | val_loss=4.1100 | val_acc=0.4830 | time=4.6s
Epoch  18/30 | train_loss=4.1091 | val_loss=4.1107 | val_acc=0.4873 | time=4.6s
Epoch  19/30 | train_loss=4.1089 | val_loss=4.1092 | val_acc=0.4865 | time=4.6s
Epoch  20/30 | train_loss=4.1088 | val_loss=4.1099 | val_acc=0.4885 | time=4.6s
Epoch  21/30 | train_loss=4.1083 | val_loss=4.1093 | val_acc=0.4878 | time=4.6s
Epoch  22/30 | train_loss=4.1081 | val_loss=4.1105 | val_acc=0.4868 | time=4.6s
Epoch  23/30 | train_loss=4.1079 | val_loss=4.1093 | val_acc=0.4888 | time=4.6s
Epoch  24/30 | train_loss=4.1077 | val_loss=4.1090 | val_acc=0.4903 | time=4.6s
Epoch  25/30 | train_loss=4.1075 | val_loss=4.1096 | val_acc=0.4910 | time=4.6s
Epoch  26/30 | train_loss=4.1074 | val_loss=4.1093 | val_acc=0.4913 | time=4.6s
Epoch  27/30 | train_loss=4.1073 | val_loss=4.1080 | val_acc=0.4870 | time=4.6s
Epoch  28/30 | train_loss=4.1071 | val_loss=4.1081 | val_acc=0.4883 | time=4.6s
Epoch  29/30 | train_loss=4.1070 | val_loss=4.1082 | val_acc=0.4878 | time=4.6s
Epoch  30/30 | train_loss=4.1068 | val_loss=4.1069 | val_acc=0.4863 | time=4.6s
Model saved to results/max_1layer_stieltjes_q32.0_seq128_embd32_h4_initfix_ascend/model.pt
Metrics saved to results/max_1layer_stieltjes_q32.0_seq128_embd32_h4_initfix_ascend/metrics.csv
{"checkpoint": "results/max_1layer_stieltjes_q32.0_seq128_embd32_h4_initfix_ascend/model.pt", "task": "max", "attn": "stieltjes", "q": 32.0, "seq_len": 128, "val_samples": 1000, "seed": 42, "accuracy_fixed": 0.484, "accuracy_all": 0.03405365937019373, "accuracy_input_echo": 0.01962513428145393, "output_token_count": 2000, "input_token_count": 62369, "all_token_count": 64369, "output_start_stats": {"n": 1000, "min": 4, "max": 120, "mean": 62.36899948120117}}
{"checkpoint": "results/max_1layer_stieltjes_q32.0_seq128_embd32_h4_initfix_ascend/model.pt", "task": "max", "attn": "stieltjes", "q": 32.0, "seq_len": 256, "val_samples": 1000, "seed": 42, "accuracy_fixed": 0.484, "accuracy_all": 0.03405365937019373, "accuracy_input_echo": 0.01962513428145393, "output_token_count": 2000, "input_token_count": 62369, "all_token_count": 64369, "output_start_stats": {"n": 1000, "min": 4, "max": 120, "mean": 62.36899948120117}}
{"checkpoint": "results/max_1layer_stieltjes_q32.0_seq128_embd32_h4_initfix_ascend/model.pt", "task": "max", "attn": "stieltjes", "q": 32.0, "seq_len": 512, "val_samples": 1000, "seed": 42, "accuracy_fixed": 0.484, "accuracy_all": 0.03405365937019373, "accuracy_input_echo": 0.01962513428145393, "output_token_count": 2000, "input_token_count": 62369, "all_token_count": 64369, "output_start_stats": {"n": 1000, "min": 4, "max": 120, "mean": 62.36899948120117}}
{"checkpoint": "results/max_1layer_stieltjes_q32.0_seq128_embd32_h4_initfix_ascend/model.pt", "task": "max", "attn": "stieltjes", "q": 32.0, "seq_len": 1024, "val_samples": 1000, "seed": 42, "accuracy_fixed": 0.484, "accuracy_all": 0.03405365937019373, "accuracy_input_echo": 0.01962513428145393, "output_token_count": 2000, "input_token_count": 62369, "all_token_count": 64369, "output_start_stats": {"n": 1000, "min": 4, "max": 120, "mean": 62.36899948120117}}
{"checkpoint": "results/max_1layer_stieltjes_q32.0_seq128_embd32_h4_initfix_ascend/model.pt", "task": "max", "attn": "stieltjes", "q": 32.0, "seq_len": 2048, "val_samples": 1000, "seed": 42, "accuracy_fixed": 0.484, "accuracy_all": 0.03405365937019373, "accuracy_input_echo": 0.01962513428145393, "output_token_count": 2000, "input_token_count": 62369, "all_token_count": 64369, "output_start_stats": {"n": 1000, "min": 4, "max": 120, "mean": 62.36899948120117}}
{"checkpoint": "results/max_1layer_stieltjes_q32.0_seq128_embd32_h4_initfix_ascend/model.pt", "task": "max", "attn": "stieltjes", "q": 32.0, "seq_len": 4096, "val_samples": 1000, "seed": 42, "accuracy_fixed": 0.484, "accuracy_all": 0.03405365937019373, "accuracy_input_echo": 0.01962513428145393, "output_token_count": 2000, "input_token_count": 62369, "all_token_count": 64369, "output_start_stats": {"n": 1000, "min": 4, "max": 120, "mean": 62.36899948120117}}
{"checkpoint": "results/max_1layer_stieltjes_q32.0_seq128_embd32_h4_initfix_ascend/model.pt", "task": "max", "attn": "stieltjes", "q": 32.0, "seq_len": 8192, "val_samples": 1000, "seed": 42, "accuracy_fixed": 0.484, "accuracy_all": 0.03405365937019373, "accuracy_input_echo": 0.01962513428145393, "output_token_count": 2000, "input_token_count": 62369, "all_token_count": 64369, "output_start_stats": {"n": 1000, "min": 4, "max": 120, "mean": 62.36899948120117}}
DONE results/max_1layer_stieltjes_q32.0_seq128_embd32_h4_initfix_ascend
