=== MAX retrieval cut-embd: stieltjes_q8.0 n_embd=32 n_head=4 ===
Using device: cuda
Generating training data...
Generating validation data...
Model parameters: 21,024
Using bf16 autocast for forward pass (memory optimization at long context)
Epoch   1/30 | train_loss=4.3708 | val_loss=4.1808 | val_acc=0.2853 | time=6.4s
Epoch   2/30 | train_loss=4.1604 | val_loss=4.1434 | val_acc=0.2970 | time=4.5s
Epoch   3/30 | train_loss=4.1363 | val_loss=4.1283 | val_acc=0.3578 | time=4.5s
Epoch   4/30 | train_loss=4.1255 | val_loss=4.1220 | val_acc=0.3832 | time=4.5s
Epoch   5/30 | train_loss=4.1203 | val_loss=4.1177 | val_acc=0.4145 | time=4.5s
Epoch   6/30 | train_loss=4.1172 | val_loss=4.1154 | val_acc=0.4502 | time=4.5s
Epoch   7/30 | train_loss=4.1152 | val_loss=4.1138 | val_acc=0.4520 | time=4.5s
Epoch   8/30 | train_loss=4.1135 | val_loss=4.1122 | val_acc=0.4547 | time=4.5s
Epoch   9/30 | train_loss=4.1123 | val_loss=4.1111 | val_acc=0.4545 | time=4.5s
Epoch  10/30 | train_loss=4.1111 | val_loss=4.1098 | val_acc=0.4718 | time=4.5s
Epoch  11/30 | train_loss=4.1101 | val_loss=4.1097 | val_acc=0.4695 | time=4.5s
Epoch  12/30 | train_loss=4.1095 | val_loss=4.1086 | val_acc=0.4688 | time=4.5s
Epoch  13/30 | train_loss=4.1088 | val_loss=4.1083 | val_acc=0.4665 | time=4.5s
Epoch  14/30 | train_loss=4.1084 | val_loss=4.1084 | val_acc=0.4698 | time=4.5s
Epoch  15/30 | train_loss=4.1078 | val_loss=4.1082 | val_acc=0.4700 | time=4.5s
Epoch  16/30 | train_loss=4.1075 | val_loss=4.1070 | val_acc=0.4735 | time=4.5s
Epoch  17/30 | train_loss=4.1071 | val_loss=4.1073 | val_acc=0.4805 | time=4.5s
Epoch  18/30 | train_loss=4.1069 | val_loss=4.1070 | val_acc=0.4813 | time=4.5s
Epoch  19/30 | train_loss=4.1065 | val_loss=4.1066 | val_acc=0.4820 | time=4.5s
Epoch  20/30 | train_loss=4.1063 | val_loss=4.1063 | val_acc=0.4808 | time=4.5s
Epoch  21/30 | train_loss=4.1059 | val_loss=4.1060 | val_acc=0.4803 | time=4.5s
Epoch  22/30 | train_loss=4.1058 | val_loss=4.1059 | val_acc=0.4810 | time=4.5s
Epoch  23/30 | train_loss=4.1055 | val_loss=4.1059 | val_acc=0.4895 | time=4.5s
Epoch  24/30 | train_loss=4.1054 | val_loss=4.1055 | val_acc=0.4898 | time=4.5s
Epoch  25/30 | train_loss=4.1052 | val_loss=4.1051 | val_acc=0.4903 | time=4.5s
Epoch  26/30 | train_loss=4.1050 | val_loss=4.1052 | val_acc=0.4918 | time=4.5s
Epoch  27/30 | train_loss=4.1049 | val_loss=4.1048 | val_acc=0.4933 | time=4.5s
Epoch  28/30 | train_loss=4.1047 | val_loss=4.1052 | val_acc=0.4898 | time=4.5s
Epoch  29/30 | train_loss=4.1045 | val_loss=4.1052 | val_acc=0.4933 | time=4.5s
Epoch  30/30 | train_loss=4.1044 | val_loss=4.1049 | val_acc=0.4948 | time=4.5s
Model saved to results/max_1layer_stieltjes_q8.0_seq128_embd32_h4_initfix_ascend/model.pt
Metrics saved to results/max_1layer_stieltjes_q8.0_seq128_embd32_h4_initfix_ascend/metrics.csv
{"checkpoint": "results/max_1layer_stieltjes_q8.0_seq128_embd32_h4_initfix_ascend/model.pt", "task": "max", "attn": "stieltjes", "q": 8.0, "seq_len": 128, "val_samples": 1000, "seed": 42, "accuracy_fixed": 0.4945, "accuracy_all": 0.03469061194053038, "accuracy_input_echo": 0.019945806410235856, "output_token_count": 2000, "input_token_count": 62369, "all_token_count": 64369, "output_start_stats": {"n": 1000, "min": 4, "max": 120, "mean": 62.36899948120117}}
{"checkpoint": "results/max_1layer_stieltjes_q8.0_seq128_embd32_h4_initfix_ascend/model.pt", "task": "max", "attn": "stieltjes", "q": 8.0, "seq_len": 256, "val_samples": 1000, "seed": 42, "accuracy_fixed": 0.4945, "accuracy_all": 0.03469061194053038, "accuracy_input_echo": 0.019945806410235856, "output_token_count": 2000, "input_token_count": 62369, "all_token_count": 64369, "output_start_stats": {"n": 1000, "min": 4, "max": 120, "mean": 62.36899948120117}}
{"checkpoint": "results/max_1layer_stieltjes_q8.0_seq128_embd32_h4_initfix_ascend/model.pt", "task": "max", "attn": "stieltjes", "q": 8.0, "seq_len": 512, "val_samples": 1000, "seed": 42, "accuracy_fixed": 0.4945, "accuracy_all": 0.03469061194053038, "accuracy_input_echo": 0.019945806410235856, "output_token_count": 2000, "input_token_count": 62369, "all_token_count": 64369, "output_start_stats": {"n": 1000, "min": 4, "max": 120, "mean": 62.36899948120117}}
{"checkpoint": "results/max_1layer_stieltjes_q8.0_seq128_embd32_h4_initfix_ascend/model.pt", "task": "max", "attn": "stieltjes", "q": 8.0, "seq_len": 1024, "val_samples": 1000, "seed": 42, "accuracy_fixed": 0.4945, "accuracy_all": 0.03469061194053038, "accuracy_input_echo": 0.019945806410235856, "output_token_count": 2000, "input_token_count": 62369, "all_token_count": 64369, "output_start_stats": {"n": 1000, "min": 4, "max": 120, "mean": 62.36899948120117}}
{"checkpoint": "results/max_1layer_stieltjes_q8.0_seq128_embd32_h4_initfix_ascend/model.pt", "task": "max", "attn": "stieltjes", "q": 8.0, "seq_len": 2048, "val_samples": 1000, "seed": 42, "accuracy_fixed": 0.4945, "accuracy_all": 0.03469061194053038, "accuracy_input_echo": 0.019945806410235856, "output_token_count": 2000, "input_token_count": 62369, "all_token_count": 64369, "output_start_stats": {"n": 1000, "min": 4, "max": 120, "mean": 62.36899948120117}}
{"checkpoint": "results/max_1layer_stieltjes_q8.0_seq128_embd32_h4_initfix_ascend/model.pt", "task": "max", "attn": "stieltjes", "q": 8.0, "seq_len": 4096, "val_samples": 1000, "seed": 42, "accuracy_fixed": 0.4945, "accuracy_all": 0.03469061194053038, "accuracy_input_echo": 0.019945806410235856, "output_token_count": 2000, "input_token_count": 62369, "all_token_count": 64369, "output_start_stats": {"n": 1000, "min": 4, "max": 120, "mean": 62.36899948120117}}
{"checkpoint": "results/max_1layer_stieltjes_q8.0_seq128_embd32_h4_initfix_ascend/model.pt", "task": "max", "attn": "stieltjes", "q": 8.0, "seq_len": 8192, "val_samples": 1000, "seed": 42, "accuracy_fixed": 0.4945, "accuracy_all": 0.03469061194053038, "accuracy_input_echo": 0.019945806410235856, "output_token_count": 2000, "input_token_count": 62369, "all_token_count": 64369, "output_start_stats": {"n": 1000, "min": 4, "max": 120, "mean": 62.36899948120117}}
DONE results/max_1layer_stieltjes_q8.0_seq128_embd32_h4_initfix_ascend
