=== MAX retrieval cut-embd: stieltjes_q1.0 n_embd=32 n_head=4 ===
Using device: cuda
Generating training data...
Generating validation data...
Model parameters: 21,024
Using bf16 autocast for forward pass (memory optimization at long context)
Epoch   1/30 | train_loss=4.3728 | val_loss=4.1821 | val_acc=0.2853 | time=4.9s
Epoch   2/30 | train_loss=4.1608 | val_loss=4.1456 | val_acc=0.2913 | time=4.5s
Epoch   3/30 | train_loss=4.1414 | val_loss=4.1375 | val_acc=0.2928 | time=4.5s
Epoch   4/30 | train_loss=4.1346 | val_loss=4.1302 | val_acc=0.3003 | time=4.5s
Epoch   5/30 | train_loss=4.1284 | val_loss=4.1257 | val_acc=0.3355 | time=4.5s
Epoch   6/30 | train_loss=4.1247 | val_loss=4.1220 | val_acc=0.3997 | time=4.5s
Epoch   7/30 | train_loss=4.1222 | val_loss=4.1207 | val_acc=0.4153 | time=4.5s
Epoch   8/30 | train_loss=4.1205 | val_loss=4.1192 | val_acc=0.4358 | time=4.5s
Epoch   9/30 | train_loss=4.1194 | val_loss=4.1187 | val_acc=0.4457 | time=4.5s
Epoch  10/30 | train_loss=4.1184 | val_loss=4.1176 | val_acc=0.4450 | time=4.5s
Epoch  11/30 | train_loss=4.1177 | val_loss=4.1173 | val_acc=0.4527 | time=4.5s
Epoch  12/30 | train_loss=4.1170 | val_loss=4.1166 | val_acc=0.4592 | time=4.5s
Epoch  13/30 | train_loss=4.1165 | val_loss=4.1166 | val_acc=0.4517 | time=4.5s
Epoch  14/30 | train_loss=4.1158 | val_loss=4.1155 | val_acc=0.4625 | time=4.5s
Epoch  15/30 | train_loss=4.1152 | val_loss=4.1180 | val_acc=0.4542 | time=4.5s
Epoch  16/30 | train_loss=4.1149 | val_loss=4.1148 | val_acc=0.4565 | time=4.5s
Epoch  17/30 | train_loss=4.1145 | val_loss=4.1148 | val_acc=0.4582 | time=4.5s
Epoch  18/30 | train_loss=4.1140 | val_loss=4.1141 | val_acc=0.4662 | time=4.5s
Epoch  19/30 | train_loss=4.1137 | val_loss=4.1144 | val_acc=0.4615 | time=4.5s
Epoch  20/30 | train_loss=4.1134 | val_loss=4.1131 | val_acc=0.4705 | time=4.5s
Epoch  21/30 | train_loss=4.1130 | val_loss=4.1135 | val_acc=0.4758 | time=4.5s
Epoch  22/30 | train_loss=4.1126 | val_loss=4.1131 | val_acc=0.4768 | time=4.5s
Epoch  23/30 | train_loss=4.1119 | val_loss=4.1118 | val_acc=0.4680 | time=4.5s
Epoch  24/30 | train_loss=4.1107 | val_loss=4.1095 | val_acc=0.4660 | time=4.5s
Epoch  25/30 | train_loss=4.1091 | val_loss=4.1088 | val_acc=0.4743 | time=4.5s
Epoch  26/30 | train_loss=4.1083 | val_loss=4.1080 | val_acc=0.4763 | time=4.5s
Epoch  27/30 | train_loss=4.1079 | val_loss=4.1076 | val_acc=0.4695 | time=4.5s
Epoch  28/30 | train_loss=4.1072 | val_loss=4.1080 | val_acc=0.4770 | time=4.5s
Epoch  29/30 | train_loss=4.1070 | val_loss=4.1076 | val_acc=0.4808 | time=4.5s
Epoch  30/30 | train_loss=4.1067 | val_loss=4.1067 | val_acc=0.4718 | time=4.5s
Model saved to results/max_1layer_stieltjes_q1.0_seq128_embd32_h4_initfix_ascend/model.pt
Metrics saved to results/max_1layer_stieltjes_q1.0_seq128_embd32_h4_initfix_ascend/metrics.csv
{"checkpoint": "results/max_1layer_stieltjes_q1.0_seq128_embd32_h4_initfix_ascend/model.pt", "task": "max", "attn": "stieltjes", "q": 1.0, "seq_len": 128, "val_samples": 1000, "seed": 42, "accuracy_fixed": 0.47, "accuracy_all": 0.033727415370753, "accuracy_input_echo": 0.0197373695265276, "output_token_count": 2000, "input_token_count": 62369, "all_token_count": 64369, "output_start_stats": {"n": 1000, "min": 4, "max": 120, "mean": 62.36899948120117}}
{"checkpoint": "results/max_1layer_stieltjes_q1.0_seq128_embd32_h4_initfix_ascend/model.pt", "task": "max", "attn": "stieltjes", "q": 1.0, "seq_len": 256, "val_samples": 1000, "seed": 42, "accuracy_fixed": 0.47, "accuracy_all": 0.033727415370753, "accuracy_input_echo": 0.0197373695265276, "output_token_count": 2000, "input_token_count": 62369, "all_token_count": 64369, "output_start_stats": {"n": 1000, "min": 4, "max": 120, "mean": 62.36899948120117}}
{"checkpoint": "results/max_1layer_stieltjes_q1.0_seq128_embd32_h4_initfix_ascend/model.pt", "task": "max", "attn": "stieltjes", "q": 1.0, "seq_len": 512, "val_samples": 1000, "seed": 42, "accuracy_fixed": 0.47, "accuracy_all": 0.033727415370753, "accuracy_input_echo": 0.0197373695265276, "output_token_count": 2000, "input_token_count": 62369, "all_token_count": 64369, "output_start_stats": {"n": 1000, "min": 4, "max": 120, "mean": 62.36899948120117}}
{"checkpoint": "results/max_1layer_stieltjes_q1.0_seq128_embd32_h4_initfix_ascend/model.pt", "task": "max", "attn": "stieltjes", "q": 1.0, "seq_len": 1024, "val_samples": 1000, "seed": 42, "accuracy_fixed": 0.47, "accuracy_all": 0.033727415370753, "accuracy_input_echo": 0.0197373695265276, "output_token_count": 2000, "input_token_count": 62369, "all_token_count": 64369, "output_start_stats": {"n": 1000, "min": 4, "max": 120, "mean": 62.36899948120117}}
{"checkpoint": "results/max_1layer_stieltjes_q1.0_seq128_embd32_h4_initfix_ascend/model.pt", "task": "max", "attn": "stieltjes", "q": 1.0, "seq_len": 2048, "val_samples": 1000, "seed": 42, "accuracy_fixed": 0.47, "accuracy_all": 0.033727415370753, "accuracy_input_echo": 0.0197373695265276, "output_token_count": 2000, "input_token_count": 62369, "all_token_count": 64369, "output_start_stats": {"n": 1000, "min": 4, "max": 120, "mean": 62.36899948120117}}
{"checkpoint": "results/max_1layer_stieltjes_q1.0_seq128_embd32_h4_initfix_ascend/model.pt", "task": "max", "attn": "stieltjes", "q": 1.0, "seq_len": 4096, "val_samples": 1000, "seed": 42, "accuracy_fixed": 0.47, "accuracy_all": 0.033727415370753, "accuracy_input_echo": 0.0197373695265276, "output_token_count": 2000, "input_token_count": 62369, "all_token_count": 64369, "output_start_stats": {"n": 1000, "min": 4, "max": 120, "mean": 62.36899948120117}}
{"checkpoint": "results/max_1layer_stieltjes_q1.0_seq128_embd32_h4_initfix_ascend/model.pt", "task": "max", "attn": "stieltjes", "q": 1.0, "seq_len": 8192, "val_samples": 1000, "seed": 42, "accuracy_fixed": 0.47, "accuracy_all": 0.033727415370753, "accuracy_input_echo": 0.0197373695265276, "output_token_count": 2000, "input_token_count": 62369, "all_token_count": 64369, "output_start_stats": {"n": 1000, "min": 4, "max": 120, "mean": 62.36899948120117}}
DONE results/max_1layer_stieltjes_q1.0_seq128_embd32_h4_initfix_ascend
