=== MAX retrieval cut-embd: stieltjes_q16.0 n_embd=32 n_head=4 ===
Using device: cuda
Generating training data...
Generating validation data...
Model parameters: 21,024
Using bf16 autocast for forward pass (memory optimization at long context)
Epoch   1/30 | train_loss=4.3714 | val_loss=4.1853 | val_acc=0.2853 | time=6.4s
Epoch   2/30 | train_loss=4.1597 | val_loss=4.1392 | val_acc=0.2890 | time=4.6s
Epoch   3/30 | train_loss=4.1325 | val_loss=4.1259 | val_acc=0.3957 | time=4.6s
Epoch   4/30 | train_loss=4.1237 | val_loss=4.1195 | val_acc=0.4280 | time=4.6s
Epoch   5/30 | train_loss=4.1191 | val_loss=4.1182 | val_acc=0.4522 | time=4.6s
Epoch   6/30 | train_loss=4.1164 | val_loss=4.1144 | val_acc=0.4512 | time=4.6s
Epoch   7/30 | train_loss=4.1149 | val_loss=4.1142 | val_acc=0.4620 | time=4.6s
Epoch   8/30 | train_loss=4.1136 | val_loss=4.1128 | val_acc=0.4670 | time=4.6s
Epoch   9/30 | train_loss=4.1126 | val_loss=4.1120 | val_acc=0.4652 | time=4.6s
Epoch  10/30 | train_loss=4.1114 | val_loss=4.1109 | val_acc=0.4708 | time=4.6s
Epoch  11/30 | train_loss=4.1106 | val_loss=4.1108 | val_acc=0.4682 | time=4.6s
Epoch  12/30 | train_loss=4.1098 | val_loss=4.1100 | val_acc=0.4805 | time=4.6s
Epoch  13/30 | train_loss=4.1090 | val_loss=4.1100 | val_acc=0.4708 | time=4.6s
Epoch  14/30 | train_loss=4.1085 | val_loss=4.1092 | val_acc=0.4883 | time=4.6s
Epoch  15/30 | train_loss=4.1079 | val_loss=4.1089 | val_acc=0.4768 | time=4.6s
Epoch  16/30 | train_loss=4.1075 | val_loss=4.1077 | val_acc=0.4800 | time=4.6s
Epoch  17/30 | train_loss=4.1070 | val_loss=4.1077 | val_acc=0.4933 | time=4.6s
Epoch  18/30 | train_loss=4.1066 | val_loss=4.1071 | val_acc=0.4948 | time=4.6s
Epoch  19/30 | train_loss=4.1063 | val_loss=4.1063 | val_acc=0.4933 | time=4.6s
Epoch  20/30 | train_loss=4.1062 | val_loss=4.1076 | val_acc=0.4940 | time=4.6s
Epoch  21/30 | train_loss=4.1057 | val_loss=4.1062 | val_acc=0.4943 | time=4.6s
Epoch  22/30 | train_loss=4.1056 | val_loss=4.1064 | val_acc=0.5005 | time=4.6s
Epoch  23/30 | train_loss=4.1053 | val_loss=4.1066 | val_acc=0.4955 | time=4.6s
Epoch  24/30 | train_loss=4.1053 | val_loss=4.1056 | val_acc=0.4995 | time=4.6s
Epoch  25/30 | train_loss=4.1049 | val_loss=4.1055 | val_acc=0.4953 | time=4.6s
Epoch  26/30 | train_loss=4.1048 | val_loss=4.1056 | val_acc=0.5045 | time=4.6s
Epoch  27/30 | train_loss=4.1048 | val_loss=4.1052 | val_acc=0.5030 | time=4.6s
Epoch  28/30 | train_loss=4.1045 | val_loss=4.1044 | val_acc=0.5042 | time=4.6s
Epoch  29/30 | train_loss=4.1044 | val_loss=4.1052 | val_acc=0.4963 | time=4.6s
Epoch  30/30 | train_loss=4.1043 | val_loss=4.1049 | val_acc=0.5042 | time=4.6s
Model saved to results/max_1layer_stieltjes_q16.0_seq128_embd32_h4_initfix_ascend/model.pt
Metrics saved to results/max_1layer_stieltjes_q16.0_seq128_embd32_h4_initfix_ascend/metrics.csv
{"checkpoint": "results/max_1layer_stieltjes_q16.0_seq128_embd32_h4_initfix_ascend/model.pt", "task": "max", "attn": "stieltjes", "q": 16.0, "seq_len": 128, "val_samples": 1000, "seed": 42, "accuracy_fixed": 0.5015, "accuracy_all": 0.03512560393978468, "accuracy_input_echo": 0.020170276900383203, "output_token_count": 2000, "input_token_count": 62369, "all_token_count": 64369, "output_start_stats": {"n": 1000, "min": 4, "max": 120, "mean": 62.36899948120117}}
{"checkpoint": "results/max_1layer_stieltjes_q16.0_seq128_embd32_h4_initfix_ascend/model.pt", "task": "max", "attn": "stieltjes", "q": 16.0, "seq_len": 256, "val_samples": 1000, "seed": 42, "accuracy_fixed": 0.5015, "accuracy_all": 0.03512560393978468, "accuracy_input_echo": 0.020170276900383203, "output_token_count": 2000, "input_token_count": 62369, "all_token_count": 64369, "output_start_stats": {"n": 1000, "min": 4, "max": 120, "mean": 62.36899948120117}}
{"checkpoint": "results/max_1layer_stieltjes_q16.0_seq128_embd32_h4_initfix_ascend/model.pt", "task": "max", "attn": "stieltjes", "q": 16.0, "seq_len": 512, "val_samples": 1000, "seed": 42, "accuracy_fixed": 0.5015, "accuracy_all": 0.03512560393978468, "accuracy_input_echo": 0.020170276900383203, "output_token_count": 2000, "input_token_count": 62369, "all_token_count": 64369, "output_start_stats": {"n": 1000, "min": 4, "max": 120, "mean": 62.36899948120117}}
{"checkpoint": "results/max_1layer_stieltjes_q16.0_seq128_embd32_h4_initfix_ascend/model.pt", "task": "max", "attn": "stieltjes", "q": 16.0, "seq_len": 1024, "val_samples": 1000, "seed": 42, "accuracy_fixed": 0.5015, "accuracy_all": 0.03512560393978468, "accuracy_input_echo": 0.020170276900383203, "output_token_count": 2000, "input_token_count": 62369, "all_token_count": 64369, "output_start_stats": {"n": 1000, "min": 4, "max": 120, "mean": 62.36899948120117}}
{"checkpoint": "results/max_1layer_stieltjes_q16.0_seq128_embd32_h4_initfix_ascend/model.pt", "task": "max", "attn": "stieltjes", "q": 16.0, "seq_len": 2048, "val_samples": 1000, "seed": 42, "accuracy_fixed": 0.5015, "accuracy_all": 0.03512560393978468, "accuracy_input_echo": 0.020170276900383203, "output_token_count": 2000, "input_token_count": 62369, "all_token_count": 64369, "output_start_stats": {"n": 1000, "min": 4, "max": 120, "mean": 62.36899948120117}}
{"checkpoint": "results/max_1layer_stieltjes_q16.0_seq128_embd32_h4_initfix_ascend/model.pt", "task": "max", "attn": "stieltjes", "q": 16.0, "seq_len": 4096, "val_samples": 1000, "seed": 42, "accuracy_fixed": 0.5015, "accuracy_all": 0.03512560393978468, "accuracy_input_echo": 0.020170276900383203, "output_token_count": 2000, "input_token_count": 62369, "all_token_count": 64369, "output_start_stats": {"n": 1000, "min": 4, "max": 120, "mean": 62.36899948120117}}
{"checkpoint": "results/max_1layer_stieltjes_q16.0_seq128_embd32_h4_initfix_ascend/model.pt", "task": "max", "attn": "stieltjes", "q": 16.0, "seq_len": 8192, "val_samples": 1000, "seed": 42, "accuracy_fixed": 0.5015, "accuracy_all": 0.03512560393978468, "accuracy_input_echo": 0.020170276900383203, "output_token_count": 2000, "input_token_count": 62369, "all_token_count": 64369, "output_start_stats": {"n": 1000, "min": 4, "max": 120, "mean": 62.36899948120117}}
DONE results/max_1layer_stieltjes_q16.0_seq128_embd32_h4_initfix_ascend
