=== MAX retrieval cut-embd: softmax n_embd=32 n_head=4 ===
Using device: cuda
Generating training data...
Generating validation data...
Model parameters: 21,024
Using bf16 autocast for forward pass (memory optimization at long context)
Epoch   1/30 | train_loss=4.3719 | val_loss=4.1891 | val_acc=0.2853 | time=3.8s
Epoch   2/30 | train_loss=4.1638 | val_loss=4.1496 | val_acc=0.2920 | time=3.5s
Epoch   3/30 | train_loss=4.1415 | val_loss=4.1334 | val_acc=0.4002 | time=3.4s
Epoch   4/30 | train_loss=4.1299 | val_loss=4.1259 | val_acc=0.3982 | time=3.4s
Epoch   5/30 | train_loss=4.1241 | val_loss=4.1217 | val_acc=0.4450 | time=3.4s
Epoch   6/30 | train_loss=4.1204 | val_loss=4.1181 | val_acc=0.4517 | time=3.4s
Epoch   7/30 | train_loss=4.1183 | val_loss=4.1176 | val_acc=0.4457 | time=3.4s
Epoch   8/30 | train_loss=4.1167 | val_loss=4.1163 | val_acc=0.4723 | time=3.4s
Epoch   9/30 | train_loss=4.1156 | val_loss=4.1152 | val_acc=0.4723 | time=3.4s
Epoch  10/30 | train_loss=4.1144 | val_loss=4.1138 | val_acc=0.4723 | time=3.4s
Epoch  11/30 | train_loss=4.1136 | val_loss=4.1133 | val_acc=0.4670 | time=3.4s
Epoch  12/30 | train_loss=4.1127 | val_loss=4.1128 | val_acc=0.4785 | time=3.4s
Epoch  13/30 | train_loss=4.1119 | val_loss=4.1123 | val_acc=0.4768 | time=3.4s
Epoch  14/30 | train_loss=4.1113 | val_loss=4.1121 | val_acc=0.4818 | time=3.4s
Epoch  15/30 | train_loss=4.1107 | val_loss=4.1107 | val_acc=0.4828 | time=3.4s
Epoch  16/30 | train_loss=4.1102 | val_loss=4.1112 | val_acc=0.4840 | time=3.4s
Epoch  17/30 | train_loss=4.1096 | val_loss=4.1108 | val_acc=0.4913 | time=3.4s
Epoch  18/30 | train_loss=4.1092 | val_loss=4.1103 | val_acc=0.4925 | time=3.4s
Epoch  19/30 | train_loss=4.1089 | val_loss=4.1097 | val_acc=0.4930 | time=3.4s
Epoch  20/30 | train_loss=4.1086 | val_loss=4.1098 | val_acc=0.5002 | time=3.4s
Epoch  21/30 | train_loss=4.1082 | val_loss=4.1095 | val_acc=0.4995 | time=3.4s
Epoch  22/30 | train_loss=4.1080 | val_loss=4.1099 | val_acc=0.4988 | time=3.4s
Epoch  23/30 | train_loss=4.1078 | val_loss=4.1095 | val_acc=0.4993 | time=3.4s
Epoch  24/30 | train_loss=4.1076 | val_loss=4.1082 | val_acc=0.4953 | time=3.4s
Epoch  25/30 | train_loss=4.1073 | val_loss=4.1089 | val_acc=0.5012 | time=3.4s
Epoch  26/30 | train_loss=4.1071 | val_loss=4.1092 | val_acc=0.5015 | time=3.4s
Epoch  27/30 | train_loss=4.1070 | val_loss=4.1079 | val_acc=0.4933 | time=3.4s
Epoch  28/30 | train_loss=4.1067 | val_loss=4.1075 | val_acc=0.4960 | time=3.4s
Epoch  29/30 | train_loss=4.1067 | val_loss=4.1073 | val_acc=0.4973 | time=3.4s
Epoch  30/30 | train_loss=4.1066 | val_loss=4.1066 | val_acc=0.4995 | time=3.4s
Model saved to results/max_1layer_softmax_seq128_embd32_h4_initfix_ascend/model.pt
Metrics saved to results/max_1layer_softmax_seq128_embd32_h4_initfix_ascend/metrics.csv
{"checkpoint": "results/max_1layer_softmax_seq128_embd32_h4_initfix_ascend/model.pt", "task": "max", "attn": "softmax", "q": 1.0, "seq_len": 128, "val_samples": 1000, "seed": 42, "accuracy_fixed": 0.4965, "accuracy_all": 0.03360313194239463, "accuracy_input_echo": 0.018759319533742724, "output_token_count": 2000, "input_token_count": 62369, "all_token_count": 64369, "output_start_stats": {"n": 1000, "min": 4, "max": 120, "mean": 62.36899948120117}}
{"checkpoint": "results/max_1layer_softmax_seq128_embd32_h4_initfix_ascend/model.pt", "task": "max", "attn": "softmax", "q": 1.0, "seq_len": 256, "val_samples": 1000, "seed": 42, "accuracy_fixed": 0.4965, "accuracy_all": 0.03360313194239463, "accuracy_input_echo": 0.018759319533742724, "output_token_count": 2000, "input_token_count": 62369, "all_token_count": 64369, "output_start_stats": {"n": 1000, "min": 4, "max": 120, "mean": 62.36899948120117}}
{"checkpoint": "results/max_1layer_softmax_seq128_embd32_h4_initfix_ascend/model.pt", "task": "max", "attn": "softmax", "q": 1.0, "seq_len": 512, "val_samples": 1000, "seed": 42, "accuracy_fixed": 0.4965, "accuracy_all": 0.03360313194239463, "accuracy_input_echo": 0.018759319533742724, "output_token_count": 2000, "input_token_count": 62369, "all_token_count": 64369, "output_start_stats": {"n": 1000, "min": 4, "max": 120, "mean": 62.36899948120117}}
{"checkpoint": "results/max_1layer_softmax_seq128_embd32_h4_initfix_ascend/model.pt", "task": "max", "attn": "softmax", "q": 1.0, "seq_len": 1024, "val_samples": 1000, "seed": 42, "accuracy_fixed": 0.4965, "accuracy_all": 0.03360313194239463, "accuracy_input_echo": 0.018759319533742724, "output_token_count": 2000, "input_token_count": 62369, "all_token_count": 64369, "output_start_stats": {"n": 1000, "min": 4, "max": 120, "mean": 62.36899948120117}}
{"checkpoint": "results/max_1layer_softmax_seq128_embd32_h4_initfix_ascend/model.pt", "task": "max", "attn": "softmax", "q": 1.0, "seq_len": 2048, "val_samples": 1000, "seed": 42, "accuracy_fixed": 0.4965, "accuracy_all": 0.03360313194239463, "accuracy_input_echo": 0.018759319533742724, "output_token_count": 2000, "input_token_count": 62369, "all_token_count": 64369, "output_start_stats": {"n": 1000, "min": 4, "max": 120, "mean": 62.36899948120117}}
{"checkpoint": "results/max_1layer_softmax_seq128_embd32_h4_initfix_ascend/model.pt", "task": "max", "attn": "softmax", "q": 1.0, "seq_len": 4096, "val_samples": 1000, "seed": 42, "accuracy_fixed": 0.4965, "accuracy_all": 0.03360313194239463, "accuracy_input_echo": 0.018759319533742724, "output_token_count": 2000, "input_token_count": 62369, "all_token_count": 64369, "output_start_stats": {"n": 1000, "min": 4, "max": 120, "mean": 62.36899948120117}}
{"checkpoint": "results/max_1layer_softmax_seq128_embd32_h4_initfix_ascend/model.pt", "task": "max", "attn": "softmax", "q": 1.0, "seq_len": 8192, "val_samples": 1000, "seed": 42, "accuracy_fixed": 0.4965, "accuracy_all": 0.03360313194239463, "accuracy_input_echo": 0.018759319533742724, "output_token_count": 2000, "input_token_count": 62369, "all_token_count": 64369, "output_start_stats": {"n": 1000, "min": 4, "max": 120, "mean": 62.36899948120117}}
DONE results/max_1layer_softmax_seq128_embd32_h4_initfix_ascend
