########## PART 1: scale x q sweep (d 128/256/512, q 4-32, eval to 16k) ##########
GPU: NVIDIA H100  dembs=[128, 256, 512]
d=128 seed=0 softmax   : L16=99.9 L128=96.4 L512=79.3 L1024=60.4 L2048=40.5 L4096=30.3 L8192=26.1 L16384=21.2
d=128 seed=0 stj-q4    : L16=99.9 L128=96.6 L512=75.3 L1024=49.3 L2048=30.4 L4096=21.2 L8192=16.7 L16384=13.3
d=128 seed=0 stj-q8    : L16=99.9 L128=96.9 L512=79.2 L1024=58.3 L2048=38.2 L4096=27.1 L8192=21.6 L16384=18.3
d=128 seed=0 stj-q16   : L16=99.9 L128=97.4 L512=81.3 L1024=63.4 L2048=42.0 L4096=30.7 L8192=25.2 L16384=19.0
d=128 seed=0 stj-q32   : L16=99.9 L128=97.6 L512=82.4 L1024=66.7 L2048=44.4 L4096=32.9 L8192=26.8 L16384=21.8
d=128 seed=0 flashn-q16: L16=99.9 L128=97.4 L512=81.1 L1024=63.8 L2048=42.3 L4096=30.3 L8192=25.7 L16384=20.1
d=128 seed=1 softmax   : L16=99.8 L128=96.8 L512=80.4 L1024=60.1 L2048=42.8 L4096=30.7 L8192=26.8 L16384=22.5
d=128 seed=1 stj-q4    : L16=99.8 L128=96.7 L512=75.5 L1024=51.2 L2048=31.5 L4096=18.7 L8192=19.1 L16384=12.9
d=128 seed=1 stj-q8    : L16=99.8 L128=97.0 L512=79.2 L1024=57.9 L2048=39.0 L4096=26.1 L8192=21.5 L16384=15.9
d=128 seed=1 stj-q16   : L16=99.8 L128=97.3 L512=81.4 L1024=61.5 L2048=42.6 L4096=28.7 L8192=24.4 L16384=19.6
d=128 seed=1 stj-q32   : L16=99.8 L128=97.6 L512=83.6 L1024=64.6 L2048=43.8 L4096=31.8 L8192=25.0 L16384=19.9
d=128 seed=1 flashn-q16: L16=99.8 L128=97.4 L512=81.2 L1024=61.4 L2048=42.4 L4096=28.7 L8192=24.0 L16384=18.6
d=128 seed=2 softmax   : L16=99.9 L128=96.8 L512=80.7 L1024=59.3 L2048=42.1 L4096=29.9 L8192=24.5 L16384=22.7
d=128 seed=2 stj-q4    : L16=99.9 L128=96.7 L512=77.0 L1024=51.0 L2048=32.2 L4096=20.4 L8192=18.6 L16384=14.2
d=128 seed=2 stj-q8    : L16=99.9 L128=96.8 L512=80.4 L1024=57.2 L2048=38.7 L4096=27.4 L8192=22.5 L16384=18.6
d=128 seed=2 stj-q16   : L16=99.9 L128=96.9 L512=82.5 L1024=61.3 L2048=42.6 L4096=28.9 L8192=24.4 L16384=20.7
d=128 seed=2 stj-q32   : L16=99.9 L128=97.0 L512=83.3 L1024=64.5 L2048=44.8 L4096=31.3 L8192=25.7 L16384=22.3
d=128 seed=2 flashn-q16: L16=99.9 L128=96.9 L512=82.3 L1024=61.3 L2048=43.6 L4096=29.4 L8192=24.4 L16384=20.7
d=256 seed=0 softmax   : L16=99.9 L128=97.8 L512=84.8 L1024=67.1 L2048=45.8 L4096=32.2 L8192=25.9 L16384=21.9
d=256 seed=0 stj-q4    : L16=99.9 L128=97.6 L512=81.2 L1024=56.8 L2048=33.9 L4096=21.7 L8192=17.3 L16384=13.5
d=256 seed=0 stj-q8    : L16=99.9 L128=97.8 L512=84.7 L1024=65.3 L2048=42.5 L4096=29.1 L8192=22.7 L16384=17.7
d=256 seed=0 stj-q16   : L16=99.9 L128=97.9 L512=85.0 L1024=67.6 L2048=45.0 L4096=31.6 L8192=25.4 L16384=20.3
d=256 seed=0 stj-q32   : L16=99.9 L128=97.8 L512=86.1 L1024=70.2 L2048=47.5 L4096=34.3 L8192=27.5 L16384=22.1
d=256 seed=0 flashn-q16: L16=99.9 L128=98.0 L512=85.9 L1024=68.0 L2048=45.9 L4096=32.9 L8192=25.0 L16384=21.4
d=256 seed=1 softmax   : L16=99.8 L128=98.1 L512=85.8 L1024=68.3 L2048=46.6 L4096=34.8 L8192=27.1 L16384=21.9
d=256 seed=1 stj-q4    : L16=99.8 L128=98.3 L512=82.0 L1024=57.9 L2048=35.1 L4096=23.5 L8192=17.3 L16384=13.7
d=256 seed=1 stj-q8    : L16=99.8 L128=98.2 L512=84.9 L1024=64.8 L2048=42.4 L4096=29.5 L8192=23.4 L16384=18.3
d=256 seed=1 stj-q16   : L16=99.8 L128=98.5 L512=86.0 L1024=67.8 L2048=45.8 L4096=32.1 L8192=25.0 L16384=21.0
d=256 seed=1 stj-q32   : L16=99.8 L128=98.5 L512=86.2 L1024=69.7 L2048=47.9 L4096=35.6 L8192=26.7 L16384=22.3
d=256 seed=1 flashn-q16: L16=99.7 L128=98.6 L512=86.3 L1024=68.0 L2048=46.1 L4096=33.0 L8192=25.5 L16384=21.8
d=256 seed=2 softmax   : L16=100.0 L128=98.2 L512=85.2 L1024=65.3 L2048=45.5 L4096=32.6 L8192=26.7 L16384=21.5
d=256 seed=2 stj-q4    : L16=100.0 L128=98.0 L512=81.0 L1024=55.3 L2048=33.2 L4096=19.7 L8192=14.1 L16384=10.5
d=256 seed=2 stj-q8    : L16=100.0 L128=98.1 L512=83.7 L1024=61.3 L2048=39.2 L4096=26.8 L8192=19.1 L16384=14.0
d=256 seed=2 stj-q16   : L16=100.0 L128=98.3 L512=85.2 L1024=65.2 L2048=43.2 L4096=29.9 L8192=24.9 L16384=18.9
d=256 seed=2 stj-q32   : L16=100.0 L128=98.4 L512=86.4 L1024=67.1 L2048=45.6 L4096=32.2 L8192=25.9 L16384=20.3
d=256 seed=2 flashn-q16: L16=100.0 L128=98.3 L512=85.3 L1024=65.0 L2048=43.3 L4096=30.8 L8192=25.6 L16384=19.0
d=512 seed=0 softmax   : L16=99.9 L128=99.0 L512=90.5 L1024=76.5 L2048=55.5 L4096=33.6 L8192=21.3 L16384=15.9
d=512 seed=0 stj-q4    : L16=99.9 L128=98.3 L512=87.4 L1024=64.6 L2048=38.6 L4096=21.5 L8192=17.5 L16384=14.6
d=512 seed=0 stj-q8    : L16=100.0 L128=98.4 L512=88.3 L1024=71.7 L2048=48.7 L4096=28.3 L8192=18.8 L16384=14.6
d=512 seed=0 stj-q16   : L16=99.9 L128=98.8 L512=92.4 L1024=79.3 L2048=55.8 L4096=37.0 L8192=24.6 L16384=19.0
d=512 seed=0 stj-q32   : L16=99.9 L128=98.7 L512=93.9 L1024=82.1 L2048=63.0 L4096=43.6 L8192=31.5 L16384=25.8
d=512 seed=1 softmax   : L16=99.8 L128=98.3 L512=91.0 L1024=79.6 L2048=59.0 L4096=39.4 L8192=28.2 L16384=17.0
d=512 seed=1 stj-q4    : L16=99.8 L128=98.2 L512=87.2 L1024=64.8 L2048=38.0 L4096=20.2 L8192=14.4 L16384=12.5
d=512 seed=1 stj-q8    : L16=99.8 L128=98.6 L512=89.7 L1024=75.5 L2048=49.8 L4096=33.0 L8192=22.4 L16384=18.2
d=512 seed=1 stj-q16   : L16=99.8 L128=98.7 L512=89.9 L1024=76.8 L2048=53.4 L4096=35.6 L8192=24.2 L16384=16.6
d=512 seed=1 stj-q32   : L16=99.8 L128=98.0 L512=88.9 L1024=74.9 L2048=54.2 L4096=36.9 L8192=26.7 L16384=19.8
d=512 seed=2 softmax   : L16=100.0 L128=98.7 L512=90.6 L1024=78.0 L2048=56.8 L4096=39.7 L8192=28.6 L16384=21.5
d=512 seed=2 stj-q4    : L16=100.0 L128=98.6 L512=87.3 L1024=67.2 L2048=39.6 L4096=20.6 L8192=14.4 L16384=11.9
d=512 seed=2 stj-q8    : L16=100.0 L128=99.0 L512=91.0 L1024=75.6 L2048=52.1 L4096=35.4 L8192=25.5 L16384=18.6
d=512 seed=2 stj-q16   : L16=100.0 L128=98.8 L512=90.3 L1024=77.1 L2048=56.9 L4096=37.0 L8192=27.7 L16384=22.3
d=512 seed=2 stj-q32   : L16=100.0 L128=98.4 L512=88.4 L1024=72.2 L2048=50.2 L4096=35.5 L8192=28.2 L16384=23.7

===== d_emb=128 mean±std over seeds [0, 1, 2] =====
   softmax |   99.84±0.06   96.65±0.18   80.11±0.59   59.90±0.45   41.80±0.94   30.27±0.32   25.78±0.94   22.10±0.65
flashn-q16 |   99.84±0.06   97.20±0.23   81.51±0.58   62.17±1.13   42.74±0.58   29.46±0.64   24.71±0.71   19.79±0.91
   stj-q16 |   99.84±0.06   97.17±0.21   81.77±0.53   62.08±0.92   42.38±0.28   29.43±0.88   24.67±0.37   19.79±0.69
   stj-q32 |   99.84±0.06   97.36±0.28   83.11±0.50   65.23±1.04   44.34±0.44   32.03±0.65   25.81±0.72   21.32±1.01
    stj-q4 |   99.84±0.06   96.65±0.05   75.91±0.74   50.49±0.83   31.38±0.77   20.08±1.06   18.13±1.04   13.44±0.53
    stj-q8 |   99.84±0.06   96.88±0.08   79.59±0.55   57.81±0.44   38.61±0.32   26.86±0.57   21.84±0.44   17.58±1.18
Δ(stj-q4 − softmax):   +0.00   +0.00   -4.20   -9.41  -10.42  -10.19   -7.65   -8.66

===== d_emb=256 mean±std over seeds [0, 1, 2] =====
   softmax |   99.87±0.08   98.05±0.21   85.25±0.44   66.89±1.20   45.96±0.45   33.20±1.12   26.56±0.52   21.74±0.18
flashn-q16 |   99.85±0.12   98.34±0.24   85.84±0.44   66.99±1.38   45.08±1.29   32.23±1.04   25.36±0.26   20.74±1.21
   stj-q16 |   99.89±0.10   98.24±0.29   85.38±0.47   66.86±1.15   44.66±1.11   31.22±0.96   25.10±0.21   20.08±0.85
   stj-q32 |   99.87±0.08   98.24±0.35   86.26±0.12   69.01±1.37   47.01±1.01   34.05±1.40   26.69±0.68   21.55±0.88
    stj-q4 |   99.89±0.10   97.98±0.32   81.38±0.47   56.67±1.08   34.05±0.77   21.65±1.56   16.21±1.52   12.57±1.43
    stj-q8 |   99.89±0.10   98.05±0.21   84.41±0.51   63.83±1.78   41.34±1.54   28.45±1.21   21.74±1.87   16.63±1.90
Δ(stj-q4 − softmax):   +0.02   -0.07   -3.87  -10.22  -11.91  -11.56  -10.35   -9.18

===== d_emb=512 mean±std over seeds [0, 1, 2] =====
   softmax |   99.89±0.10   98.70±0.28   90.72±0.21   78.03±1.28   57.10±1.45   37.57±2.81   26.04±3.36   18.13±2.41
   stj-q16 |   99.87±0.08   98.80±0.05   90.89±1.07   77.70±1.13   55.37±1.46   36.56±0.64   25.52±1.57   19.30±2.32
   stj-q32 |   99.89±0.10   98.40±0.28   90.40±2.52   76.40±4.20   55.79±5.34   38.67±3.50   28.81±2.04   23.11±2.47
    stj-q4 |   99.89±0.10   98.40±0.17   87.30±0.08   65.56±1.15   38.70±0.64   20.77±0.53   15.40±1.47   13.02±1.18
    stj-q8 |   99.90±0.11   98.70±0.24   89.68±1.12   74.25±1.82   50.20±1.38   32.23±2.92   22.20±2.75   17.12±1.76
Δ(stj-q4 − softmax):   +0.00   -0.29   -3.42  -12.47  -18.39  -16.80  -10.64   -5.11

DONE

########## PART 2: code-LM at ~3x params (12L 12H d768, stack, eval to 16k) ##########
data=stack arm=sdpa vocab=256 train=90168618 val=10018736
params: 85.17M
it     0 train 446.5394 val 435.5361
it   100 train 5.0079 val 4.5194
it   200 train 9.8644 val 9.9715
it   300 train 6.7256 val 5.8697
it   400 train 4.7820 val 5.1284
it   500 train 4.0959 val 3.7584
it   600 train 3.0256 val 3.2772
it   700 train 3.3841 val 3.2195
it   800 train 3.8469 val 3.4277
it   900 train 2.9255 val 2.7934
it  1000 train 2.7738 val 3.0104
it  1100 train 2.7540 val 3.0293
it  1200 train 2.7435 val 2.6697
it  1300 train 2.5515 val 2.6169
it  1400 train 2.5043 val 2.5836
it  1500 train 2.2913 val 2.5133
it  1600 train 2.6242 val 2.4755
it  1700 train 2.4148 val 2.3795
it  1800 train 2.3228 val 2.3392
it  1900 train 2.1864 val 2.3010
it  2000 train 2.1795 val 2.2660
it  2100 train 2.1732 val 2.2158
it  2200 train 2.0541 val 2.1706
it  2300 train 2.1991 val 2.1350
it  2400 train 2.0798 val 2.1067
it  2500 train 2.0561 val 2.0805
it  2600 train 2.0376 val 2.0627
it  2700 train 2.0009 val 2.0445
it  2800 train 1.9665 val 2.0338
it  2900 train 2.0407 val 2.0300

final val loss by context length:
  ctx   512: val_loss 2.0459  (2.952 bits/char)
  ctx  1024: val_loss 2.1340  (3.079 bits/char)
  ctx  2048: val_loss 2.2045  (3.180 bits/char)
  ctx  4096: val_loss 2.4942  (3.598 bits/char)
  ctx  8192: val_loss 2.6131  (3.770 bits/char)
  ctx 16384: val_loss 2.6012  (3.753 bits/char)
DONE
data=stack arm=flashn-q4 vocab=256 train=90168618 val=10018736
params: 85.17M
it     0 train 446.5967 val 435.5617
it   100 train 4.8476 val 4.1397
it   200 train 8.1285 val 8.6363
it   300 train 9.1539 val 7.8856
it   400 train 5.5843 val 5.3943
it   500 train 3.6961 val 3.6764
it   600 train 3.5221 val 3.2057
it   700 train 3.0385 val 3.2457
it   800 train 2.9348 val 3.0882
it   900 train 2.9245 val 2.7688
it  1000 train 2.6310 val 2.5933
it  1100 train 2.3856 val 2.7320
it  1200 train 2.4402 val 2.3845
it  1300 train 2.2754 val 2.4010
it  1400 train 2.1462 val 2.2687
it  1500 train 1.9408 val 2.1733
it  1600 train 2.1339 val 2.1182
it  1700 train 1.9938 val 1.9754
it  1800 train 1.8191 val 1.8720
it  1900 train 1.6709 val 1.7629
it  2000 train 1.5911 val 1.6677
it  2100 train 1.5619 val 1.5722
it  2200 train 1.3717 val 1.5016
it  2300 train 1.5693 val 1.4526
it  2400 train 1.3729 val 1.4124
it  2500 train 1.3445 val 1.3854
it  2600 train 1.2960 val 1.3632
it  2700 train 1.3376 val 1.3487
it  2800 train 1.2984 val 1.3390
it  2900 train 1.3319 val 1.3350

final val loss by context length:
  ctx   512: val_loss 1.3515  (1.950 bits/char)
  ctx  1024: val_loss 1.8295  (2.639 bits/char)
  ctx  2048: val_loss 2.4671  (3.559 bits/char)
  ctx  4096: val_loss 3.1216  (4.504 bits/char)
  ctx  8192: val_loss 3.6941  (5.329 bits/char)
  ctx 16384: val_loss 3.9181  (5.653 bits/char)
DONE
data=stack arm=flashn-q8 vocab=256 train=90168618 val=10018736
params: 85.17M
it     0 train 436.2903 val 424.7508
it   100 train 5.0057 val 4.5114
it   200 train 8.3875 val 8.4318
it   300 train 5.8906 val 6.3851
it   400 train 6.1846 val 5.5052
it   500 train 4.1890 val 3.7270
it   600 train 3.9324 val 3.6929
it   700 train 3.2971 val 3.6122
it   800 train 3.0123 val 2.8983
it   900 train 2.7738 val 2.8450
it  1000 train 2.6789 val 2.6949
it  1100 train 2.6261 val 2.6785
it  1200 train 2.6514 val 2.5496
it  1300 train 2.3347 val 2.5017
it  1400 train 2.2923 val 2.3888
it  1500 train 2.0844 val 2.2909
it  1600 train 2.2626 val 2.2422
it  1700 train 2.2507 val 2.1833
it  1800 train 2.0974 val 2.1192
it  1900 train 1.9578 val 2.0544
it  2000 train 2.3571 val 2.4597
it  2100 train 1.9619 val 1.9939
it  2200 train 1.8357 val 1.9513
it  2300 train 2.0020 val 1.9101
it  2400 train 1.8665 val 1.8781
it  2500 train 1.8040 val 1.8467
it  2600 train 1.7553 val 1.8254
it  2700 train 1.7716 val 1.8093
it  2800 train 1.7035 val 1.7954
it  2900 train 1.7851 val 1.7911

final val loss by context length:
  ctx   512: val_loss 1.8008  (2.598 bits/char)
  ctx  1024: val_loss 1.9375  (2.795 bits/char)
  ctx  2048: val_loss 2.1811  (3.147 bits/char)
  ctx  4096: val_loss 2.6251  (3.787 bits/char)
  ctx  8192: val_loss 2.8050  (4.047 bits/char)
  ctx 16384: val_loss 2.8908  (4.171 bits/char)
DONE
ALL DONE
