=== FIXEDCAP retrain: subtle-needle 1-layer softmax seq=128 ===
Thu Apr 16 03:33:42 2026       
+-----------------------------------------------------------------------------------------+
| NVIDIA-SMI 580.95.05              Driver Version: 580.95.05      CUDA Version: 13.0     |
+-----------------------------------------+------------------------+----------------------+
| GPU  Name                 Persistence-M | Bus-Id          Disp.A | Volatile Uncorr. ECC |
| Fan  Temp   Perf          Pwr:Usage/Cap |           Memory-Usage | GPU-Util  Compute M. |
|                                         |                        |               MIG M. |
|=========================================+========================+======================|
|   0  NVIDIA A100-PCIE-40GB          On  |   00000000:81:00.0 Off |                    0 |
| N/A   26C    P0             34W /  250W |       0MiB /  40960MiB |      0%      Default |
|                                         |                        |             Disabled |
+-----------------------------------------+------------------------+----------------------+

+-----------------------------------------------------------------------------------------+
| Processes:                                                                              |
|  GPU   GI   CI              PID   Type   Process name                        GPU Memory |
|        ID   ID                                                               Usage      |
|=========================================================================================|
|  No running processes found                                                             |
+-----------------------------------------------------------------------------------------+
Using device: cuda
Generating training data...
Generating validation data...
Model parameters: 1,874,304
Using bf16 autocast for forward pass (memory optimization at long context)
Epoch   1/30 | train_loss=4.3113 | val_loss=4.2247 | val_acc=0.5570 | time=4.7s
Epoch   2/30 | train_loss=4.2341 | val_loss=4.2052 | val_acc=0.9265 | time=3.6s
Epoch   3/30 | train_loss=4.2206 | val_loss=4.1991 | val_acc=0.9785 | time=3.6s
Epoch   4/30 | train_loss=4.2147 | val_loss=4.1965 | val_acc=0.9945 | time=3.6s
Epoch   5/30 | train_loss=4.2110 | val_loss=4.1952 | val_acc=0.9990 | time=3.6s
Epoch   6/30 | train_loss=4.2086 | val_loss=4.1940 | val_acc=0.9995 | time=3.6s
Epoch   7/30 | train_loss=4.2072 | val_loss=4.1926 | val_acc=0.9995 | time=3.6s
Epoch   8/30 | train_loss=4.2060 | val_loss=4.1913 | val_acc=0.9965 | time=3.6s
Epoch   9/30 | train_loss=4.2047 | val_loss=4.1924 | val_acc=0.9960 | time=3.6s
Epoch  10/30 | train_loss=4.2032 | val_loss=4.1918 | val_acc=0.9985 | time=3.6s
Epoch  11/30 | train_loss=4.2027 | val_loss=4.1922 | val_acc=0.9815 | time=3.6s
Epoch  12/30 | train_loss=4.2019 | val_loss=4.1910 | val_acc=0.9985 | time=3.6s
Epoch  13/30 | train_loss=4.2004 | val_loss=4.1918 | val_acc=0.9920 | time=3.6s
Epoch  14/30 | train_loss=4.1995 | val_loss=4.1909 | val_acc=0.9975 | time=3.6s
Epoch  15/30 | train_loss=4.1987 | val_loss=4.1923 | val_acc=1.0000 | time=3.6s
Epoch  16/30 | train_loss=4.1973 | val_loss=4.1907 | val_acc=1.0000 | time=3.6s
Epoch  17/30 | train_loss=4.1963 | val_loss=4.1931 | val_acc=0.9995 | time=3.6s
Epoch  18/30 | train_loss=4.1948 | val_loss=4.1921 | val_acc=1.0000 | time=3.6s
Epoch  19/30 | train_loss=4.1934 | val_loss=4.1936 | val_acc=1.0000 | time=3.6s
Epoch  20/30 | train_loss=4.1919 | val_loss=4.1939 | val_acc=0.9930 | time=3.6s
Epoch  21/30 | train_loss=4.1902 | val_loss=4.1957 | val_acc=0.9985 | time=3.6s
Epoch  22/30 | train_loss=4.1883 | val_loss=4.1971 | val_acc=0.9990 | time=3.6s
Epoch  23/30 | train_loss=4.1867 | val_loss=4.1983 | val_acc=0.9990 | time=3.6s
Epoch  24/30 | train_loss=4.1847 | val_loss=4.1991 | val_acc=0.9990 | time=3.6s
Epoch  25/30 | train_loss=4.1824 | val_loss=4.2003 | val_acc=1.0000 | time=3.6s
Epoch  26/30 | train_loss=4.1802 | val_loss=4.2013 | val_acc=1.0000 | time=3.6s
Epoch  27/30 | train_loss=4.1778 | val_loss=4.2040 | val_acc=1.0000 | time=3.6s
Epoch  28/30 | train_loss=4.1755 | val_loss=4.2052 | val_acc=0.9980 | time=3.6s
Epoch  29/30 | train_loss=4.1731 | val_loss=4.2083 | val_acc=1.0000 | time=3.6s
Epoch  30/30 | train_loss=4.1706 | val_loss=4.2101 | val_acc=1.0000 | time=3.6s
Model saved to results/subtle_needle_1layer_softmax_seq128_fixedcap_ascend/model.pt
Metrics saved to results/subtle_needle_1layer_softmax_seq128_fixedcap_ascend/metrics.csv
{"checkpoint": "results/subtle_needle_1layer_softmax_seq128_fixedcap_ascend/model.pt", "task": "needle", "attn": "softmax", "q": 1.0, "seq_len": 128, "val_samples": 1000, "seed": 42, "accuracy_fixed": 1.0, "accuracy_all": 0.03142463488564343, "accuracy_input_echo": 0.02062970186681527, "output_token_count": 1000, "input_token_count": 89725, "all_token_count": 90725, "output_start_stats": {"n": 1000, "min": 60, "max": 120, "mean": 89.7249984741211}}
{"checkpoint": "results/subtle_needle_1layer_softmax_seq128_fixedcap_ascend/model.pt", "task": "needle", "attn": "softmax", "q": 1.0, "seq_len": 256, "val_samples": 1000, "seed": 42, "accuracy_fixed": 1.0, "accuracy_all": 0.03142463488564343, "accuracy_input_echo": 0.02062970186681527, "output_token_count": 1000, "input_token_count": 89725, "all_token_count": 90725, "output_start_stats": {"n": 1000, "min": 60, "max": 120, "mean": 89.7249984741211}}
{"checkpoint": "results/subtle_needle_1layer_softmax_seq128_fixedcap_ascend/model.pt", "task": "needle", "attn": "softmax", "q": 1.0, "seq_len": 512, "val_samples": 1000, "seed": 42, "accuracy_fixed": 1.0, "accuracy_all": 0.03142463488564343, "accuracy_input_echo": 0.02062970186681527, "output_token_count": 1000, "input_token_count": 89725, "all_token_count": 90725, "output_start_stats": {"n": 1000, "min": 60, "max": 120, "mean": 89.7249984741211}}
{"checkpoint": "results/subtle_needle_1layer_softmax_seq128_fixedcap_ascend/model.pt", "task": "needle", "attn": "softmax", "q": 1.0, "seq_len": 1024, "val_samples": 1000, "seed": 42, "accuracy_fixed": 1.0, "accuracy_all": 0.03142463488564343, "accuracy_input_echo": 0.02062970186681527, "output_token_count": 1000, "input_token_count": 89725, "all_token_count": 90725, "output_start_stats": {"n": 1000, "min": 60, "max": 120, "mean": 89.7249984741211}}
{"checkpoint": "results/subtle_needle_1layer_softmax_seq128_fixedcap_ascend/model.pt", "task": "needle", "attn": "softmax", "q": 1.0, "seq_len": 2048, "val_samples": 1000, "seed": 42, "accuracy_fixed": 1.0, "accuracy_all": 0.03142463488564343, "accuracy_input_echo": 0.02062970186681527, "output_token_count": 1000, "input_token_count": 89725, "all_token_count": 90725, "output_start_stats": {"n": 1000, "min": 60, "max": 120, "mean": 89.7249984741211}}
{"checkpoint": "results/subtle_needle_1layer_softmax_seq128_fixedcap_ascend/model.pt", "task": "needle", "attn": "softmax", "q": 1.0, "seq_len": 4096, "val_samples": 1000, "seed": 42, "accuracy_fixed": 1.0, "accuracy_all": 0.03142463488564343, "accuracy_input_echo": 0.02062970186681527, "output_token_count": 1000, "input_token_count": 89725, "all_token_count": 90725, "output_start_stats": {"n": 1000, "min": 60, "max": 120, "mean": 89.7249984741211}}
{"checkpoint": "results/subtle_needle_1layer_softmax_seq128_fixedcap_ascend/model.pt", "task": "needle", "attn": "softmax", "q": 1.0, "seq_len": 8192, "val_samples": 1000, "seed": 42, "accuracy_fixed": 1.0, "accuracy_all": 0.03142463488564343, "accuracy_input_echo": 0.02062970186681527, "output_token_count": 1000, "input_token_count": 89725, "all_token_count": 90725, "output_start_stats": {"n": 1000, "min": 60, "max": 120, "mean": 89.7249984741211}}
DONE results/subtle_needle_1layer_softmax_seq128_fixedcap_ascend
