=== FIXEDCAP retrain: subtle-needle 1-layer stieltjes_q24.0 seq=128 ===
Thu Apr 16 03:33:41 2026       
+-----------------------------------------------------------------------------------------+
| NVIDIA-SMI 580.95.05              Driver Version: 580.95.05      CUDA Version: 13.0     |
+-----------------------------------------+------------------------+----------------------+
| GPU  Name                 Persistence-M | Bus-Id          Disp.A | Volatile Uncorr. ECC |
| Fan  Temp   Perf          Pwr:Usage/Cap |           Memory-Usage | GPU-Util  Compute M. |
|                                         |                        |               MIG M. |
|=========================================+========================+======================|
|   0  NVIDIA A100-PCIE-40GB          On  |   00000000:25:00.0 Off |                    0 |
| N/A   28C    P0             35W /  250W |       0MiB /  40960MiB |      0%      Default |
|                                         |                        |             Disabled |
+-----------------------------------------+------------------------+----------------------+

+-----------------------------------------------------------------------------------------+
| Processes:                                                                              |
|  GPU   GI   CI              PID   Type   Process name                        GPU Memory |
|        ID   ID                                                               Usage      |
|=========================================================================================|
|  No running processes found                                                             |
+-----------------------------------------------------------------------------------------+
Using device: cuda
Generating training data...
Generating validation data...
Model parameters: 1,874,304
Using bf16 autocast for forward pass (memory optimization at long context)
Epoch   1/30 | train_loss=4.3847 | val_loss=4.2691 | val_acc=0.2150 | time=5.6s
Epoch   2/30 | train_loss=4.2749 | val_loss=4.2557 | val_acc=0.2780 | time=4.8s
Epoch   3/30 | train_loss=4.2640 | val_loss=4.2485 | val_acc=0.2720 | time=4.8s
Epoch   4/30 | train_loss=4.2605 | val_loss=4.2500 | val_acc=0.3095 | time=4.8s
Epoch   5/30 | train_loss=4.2566 | val_loss=4.2510 | val_acc=0.2905 | time=4.8s
Epoch   6/30 | train_loss=4.2545 | val_loss=4.2502 | val_acc=0.3055 | time=4.8s
Epoch   7/30 | train_loss=4.2543 | val_loss=4.2496 | val_acc=0.2945 | time=4.8s
Epoch   8/30 | train_loss=4.2551 | val_loss=4.2516 | val_acc=0.3030 | time=4.8s
Epoch   9/30 | train_loss=4.2554 | val_loss=4.2517 | val_acc=0.3130 | time=4.8s
Epoch  10/30 | train_loss=4.2548 | val_loss=4.2502 | val_acc=0.2915 | time=4.8s
Epoch  11/30 | train_loss=4.2530 | val_loss=4.2494 | val_acc=0.3165 | time=4.8s
Epoch  12/30 | train_loss=4.2548 | val_loss=4.2509 | val_acc=0.2805 | time=4.8s
Epoch  13/30 | train_loss=4.2551 | val_loss=4.2530 | val_acc=0.2955 | time=4.8s
Epoch  14/30 | train_loss=4.2548 | val_loss=4.2501 | val_acc=0.2965 | time=4.8s
Epoch  15/30 | train_loss=4.2542 | val_loss=4.2531 | val_acc=0.3090 | time=4.8s
Epoch  16/30 | train_loss=4.2532 | val_loss=4.2520 | val_acc=0.3425 | time=4.8s
Epoch  17/30 | train_loss=4.2529 | val_loss=4.2488 | val_acc=0.3880 | time=4.8s
Epoch  18/30 | train_loss=4.2511 | val_loss=4.2457 | val_acc=0.3560 | time=4.8s
Epoch  19/30 | train_loss=4.2498 | val_loss=4.2443 | val_acc=0.3705 | time=4.8s
Epoch  20/30 | train_loss=4.2506 | val_loss=4.2495 | val_acc=0.3655 | time=4.8s
Epoch  21/30 | train_loss=4.2535 | val_loss=4.2507 | val_acc=0.3700 | time=4.8s
Epoch  22/30 | train_loss=4.2530 | val_loss=4.2473 | val_acc=0.3740 | time=4.8s
Epoch  23/30 | train_loss=4.2518 | val_loss=4.2495 | val_acc=0.3830 | time=4.8s
Epoch  24/30 | train_loss=4.2524 | val_loss=4.2490 | val_acc=0.3485 | time=4.8s
Epoch  25/30 | train_loss=4.2505 | val_loss=4.2468 | val_acc=0.3045 | time=4.8s
Epoch  26/30 | train_loss=4.2521 | val_loss=4.2483 | val_acc=0.3730 | time=4.8s
Epoch  27/30 | train_loss=4.2551 | val_loss=4.2533 | val_acc=0.2820 | time=4.7s
Epoch  28/30 | train_loss=4.2531 | val_loss=4.2551 | val_acc=0.3445 | time=4.8s
Epoch  29/30 | train_loss=4.2559 | val_loss=4.2515 | val_acc=0.3750 | time=4.8s
Epoch  30/30 | train_loss=4.2556 | val_loss=4.2517 | val_acc=0.3850 | time=4.8s
Model saved to results/subtle_needle_1layer_stieltjes_q24.0_seq128_fixedcap_ascend/model.pt
Metrics saved to results/subtle_needle_1layer_stieltjes_q24.0_seq128_fixedcap_ascend/metrics.csv
{"checkpoint": "results/subtle_needle_1layer_stieltjes_q24.0_seq128_fixedcap_ascend/model.pt", "task": "needle", "attn": "stieltjes", "q": 24.0, "seq_len": 128, "val_samples": 1000, "seed": 42, "accuracy_fixed": 0.378, "accuracy_all": 0.023775144667952604, "accuracy_input_echo": 0.019827249930342714, "output_token_count": 1000, "input_token_count": 89725, "all_token_count": 90725, "output_start_stats": {"n": 1000, "min": 60, "max": 120, "mean": 89.7249984741211}}
{"checkpoint": "results/subtle_needle_1layer_stieltjes_q24.0_seq128_fixedcap_ascend/model.pt", "task": "needle", "attn": "stieltjes", "q": 24.0, "seq_len": 256, "val_samples": 1000, "seed": 42, "accuracy_fixed": 0.378, "accuracy_all": 0.023775144667952604, "accuracy_input_echo": 0.019827249930342714, "output_token_count": 1000, "input_token_count": 89725, "all_token_count": 90725, "output_start_stats": {"n": 1000, "min": 60, "max": 120, "mean": 89.7249984741211}}
{"checkpoint": "results/subtle_needle_1layer_stieltjes_q24.0_seq128_fixedcap_ascend/model.pt", "task": "needle", "attn": "stieltjes", "q": 24.0, "seq_len": 512, "val_samples": 1000, "seed": 42, "accuracy_fixed": 0.378, "accuracy_all": 0.023775144667952604, "accuracy_input_echo": 0.019827249930342714, "output_token_count": 1000, "input_token_count": 89725, "all_token_count": 90725, "output_start_stats": {"n": 1000, "min": 60, "max": 120, "mean": 89.7249984741211}}
{"checkpoint": "results/subtle_needle_1layer_stieltjes_q24.0_seq128_fixedcap_ascend/model.pt", "task": "needle", "attn": "stieltjes", "q": 24.0, "seq_len": 1024, "val_samples": 1000, "seed": 42, "accuracy_fixed": 0.378, "accuracy_all": 0.023775144667952604, "accuracy_input_echo": 0.019827249930342714, "output_token_count": 1000, "input_token_count": 89725, "all_token_count": 90725, "output_start_stats": {"n": 1000, "min": 60, "max": 120, "mean": 89.7249984741211}}
{"checkpoint": "results/subtle_needle_1layer_stieltjes_q24.0_seq128_fixedcap_ascend/model.pt", "task": "needle", "attn": "stieltjes", "q": 24.0, "seq_len": 2048, "val_samples": 1000, "seed": 42, "accuracy_fixed": 0.002, "accuracy_all": 0.012653623587765225, "accuracy_input_echo": 0.012772359988854834, "output_token_count": 1000, "input_token_count": 89725, "all_token_count": 90725, "output_start_stats": {"n": 1000, "min": 60, "max": 120, "mean": 89.7249984741211}}
{"checkpoint": "results/subtle_needle_1layer_stieltjes_q24.0_seq128_fixedcap_ascend/model.pt", "task": "needle", "attn": "stieltjes", "q": 24.0, "seq_len": 4096, "val_samples": 1000, "seed": 42, "accuracy_fixed": 0.004, "accuracy_all": 0.008476164232570957, "accuracy_input_echo": 0.008526051825020897, "output_token_count": 1000, "input_token_count": 89725, "all_token_count": 90725, "output_start_stats": {"n": 1000, "min": 60, "max": 120, "mean": 89.7249984741211}}
{"checkpoint": "results/subtle_needle_1layer_stieltjes_q24.0_seq128_fixedcap_ascend/model.pt", "task": "needle", "attn": "stieltjes", "q": 24.0, "seq_len": 8192, "val_samples": 1000, "seed": 42, "accuracy_fixed": 0.344, "accuracy_all": 0.021471479746486635, "accuracy_input_echo": 0.017876845918083032, "output_token_count": 1000, "input_token_count": 89725, "all_token_count": 90725, "output_start_stats": {"n": 1000, "min": 60, "max": 120, "mean": 89.7249984741211}}
DONE results/subtle_needle_1layer_stieltjes_q24.0_seq128_fixedcap_ascend
