=== FIXEDCAP retrain: subtle-needle 1-layer stieltjes_q8.0 seq=128 ===
Thu Apr 16 03:33:42 2026       
+-----------------------------------------------------------------------------------------+
| NVIDIA-SMI 580.95.05              Driver Version: 580.95.05      CUDA Version: 13.0     |
+-----------------------------------------+------------------------+----------------------+
| GPU  Name                 Persistence-M | Bus-Id          Disp.A | Volatile Uncorr. ECC |
| Fan  Temp   Perf          Pwr:Usage/Cap |           Memory-Usage | GPU-Util  Compute M. |
|                                         |                        |               MIG M. |
|=========================================+========================+======================|
|   0  NVIDIA A100-PCIE-40GB          On  |   00000000:25:00.0 Off |                    0 |
| N/A   35C    P0             40W /  250W |       0MiB /  40960MiB |      0%      Default |
|                                         |                        |             Disabled |
+-----------------------------------------+------------------------+----------------------+

+-----------------------------------------------------------------------------------------+
| Processes:                                                                              |
|  GPU   GI   CI              PID   Type   Process name                        GPU Memory |
|        ID   ID                                                               Usage      |
|=========================================================================================|
|  No running processes found                                                             |
+-----------------------------------------------------------------------------------------+
Using device: cuda
Generating training data...
Generating validation data...
Model parameters: 1,874,304
Using bf16 autocast for forward pass (memory optimization at long context)
Epoch   1/30 | train_loss=4.3212 | val_loss=4.2373 | val_acc=0.2785 | time=5.7s
Epoch   2/30 | train_loss=4.2430 | val_loss=4.2193 | val_acc=0.5975 | time=4.9s
Epoch   3/30 | train_loss=4.2282 | val_loss=4.2118 | val_acc=0.7070 | time=4.9s
Epoch   4/30 | train_loss=4.2210 | val_loss=4.2082 | val_acc=0.8665 | time=4.8s
Epoch   5/30 | train_loss=4.2167 | val_loss=4.2102 | val_acc=0.8545 | time=4.9s
Epoch   6/30 | train_loss=4.2142 | val_loss=4.2111 | val_acc=0.8470 | time=4.8s
Epoch   7/30 | train_loss=4.2133 | val_loss=4.2055 | val_acc=0.8950 | time=4.8s
Epoch   8/30 | train_loss=4.2121 | val_loss=4.2072 | val_acc=0.8630 | time=4.8s
Epoch   9/30 | train_loss=4.2107 | val_loss=4.2080 | val_acc=0.9075 | time=4.8s
Epoch  10/30 | train_loss=4.2090 | val_loss=4.2080 | val_acc=0.8590 | time=4.8s
Epoch  11/30 | train_loss=4.2090 | val_loss=4.2073 | val_acc=0.8390 | time=4.8s
Epoch  12/30 | train_loss=4.2089 | val_loss=4.2083 | val_acc=0.8860 | time=4.8s
Epoch  13/30 | train_loss=4.2082 | val_loss=4.2092 | val_acc=0.9045 | time=4.8s
Epoch  14/30 | train_loss=4.2073 | val_loss=4.2053 | val_acc=0.9035 | time=4.8s
Epoch  15/30 | train_loss=4.2077 | val_loss=4.2049 | val_acc=0.9265 | time=4.9s
Epoch  16/30 | train_loss=4.2072 | val_loss=4.2070 | val_acc=0.9360 | time=4.8s
Epoch  17/30 | train_loss=4.2067 | val_loss=4.2078 | val_acc=0.9055 | time=4.8s
Epoch  18/30 | train_loss=4.2061 | val_loss=4.2080 | val_acc=0.8465 | time=4.8s
Epoch  19/30 | train_loss=4.2066 | val_loss=4.2051 | val_acc=0.8495 | time=4.8s
Epoch  20/30 | train_loss=4.2063 | val_loss=4.2073 | val_acc=0.8730 | time=4.8s
Epoch  21/30 | train_loss=4.2065 | val_loss=4.2090 | val_acc=0.8210 | time=4.8s
Epoch  22/30 | train_loss=4.2071 | val_loss=4.2062 | val_acc=0.8485 | time=4.8s
Epoch  23/30 | train_loss=4.2069 | val_loss=4.2129 | val_acc=0.8220 | time=4.8s
Epoch  24/30 | train_loss=4.2067 | val_loss=4.2071 | val_acc=0.8580 | time=4.8s
Epoch  25/30 | train_loss=4.2076 | val_loss=4.2082 | val_acc=0.8205 | time=4.8s
Epoch  26/30 | train_loss=4.2069 | val_loss=4.2120 | val_acc=0.8360 | time=4.8s
Epoch  27/30 | train_loss=4.2076 | val_loss=4.2112 | val_acc=0.7850 | time=4.8s
Epoch  28/30 | train_loss=4.2069 | val_loss=4.2064 | val_acc=0.8695 | time=4.8s
Epoch  29/30 | train_loss=4.2061 | val_loss=4.2076 | val_acc=0.8430 | time=4.8s
Epoch  30/30 | train_loss=4.2062 | val_loss=4.2094 | val_acc=0.8230 | time=4.8s
Model saved to results/subtle_needle_1layer_stieltjes_q8.0_seq128_fixedcap_ascend/model.pt
Metrics saved to results/subtle_needle_1layer_stieltjes_q8.0_seq128_fixedcap_ascend/metrics.csv
{"checkpoint": "results/subtle_needle_1layer_stieltjes_q8.0_seq128_fixedcap_ascend/model.pt", "task": "needle", "attn": "stieltjes", "q": 8.0, "seq_len": 128, "val_samples": 1000, "seed": 42, "accuracy_fixed": 0.822, "accuracy_all": 0.02869109947643979, "accuracy_input_echo": 0.019849540261911394, "output_token_count": 1000, "input_token_count": 89725, "all_token_count": 90725, "output_start_stats": {"n": 1000, "min": 60, "max": 120, "mean": 89.7249984741211}}
{"checkpoint": "results/subtle_needle_1layer_stieltjes_q8.0_seq128_fixedcap_ascend/model.pt", "task": "needle", "attn": "stieltjes", "q": 8.0, "seq_len": 256, "val_samples": 1000, "seed": 42, "accuracy_fixed": 0.822, "accuracy_all": 0.02869109947643979, "accuracy_input_echo": 0.019849540261911394, "output_token_count": 1000, "input_token_count": 89725, "all_token_count": 90725, "output_start_stats": {"n": 1000, "min": 60, "max": 120, "mean": 89.7249984741211}}
{"checkpoint": "results/subtle_needle_1layer_stieltjes_q8.0_seq128_fixedcap_ascend/model.pt", "task": "needle", "attn": "stieltjes", "q": 8.0, "seq_len": 512, "val_samples": 1000, "seed": 42, "accuracy_fixed": 0.822, "accuracy_all": 0.02869109947643979, "accuracy_input_echo": 0.019849540261911394, "output_token_count": 1000, "input_token_count": 89725, "all_token_count": 90725, "output_start_stats": {"n": 1000, "min": 60, "max": 120, "mean": 89.7249984741211}}
{"checkpoint": "results/subtle_needle_1layer_stieltjes_q8.0_seq128_fixedcap_ascend/model.pt", "task": "needle", "attn": "stieltjes", "q": 8.0, "seq_len": 1024, "val_samples": 1000, "seed": 42, "accuracy_fixed": 0.822, "accuracy_all": 0.02869109947643979, "accuracy_input_echo": 0.019849540261911394, "output_token_count": 1000, "input_token_count": 89725, "all_token_count": 90725, "output_start_stats": {"n": 1000, "min": 60, "max": 120, "mean": 89.7249984741211}}
{"checkpoint": "results/subtle_needle_1layer_stieltjes_q8.0_seq128_fixedcap_ascend/model.pt", "task": "needle", "attn": "stieltjes", "q": 8.0, "seq_len": 2048, "val_samples": 1000, "seed": 42, "accuracy_fixed": 0.022, "accuracy_all": 0.006955084045191513, "accuracy_input_echo": 0.006787405962663694, "output_token_count": 1000, "input_token_count": 89725, "all_token_count": 90725, "output_start_stats": {"n": 1000, "min": 60, "max": 120, "mean": 89.7249984741211}}
{"checkpoint": "results/subtle_needle_1layer_stieltjes_q8.0_seq128_fixedcap_ascend/model.pt", "task": "needle", "attn": "stieltjes", "q": 8.0, "seq_len": 4096, "val_samples": 1000, "seed": 42, "accuracy_fixed": 0.007, "accuracy_all": 0.005522182419399283, "accuracy_input_echo": 0.005505711897464475, "output_token_count": 1000, "input_token_count": 89725, "all_token_count": 90725, "output_start_stats": {"n": 1000, "min": 60, "max": 120, "mean": 89.7249984741211}}
{"checkpoint": "results/subtle_needle_1layer_stieltjes_q8.0_seq128_fixedcap_ascend/model.pt", "task": "needle", "attn": "stieltjes", "q": 8.0, "seq_len": 8192, "val_samples": 1000, "seed": 42, "accuracy_fixed": 0.847, "accuracy_all": 0.02449159548084872, "accuracy_input_echo": 0.015324602953468934, "output_token_count": 1000, "input_token_count": 89725, "all_token_count": 90725, "output_start_stats": {"n": 1000, "min": 60, "max": 120, "mean": 89.7249984741211}}
DONE results/subtle_needle_1layer_stieltjes_q8.0_seq128_fixedcap_ascend
