=== FIXEDCAP retrain: subtle-needle 1-layer stieltjes_q4.0 seq=128 ===
Thu Apr 16 03:33:42 2026       
+-----------------------------------------------------------------------------------------+
| NVIDIA-SMI 580.95.05              Driver Version: 580.95.05      CUDA Version: 13.0     |
+-----------------------------------------+------------------------+----------------------+
| GPU  Name                 Persistence-M | Bus-Id          Disp.A | Volatile Uncorr. ECC |
| Fan  Temp   Perf          Pwr:Usage/Cap |           Memory-Usage | GPU-Util  Compute M. |
|                                         |                        |               MIG M. |
|=========================================+========================+======================|
|   0  NVIDIA A100-PCIE-40GB          On  |   00000000:25:00.0 Off |                    0 |
| N/A   28C    P0             35W /  250W |       0MiB /  40960MiB |      0%      Default |
|                                         |                        |             Disabled |
+-----------------------------------------+------------------------+----------------------+

+-----------------------------------------------------------------------------------------+
| Processes:                                                                              |
|  GPU   GI   CI              PID   Type   Process name                        GPU Memory |
|        ID   ID                                                               Usage      |
|=========================================================================================|
|  No running processes found                                                             |
+-----------------------------------------------------------------------------------------+
Using device: cuda
Generating training data...
Generating validation data...
Model parameters: 1,874,304
Using bf16 autocast for forward pass (memory optimization at long context)
Epoch   1/30 | train_loss=4.3125 | val_loss=4.2282 | val_acc=0.5140 | time=6.2s
Epoch   2/30 | train_loss=4.2380 | val_loss=4.2111 | val_acc=0.8005 | time=4.9s
Epoch   3/30 | train_loss=4.2243 | val_loss=4.2030 | val_acc=0.8485 | time=4.9s
Epoch   4/30 | train_loss=4.2181 | val_loss=4.2017 | val_acc=0.9065 | time=4.9s
Epoch   5/30 | train_loss=4.2140 | val_loss=4.1987 | val_acc=0.9260 | time=4.9s
Epoch   6/30 | train_loss=4.2114 | val_loss=4.1969 | val_acc=0.9565 | time=4.9s
Epoch   7/30 | train_loss=4.2096 | val_loss=4.1941 | val_acc=0.9635 | time=4.9s
Epoch   8/30 | train_loss=4.2079 | val_loss=4.1943 | val_acc=0.9835 | time=4.9s
Epoch   9/30 | train_loss=4.2069 | val_loss=4.1951 | val_acc=0.9460 | time=4.8s
Epoch  10/30 | train_loss=4.2052 | val_loss=4.1922 | val_acc=0.9845 | time=4.9s
Epoch  11/30 | train_loss=4.2040 | val_loss=4.1928 | val_acc=0.9665 | time=4.8s
Epoch  12/30 | train_loss=4.2034 | val_loss=4.1940 | val_acc=0.9790 | time=4.9s
Epoch  13/30 | train_loss=4.2023 | val_loss=4.1941 | val_acc=0.9530 | time=4.8s
Epoch  14/30 | train_loss=4.2018 | val_loss=4.1927 | val_acc=0.9845 | time=4.9s
Epoch  15/30 | train_loss=4.2012 | val_loss=4.1940 | val_acc=0.9960 | time=4.9s
Epoch  16/30 | train_loss=4.2005 | val_loss=4.1947 | val_acc=0.9775 | time=4.9s
Epoch  17/30 | train_loss=4.2000 | val_loss=4.1917 | val_acc=0.9915 | time=4.9s
Epoch  18/30 | train_loss=4.1996 | val_loss=4.1907 | val_acc=0.9995 | time=4.9s
Epoch  19/30 | train_loss=4.1991 | val_loss=4.1921 | val_acc=0.9725 | time=4.9s
Epoch  20/30 | train_loss=4.1989 | val_loss=4.1919 | val_acc=0.9835 | time=4.8s
Epoch  21/30 | train_loss=4.1981 | val_loss=4.1924 | val_acc=0.9905 | time=4.8s
Epoch  22/30 | train_loss=4.1977 | val_loss=4.1911 | val_acc=0.9940 | time=4.8s
Epoch  23/30 | train_loss=4.1970 | val_loss=4.1938 | val_acc=0.9975 | time=4.8s
Epoch  24/30 | train_loss=4.1968 | val_loss=4.1915 | val_acc=0.9995 | time=4.8s
Epoch  25/30 | train_loss=4.1961 | val_loss=4.1916 | val_acc=0.9995 | time=4.8s
Epoch  26/30 | train_loss=4.1954 | val_loss=4.1939 | val_acc=0.9940 | time=4.8s
Epoch  27/30 | train_loss=4.1949 | val_loss=4.1924 | val_acc=0.9875 | time=4.8s
Epoch  28/30 | train_loss=4.1948 | val_loss=4.1922 | val_acc=0.9995 | time=4.8s
Epoch  29/30 | train_loss=4.1941 | val_loss=4.1928 | val_acc=0.9895 | time=4.8s
Epoch  30/30 | train_loss=4.1939 | val_loss=4.1930 | val_acc=0.9760 | time=4.8s
Model saved to results/subtle_needle_1layer_stieltjes_q4.0_seq128_fixedcap_ascend/model.pt
Metrics saved to results/subtle_needle_1layer_stieltjes_q4.0_seq128_fixedcap_ascend/metrics.csv
{"checkpoint": "results/subtle_needle_1layer_stieltjes_q4.0_seq128_fixedcap_ascend/model.pt", "task": "needle", "attn": "stieltjes", "q": 4.0, "seq_len": 128, "val_samples": 1000, "seed": 42, "accuracy_fixed": 0.975, "accuracy_all": 0.030256268944612842, "accuracy_input_echo": 0.019726943438283646, "output_token_count": 1000, "input_token_count": 89725, "all_token_count": 90725, "output_start_stats": {"n": 1000, "min": 60, "max": 120, "mean": 89.7249984741211}}
{"checkpoint": "results/subtle_needle_1layer_stieltjes_q4.0_seq128_fixedcap_ascend/model.pt", "task": "needle", "attn": "stieltjes", "q": 4.0, "seq_len": 256, "val_samples": 1000, "seed": 42, "accuracy_fixed": 0.975, "accuracy_all": 0.030256268944612842, "accuracy_input_echo": 0.019726943438283646, "output_token_count": 1000, "input_token_count": 89725, "all_token_count": 90725, "output_start_stats": {"n": 1000, "min": 60, "max": 120, "mean": 89.7249984741211}}
{"checkpoint": "results/subtle_needle_1layer_stieltjes_q4.0_seq128_fixedcap_ascend/model.pt", "task": "needle", "attn": "stieltjes", "q": 4.0, "seq_len": 512, "val_samples": 1000, "seed": 42, "accuracy_fixed": 0.975, "accuracy_all": 0.030256268944612842, "accuracy_input_echo": 0.019726943438283646, "output_token_count": 1000, "input_token_count": 89725, "all_token_count": 90725, "output_start_stats": {"n": 1000, "min": 60, "max": 120, "mean": 89.7249984741211}}
{"checkpoint": "results/subtle_needle_1layer_stieltjes_q4.0_seq128_fixedcap_ascend/model.pt", "task": "needle", "attn": "stieltjes", "q": 4.0, "seq_len": 1024, "val_samples": 1000, "seed": 42, "accuracy_fixed": 0.975, "accuracy_all": 0.030256268944612842, "accuracy_input_echo": 0.019726943438283646, "output_token_count": 1000, "input_token_count": 89725, "all_token_count": 90725, "output_start_stats": {"n": 1000, "min": 60, "max": 120, "mean": 89.7249984741211}}
{"checkpoint": "results/subtle_needle_1layer_stieltjes_q4.0_seq128_fixedcap_ascend/model.pt", "task": "needle", "attn": "stieltjes", "q": 4.0, "seq_len": 2048, "val_samples": 1000, "seed": 42, "accuracy_fixed": 0.027, "accuracy_all": 0.009170570405070267, "accuracy_input_echo": 0.00897185845639454, "output_token_count": 1000, "input_token_count": 89725, "all_token_count": 90725, "output_start_stats": {"n": 1000, "min": 60, "max": 120, "mean": 89.7249984741211}}
{"checkpoint": "results/subtle_needle_1layer_stieltjes_q4.0_seq128_fixedcap_ascend/model.pt", "task": "needle", "attn": "stieltjes", "q": 4.0, "seq_len": 4096, "val_samples": 1000, "seed": 42, "accuracy_fixed": 0.012, "accuracy_all": 0.004430972719757509, "accuracy_input_echo": 0.004346614655893006, "output_token_count": 1000, "input_token_count": 89725, "all_token_count": 90725, "output_start_stats": {"n": 1000, "min": 60, "max": 120, "mean": 89.7249984741211}}
{"checkpoint": "results/subtle_needle_1layer_stieltjes_q4.0_seq128_fixedcap_ascend/model.pt", "task": "needle", "attn": "stieltjes", "q": 4.0, "seq_len": 8192, "val_samples": 1000, "seed": 42, "accuracy_fixed": 0.97, "accuracy_all": 0.027985670983742078, "accuracy_input_echo": 0.017486765115631096, "output_token_count": 1000, "input_token_count": 89725, "all_token_count": 90725, "output_start_stats": {"n": 1000, "min": 60, "max": 120, "mean": 89.7249984741211}}
DONE results/subtle_needle_1layer_stieltjes_q4.0_seq128_fixedcap_ascend
