=== FIXEDCAP retrain: subtle-needle 1-layer stieltjes_q32.0 seq=128 ===
Thu Apr 16 03:33:41 2026       
+-----------------------------------------------------------------------------------------+
| NVIDIA-SMI 580.95.05              Driver Version: 580.95.05      CUDA Version: 13.0     |
+-----------------------------------------+------------------------+----------------------+
| GPU  Name                 Persistence-M | Bus-Id          Disp.A | Volatile Uncorr. ECC |
| Fan  Temp   Perf          Pwr:Usage/Cap |           Memory-Usage | GPU-Util  Compute M. |
|                                         |                        |               MIG M. |
|=========================================+========================+======================|
|   0  NVIDIA A100-PCIE-40GB          On  |   00000000:81:00.0 Off |                    0 |
| N/A   25C    P0             37W /  250W |       0MiB /  40960MiB |      0%      Default |
|                                         |                        |             Disabled |
+-----------------------------------------+------------------------+----------------------+

+-----------------------------------------------------------------------------------------+
| Processes:                                                                              |
|  GPU   GI   CI              PID   Type   Process name                        GPU Memory |
|        ID   ID                                                               Usage      |
|=========================================================================================|
|  No running processes found                                                             |
+-----------------------------------------------------------------------------------------+
Using device: cuda
Generating training data...
Generating validation data...
Model parameters: 1,874,304
Using bf16 autocast for forward pass (memory optimization at long context)
Epoch   1/30 | train_loss=4.4015 | val_loss=4.2807 | val_acc=0.1485 | time=5.7s
Epoch   2/30 | train_loss=4.2841 | val_loss=4.2666 | val_acc=0.1855 | time=4.9s
Epoch   3/30 | train_loss=4.2719 | val_loss=4.2584 | val_acc=0.2325 | time=4.9s
Epoch   4/30 | train_loss=4.2676 | val_loss=4.2593 | val_acc=0.2395 | time=4.9s
Epoch   5/30 | train_loss=4.2638 | val_loss=4.2576 | val_acc=0.2230 | time=4.9s
Epoch   6/30 | train_loss=4.2612 | val_loss=4.2546 | val_acc=0.2780 | time=4.9s
Epoch   7/30 | train_loss=4.2610 | val_loss=4.2557 | val_acc=0.2370 | time=4.9s
Epoch   8/30 | train_loss=4.2592 | val_loss=4.2520 | val_acc=0.2935 | time=4.9s
Epoch   9/30 | train_loss=4.2573 | val_loss=4.2549 | val_acc=0.2885 | time=4.9s
Epoch  10/30 | train_loss=4.2573 | val_loss=4.2556 | val_acc=0.2900 | time=4.9s
Epoch  11/30 | train_loss=4.2578 | val_loss=4.2573 | val_acc=0.3095 | time=4.9s
Epoch  12/30 | train_loss=4.2596 | val_loss=4.2556 | val_acc=0.2580 | time=4.9s
Epoch  13/30 | train_loss=4.2596 | val_loss=4.2584 | val_acc=0.2745 | time=4.9s
Epoch  14/30 | train_loss=4.2581 | val_loss=4.2543 | val_acc=0.3335 | time=4.9s
Epoch  15/30 | train_loss=4.2572 | val_loss=4.2552 | val_acc=0.3685 | time=4.9s
Epoch  16/30 | train_loss=4.2563 | val_loss=4.2546 | val_acc=0.3635 | time=4.9s
Epoch  17/30 | train_loss=4.2545 | val_loss=4.2515 | val_acc=0.3635 | time=4.9s
Epoch  18/30 | train_loss=4.2540 | val_loss=4.2540 | val_acc=0.3345 | time=4.9s
Epoch  19/30 | train_loss=4.2553 | val_loss=4.2504 | val_acc=0.3790 | time=4.9s
Epoch  20/30 | train_loss=4.2546 | val_loss=4.2564 | val_acc=0.3655 | time=4.9s
Epoch  21/30 | train_loss=4.2543 | val_loss=4.2516 | val_acc=0.3585 | time=4.9s
Epoch  22/30 | train_loss=4.2541 | val_loss=4.2547 | val_acc=0.3385 | time=4.9s
Epoch  23/30 | train_loss=4.2565 | val_loss=4.2546 | val_acc=0.3340 | time=4.9s
Epoch  24/30 | train_loss=4.2565 | val_loss=4.2598 | val_acc=0.3555 | time=4.9s
Epoch  25/30 | train_loss=4.2576 | val_loss=4.2620 | val_acc=0.2730 | time=4.9s
Epoch  26/30 | train_loss=4.2565 | val_loss=4.2605 | val_acc=0.3410 | time=4.9s
Epoch  27/30 | train_loss=4.2555 | val_loss=4.2584 | val_acc=0.3425 | time=4.9s
Epoch  28/30 | train_loss=4.2557 | val_loss=4.2612 | val_acc=0.3475 | time=4.9s
Epoch  29/30 | train_loss=4.2561 | val_loss=4.2619 | val_acc=0.3800 | time=4.9s
Epoch  30/30 | train_loss=4.2563 | val_loss=4.2579 | val_acc=0.4415 | time=4.9s
Model saved to results/subtle_needle_1layer_stieltjes_q32.0_seq128_fixedcap_ascend/model.pt
Metrics saved to results/subtle_needle_1layer_stieltjes_q32.0_seq128_fixedcap_ascend/metrics.csv
{"checkpoint": "results/subtle_needle_1layer_stieltjes_q32.0_seq128_fixedcap_ascend/model.pt", "task": "needle", "attn": "stieltjes", "q": 32.0, "seq_len": 128, "val_samples": 1000, "seed": 42, "accuracy_fixed": 0.452, "accuracy_all": 0.024105814273904656, "accuracy_input_echo": 0.019336862635831707, "output_token_count": 1000, "input_token_count": 89725, "all_token_count": 90725, "output_start_stats": {"n": 1000, "min": 60, "max": 120, "mean": 89.7249984741211}}
{"checkpoint": "results/subtle_needle_1layer_stieltjes_q32.0_seq128_fixedcap_ascend/model.pt", "task": "needle", "attn": "stieltjes", "q": 32.0, "seq_len": 256, "val_samples": 1000, "seed": 42, "accuracy_fixed": 0.452, "accuracy_all": 0.024105814273904656, "accuracy_input_echo": 0.019336862635831707, "output_token_count": 1000, "input_token_count": 89725, "all_token_count": 90725, "output_start_stats": {"n": 1000, "min": 60, "max": 120, "mean": 89.7249984741211}}
{"checkpoint": "results/subtle_needle_1layer_stieltjes_q32.0_seq128_fixedcap_ascend/model.pt", "task": "needle", "attn": "stieltjes", "q": 32.0, "seq_len": 512, "val_samples": 1000, "seed": 42, "accuracy_fixed": 0.452, "accuracy_all": 0.024105814273904656, "accuracy_input_echo": 0.019336862635831707, "output_token_count": 1000, "input_token_count": 89725, "all_token_count": 90725, "output_start_stats": {"n": 1000, "min": 60, "max": 120, "mean": 89.7249984741211}}
{"checkpoint": "results/subtle_needle_1layer_stieltjes_q32.0_seq128_fixedcap_ascend/model.pt", "task": "needle", "attn": "stieltjes", "q": 32.0, "seq_len": 1024, "val_samples": 1000, "seed": 42, "accuracy_fixed": 0.452, "accuracy_all": 0.024105814273904656, "accuracy_input_echo": 0.019336862635831707, "output_token_count": 1000, "input_token_count": 89725, "all_token_count": 90725, "output_start_stats": {"n": 1000, "min": 60, "max": 120, "mean": 89.7249984741211}}
{"checkpoint": "results/subtle_needle_1layer_stieltjes_q32.0_seq128_fixedcap_ascend/model.pt", "task": "needle", "attn": "stieltjes", "q": 32.0, "seq_len": 2048, "val_samples": 1000, "seed": 42, "accuracy_fixed": 0.013, "accuracy_all": 0.0124993111049876, "accuracy_input_echo": 0.012493730844246308, "output_token_count": 1000, "input_token_count": 89725, "all_token_count": 90725, "output_start_stats": {"n": 1000, "min": 60, "max": 120, "mean": 89.7249984741211}}
{"checkpoint": "results/subtle_needle_1layer_stieltjes_q32.0_seq128_fixedcap_ascend/model.pt", "task": "needle", "attn": "stieltjes", "q": 32.0, "seq_len": 4096, "val_samples": 1000, "seed": 42, "accuracy_fixed": 0.003, "accuracy_all": 0.009203637365665472, "accuracy_input_echo": 0.009272777932571747, "output_token_count": 1000, "input_token_count": 89725, "all_token_count": 90725, "output_start_stats": {"n": 1000, "min": 60, "max": 120, "mean": 89.7249984741211}}
{"checkpoint": "results/subtle_needle_1layer_stieltjes_q32.0_seq128_fixedcap_ascend/model.pt", "task": "needle", "attn": "stieltjes", "q": 32.0, "seq_len": 8192, "val_samples": 1000, "seed": 42, "accuracy_fixed": 0.452, "accuracy_all": 0.023929457150730228, "accuracy_input_echo": 0.019158539983282253, "output_token_count": 1000, "input_token_count": 89725, "all_token_count": 90725, "output_start_stats": {"n": 1000, "min": 60, "max": 120, "mean": 89.7249984741211}}
DONE results/subtle_needle_1layer_stieltjes_q32.0_seq128_fixedcap_ascend
