########## AXIS 2: speed vs SDPA at high context (num_iter=8) ##########
GPU: NVIDIA H100
B=1 H=8 D=64 q=4.0; flash num_iter=8; ref num_iter=8 fp32

provider,N,causal,fwd_ms,fwd_peak_alloc_mb,fwdbwd_ms,fwdbwd_peak_alloc_mb
flashn-fp16,16384,False,55.87,69.27,79.26,188.22
sdpa-fp16,16384,False,1.72,67.63,6.53,202.38
flashn-fp16,32768,False,221.52,138.54,313.91,376.44
sdpa-fp16,32768,False,6.83,135.27,25.83,404.75
flashn-fp16,65536,False,882.56,277.09,1247.58,752.88
sdpa-fp16,65536,False,27.79,270.53,105.41,809.50
flashn-fp16,131072,False,4499.34,554.17,5966.14,1505.76
sdpa-fp16,131072,False,114.13,541.07,414.03,1619.00
flashn-fp16,16384,True,57.42,69.27,74.82,188.22
sdpa-fp16,16384,True,1.06,67.63,3.54,202.38
flashn-fp16,32768,True,228.84,138.54,295.25,376.44
sdpa-fp16,32768,True,3.73,135.27,13.43,404.75
flashn-fp16,65536,True,1080.16,277.09,1349.01,752.88
sdpa-fp16,65536,True,14.14,270.53,53.45,809.50
flashn-fp16,131072,True,5258.37,554.17,6282.08,1505.76
sdpa-fp16,131072,True,56.06,541.07,211.78,1619.00

===== fwd+bwd latency ms (non-causal) =====
      N |     flashn-fp16 |       sdpa-fp16
  16384 |           79.26 |            6.53
  32768 |          313.91 |           25.83
  65536 |         1247.58 |          105.41
 131072 |         5966.14 |          414.03

===== fwd+bwd peak alloc MB (non-causal) =====
      N |     flashn-fp16 |       sdpa-fp16
  16384 |          188.22 |          202.38
  32768 |          376.44 |          404.75
  65536 |          752.88 |          809.50
 131072 |         1505.76 |         1619.00

===== fwd+bwd latency ms (causal) =====
      N |     flashn-fp16 |       sdpa-fp16
  16384 |           74.82 |            3.54
  32768 |          295.25 |           13.43
  65536 |         1349.01 |           53.45
 131072 |         6282.08 |          211.78

===== fwd+bwd peak alloc MB (causal) =====
      N |     flashn-fp16 |       sdpa-fp16
  16384 |          188.22 |          202.38
  32768 |          376.44 |          404.75
  65536 |          752.88 |          809.50
 131072 |         1505.76 |         1619.00

DONE

########## AXIS 1: task quality vs softmax to 512x train length ##########
GPU: NVIDIA H100
seed=0 softmax     : L16=99.9 L32=99.6 L64=98.8 L128=96.4 L256=90.6 L512=79.3 L1024=60.4 L2048=40.5 L4096=30.3 L8192=26.1
seed=0 stj-q2      : L16=99.9 L32=99.6 L64=98.7 L128=95.4 L256=83.4 L512=56.8 L1024=29.7 L2048=16.6 L4096=11.1 L8192=11.8
seed=0 flashn-q2   : L16=99.9 L32=99.6 L64=98.6 L128=95.3 L256=82.3 L512=55.8 L1024=30.8 L2048=15.8 L4096=11.4 L8192=12.1
seed=0 stj-q4      : L16=99.9 L32=99.6 L64=99.0 L128=96.6 L256=89.5 L512=75.3 L1024=49.3 L2048=30.4 L4096=21.2 L8192=16.7
seed=0 flashn-q4   : L16=99.9 L32=99.6 L64=99.1 L128=96.4 L256=89.7 L512=75.5 L1024=50.1 L2048=30.4 L4096=21.6 L8192=17.3
seed=1 softmax     : L16=99.8 L32=99.5 L64=99.0 L128=96.8 L256=90.6 L512=80.4 L1024=60.1 L2048=42.8 L4096=30.7 L8192=26.8
seed=1 stj-q2      : L16=99.7 L32=99.5 L64=98.6 L128=95.4 L256=83.1 L512=59.0 L1024=33.0 L2048=17.4 L4096=11.1 L8192=10.9
seed=1 flashn-q2   : L16=99.7 L32=99.5 L64=98.5 L128=95.1 L256=82.6 L512=58.9 L1024=32.6 L2048=16.6 L4096=11.2 L8192=10.2
seed=1 stj-q4      : L16=99.8 L32=99.5 L64=98.9 L128=96.7 L256=89.0 L512=75.5 L1024=51.2 L2048=31.5 L4096=18.7 L8192=19.1
seed=1 flashn-q4   : L16=99.8 L32=99.5 L64=98.9 L128=96.8 L256=88.7 L512=75.8 L1024=51.4 L2048=31.2 L4096=19.7 L8192=18.4
seed=2 softmax     : L16=99.9 L32=99.6 L64=99.3 L128=96.8 L256=90.1 L512=80.7 L1024=59.3 L2048=42.1 L4096=29.9 L8192=24.5
seed=2 stj-q2      : L16=99.9 L32=99.6 L64=99.1 L128=95.3 L256=84.0 L512=57.4 L1024=31.1 L2048=18.0 L4096=13.1 L8192=12.7
seed=2 flashn-q2   : L16=99.9 L32=99.7 L64=99.1 L128=95.4 L256=84.5 L512=58.4 L1024=30.8 L2048=17.8 L4096=13.7 L8192=13.3
seed=2 stj-q4      : L16=99.9 L32=99.6 L64=99.2 L128=96.7 L256=89.5 L512=77.0 L1024=51.0 L2048=32.2 L4096=20.4 L8192=18.6
seed=2 flashn-q4   : L16=99.9 L32=99.6 L64=99.2 L128=96.7 L256=89.6 L512=77.1 L1024=50.8 L2048=32.0 L4096=19.7 L8192=18.1

===== mean±std over seeds [0, 1, 2] (trained T=16) =====
     softmax |   99.84±0.06   99.58±0.05   99.06±0.20   96.65±0.18   90.46±0.23   80.11±0.59   59.90±0.45   41.80±0.94   30.27±0.32   25.78±0.94
      stj-q2 |   99.82±0.08   99.58±0.05   98.83±0.21   95.38±0.05   83.50±0.37   57.75±0.91   31.25±1.36   17.32±0.56   11.78±0.92   11.82±0.72
   flashn-q2 |   99.82±0.08   99.61±0.08   98.76±0.26   95.28±0.12   83.14±0.95   57.68±1.37   31.38±0.87   16.73±0.80   12.11±1.11   11.85±1.29
      stj-q4 |   99.84±0.06   99.58±0.05   99.06±0.12   96.65±0.05   89.29±0.23   75.91±0.74   50.49±0.83   31.38±0.77   20.08±1.06   18.13±1.04
   flashn-q4 |   99.84±0.06   99.58±0.05   99.09±0.12   96.61±0.17   89.36±0.49   76.11±0.68   50.75±0.52   31.22±0.68   20.35±0.87   17.90±0.45

Δ(stj-q2 − softmax):      -0.02   +0.00   -0.23   -1.27   -6.97  -22.36  -28.65  -24.48  -18.49  -13.96
Δ(flashn-q2 − softmax):   -0.02   +0.03   -0.29   -1.37   -7.32  -22.43  -28.52  -25.07  -18.16  -13.93

Δ(stj-q4 − softmax):      +0.00   +0.00   +0.00   +0.00   -1.17   -4.20   -9.41  -10.42  -10.19   -7.65
Δ(flashn-q4 − softmax):   +0.00   +0.00   +0.03   -0.03   -1.11   -4.00   -9.15  -10.58   -9.93   -7.88

DONE
ALL DONE
