=== SUBTLE cut-embd: stieltjes_q1.0 n_embd=32 n_head=4 ===
Using device: cuda
Generating training data...
Generating validation data...
Model parameters: 21,024
Using bf16 autocast for forward pass (memory optimization at long context)
Epoch   1/30 | train_loss=4.6044 | val_loss=4.3674 | val_acc=0.0115 | time=5.7s
Epoch   2/30 | train_loss=4.3429 | val_loss=4.2964 | val_acc=0.0660 | time=4.6s
Epoch   3/30 | train_loss=4.3022 | val_loss=4.2731 | val_acc=0.0970 | time=4.6s
Epoch   4/30 | train_loss=4.2847 | val_loss=4.2575 | val_acc=0.0900 | time=4.6s
Epoch   5/30 | train_loss=4.2742 | val_loss=4.2512 | val_acc=0.1160 | time=4.6s
Epoch   6/30 | train_loss=4.2673 | val_loss=4.2445 | val_acc=0.1050 | time=4.6s
Epoch   7/30 | train_loss=4.2625 | val_loss=4.2412 | val_acc=0.1445 | time=4.6s
Epoch   8/30 | train_loss=4.2582 | val_loss=4.2357 | val_acc=0.1500 | time=4.6s
Epoch   9/30 | train_loss=4.2544 | val_loss=4.2319 | val_acc=0.1885 | time=4.6s
Epoch  10/30 | train_loss=4.2514 | val_loss=4.2318 | val_acc=0.1840 | time=4.6s
Epoch  11/30 | train_loss=4.2488 | val_loss=4.2286 | val_acc=0.2110 | time=4.6s
Epoch  12/30 | train_loss=4.2464 | val_loss=4.2272 | val_acc=0.1765 | time=4.6s
Epoch  13/30 | train_loss=4.2441 | val_loss=4.2242 | val_acc=0.2135 | time=4.6s
Epoch  14/30 | train_loss=4.2421 | val_loss=4.2232 | val_acc=0.2175 | time=4.6s
Epoch  15/30 | train_loss=4.2409 | val_loss=4.2203 | val_acc=0.2000 | time=4.6s
Epoch  16/30 | train_loss=4.2393 | val_loss=4.2202 | val_acc=0.1995 | time=4.6s
Epoch  17/30 | train_loss=4.2380 | val_loss=4.2192 | val_acc=0.1705 | time=4.6s
Epoch  18/30 | train_loss=4.2372 | val_loss=4.2169 | val_acc=0.1785 | time=4.6s
Epoch  19/30 | train_loss=4.2357 | val_loss=4.2168 | val_acc=0.2060 | time=4.6s
Epoch  20/30 | train_loss=4.2351 | val_loss=4.2161 | val_acc=0.2060 | time=4.6s
Epoch  21/30 | train_loss=4.2340 | val_loss=4.2146 | val_acc=0.2040 | time=4.6s
Epoch  22/30 | train_loss=4.2330 | val_loss=4.2144 | val_acc=0.2240 | time=4.6s
Epoch  23/30 | train_loss=4.2323 | val_loss=4.2122 | val_acc=0.2170 | time=4.6s
Epoch  24/30 | train_loss=4.2321 | val_loss=4.2116 | val_acc=0.2695 | time=4.6s
Epoch  25/30 | train_loss=4.2311 | val_loss=4.2121 | val_acc=0.2210 | time=4.6s
Epoch  26/30 | train_loss=4.2307 | val_loss=4.2104 | val_acc=0.2530 | time=4.6s
Epoch  27/30 | train_loss=4.2299 | val_loss=4.2105 | val_acc=0.2200 | time=4.6s
Epoch  28/30 | train_loss=4.2294 | val_loss=4.2100 | val_acc=0.2160 | time=4.6s
Epoch  29/30 | train_loss=4.2288 | val_loss=4.2094 | val_acc=0.2430 | time=4.6s
Epoch  30/30 | train_loss=4.2284 | val_loss=4.2082 | val_acc=0.2615 | time=4.6s
Model saved to results/subtle_needle_1layer_stieltjes_q1.0_seq128_embd32_h4_initfix_ascend/model.pt
Metrics saved to results/subtle_needle_1layer_stieltjes_q1.0_seq128_embd32_h4_initfix_ascend/metrics.csv
{"checkpoint": "results/subtle_needle_1layer_stieltjes_q1.0_seq128_embd32_h4_initfix_ascend/model.pt", "task": "needle", "attn": "stieltjes", "q": 1.0, "seq_len": 128, "val_samples": 1000, "seed": 42, "accuracy_fixed": 0.271, "accuracy_all": 0.025461559658308073, "accuracy_input_echo": 0.022724993034271383, "output_token_count": 1000, "input_token_count": 89725, "all_token_count": 90725, "output_start_stats": {"n": 1000, "min": 60, "max": 120, "mean": 89.7249984741211}}
{"checkpoint": "results/subtle_needle_1layer_stieltjes_q1.0_seq128_embd32_h4_initfix_ascend/model.pt", "task": "needle", "attn": "stieltjes", "q": 1.0, "seq_len": 256, "val_samples": 1000, "seed": 42, "accuracy_fixed": 0.271, "accuracy_all": 0.025461559658308073, "accuracy_input_echo": 0.022724993034271383, "output_token_count": 1000, "input_token_count": 89725, "all_token_count": 90725, "output_start_stats": {"n": 1000, "min": 60, "max": 120, "mean": 89.7249984741211}}
{"checkpoint": "results/subtle_needle_1layer_stieltjes_q1.0_seq128_embd32_h4_initfix_ascend/model.pt", "task": "needle", "attn": "stieltjes", "q": 1.0, "seq_len": 512, "val_samples": 1000, "seed": 42, "accuracy_fixed": 0.271, "accuracy_all": 0.025461559658308073, "accuracy_input_echo": 0.022724993034271383, "output_token_count": 1000, "input_token_count": 89725, "all_token_count": 90725, "output_start_stats": {"n": 1000, "min": 60, "max": 120, "mean": 89.7249984741211}}
{"checkpoint": "results/subtle_needle_1layer_stieltjes_q1.0_seq128_embd32_h4_initfix_ascend/model.pt", "task": "needle", "attn": "stieltjes", "q": 1.0, "seq_len": 1024, "val_samples": 1000, "seed": 42, "accuracy_fixed": 0.271, "accuracy_all": 0.025461559658308073, "accuracy_input_echo": 0.022724993034271383, "output_token_count": 1000, "input_token_count": 89725, "all_token_count": 90725, "output_start_stats": {"n": 1000, "min": 60, "max": 120, "mean": 89.7249984741211}}
{"checkpoint": "results/subtle_needle_1layer_stieltjes_q1.0_seq128_embd32_h4_initfix_ascend/model.pt", "task": "needle", "attn": "stieltjes", "q": 1.0, "seq_len": 2048, "val_samples": 1000, "seed": 42, "accuracy_fixed": 0.271, "accuracy_all": 0.025461559658308073, "accuracy_input_echo": 0.022724993034271383, "output_token_count": 1000, "input_token_count": 89725, "all_token_count": 90725, "output_start_stats": {"n": 1000, "min": 60, "max": 120, "mean": 89.7249984741211}}
{"checkpoint": "results/subtle_needle_1layer_stieltjes_q1.0_seq128_embd32_h4_initfix_ascend/model.pt", "task": "needle", "attn": "stieltjes", "q": 1.0, "seq_len": 4096, "val_samples": 1000, "seed": 42, "accuracy_fixed": 0.271, "accuracy_all": 0.025461559658308073, "accuracy_input_echo": 0.022724993034271383, "output_token_count": 1000, "input_token_count": 89725, "all_token_count": 90725, "output_start_stats": {"n": 1000, "min": 60, "max": 120, "mean": 89.7249984741211}}
{"checkpoint": "results/subtle_needle_1layer_stieltjes_q1.0_seq128_embd32_h4_initfix_ascend/model.pt", "task": "needle", "attn": "stieltjes", "q": 1.0, "seq_len": 8192, "val_samples": 1000, "seed": 42, "accuracy_fixed": 0.271, "accuracy_all": 0.025461559658308073, "accuracy_input_echo": 0.022724993034271383, "output_token_count": 1000, "input_token_count": 89725, "all_token_count": 90725, "output_start_stats": {"n": 1000, "min": 60, "max": 120, "mean": 89.7249984741211}}
DONE results/subtle_needle_1layer_stieltjes_q1.0_seq128_embd32_h4_initfix_ascend
