=== SUBTLE cut-embd: stieltjes_q2.0 n_embd=32 n_head=4 ===
Using device: cuda
Generating training data...
Generating validation data...
Model parameters: 21,024
Using bf16 autocast for forward pass (memory optimization at long context)
Epoch   1/30 | train_loss=4.6022 | val_loss=4.3680 | val_acc=0.0130 | time=5.6s
Epoch   2/30 | train_loss=4.3399 | val_loss=4.2909 | val_acc=0.0655 | time=4.6s
Epoch   3/30 | train_loss=4.2975 | val_loss=4.2679 | val_acc=0.0995 | time=4.5s
Epoch   4/30 | train_loss=4.2803 | val_loss=4.2524 | val_acc=0.1210 | time=4.5s
Epoch   5/30 | train_loss=4.2698 | val_loss=4.2442 | val_acc=0.1320 | time=4.5s
Epoch   6/30 | train_loss=4.2627 | val_loss=4.2376 | val_acc=0.1465 | time=4.5s
Epoch   7/30 | train_loss=4.2571 | val_loss=4.2335 | val_acc=0.1280 | time=4.5s
Epoch   8/30 | train_loss=4.2523 | val_loss=4.2289 | val_acc=0.1805 | time=4.5s
Epoch   9/30 | train_loss=4.2487 | val_loss=4.2253 | val_acc=0.1975 | time=4.5s
Epoch  10/30 | train_loss=4.2460 | val_loss=4.2234 | val_acc=0.1970 | time=4.5s
Epoch  11/30 | train_loss=4.2437 | val_loss=4.2219 | val_acc=0.2285 | time=4.5s
Epoch  12/30 | train_loss=4.2419 | val_loss=4.2194 | val_acc=0.2375 | time=4.5s
Epoch  13/30 | train_loss=4.2401 | val_loss=4.2173 | val_acc=0.2700 | time=4.5s
Epoch  14/30 | train_loss=4.2383 | val_loss=4.2166 | val_acc=0.2570 | time=4.5s
Epoch  15/30 | train_loss=4.2373 | val_loss=4.2157 | val_acc=0.2275 | time=4.5s
Epoch  16/30 | train_loss=4.2361 | val_loss=4.2149 | val_acc=0.2655 | time=4.5s
Epoch  17/30 | train_loss=4.2350 | val_loss=4.2131 | val_acc=0.2780 | time=4.5s
Epoch  18/30 | train_loss=4.2341 | val_loss=4.2121 | val_acc=0.2750 | time=4.5s
Epoch  19/30 | train_loss=4.2328 | val_loss=4.2116 | val_acc=0.3360 | time=4.5s
Epoch  20/30 | train_loss=4.2322 | val_loss=4.2109 | val_acc=0.3265 | time=4.5s
Epoch  21/30 | train_loss=4.2313 | val_loss=4.2099 | val_acc=0.3540 | time=4.5s
Epoch  22/30 | train_loss=4.2304 | val_loss=4.2087 | val_acc=0.3425 | time=4.5s
Epoch  23/30 | train_loss=4.2295 | val_loss=4.2079 | val_acc=0.3680 | time=4.5s
Epoch  24/30 | train_loss=4.2292 | val_loss=4.2076 | val_acc=0.3795 | time=4.5s
Epoch  25/30 | train_loss=4.2284 | val_loss=4.2070 | val_acc=0.3670 | time=4.5s
Epoch  26/30 | train_loss=4.2278 | val_loss=4.2070 | val_acc=0.3795 | time=4.5s
Epoch  27/30 | train_loss=4.2272 | val_loss=4.2064 | val_acc=0.4025 | time=4.5s
Epoch  28/30 | train_loss=4.2268 | val_loss=4.2058 | val_acc=0.4330 | time=4.5s
Epoch  29/30 | train_loss=4.2260 | val_loss=4.2053 | val_acc=0.4090 | time=4.5s
Epoch  30/30 | train_loss=4.2257 | val_loss=4.2045 | val_acc=0.4440 | time=4.5s
Model saved to results/subtle_needle_1layer_stieltjes_q2.0_seq128_embd32_h4_initfix_ascend/model.pt
Metrics saved to results/subtle_needle_1layer_stieltjes_q2.0_seq128_embd32_h4_initfix_ascend/metrics.csv
{"checkpoint": "results/subtle_needle_1layer_stieltjes_q2.0_seq128_embd32_h4_initfix_ascend/model.pt", "task": "needle", "attn": "stieltjes", "q": 2.0, "seq_len": 128, "val_samples": 1000, "seed": 42, "accuracy_fixed": 0.444, "accuracy_all": 0.027158996968861947, "accuracy_input_echo": 0.022513234884368905, "output_token_count": 1000, "input_token_count": 89725, "all_token_count": 90725, "output_start_stats": {"n": 1000, "min": 60, "max": 120, "mean": 89.7249984741211}}
{"checkpoint": "results/subtle_needle_1layer_stieltjes_q2.0_seq128_embd32_h4_initfix_ascend/model.pt", "task": "needle", "attn": "stieltjes", "q": 2.0, "seq_len": 256, "val_samples": 1000, "seed": 42, "accuracy_fixed": 0.444, "accuracy_all": 0.027158996968861947, "accuracy_input_echo": 0.022513234884368905, "output_token_count": 1000, "input_token_count": 89725, "all_token_count": 90725, "output_start_stats": {"n": 1000, "min": 60, "max": 120, "mean": 89.7249984741211}}
{"checkpoint": "results/subtle_needle_1layer_stieltjes_q2.0_seq128_embd32_h4_initfix_ascend/model.pt", "task": "needle", "attn": "stieltjes", "q": 2.0, "seq_len": 512, "val_samples": 1000, "seed": 42, "accuracy_fixed": 0.444, "accuracy_all": 0.027158996968861947, "accuracy_input_echo": 0.022513234884368905, "output_token_count": 1000, "input_token_count": 89725, "all_token_count": 90725, "output_start_stats": {"n": 1000, "min": 60, "max": 120, "mean": 89.7249984741211}}
{"checkpoint": "results/subtle_needle_1layer_stieltjes_q2.0_seq128_embd32_h4_initfix_ascend/model.pt", "task": "needle", "attn": "stieltjes", "q": 2.0, "seq_len": 1024, "val_samples": 1000, "seed": 42, "accuracy_fixed": 0.444, "accuracy_all": 0.027158996968861947, "accuracy_input_echo": 0.022513234884368905, "output_token_count": 1000, "input_token_count": 89725, "all_token_count": 90725, "output_start_stats": {"n": 1000, "min": 60, "max": 120, "mean": 89.7249984741211}}
{"checkpoint": "results/subtle_needle_1layer_stieltjes_q2.0_seq128_embd32_h4_initfix_ascend/model.pt", "task": "needle", "attn": "stieltjes", "q": 2.0, "seq_len": 2048, "val_samples": 1000, "seed": 42, "accuracy_fixed": 0.444, "accuracy_all": 0.027158996968861947, "accuracy_input_echo": 0.022513234884368905, "output_token_count": 1000, "input_token_count": 89725, "all_token_count": 90725, "output_start_stats": {"n": 1000, "min": 60, "max": 120, "mean": 89.7249984741211}}
{"checkpoint": "results/subtle_needle_1layer_stieltjes_q2.0_seq128_embd32_h4_initfix_ascend/model.pt", "task": "needle", "attn": "stieltjes", "q": 2.0, "seq_len": 4096, "val_samples": 1000, "seed": 42, "accuracy_fixed": 0.444, "accuracy_all": 0.027158996968861947, "accuracy_input_echo": 0.022513234884368905, "output_token_count": 1000, "input_token_count": 89725, "all_token_count": 90725, "output_start_stats": {"n": 1000, "min": 60, "max": 120, "mean": 89.7249984741211}}
{"checkpoint": "results/subtle_needle_1layer_stieltjes_q2.0_seq128_embd32_h4_initfix_ascend/model.pt", "task": "needle", "attn": "stieltjes", "q": 2.0, "seq_len": 8192, "val_samples": 1000, "seed": 42, "accuracy_fixed": 0.444, "accuracy_all": 0.027158996968861947, "accuracy_input_echo": 0.022513234884368905, "output_token_count": 1000, "input_token_count": 89725, "all_token_count": 90725, "output_start_stats": {"n": 1000, "min": 60, "max": 120, "mean": 89.7249984741211}}
DONE results/subtle_needle_1layer_stieltjes_q2.0_seq128_embd32_h4_initfix_ascend
