=== SUBTLE cut-embd: stieltjes_q32.0 n_embd=32 n_head=4 ===
Using device: cuda
Generating training data...
Generating validation data...
Model parameters: 21,024
Using bf16 autocast for forward pass (memory optimization at long context)
Epoch   1/30 | train_loss=4.6198 | val_loss=4.3791 | val_acc=0.0000 | time=5.7s
Epoch   2/30 | train_loss=4.3493 | val_loss=4.2972 | val_acc=0.0460 | time=4.6s
Epoch   3/30 | train_loss=4.3044 | val_loss=4.2739 | val_acc=0.0635 | time=4.6s
Epoch   4/30 | train_loss=4.2884 | val_loss=4.2613 | val_acc=0.1075 | time=4.6s
Epoch   5/30 | train_loss=4.2778 | val_loss=4.2511 | val_acc=0.1465 | time=4.6s
Epoch   6/30 | train_loss=4.2704 | val_loss=4.2453 | val_acc=0.1735 | time=4.6s
Epoch   7/30 | train_loss=4.2650 | val_loss=4.2410 | val_acc=0.1615 | time=4.6s
Epoch   8/30 | train_loss=4.2608 | val_loss=4.2373 | val_acc=0.1770 | time=4.6s
Epoch   9/30 | train_loss=4.2576 | val_loss=4.2355 | val_acc=0.1735 | time=4.6s
Epoch  10/30 | train_loss=4.2548 | val_loss=4.2329 | val_acc=0.2080 | time=4.6s
Epoch  11/30 | train_loss=4.2523 | val_loss=4.2302 | val_acc=0.2580 | time=4.6s
Epoch  12/30 | train_loss=4.2506 | val_loss=4.2279 | val_acc=0.3050 | time=4.6s
Epoch  13/30 | train_loss=4.2485 | val_loss=4.2262 | val_acc=0.3215 | time=4.6s
Epoch  14/30 | train_loss=4.2467 | val_loss=4.2247 | val_acc=0.3075 | time=4.6s
Epoch  15/30 | train_loss=4.2455 | val_loss=4.2234 | val_acc=0.3615 | time=4.6s
Epoch  16/30 | train_loss=4.2441 | val_loss=4.2225 | val_acc=0.3810 | time=4.6s
Epoch  17/30 | train_loss=4.2428 | val_loss=4.2204 | val_acc=0.3945 | time=4.6s
Epoch  18/30 | train_loss=4.2415 | val_loss=4.2195 | val_acc=0.4030 | time=4.6s
Epoch  19/30 | train_loss=4.2402 | val_loss=4.2186 | val_acc=0.4565 | time=4.6s
Epoch  20/30 | train_loss=4.2394 | val_loss=4.2174 | val_acc=0.4315 | time=4.6s
Epoch  21/30 | train_loss=4.2384 | val_loss=4.2173 | val_acc=0.4580 | time=4.6s
Epoch  22/30 | train_loss=4.2372 | val_loss=4.2163 | val_acc=0.4830 | time=4.6s
Epoch  23/30 | train_loss=4.2364 | val_loss=4.2140 | val_acc=0.5000 | time=4.6s
Epoch  24/30 | train_loss=4.2363 | val_loss=4.2140 | val_acc=0.5310 | time=4.6s
Epoch  25/30 | train_loss=4.2351 | val_loss=4.2128 | val_acc=0.5045 | time=4.6s
Epoch  26/30 | train_loss=4.2345 | val_loss=4.2121 | val_acc=0.5285 | time=4.6s
Epoch  27/30 | train_loss=4.2339 | val_loss=4.2118 | val_acc=0.5650 | time=4.6s
Epoch  28/30 | train_loss=4.2330 | val_loss=4.2107 | val_acc=0.5485 | time=4.6s
Epoch  29/30 | train_loss=4.2324 | val_loss=4.2103 | val_acc=0.5565 | time=4.6s
Epoch  30/30 | train_loss=4.2318 | val_loss=4.2098 | val_acc=0.5680 | time=4.6s
Model saved to results/subtle_needle_1layer_stieltjes_q32.0_seq128_embd32_h4_initfix_ascend/model.pt
Metrics saved to results/subtle_needle_1layer_stieltjes_q32.0_seq128_embd32_h4_initfix_ascend/metrics.csv
{"checkpoint": "results/subtle_needle_1layer_stieltjes_q32.0_seq128_embd32_h4_initfix_ascend/model.pt", "task": "needle", "attn": "stieltjes", "q": 32.0, "seq_len": 128, "val_samples": 1000, "seed": 42, "accuracy_fixed": 0.564, "accuracy_all": 0.027379443372829982, "accuracy_input_echo": 0.021398718305934802, "output_token_count": 1000, "input_token_count": 89725, "all_token_count": 90725, "output_start_stats": {"n": 1000, "min": 60, "max": 120, "mean": 89.7249984741211}}
{"checkpoint": "results/subtle_needle_1layer_stieltjes_q32.0_seq128_embd32_h4_initfix_ascend/model.pt", "task": "needle", "attn": "stieltjes", "q": 32.0, "seq_len": 256, "val_samples": 1000, "seed": 42, "accuracy_fixed": 0.564, "accuracy_all": 0.027379443372829982, "accuracy_input_echo": 0.021398718305934802, "output_token_count": 1000, "input_token_count": 89725, "all_token_count": 90725, "output_start_stats": {"n": 1000, "min": 60, "max": 120, "mean": 89.7249984741211}}
{"checkpoint": "results/subtle_needle_1layer_stieltjes_q32.0_seq128_embd32_h4_initfix_ascend/model.pt", "task": "needle", "attn": "stieltjes", "q": 32.0, "seq_len": 512, "val_samples": 1000, "seed": 42, "accuracy_fixed": 0.564, "accuracy_all": 0.027379443372829982, "accuracy_input_echo": 0.021398718305934802, "output_token_count": 1000, "input_token_count": 89725, "all_token_count": 90725, "output_start_stats": {"n": 1000, "min": 60, "max": 120, "mean": 89.7249984741211}}
{"checkpoint": "results/subtle_needle_1layer_stieltjes_q32.0_seq128_embd32_h4_initfix_ascend/model.pt", "task": "needle", "attn": "stieltjes", "q": 32.0, "seq_len": 1024, "val_samples": 1000, "seed": 42, "accuracy_fixed": 0.564, "accuracy_all": 0.027379443372829982, "accuracy_input_echo": 0.021398718305934802, "output_token_count": 1000, "input_token_count": 89725, "all_token_count": 90725, "output_start_stats": {"n": 1000, "min": 60, "max": 120, "mean": 89.7249984741211}}
{"checkpoint": "results/subtle_needle_1layer_stieltjes_q32.0_seq128_embd32_h4_initfix_ascend/model.pt", "task": "needle", "attn": "stieltjes", "q": 32.0, "seq_len": 2048, "val_samples": 1000, "seed": 42, "accuracy_fixed": 0.564, "accuracy_all": 0.027379443372829982, "accuracy_input_echo": 0.021398718305934802, "output_token_count": 1000, "input_token_count": 89725, "all_token_count": 90725, "output_start_stats": {"n": 1000, "min": 60, "max": 120, "mean": 89.7249984741211}}
{"checkpoint": "results/subtle_needle_1layer_stieltjes_q32.0_seq128_embd32_h4_initfix_ascend/model.pt", "task": "needle", "attn": "stieltjes", "q": 32.0, "seq_len": 4096, "val_samples": 1000, "seed": 42, "accuracy_fixed": 0.564, "accuracy_all": 0.027379443372829982, "accuracy_input_echo": 0.021398718305934802, "output_token_count": 1000, "input_token_count": 89725, "all_token_count": 90725, "output_start_stats": {"n": 1000, "min": 60, "max": 120, "mean": 89.7249984741211}}
{"checkpoint": "results/subtle_needle_1layer_stieltjes_q32.0_seq128_embd32_h4_initfix_ascend/model.pt", "task": "needle", "attn": "stieltjes", "q": 32.0, "seq_len": 8192, "val_samples": 1000, "seed": 42, "accuracy_fixed": 0.564, "accuracy_all": 0.027379443372829982, "accuracy_input_echo": 0.021398718305934802, "output_token_count": 1000, "input_token_count": 89725, "all_token_count": 90725, "output_start_stats": {"n": 1000, "min": 60, "max": 120, "mean": 89.7249984741211}}
DONE results/subtle_needle_1layer_stieltjes_q32.0_seq128_embd32_h4_initfix_ascend
