=== SUBTLE cut-embd: stieltjes_q4.0 n_embd=32 n_head=4 ===
Using device: cuda
Generating training data...
Generating validation data...
Model parameters: 21,024
Using bf16 autocast for forward pass (memory optimization at long context)
Epoch   1/30 | train_loss=4.6027 | val_loss=4.3617 | val_acc=0.0265 | time=5.6s
Epoch   2/30 | train_loss=4.3372 | val_loss=4.2892 | val_acc=0.0705 | time=4.5s
Epoch   3/30 | train_loss=4.2952 | val_loss=4.2652 | val_acc=0.0955 | time=4.5s
Epoch   4/30 | train_loss=4.2779 | val_loss=4.2510 | val_acc=0.1565 | time=4.5s
Epoch   5/30 | train_loss=4.2688 | val_loss=4.2436 | val_acc=0.1375 | time=4.5s
Epoch   6/30 | train_loss=4.2623 | val_loss=4.2376 | val_acc=0.1745 | time=4.5s
Epoch   7/30 | train_loss=4.2572 | val_loss=4.2330 | val_acc=0.1655 | time=4.5s
Epoch   8/30 | train_loss=4.2529 | val_loss=4.2294 | val_acc=0.1800 | time=4.5s
Epoch   9/30 | train_loss=4.2496 | val_loss=4.2263 | val_acc=0.2155 | time=4.5s
Epoch  10/30 | train_loss=4.2468 | val_loss=4.2241 | val_acc=0.2320 | time=4.5s
Epoch  11/30 | train_loss=4.2441 | val_loss=4.2224 | val_acc=0.2345 | time=4.5s
Epoch  12/30 | train_loss=4.2423 | val_loss=4.2199 | val_acc=0.2435 | time=4.5s
Epoch  13/30 | train_loss=4.2402 | val_loss=4.2174 | val_acc=0.2480 | time=4.5s
Epoch  14/30 | train_loss=4.2383 | val_loss=4.2169 | val_acc=0.2425 | time=4.5s
Epoch  15/30 | train_loss=4.2370 | val_loss=4.2150 | val_acc=0.2545 | time=4.5s
Epoch  16/30 | train_loss=4.2359 | val_loss=4.2138 | val_acc=0.3175 | time=4.5s
Epoch  17/30 | train_loss=4.2345 | val_loss=4.2128 | val_acc=0.3150 | time=4.5s
Epoch  18/30 | train_loss=4.2336 | val_loss=4.2116 | val_acc=0.3060 | time=4.5s
Epoch  19/30 | train_loss=4.2322 | val_loss=4.2111 | val_acc=0.3540 | time=4.5s
Epoch  20/30 | train_loss=4.2315 | val_loss=4.2109 | val_acc=0.3230 | time=4.5s
Epoch  21/30 | train_loss=4.2305 | val_loss=4.2099 | val_acc=0.3455 | time=4.5s
Epoch  22/30 | train_loss=4.2295 | val_loss=4.2087 | val_acc=0.3915 | time=4.5s
Epoch  23/30 | train_loss=4.2288 | val_loss=4.2073 | val_acc=0.3940 | time=4.5s
Epoch  24/30 | train_loss=4.2286 | val_loss=4.2075 | val_acc=0.4260 | time=4.5s
Epoch  25/30 | train_loss=4.2276 | val_loss=4.2072 | val_acc=0.3845 | time=4.5s
Epoch  26/30 | train_loss=4.2271 | val_loss=4.2062 | val_acc=0.4195 | time=4.5s
Epoch  27/30 | train_loss=4.2263 | val_loss=4.2060 | val_acc=0.4125 | time=4.5s
Epoch  28/30 | train_loss=4.2258 | val_loss=4.2056 | val_acc=0.4410 | time=4.5s
Epoch  29/30 | train_loss=4.2252 | val_loss=4.2045 | val_acc=0.4345 | time=4.5s
Epoch  30/30 | train_loss=4.2247 | val_loss=4.2040 | val_acc=0.4575 | time=4.5s
Model saved to results/subtle_needle_1layer_stieltjes_q4.0_seq128_embd32_h4_initfix_ascend/model.pt
Metrics saved to results/subtle_needle_1layer_stieltjes_q4.0_seq128_embd32_h4_initfix_ascend/metrics.csv
{"checkpoint": "results/subtle_needle_1layer_stieltjes_q4.0_seq128_embd32_h4_initfix_ascend/model.pt", "task": "needle", "attn": "stieltjes", "q": 4.0, "seq_len": 128, "val_samples": 1000, "seed": 42, "accuracy_fixed": 0.452, "accuracy_all": 0.026982639845687516, "accuracy_input_echo": 0.02224575090554472, "output_token_count": 1000, "input_token_count": 89725, "all_token_count": 90725, "output_start_stats": {"n": 1000, "min": 60, "max": 120, "mean": 89.7249984741211}}
{"checkpoint": "results/subtle_needle_1layer_stieltjes_q4.0_seq128_embd32_h4_initfix_ascend/model.pt", "task": "needle", "attn": "stieltjes", "q": 4.0, "seq_len": 256, "val_samples": 1000, "seed": 42, "accuracy_fixed": 0.452, "accuracy_all": 0.026982639845687516, "accuracy_input_echo": 0.02224575090554472, "output_token_count": 1000, "input_token_count": 89725, "all_token_count": 90725, "output_start_stats": {"n": 1000, "min": 60, "max": 120, "mean": 89.7249984741211}}
{"checkpoint": "results/subtle_needle_1layer_stieltjes_q4.0_seq128_embd32_h4_initfix_ascend/model.pt", "task": "needle", "attn": "stieltjes", "q": 4.0, "seq_len": 512, "val_samples": 1000, "seed": 42, "accuracy_fixed": 0.452, "accuracy_all": 0.026982639845687516, "accuracy_input_echo": 0.02224575090554472, "output_token_count": 1000, "input_token_count": 89725, "all_token_count": 90725, "output_start_stats": {"n": 1000, "min": 60, "max": 120, "mean": 89.7249984741211}}
{"checkpoint": "results/subtle_needle_1layer_stieltjes_q4.0_seq128_embd32_h4_initfix_ascend/model.pt", "task": "needle", "attn": "stieltjes", "q": 4.0, "seq_len": 1024, "val_samples": 1000, "seed": 42, "accuracy_fixed": 0.452, "accuracy_all": 0.026982639845687516, "accuracy_input_echo": 0.02224575090554472, "output_token_count": 1000, "input_token_count": 89725, "all_token_count": 90725, "output_start_stats": {"n": 1000, "min": 60, "max": 120, "mean": 89.7249984741211}}
{"checkpoint": "results/subtle_needle_1layer_stieltjes_q4.0_seq128_embd32_h4_initfix_ascend/model.pt", "task": "needle", "attn": "stieltjes", "q": 4.0, "seq_len": 2048, "val_samples": 1000, "seed": 42, "accuracy_fixed": 0.452, "accuracy_all": 0.026982639845687516, "accuracy_input_echo": 0.02224575090554472, "output_token_count": 1000, "input_token_count": 89725, "all_token_count": 90725, "output_start_stats": {"n": 1000, "min": 60, "max": 120, "mean": 89.7249984741211}}
{"checkpoint": "results/subtle_needle_1layer_stieltjes_q4.0_seq128_embd32_h4_initfix_ascend/model.pt", "task": "needle", "attn": "stieltjes", "q": 4.0, "seq_len": 4096, "val_samples": 1000, "seed": 42, "accuracy_fixed": 0.452, "accuracy_all": 0.026982639845687516, "accuracy_input_echo": 0.02224575090554472, "output_token_count": 1000, "input_token_count": 89725, "all_token_count": 90725, "output_start_stats": {"n": 1000, "min": 60, "max": 120, "mean": 89.7249984741211}}
{"checkpoint": "results/subtle_needle_1layer_stieltjes_q4.0_seq128_embd32_h4_initfix_ascend/model.pt", "task": "needle", "attn": "stieltjes", "q": 4.0, "seq_len": 8192, "val_samples": 1000, "seed": 42, "accuracy_fixed": 0.452, "accuracy_all": 0.026982639845687516, "accuracy_input_echo": 0.02224575090554472, "output_token_count": 1000, "input_token_count": 89725, "all_token_count": 90725, "output_start_stats": {"n": 1000, "min": 60, "max": 120, "mean": 89.7249984741211}}
DONE results/subtle_needle_1layer_stieltjes_q4.0_seq128_embd32_h4_initfix_ascend
