=== TOP2 needle: stieltjes_q2.0 seq=128 ===
Using device: cuda
Generating training data...
Generating validation data...
Model parameters: 66,624
Using bf16 autocast for forward pass (memory optimization at long context)
Epoch   1/30 | train_loss=4.4793 | val_loss=4.3105 | val_acc=0.0030 | time=5.1s
Epoch   2/30 | train_loss=4.2896 | val_loss=4.2690 | val_acc=0.0595 | time=4.7s
Epoch   3/30 | train_loss=4.2572 | val_loss=4.2420 | val_acc=0.1537 | time=4.7s
Epoch   4/30 | train_loss=4.2402 | val_loss=4.2307 | val_acc=0.1923 | time=4.7s
Epoch   5/30 | train_loss=4.2304 | val_loss=4.2209 | val_acc=0.2265 | time=4.7s
Epoch   6/30 | train_loss=4.2235 | val_loss=4.2151 | val_acc=0.2552 | time=4.7s
Epoch   7/30 | train_loss=4.2182 | val_loss=4.2124 | val_acc=0.2855 | time=4.7s
Epoch   8/30 | train_loss=4.2135 | val_loss=4.2067 | val_acc=0.2995 | time=4.7s
Epoch   9/30 | train_loss=4.2097 | val_loss=4.2030 | val_acc=0.2983 | time=4.7s
Epoch  10/30 | train_loss=4.2064 | val_loss=4.2004 | val_acc=0.3265 | time=4.7s
Epoch  11/30 | train_loss=4.2033 | val_loss=4.1976 | val_acc=0.3565 | time=4.7s
Epoch  12/30 | train_loss=4.2007 | val_loss=4.1941 | val_acc=0.3802 | time=4.7s
Epoch  13/30 | train_loss=4.1983 | val_loss=4.1944 | val_acc=0.3760 | time=4.7s
Epoch  14/30 | train_loss=4.1963 | val_loss=4.1905 | val_acc=0.4068 | time=4.7s
Epoch  15/30 | train_loss=4.1943 | val_loss=4.1893 | val_acc=0.4118 | time=4.7s
Epoch  16/30 | train_loss=4.1921 | val_loss=4.1855 | val_acc=0.4223 | time=4.7s
Epoch  17/30 | train_loss=4.1903 | val_loss=4.1840 | val_acc=0.4315 | time=4.7s
Epoch  18/30 | train_loss=4.1882 | val_loss=4.1836 | val_acc=0.4275 | time=4.7s
Epoch  19/30 | train_loss=4.1871 | val_loss=4.1820 | val_acc=0.4405 | time=4.7s
Epoch  20/30 | train_loss=4.1858 | val_loss=4.1808 | val_acc=0.4635 | time=4.7s
Epoch  21/30 | train_loss=4.1848 | val_loss=4.1787 | val_acc=0.4720 | time=4.7s
Epoch  22/30 | train_loss=4.1834 | val_loss=4.1773 | val_acc=0.4885 | time=4.7s
Epoch  23/30 | train_loss=4.1827 | val_loss=4.1784 | val_acc=0.4868 | time=4.7s
Epoch  24/30 | train_loss=4.1815 | val_loss=4.1763 | val_acc=0.4970 | time=4.7s
Epoch  25/30 | train_loss=4.1812 | val_loss=4.1756 | val_acc=0.4995 | time=4.7s
Epoch  26/30 | train_loss=4.1801 | val_loss=4.1743 | val_acc=0.5202 | time=4.7s
Epoch  27/30 | train_loss=4.1793 | val_loss=4.1756 | val_acc=0.5140 | time=4.7s
Epoch  28/30 | train_loss=4.1789 | val_loss=4.1730 | val_acc=0.5272 | time=4.7s
Epoch  29/30 | train_loss=4.1781 | val_loss=4.1729 | val_acc=0.5367 | time=4.7s
Epoch  30/30 | train_loss=4.1779 | val_loss=4.1729 | val_acc=0.5377 | time=4.6s
Model saved to results/top2_needle_1layer_stieltjes_q2.0_seq128_1head_ascend/model.pt
Metrics saved to results/top2_needle_1layer_stieltjes_q2.0_seq128_1head_ascend/metrics.csv
{"checkpoint": "results/top2_needle_1layer_stieltjes_q2.0_seq128_1head_ascend/model.pt", "task": "top2_needle", "attn": "stieltjes", "q": 2.0, "seq_len": 128, "val_samples": 1000, "seed": 42, "accuracy_fixed": 0.5375, "accuracy_all": 0.03294550310300669, "accuracy_input_echo": 0.02165325694079205, "output_token_count": 2000, "input_token_count": 89363, "all_token_count": 91363, "output_start_stats": {"n": 1000, "min": 60, "max": 120, "mean": 89.36299896240234}}
{"checkpoint": "results/top2_needle_1layer_stieltjes_q2.0_seq128_1head_ascend/model.pt", "task": "top2_needle", "attn": "stieltjes", "q": 2.0, "seq_len": 256, "val_samples": 1000, "seed": 42, "accuracy_fixed": 0.5375, "accuracy_all": 0.03294550310300669, "accuracy_input_echo": 0.02165325694079205, "output_token_count": 2000, "input_token_count": 89363, "all_token_count": 91363, "output_start_stats": {"n": 1000, "min": 60, "max": 120, "mean": 89.36299896240234}}
{"checkpoint": "results/top2_needle_1layer_stieltjes_q2.0_seq128_1head_ascend/model.pt", "task": "top2_needle", "attn": "stieltjes", "q": 2.0, "seq_len": 512, "val_samples": 1000, "seed": 42, "accuracy_fixed": 0.5375, "accuracy_all": 0.03294550310300669, "accuracy_input_echo": 0.02165325694079205, "output_token_count": 2000, "input_token_count": 89363, "all_token_count": 91363, "output_start_stats": {"n": 1000, "min": 60, "max": 120, "mean": 89.36299896240234}}
{"checkpoint": "results/top2_needle_1layer_stieltjes_q2.0_seq128_1head_ascend/model.pt", "task": "top2_needle", "attn": "stieltjes", "q": 2.0, "seq_len": 1024, "val_samples": 1000, "seed": 42, "accuracy_fixed": 0.5375, "accuracy_all": 0.03294550310300669, "accuracy_input_echo": 0.02165325694079205, "output_token_count": 2000, "input_token_count": 89363, "all_token_count": 91363, "output_start_stats": {"n": 1000, "min": 60, "max": 120, "mean": 89.36299896240234}}
{"checkpoint": "results/top2_needle_1layer_stieltjes_q2.0_seq128_1head_ascend/model.pt", "task": "top2_needle", "attn": "stieltjes", "q": 2.0, "seq_len": 2048, "val_samples": 1000, "seed": 42, "accuracy_fixed": 0.0235, "accuracy_all": 0.01067171612140582, "accuracy_input_echo": 0.01038461108064859, "output_token_count": 2000, "input_token_count": 89363, "all_token_count": 91363, "output_start_stats": {"n": 1000, "min": 60, "max": 120, "mean": 89.36299896240234}}
{"checkpoint": "results/top2_needle_1layer_stieltjes_q2.0_seq128_1head_ascend/model.pt", "task": "top2_needle", "attn": "stieltjes", "q": 2.0, "seq_len": 4096, "val_samples": 1000, "seed": 42, "accuracy_fixed": 0.282, "accuracy_all": 0.0194936681151013, "accuracy_input_echo": 0.013618611729686782, "output_token_count": 2000, "input_token_count": 89363, "all_token_count": 91363, "output_start_stats": {"n": 1000, "min": 60, "max": 120, "mean": 89.36299896240234}}
{"checkpoint": "results/top2_needle_1layer_stieltjes_q2.0_seq128_1head_ascend/model.pt", "task": "top2_needle", "attn": "stieltjes", "q": 2.0, "seq_len": 8192, "val_samples": 1000, "seed": 42, "accuracy_fixed": 0.5305, "accuracy_all": 0.03301117520221534, "accuracy_input_echo": 0.02187706321408189, "output_token_count": 2000, "input_token_count": 89363, "all_token_count": 91363, "output_start_stats": {"n": 1000, "min": 60, "max": 120, "mean": 89.36299896240234}}
DONE results/top2_needle_1layer_stieltjes_q2.0_seq128_1head_ascend
