=== TOP2 cut-embd: stieltjes_q4.0 n_embd=32 n_head=4 ===
Using device: cuda
Generating training data...
Generating validation data...
Model parameters: 21,024
Using bf16 autocast for forward pass (memory optimization at long context)
Epoch   1/30 | train_loss=4.5959 | val_loss=4.3661 | val_acc=0.0032 | time=5.7s
Epoch   2/30 | train_loss=4.3215 | val_loss=4.2857 | val_acc=0.0485 | time=4.6s
Epoch   3/30 | train_loss=4.2728 | val_loss=4.2574 | val_acc=0.0767 | time=4.6s
Epoch   4/30 | train_loss=4.2534 | val_loss=4.2428 | val_acc=0.0872 | time=4.6s
Epoch   5/30 | train_loss=4.2420 | val_loss=4.2337 | val_acc=0.1300 | time=4.6s
Epoch   6/30 | train_loss=4.2342 | val_loss=4.2248 | val_acc=0.1442 | time=4.6s
Epoch   7/30 | train_loss=4.2276 | val_loss=4.2185 | val_acc=0.1570 | time=4.6s
Epoch   8/30 | train_loss=4.2223 | val_loss=4.2136 | val_acc=0.1888 | time=4.6s
Epoch   9/30 | train_loss=4.2181 | val_loss=4.2100 | val_acc=0.2107 | time=4.6s
Epoch  10/30 | train_loss=4.2140 | val_loss=4.2059 | val_acc=0.2525 | time=4.6s
Epoch  11/30 | train_loss=4.2110 | val_loss=4.2030 | val_acc=0.2615 | time=4.6s
Epoch  12/30 | train_loss=4.2081 | val_loss=4.1998 | val_acc=0.2752 | time=4.6s
Epoch  13/30 | train_loss=4.2058 | val_loss=4.1982 | val_acc=0.2863 | time=4.6s
Epoch  14/30 | train_loss=4.2037 | val_loss=4.1969 | val_acc=0.3322 | time=4.6s
Epoch  15/30 | train_loss=4.2018 | val_loss=4.1951 | val_acc=0.3065 | time=4.6s
Epoch  16/30 | train_loss=4.1995 | val_loss=4.1928 | val_acc=0.3152 | time=4.6s
Epoch  17/30 | train_loss=4.1982 | val_loss=4.1915 | val_acc=0.3357 | time=4.6s
Epoch  18/30 | train_loss=4.1964 | val_loss=4.1900 | val_acc=0.3740 | time=4.6s
Epoch  19/30 | train_loss=4.1953 | val_loss=4.1890 | val_acc=0.3568 | time=4.6s
Epoch  20/30 | train_loss=4.1939 | val_loss=4.1876 | val_acc=0.3648 | time=4.6s
Epoch  21/30 | train_loss=4.1929 | val_loss=4.1870 | val_acc=0.3925 | time=4.6s
Epoch  22/30 | train_loss=4.1917 | val_loss=4.1855 | val_acc=0.3902 | time=4.6s
Epoch  23/30 | train_loss=4.1905 | val_loss=4.1859 | val_acc=0.3488 | time=4.6s
Epoch  24/30 | train_loss=4.1899 | val_loss=4.1834 | val_acc=0.4328 | time=4.6s
Epoch  25/30 | train_loss=4.1887 | val_loss=4.1833 | val_acc=0.4133 | time=4.6s
Epoch  26/30 | train_loss=4.1880 | val_loss=4.1819 | val_acc=0.4055 | time=4.6s
Epoch  27/30 | train_loss=4.1873 | val_loss=4.1817 | val_acc=0.4510 | time=4.6s
Epoch  28/30 | train_loss=4.1868 | val_loss=4.1808 | val_acc=0.4185 | time=4.6s
Epoch  29/30 | train_loss=4.1858 | val_loss=4.1800 | val_acc=0.4238 | time=4.6s
Epoch  30/30 | train_loss=4.1851 | val_loss=4.1800 | val_acc=0.4170 | time=4.6s
Model saved to results/top2_needle_1layer_stieltjes_q4.0_seq128_embd32_h4_initfix_ascend/model.pt
Metrics saved to results/top2_needle_1layer_stieltjes_q4.0_seq128_embd32_h4_initfix_ascend/metrics.csv
{"checkpoint": "results/top2_needle_1layer_stieltjes_q4.0_seq128_embd32_h4_initfix_ascend/model.pt", "task": "top2_needle", "attn": "stieltjes", "q": 4.0, "seq_len": 128, "val_samples": 1000, "seed": 42, "accuracy_fixed": 0.424, "accuracy_all": 0.031829077416459614, "accuracy_input_echo": 0.02305204614885355, "output_token_count": 2000, "input_token_count": 89363, "all_token_count": 91363, "output_start_stats": {"n": 1000, "min": 60, "max": 120, "mean": 89.36299896240234}}
{"checkpoint": "results/top2_needle_1layer_stieltjes_q4.0_seq128_embd32_h4_initfix_ascend/model.pt", "task": "top2_needle", "attn": "stieltjes", "q": 4.0, "seq_len": 256, "val_samples": 1000, "seed": 42, "accuracy_fixed": 0.424, "accuracy_all": 0.031829077416459614, "accuracy_input_echo": 0.02305204614885355, "output_token_count": 2000, "input_token_count": 89363, "all_token_count": 91363, "output_start_stats": {"n": 1000, "min": 60, "max": 120, "mean": 89.36299896240234}}
{"checkpoint": "results/top2_needle_1layer_stieltjes_q4.0_seq128_embd32_h4_initfix_ascend/model.pt", "task": "top2_needle", "attn": "stieltjes", "q": 4.0, "seq_len": 512, "val_samples": 1000, "seed": 42, "accuracy_fixed": 0.424, "accuracy_all": 0.031829077416459614, "accuracy_input_echo": 0.02305204614885355, "output_token_count": 2000, "input_token_count": 89363, "all_token_count": 91363, "output_start_stats": {"n": 1000, "min": 60, "max": 120, "mean": 89.36299896240234}}
{"checkpoint": "results/top2_needle_1layer_stieltjes_q4.0_seq128_embd32_h4_initfix_ascend/model.pt", "task": "top2_needle", "attn": "stieltjes", "q": 4.0, "seq_len": 1024, "val_samples": 1000, "seed": 42, "accuracy_fixed": 0.424, "accuracy_all": 0.031829077416459614, "accuracy_input_echo": 0.02305204614885355, "output_token_count": 2000, "input_token_count": 89363, "all_token_count": 91363, "output_start_stats": {"n": 1000, "min": 60, "max": 120, "mean": 89.36299896240234}}
{"checkpoint": "results/top2_needle_1layer_stieltjes_q4.0_seq128_embd32_h4_initfix_ascend/model.pt", "task": "top2_needle", "attn": "stieltjes", "q": 4.0, "seq_len": 2048, "val_samples": 1000, "seed": 42, "accuracy_fixed": 0.424, "accuracy_all": 0.031829077416459614, "accuracy_input_echo": 0.02305204614885355, "output_token_count": 2000, "input_token_count": 89363, "all_token_count": 91363, "output_start_stats": {"n": 1000, "min": 60, "max": 120, "mean": 89.36299896240234}}
{"checkpoint": "results/top2_needle_1layer_stieltjes_q4.0_seq128_embd32_h4_initfix_ascend/model.pt", "task": "top2_needle", "attn": "stieltjes", "q": 4.0, "seq_len": 4096, "val_samples": 1000, "seed": 42, "accuracy_fixed": 0.424, "accuracy_all": 0.031829077416459614, "accuracy_input_echo": 0.02305204614885355, "output_token_count": 2000, "input_token_count": 89363, "all_token_count": 91363, "output_start_stats": {"n": 1000, "min": 60, "max": 120, "mean": 89.36299896240234}}
{"checkpoint": "results/top2_needle_1layer_stieltjes_q4.0_seq128_embd32_h4_initfix_ascend/model.pt", "task": "top2_needle", "attn": "stieltjes", "q": 4.0, "seq_len": 8192, "val_samples": 1000, "seed": 42, "accuracy_fixed": 0.424, "accuracy_all": 0.031829077416459614, "accuracy_input_echo": 0.02305204614885355, "output_token_count": 2000, "input_token_count": 89363, "all_token_count": 91363, "output_start_stats": {"n": 1000, "min": 60, "max": 120, "mean": 89.36299896240234}}
DONE results/top2_needle_1layer_stieltjes_q4.0_seq128_embd32_h4_initfix_ascend
