=== TOP3 needle: stieltjes_q16.0 seq=512 arr=500 ===
Using device: cuda
Generating training data...
Generating validation data...
Model parameters: 1,874,304
Using bf16 autocast for forward pass (memory optimization at long context)
Epoch   1/30 | train_loss=4.3148 | val_loss=4.3208 | val_acc=0.0625 | time=27.2s
Epoch   2/30 | train_loss=4.2819 | val_loss=4.3236 | val_acc=0.0553 | time=26.6s
Epoch   3/30 | train_loss=4.2773 | val_loss=4.3243 | val_acc=0.0640 | time=26.6s
Epoch   4/30 | train_loss=4.2774 | val_loss=4.3271 | val_acc=0.0442 | time=26.6s
Epoch   5/30 | train_loss=4.2794 | val_loss=4.3270 | val_acc=0.0440 | time=26.6s
Epoch   6/30 | train_loss=4.2785 | val_loss=4.3246 | val_acc=0.0443 | time=26.6s
Epoch   7/30 | train_loss=4.2784 | val_loss=4.3265 | val_acc=0.0427 | time=26.6s
Epoch   8/30 | train_loss=4.2802 | val_loss=4.3277 | val_acc=0.0483 | time=26.6s
Epoch   9/30 | train_loss=4.2817 | val_loss=4.3306 | val_acc=0.0455 | time=26.6s
Epoch  10/30 | train_loss=4.2842 | val_loss=4.3283 | val_acc=0.0553 | time=26.6s
Epoch  11/30 | train_loss=4.2846 | val_loss=4.3327 | val_acc=0.0487 | time=26.6s
Epoch  12/30 | train_loss=4.2883 | val_loss=4.3380 | val_acc=0.0548 | time=26.6s
Epoch  13/30 | train_loss=4.2888 | val_loss=4.3356 | val_acc=0.0595 | time=26.6s
Epoch  14/30 | train_loss=4.2887 | val_loss=4.3410 | val_acc=0.0693 | time=26.6s
Epoch  15/30 | train_loss=4.2954 | val_loss=4.3513 | val_acc=0.0558 | time=26.6s
Epoch  16/30 | train_loss=4.3007 | val_loss=4.3495 | val_acc=0.0705 | time=26.6s
Epoch  17/30 | train_loss=4.3100 | val_loss=4.3621 | val_acc=0.0500 | time=26.6s
Epoch  18/30 | train_loss=4.3009 | val_loss=4.3413 | val_acc=0.0450 | time=26.6s
Epoch  19/30 | train_loss=4.3018 | val_loss=4.3417 | val_acc=0.0200 | time=26.6s
Epoch  20/30 | train_loss=4.2992 | val_loss=4.3394 | val_acc=0.0393 | time=26.6s
Epoch  21/30 | train_loss=4.3000 | val_loss=4.3386 | val_acc=0.0332 | time=26.6s
Epoch  22/30 | train_loss=4.2964 | val_loss=4.3390 | val_acc=0.0355 | time=26.6s
Epoch  23/30 | train_loss=4.2931 | val_loss=4.3363 | val_acc=0.0423 | time=26.6s
Epoch  24/30 | train_loss=4.2920 | val_loss=4.3357 | val_acc=0.0708 | time=26.6s
Epoch  25/30 | train_loss=4.2938 | val_loss=4.3437 | val_acc=0.0745 | time=26.6s
Epoch  26/30 | train_loss=4.2940 | val_loss=4.3448 | val_acc=0.0757 | time=26.6s
Epoch  27/30 | train_loss=4.2932 | val_loss=4.3381 | val_acc=0.0708 | time=26.6s
Epoch  28/30 | train_loss=4.2952 | val_loss=4.3394 | val_acc=0.0848 | time=26.6s
Epoch  29/30 | train_loss=4.2964 | val_loss=4.3391 | val_acc=0.0865 | time=26.6s
Epoch  30/30 | train_loss=4.2967 | val_loss=4.3407 | val_acc=0.0912 | time=26.6s
Model saved to results/top3_needle_1layer_stieltjes_q16.0_seq512_arr500_ascend/model.pt
Metrics saved to results/top3_needle_1layer_stieltjes_q16.0_seq512_arr500_ascend/metrics.csv
{"checkpoint": "results/top3_needle_1layer_stieltjes_q16.0_seq512_arr500_ascend/model.pt", "task": "top3_needle", "attn": "stieltjes", "q": 16.0, "seq_len": 512, "val_samples": 1000, "seed": 42, "accuracy_fixed": 0.09133333333333334, "accuracy_all": 0.015686449650200843, "accuracy_input_echo": 0.015085516368460493, "output_token_count": 3000, "input_token_count": 377647, "all_token_count": 380647, "output_start_stats": {"n": 1000, "min": 250, "max": 500, "mean": 377.6470031738281}}
{"checkpoint": "results/top3_needle_1layer_stieltjes_q16.0_seq512_arr500_ascend/model.pt", "task": "top3_needle", "attn": "stieltjes", "q": 16.0, "seq_len": 1024, "val_samples": 1000, "seed": 42, "accuracy_fixed": 0.09133333333333334, "accuracy_all": 0.015686449650200843, "accuracy_input_echo": 0.015085516368460493, "output_token_count": 3000, "input_token_count": 377647, "all_token_count": 380647, "output_start_stats": {"n": 1000, "min": 250, "max": 500, "mean": 377.6470031738281}}
{"checkpoint": "results/top3_needle_1layer_stieltjes_q16.0_seq512_arr500_ascend/model.pt", "task": "top3_needle", "attn": "stieltjes", "q": 16.0, "seq_len": 2048, "val_samples": 1000, "seed": 42, "accuracy_fixed": 0.09133333333333334, "accuracy_all": 0.015686449650200843, "accuracy_input_echo": 0.015085516368460493, "output_token_count": 3000, "input_token_count": 377647, "all_token_count": 380647, "output_start_stats": {"n": 1000, "min": 250, "max": 500, "mean": 377.6470031738281}}
{"checkpoint": "results/top3_needle_1layer_stieltjes_q16.0_seq512_arr500_ascend/model.pt", "task": "top3_needle", "attn": "stieltjes", "q": 16.0, "seq_len": 4096, "val_samples": 1000, "seed": 42, "accuracy_fixed": 0.09133333333333334, "accuracy_all": 0.015686449650200843, "accuracy_input_echo": 0.015085516368460493, "output_token_count": 3000, "input_token_count": 377647, "all_token_count": 380647, "output_start_stats": {"n": 1000, "min": 250, "max": 500, "mean": 377.6470031738281}}
{"checkpoint": "results/top3_needle_1layer_stieltjes_q16.0_seq512_arr500_ascend/model.pt", "task": "top3_needle", "attn": "stieltjes", "q": 16.0, "seq_len": 8192, "val_samples": 1000, "seed": 42, "accuracy_fixed": 0.07833333333333334, "accuracy_all": 0.011745790719485508, "accuracy_input_echo": 0.011216824177075417, "output_token_count": 3000, "input_token_count": 377647, "all_token_count": 380647, "output_start_stats": {"n": 1000, "min": 250, "max": 500, "mean": 377.6470031738281}}
DONE results/top3_needle_1layer_stieltjes_q16.0_seq512_arr500_ascend
