=== TOP3 needle: stieltjes_q8.0 seq=512 arr=500 ===
Using device: cuda
Generating training data...
Generating validation data...
Model parameters: 1,874,304
Using bf16 autocast for forward pass (memory optimization at long context)
Epoch   1/30 | train_loss=4.2927 | val_loss=4.2869 | val_acc=0.4398 | time=27.2s
Epoch   2/30 | train_loss=4.2570 | val_loss=4.2748 | val_acc=0.7830 | time=26.5s
Epoch   3/30 | train_loss=4.2487 | val_loss=4.2708 | val_acc=0.8808 | time=26.5s
Epoch   4/30 | train_loss=4.2463 | val_loss=4.2684 | val_acc=0.8872 | time=26.5s
Epoch   5/30 | train_loss=4.2448 | val_loss=4.2668 | val_acc=0.8962 | time=26.5s
Epoch   6/30 | train_loss=4.2432 | val_loss=4.2663 | val_acc=0.9162 | time=26.5s
Epoch   7/30 | train_loss=4.2424 | val_loss=4.2652 | val_acc=0.8947 | time=26.5s
Epoch   8/30 | train_loss=4.2420 | val_loss=4.2643 | val_acc=0.9187 | time=26.5s
Epoch   9/30 | train_loss=4.2407 | val_loss=4.2633 | val_acc=0.9300 | time=26.5s
Epoch  10/30 | train_loss=4.2398 | val_loss=4.2643 | val_acc=0.9463 | time=26.5s
Epoch  11/30 | train_loss=4.2392 | val_loss=4.2638 | val_acc=0.9495 | time=26.4s
Epoch  12/30 | train_loss=4.2391 | val_loss=4.2625 | val_acc=0.9553 | time=26.5s
Epoch  13/30 | train_loss=4.2386 | val_loss=4.2626 | val_acc=0.9495 | time=26.5s
Epoch  14/30 | train_loss=4.2380 | val_loss=4.2617 | val_acc=0.9642 | time=26.5s
Epoch  15/30 | train_loss=4.2376 | val_loss=4.2609 | val_acc=0.9675 | time=26.5s
Epoch  16/30 | train_loss=4.2369 | val_loss=4.2606 | val_acc=0.9765 | time=26.5s
Epoch  17/30 | train_loss=4.2362 | val_loss=4.2609 | val_acc=0.9748 | time=26.5s
Epoch  18/30 | train_loss=4.2363 | val_loss=4.2611 | val_acc=0.9613 | time=26.5s
Epoch  19/30 | train_loss=4.2359 | val_loss=4.2605 | val_acc=0.9772 | time=26.5s
Epoch  20/30 | train_loss=4.2356 | val_loss=4.2603 | val_acc=0.9755 | time=26.5s
Epoch  21/30 | train_loss=4.2354 | val_loss=4.2603 | val_acc=0.9692 | time=26.5s
Epoch  22/30 | train_loss=4.2345 | val_loss=4.2600 | val_acc=0.9877 | time=26.5s
Epoch  23/30 | train_loss=4.2343 | val_loss=4.2600 | val_acc=0.9813 | time=26.5s
Epoch  24/30 | train_loss=4.2340 | val_loss=4.2597 | val_acc=0.9847 | time=26.5s
Epoch  25/30 | train_loss=4.2341 | val_loss=4.2602 | val_acc=0.9865 | time=26.5s
Epoch  26/30 | train_loss=4.2340 | val_loss=4.2598 | val_acc=0.9827 | time=26.5s
Epoch  27/30 | train_loss=4.2332 | val_loss=4.2598 | val_acc=0.9882 | time=26.5s
Epoch  28/30 | train_loss=4.2331 | val_loss=4.2594 | val_acc=0.9873 | time=26.5s
Epoch  29/30 | train_loss=4.2327 | val_loss=4.2602 | val_acc=0.9810 | time=26.5s
Epoch  30/30 | train_loss=4.2327 | val_loss=4.2596 | val_acc=0.9953 | time=26.5s
Model saved to results/top3_needle_1layer_stieltjes_q8.0_seq512_arr500_ascend/model.pt
Metrics saved to results/top3_needle_1layer_stieltjes_q8.0_seq512_arr500_ascend/metrics.csv
{"checkpoint": "results/top3_needle_1layer_stieltjes_q8.0_seq512_arr500_ascend/model.pt", "task": "top3_needle", "attn": "stieltjes", "q": 8.0, "seq_len": 512, "val_samples": 1000, "seed": 42, "accuracy_fixed": 0.9973333333333333, "accuracy_all": 0.023031837897054225, "accuracy_input_echo": 0.015292058456706925, "output_token_count": 3000, "input_token_count": 377647, "all_token_count": 380647, "output_start_stats": {"n": 1000, "min": 250, "max": 500, "mean": 377.6470031738281}}
{"checkpoint": "results/top3_needle_1layer_stieltjes_q8.0_seq512_arr500_ascend/model.pt", "task": "top3_needle", "attn": "stieltjes", "q": 8.0, "seq_len": 1024, "val_samples": 1000, "seed": 42, "accuracy_fixed": 0.9973333333333333, "accuracy_all": 0.023031837897054225, "accuracy_input_echo": 0.015292058456706925, "output_token_count": 3000, "input_token_count": 377647, "all_token_count": 380647, "output_start_stats": {"n": 1000, "min": 250, "max": 500, "mean": 377.6470031738281}}
{"checkpoint": "results/top3_needle_1layer_stieltjes_q8.0_seq512_arr500_ascend/model.pt", "task": "top3_needle", "attn": "stieltjes", "q": 8.0, "seq_len": 2048, "val_samples": 1000, "seed": 42, "accuracy_fixed": 0.9973333333333333, "accuracy_all": 0.023031837897054225, "accuracy_input_echo": 0.015292058456706925, "output_token_count": 3000, "input_token_count": 377647, "all_token_count": 380647, "output_start_stats": {"n": 1000, "min": 250, "max": 500, "mean": 377.6470031738281}}
{"checkpoint": "results/top3_needle_1layer_stieltjes_q8.0_seq512_arr500_ascend/model.pt", "task": "top3_needle", "attn": "stieltjes", "q": 8.0, "seq_len": 4096, "val_samples": 1000, "seed": 42, "accuracy_fixed": 0.9973333333333333, "accuracy_all": 0.023031837897054225, "accuracy_input_echo": 0.015292058456706925, "output_token_count": 3000, "input_token_count": 377647, "all_token_count": 380647, "output_start_stats": {"n": 1000, "min": 250, "max": 500, "mean": 377.6470031738281}}
{"checkpoint": "results/top3_needle_1layer_stieltjes_q8.0_seq512_arr500_ascend/model.pt", "task": "top3_needle", "attn": "stieltjes", "q": 8.0, "seq_len": 8192, "val_samples": 1000, "seed": 42, "accuracy_fixed": 0.9976666666666667, "accuracy_all": 0.023142176347114254, "accuracy_input_echo": 0.015400625451810817, "output_token_count": 3000, "input_token_count": 377647, "all_token_count": 380647, "output_start_stats": {"n": 1000, "min": 250, "max": 500, "mean": 377.6470031738281}}
DONE results/top3_needle_1layer_stieltjes_q8.0_seq512_arr500_ascend
