=== TOP3 needle: stieltjes_q4.0 seq=512 arr=500 ===
Using device: cuda
Generating training data...
Generating validation data...
Model parameters: 1,874,304
Using bf16 autocast for forward pass (memory optimization at long context)
Epoch   1/30 | train_loss=4.2933 | val_loss=4.2870 | val_acc=0.3452 | time=27.2s
Epoch   2/30 | train_loss=4.2594 | val_loss=4.2764 | val_acc=0.6067 | time=26.6s
Epoch   3/30 | train_loss=4.2502 | val_loss=4.2700 | val_acc=0.8145 | time=26.6s
Epoch   4/30 | train_loss=4.2457 | val_loss=4.2673 | val_acc=0.8928 | time=26.6s
Epoch   5/30 | train_loss=4.2433 | val_loss=4.2644 | val_acc=0.9297 | time=26.5s
Epoch   6/30 | train_loss=4.2412 | val_loss=4.2635 | val_acc=0.9507 | time=26.5s
Epoch   7/30 | train_loss=4.2401 | val_loss=4.2627 | val_acc=0.9638 | time=26.6s
Epoch   8/30 | train_loss=4.2393 | val_loss=4.2624 | val_acc=0.9703 | time=26.5s
Epoch   9/30 | train_loss=4.2381 | val_loss=4.2626 | val_acc=0.9707 | time=26.5s
Epoch  10/30 | train_loss=4.2372 | val_loss=4.2615 | val_acc=0.9760 | time=26.5s
Epoch  11/30 | train_loss=4.2367 | val_loss=4.2622 | val_acc=0.9678 | time=26.5s
Epoch  12/30 | train_loss=4.2366 | val_loss=4.2612 | val_acc=0.9832 | time=26.5s
Epoch  13/30 | train_loss=4.2360 | val_loss=4.2606 | val_acc=0.9932 | time=26.5s
Epoch  14/30 | train_loss=4.2354 | val_loss=4.2612 | val_acc=0.9828 | time=26.5s
Epoch  15/30 | train_loss=4.2352 | val_loss=4.2598 | val_acc=0.9912 | time=26.6s
Epoch  16/30 | train_loss=4.2345 | val_loss=4.2599 | val_acc=0.9893 | time=26.5s
Epoch  17/30 | train_loss=4.2338 | val_loss=4.2604 | val_acc=0.9953 | time=26.6s
Epoch  18/30 | train_loss=4.2339 | val_loss=4.2603 | val_acc=0.9927 | time=26.5s
Epoch  19/30 | train_loss=4.2334 | val_loss=4.2596 | val_acc=0.9955 | time=26.5s
Epoch  20/30 | train_loss=4.2330 | val_loss=4.2601 | val_acc=0.9948 | time=26.5s
Epoch  21/30 | train_loss=4.2328 | val_loss=4.2593 | val_acc=0.9962 | time=26.5s
Epoch  22/30 | train_loss=4.2320 | val_loss=4.2605 | val_acc=0.9967 | time=26.5s
Epoch  23/30 | train_loss=4.2318 | val_loss=4.2605 | val_acc=0.9968 | time=26.5s
Epoch  24/30 | train_loss=4.2313 | val_loss=4.2599 | val_acc=0.9985 | time=26.5s
Epoch  25/30 | train_loss=4.2314 | val_loss=4.2605 | val_acc=0.9987 | time=26.5s
Epoch  26/30 | train_loss=4.2311 | val_loss=4.2596 | val_acc=0.9993 | time=26.6s
Epoch  27/30 | train_loss=4.2303 | val_loss=4.2601 | val_acc=0.9983 | time=26.5s
Epoch  28/30 | train_loss=4.2302 | val_loss=4.2608 | val_acc=0.9985 | time=26.5s
Epoch  29/30 | train_loss=4.2295 | val_loss=4.2612 | val_acc=0.9933 | time=26.5s
Epoch  30/30 | train_loss=4.2295 | val_loss=4.2607 | val_acc=0.9998 | time=26.5s
Model saved to results/top3_needle_1layer_stieltjes_q4.0_seq512_arr500_ascend/model.pt
Metrics saved to results/top3_needle_1layer_stieltjes_q4.0_seq512_arr500_ascend/metrics.csv
{"checkpoint": "results/top3_needle_1layer_stieltjes_q4.0_seq512_arr500_ascend/model.pt", "task": "top3_needle", "attn": "stieltjes", "q": 4.0, "seq_len": 512, "val_samples": 1000, "seed": 42, "accuracy_fixed": 1.0, "accuracy_all": 0.023113278181622343, "accuracy_input_echo": 0.01535296189298472, "output_token_count": 3000, "input_token_count": 377647, "all_token_count": 380647, "output_start_stats": {"n": 1000, "min": 250, "max": 500, "mean": 377.6470031738281}}
{"checkpoint": "results/top3_needle_1layer_stieltjes_q4.0_seq512_arr500_ascend/model.pt", "task": "top3_needle", "attn": "stieltjes", "q": 4.0, "seq_len": 1024, "val_samples": 1000, "seed": 42, "accuracy_fixed": 1.0, "accuracy_all": 0.023113278181622343, "accuracy_input_echo": 0.01535296189298472, "output_token_count": 3000, "input_token_count": 377647, "all_token_count": 380647, "output_start_stats": {"n": 1000, "min": 250, "max": 500, "mean": 377.6470031738281}}
{"checkpoint": "results/top3_needle_1layer_stieltjes_q4.0_seq512_arr500_ascend/model.pt", "task": "top3_needle", "attn": "stieltjes", "q": 4.0, "seq_len": 2048, "val_samples": 1000, "seed": 42, "accuracy_fixed": 1.0, "accuracy_all": 0.023113278181622343, "accuracy_input_echo": 0.01535296189298472, "output_token_count": 3000, "input_token_count": 377647, "all_token_count": 380647, "output_start_stats": {"n": 1000, "min": 250, "max": 500, "mean": 377.6470031738281}}
{"checkpoint": "results/top3_needle_1layer_stieltjes_q4.0_seq512_arr500_ascend/model.pt", "task": "top3_needle", "attn": "stieltjes", "q": 4.0, "seq_len": 4096, "val_samples": 1000, "seed": 42, "accuracy_fixed": 1.0, "accuracy_all": 0.023113278181622343, "accuracy_input_echo": 0.01535296189298472, "output_token_count": 3000, "input_token_count": 377647, "all_token_count": 380647, "output_start_stats": {"n": 1000, "min": 250, "max": 500, "mean": 377.6470031738281}}
{"checkpoint": "results/top3_needle_1layer_stieltjes_q4.0_seq512_arr500_ascend/model.pt", "task": "top3_needle", "attn": "stieltjes", "q": 4.0, "seq_len": 8192, "val_samples": 1000, "seed": 42, "accuracy_fixed": 0.9996666666666667, "accuracy_all": 0.023110651075668533, "accuracy_input_echo": 0.01535296189298472, "output_token_count": 3000, "input_token_count": 377647, "all_token_count": 380647, "output_start_stats": {"n": 1000, "min": 250, "max": 500, "mean": 377.6470031738281}}
DONE results/top3_needle_1layer_stieltjes_q4.0_seq512_arr500_ascend
