=== TOP3 needle: softmax seq=512 arr=500 ===
Using device: cuda
Generating training data...
Generating validation data...
Model parameters: 1,874,304
Using bf16 autocast for forward pass (memory optimization at long context)
Epoch   1/30 | train_loss=4.2902 | val_loss=4.2849 | val_acc=0.3100 | time=13.5s
Epoch   2/30 | train_loss=4.2581 | val_loss=4.2769 | val_acc=0.4820 | time=12.2s
Epoch   3/30 | train_loss=4.2511 | val_loss=4.2718 | val_acc=0.6680 | time=12.2s
Epoch   4/30 | train_loss=4.2472 | val_loss=4.2681 | val_acc=0.8790 | time=12.2s
Epoch   5/30 | train_loss=4.2438 | val_loss=4.2649 | val_acc=0.9628 | time=12.2s
Epoch   6/30 | train_loss=4.2412 | val_loss=4.2638 | val_acc=0.9785 | time=12.3s
Epoch   7/30 | train_loss=4.2401 | val_loss=4.2628 | val_acc=0.9750 | time=12.2s
Epoch   8/30 | train_loss=4.2394 | val_loss=4.2621 | val_acc=0.9832 | time=12.3s
Epoch   9/30 | train_loss=4.2383 | val_loss=4.2614 | val_acc=0.9938 | time=12.2s
Epoch  10/30 | train_loss=4.2374 | val_loss=4.2615 | val_acc=0.9902 | time=12.3s
Epoch  11/30 | train_loss=4.2371 | val_loss=4.2617 | val_acc=0.9910 | time=12.2s
Epoch  12/30 | train_loss=4.2371 | val_loss=4.2613 | val_acc=0.9818 | time=12.2s
Epoch  13/30 | train_loss=4.2366 | val_loss=4.2610 | val_acc=0.9883 | time=12.2s
Epoch  14/30 | train_loss=4.2360 | val_loss=4.2611 | val_acc=0.9933 | time=12.2s
Epoch  15/30 | train_loss=4.2358 | val_loss=4.2602 | val_acc=0.9930 | time=12.2s
Epoch  16/30 | train_loss=4.2352 | val_loss=4.2600 | val_acc=0.9978 | time=12.2s
Epoch  17/30 | train_loss=4.2346 | val_loss=4.2607 | val_acc=0.9973 | time=12.2s
Epoch  18/30 | train_loss=4.2346 | val_loss=4.2602 | val_acc=0.9973 | time=12.2s
Epoch  19/30 | train_loss=4.2342 | val_loss=4.2606 | val_acc=0.9978 | time=12.2s
Epoch  20/30 | train_loss=4.2339 | val_loss=4.2597 | val_acc=0.9985 | time=12.2s
Epoch  21/30 | train_loss=4.2337 | val_loss=4.2597 | val_acc=0.9965 | time=12.2s
Epoch  22/30 | train_loss=4.2330 | val_loss=4.2601 | val_acc=0.9982 | time=12.2s
Epoch  23/30 | train_loss=4.2328 | val_loss=4.2600 | val_acc=0.9987 | time=12.3s
Epoch  24/30 | train_loss=4.2325 | val_loss=4.2598 | val_acc=0.9990 | time=12.3s
Epoch  25/30 | train_loss=4.2325 | val_loss=4.2604 | val_acc=0.9992 | time=12.2s
Epoch  26/30 | train_loss=4.2323 | val_loss=4.2598 | val_acc=0.9990 | time=12.2s
Epoch  27/30 | train_loss=4.2315 | val_loss=4.2602 | val_acc=0.9998 | time=12.2s
Epoch  28/30 | train_loss=4.2314 | val_loss=4.2599 | val_acc=0.9998 | time=12.2s
Epoch  29/30 | train_loss=4.2308 | val_loss=4.2602 | val_acc=0.9972 | time=12.3s
Epoch  30/30 | train_loss=4.2308 | val_loss=4.2602 | val_acc=0.9998 | time=12.2s
Model saved to results/top3_needle_1layer_softmax_seq512_arr500_ascend/model.pt
Metrics saved to results/top3_needle_1layer_softmax_seq512_arr500_ascend/metrics.csv
{"checkpoint": "results/top3_needle_1layer_softmax_seq512_arr500_ascend/model.pt", "task": "top3_needle", "attn": "softmax", "q": 1.0, "seq_len": 512, "val_samples": 1000, "seed": 42, "accuracy_fixed": 1.0, "accuracy_all": 0.02332607376388097, "accuracy_input_echo": 0.015567447907702167, "output_token_count": 3000, "input_token_count": 377647, "all_token_count": 380647, "output_start_stats": {"n": 1000, "min": 250, "max": 500, "mean": 377.6470031738281}}
{"checkpoint": "results/top3_needle_1layer_softmax_seq512_arr500_ascend/model.pt", "task": "top3_needle", "attn": "softmax", "q": 1.0, "seq_len": 1024, "val_samples": 1000, "seed": 42, "accuracy_fixed": 1.0, "accuracy_all": 0.02332607376388097, "accuracy_input_echo": 0.015567447907702167, "output_token_count": 3000, "input_token_count": 377647, "all_token_count": 380647, "output_start_stats": {"n": 1000, "min": 250, "max": 500, "mean": 377.6470031738281}}
{"checkpoint": "results/top3_needle_1layer_softmax_seq512_arr500_ascend/model.pt", "task": "top3_needle", "attn": "softmax", "q": 1.0, "seq_len": 2048, "val_samples": 1000, "seed": 42, "accuracy_fixed": 1.0, "accuracy_all": 0.02332607376388097, "accuracy_input_echo": 0.015567447907702167, "output_token_count": 3000, "input_token_count": 377647, "all_token_count": 380647, "output_start_stats": {"n": 1000, "min": 250, "max": 500, "mean": 377.6470031738281}}
{"checkpoint": "results/top3_needle_1layer_softmax_seq512_arr500_ascend/model.pt", "task": "top3_needle", "attn": "softmax", "q": 1.0, "seq_len": 4096, "val_samples": 1000, "seed": 42, "accuracy_fixed": 1.0, "accuracy_all": 0.02332607376388097, "accuracy_input_echo": 0.015567447907702167, "output_token_count": 3000, "input_token_count": 377647, "all_token_count": 380647, "output_start_stats": {"n": 1000, "min": 250, "max": 500, "mean": 377.6470031738281}}
{"checkpoint": "results/top3_needle_1layer_softmax_seq512_arr500_ascend/model.pt", "task": "top3_needle", "attn": "softmax", "q": 1.0, "seq_len": 8192, "val_samples": 1000, "seed": 42, "accuracy_fixed": 1.0, "accuracy_all": 0.02332607376388097, "accuracy_input_echo": 0.015567447907702167, "output_token_count": 3000, "input_token_count": 377647, "all_token_count": 380647, "output_start_stats": {"n": 1000, "min": 250, "max": 500, "mean": 377.6470031738281}}
DONE results/top3_needle_1layer_softmax_seq512_arr500_ascend
