=== bfs stieltjes q=8.0 seed=1 post-fix on H100 ===
Fri Apr 17 11:32:58 2026       
+-----------------------------------------------------------------------------------------+
| NVIDIA-SMI 580.95.05              Driver Version: 580.95.05      CUDA Version: 13.0     |
+-----------------------------------------+------------------------+----------------------+
| GPU  Name                 Persistence-M | Bus-Id          Disp.A | Volatile Uncorr. ECC |
| Fan  Temp   Perf          Pwr:Usage/Cap |           Memory-Usage | GPU-Util  Compute M. |
|                                         |                        |               MIG M. |
|=========================================+========================+======================|
|   0  NVIDIA H100                    On  |   00000000:4C:00.0 Off |                    0 |
| N/A   35C    P0             71W /  700W |       0MiB /  95830MiB |      0%      Default |
|                                         |                        |             Disabled |
+-----------------------------------------+------------------------+----------------------+

+-----------------------------------------------------------------------------------------+
| Processes:                                                                              |
|  GPU   GI   CI              PID   Type   Process name                        GPU Memory |
|        ID   ID                                                               Usage      |
|=========================================================================================|
|  No running processes found                                                             |
+-----------------------------------------------------------------------------------------+
Fri Apr 17 11:32:58 AM EDT 2026
Using device: cuda
Generating training data...
Generating validation data...
Model parameters: 10,795,776
Epoch   1/30 | train_loss=1.2640 | val_loss=0.8700 | val_acc=0.8441 | time=26.5s
Epoch   2/30 | train_loss=0.7911 | val_loss=0.6876 | val_acc=0.9029 | time=26.2s
Epoch   3/30 | train_loss=0.6707 | val_loss=0.6247 | val_acc=0.9331 | time=26.2s
Epoch   4/30 | train_loss=0.6227 | val_loss=0.5891 | val_acc=0.9461 | time=26.2s
Epoch   5/30 | train_loss=0.5912 | val_loss=0.5647 | val_acc=0.9563 | time=26.2s
Epoch   6/30 | train_loss=0.5715 | val_loss=0.5427 | val_acc=0.9620 | time=26.1s
Epoch   7/30 | train_loss=0.5539 | val_loss=0.5300 | val_acc=0.9701 | time=26.1s
Epoch   8/30 | train_loss=0.5391 | val_loss=0.5229 | val_acc=0.9721 | time=26.1s
Epoch   9/30 | train_loss=0.5320 | val_loss=0.5264 | val_acc=0.9765 | time=26.2s
Epoch  10/30 | train_loss=0.5228 | val_loss=0.5098 | val_acc=0.9787 | time=26.2s
Epoch  11/30 | train_loss=0.5193 | val_loss=0.5124 | val_acc=0.9786 | time=26.2s
Epoch  12/30 | train_loss=0.5128 | val_loss=0.5100 | val_acc=0.9751 | time=26.2s
Epoch  13/30 | train_loss=0.5095 | val_loss=0.5005 | val_acc=0.9805 | time=26.2s
Epoch  14/30 | train_loss=0.5071 | val_loss=0.5151 | val_acc=0.9818 | time=26.2s
Epoch  15/30 | train_loss=0.5035 | val_loss=0.5008 | val_acc=0.9810 | time=26.2s
Epoch  16/30 | train_loss=0.5005 | val_loss=0.4961 | val_acc=0.9813 | time=26.1s
Epoch  17/30 | train_loss=0.5004 | val_loss=0.5003 | val_acc=0.9836 | time=26.2s
Epoch  18/30 | train_loss=0.4946 | val_loss=0.4942 | val_acc=0.9849 | time=26.2s
Epoch  19/30 | train_loss=0.4950 | val_loss=0.4934 | val_acc=0.9850 | time=26.2s
Epoch  20/30 | train_loss=0.4920 | val_loss=0.4977 | val_acc=0.9849 | time=26.2s
Epoch  21/30 | train_loss=0.4950 | val_loss=0.4958 | val_acc=0.9868 | time=26.2s
Epoch  22/30 | train_loss=0.4895 | val_loss=0.4963 | val_acc=0.9854 | time=26.2s
Epoch  23/30 | train_loss=0.4887 | val_loss=0.4924 | val_acc=0.9883 | time=26.2s
Epoch  24/30 | train_loss=0.4874 | val_loss=0.5021 | val_acc=0.9873 | time=26.1s
Epoch  25/30 | train_loss=0.4874 | val_loss=0.4906 | val_acc=0.9862 | time=26.1s
Epoch  26/30 | train_loss=0.4838 | val_loss=0.4913 | val_acc=0.9872 | time=26.2s
Epoch  27/30 | train_loss=0.4817 | val_loss=0.4876 | val_acc=0.9882 | time=26.1s
Epoch  28/30 | train_loss=0.4840 | val_loss=0.4898 | val_acc=0.9881 | time=26.2s
Epoch  29/30 | train_loss=0.4776 | val_loss=0.4925 | val_acc=0.9890 | time=26.2s
Epoch  30/30 | train_loss=0.4776 | val_loss=0.4937 | val_acc=0.9877 | time=26.2s
Model saved to results/bfs_stieltjes_q8.0_seed1_initfix_h100/model.pt
Metrics saved to results/bfs_stieltjes_q8.0_seed1_initfix_h100/metrics.csv
{"checkpoint": "results/bfs_stieltjes_q8.0_seed1_initfix_h100/model.pt", "task": "bfs", "attn": "stieltjes", "q": 8.0, "seq_len": 128, "val_samples": 5000, "seed": 42, "accuracy_fixed": 0.98688, "accuracy_all": 0.7973965066573562, "accuracy_input_echo": 0.7388944462969138, "output_token_count": 50000, "input_token_count": 161946, "all_token_count": 211946, "output_start_stats": {"n": 5000, "min": 11, "max": 63, "mean": 32.389198303222656}}
Fri Apr 17 11:46:28 AM EDT 2026
DONE bfs q=8.0 seed=1 on H100
