=== max stieltjes q=8.0 seed=1 post-fix on H100 ===
Fri Apr 17 11:19:13 2026       
+-----------------------------------------------------------------------------------------+
| NVIDIA-SMI 580.95.05              Driver Version: 580.95.05      CUDA Version: 13.0     |
+-----------------------------------------+------------------------+----------------------+
| GPU  Name                 Persistence-M | Bus-Id          Disp.A | Volatile Uncorr. ECC |
| Fan  Temp   Perf          Pwr:Usage/Cap |           Memory-Usage | GPU-Util  Compute M. |
|                                         |                        |               MIG M. |
|=========================================+========================+======================|
|   0  NVIDIA H100                    On  |   00000000:5D:00.0 Off |                    0 |
| N/A   35C    P0             68W /  700W |       0MiB /  95830MiB |      0%      Default |
|                                         |                        |             Disabled |
+-----------------------------------------+------------------------+----------------------+

+-----------------------------------------------------------------------------------------+
| Processes:                                                                              |
|  GPU   GI   CI              PID   Type   Process name                        GPU Memory |
|        ID   ID                                                               Usage      |
|=========================================================================================|
|  No running processes found                                                             |
+-----------------------------------------------------------------------------------------+
Fri Apr 17 11:19:14 AM EDT 2026
Using device: cuda
Generating training data...
Generating validation data...
Model parameters: 10,795,776
Epoch   1/30 | train_loss=3.4646 | val_loss=3.3585 | val_acc=0.9827 | time=26.5s
Epoch   2/30 | train_loss=3.3588 | val_loss=3.3465 | val_acc=0.9898 | time=26.3s
Epoch   3/30 | train_loss=3.3520 | val_loss=3.3437 | val_acc=0.9925 | time=26.3s
Epoch   4/30 | train_loss=3.3490 | val_loss=3.3433 | val_acc=0.9905 | time=26.2s
Epoch   5/30 | train_loss=3.3465 | val_loss=3.3422 | val_acc=0.9907 | time=26.2s
Epoch   6/30 | train_loss=3.3458 | val_loss=3.3432 | val_acc=0.9899 | time=26.2s
Epoch   7/30 | train_loss=3.3433 | val_loss=3.3377 | val_acc=0.9927 | time=26.2s
Epoch   8/30 | train_loss=3.3424 | val_loss=3.3396 | val_acc=0.9926 | time=26.2s
Epoch   9/30 | train_loss=3.3419 | val_loss=3.3393 | val_acc=0.9935 | time=26.2s
Epoch  10/30 | train_loss=3.3411 | val_loss=3.3380 | val_acc=0.9942 | time=26.2s
Epoch  11/30 | train_loss=3.3405 | val_loss=3.3390 | val_acc=0.9890 | time=26.2s
Epoch  12/30 | train_loss=3.3404 | val_loss=3.3405 | val_acc=0.9920 | time=26.2s
Epoch  13/30 | train_loss=3.3396 | val_loss=3.3376 | val_acc=0.9933 | time=26.2s
Epoch  14/30 | train_loss=3.3388 | val_loss=3.3388 | val_acc=0.9925 | time=26.2s
Epoch  15/30 | train_loss=3.3402 | val_loss=3.3414 | val_acc=0.9904 | time=26.2s
Epoch  16/30 | train_loss=3.3379 | val_loss=3.3351 | val_acc=0.9965 | time=26.2s
Epoch  17/30 | train_loss=3.3385 | val_loss=3.3367 | val_acc=0.9932 | time=26.2s
Epoch  18/30 | train_loss=3.3382 | val_loss=3.3376 | val_acc=0.9933 | time=26.2s
Epoch  19/30 | train_loss=3.3363 | val_loss=3.3361 | val_acc=0.9957 | time=26.2s
Epoch  20/30 | train_loss=3.3363 | val_loss=3.3387 | val_acc=0.9920 | time=26.2s
Epoch  21/30 | train_loss=3.3372 | val_loss=3.3358 | val_acc=0.9957 | time=26.2s
Epoch  22/30 | train_loss=3.3354 | val_loss=3.3348 | val_acc=0.9981 | time=26.2s
Epoch  23/30 | train_loss=3.3352 | val_loss=3.3371 | val_acc=0.9947 | time=26.2s
Epoch  24/30 | train_loss=3.3357 | val_loss=3.3382 | val_acc=0.9927 | time=26.2s
Epoch  25/30 | train_loss=3.3352 | val_loss=3.3376 | val_acc=0.9935 | time=26.2s
Epoch  26/30 | train_loss=3.3341 | val_loss=3.3372 | val_acc=0.9960 | time=26.2s
Epoch  27/30 | train_loss=3.3342 | val_loss=3.3400 | val_acc=0.9938 | time=26.2s
Epoch  28/30 | train_loss=3.3343 | val_loss=3.3369 | val_acc=0.9963 | time=26.2s
Epoch  29/30 | train_loss=3.3327 | val_loss=3.3379 | val_acc=0.9956 | time=26.2s
Epoch  30/30 | train_loss=3.3328 | val_loss=3.3374 | val_acc=0.9954 | time=26.2s
Model saved to results/max_stieltjes_q8.0_seed1_initfix_h100/model.pt
Metrics saved to results/max_stieltjes_q8.0_seed1_initfix_h100/metrics.csv
{"checkpoint": "results/max_stieltjes_q8.0_seed1_initfix_h100/model.pt", "task": "max", "attn": "stieltjes", "q": 8.0, "seq_len": 128, "val_samples": 5000, "seed": 42, "accuracy_fixed": 0.9944, "accuracy_all": 0.25239600665557405, "accuracy_input_echo": 0.10429141716566866, "output_token_count": 10000, "input_token_count": 50100, "all_token_count": 60100, "output_start_stats": {"n": 5000, "min": 4, "max": 16, "mean": 10.020000457763672}}
Fri Apr 17 11:32:42 AM EDT 2026
DONE max q=8.0 seed=1 on H100
