=== TOP2 needle: stieltjes_q4.0 seq=128 ===
Using device: cuda
Generating training data...
Generating validation data...
Model parameters: 1,874,304
Using bf16 autocast for forward pass (memory optimization at long context)
Epoch   1/30 | train_loss=4.2832 | val_loss=4.2013 | val_acc=0.6082 | time=6.8s
Epoch   2/30 | train_loss=4.1887 | val_loss=4.1707 | val_acc=0.9083 | time=4.8s
Epoch   3/30 | train_loss=4.1696 | val_loss=4.1604 | val_acc=0.9673 | time=4.8s
Epoch   4/30 | train_loss=4.1623 | val_loss=4.1590 | val_acc=0.9712 | time=4.8s
Epoch   5/30 | train_loss=4.1582 | val_loss=4.1555 | val_acc=0.9812 | time=4.8s
Epoch   6/30 | train_loss=4.1555 | val_loss=4.1561 | val_acc=0.9888 | time=4.8s
Epoch   7/30 | train_loss=4.1531 | val_loss=4.1532 | val_acc=0.9925 | time=4.8s
Epoch   8/30 | train_loss=4.1516 | val_loss=4.1545 | val_acc=0.9928 | time=4.8s
Epoch   9/30 | train_loss=4.1503 | val_loss=4.1560 | val_acc=0.9818 | time=4.8s
Epoch  10/30 | train_loss=4.1497 | val_loss=4.1553 | val_acc=0.9862 | time=4.8s
Epoch  11/30 | train_loss=4.1482 | val_loss=4.1538 | val_acc=0.9952 | time=4.8s
Epoch  12/30 | train_loss=4.1469 | val_loss=4.1525 | val_acc=0.9875 | time=4.8s
Epoch  13/30 | train_loss=4.1467 | val_loss=4.1541 | val_acc=0.9888 | time=4.8s
Epoch  14/30 | train_loss=4.1458 | val_loss=4.1547 | val_acc=0.9908 | time=4.8s
Epoch  15/30 | train_loss=4.1454 | val_loss=4.1538 | val_acc=0.9898 | time=4.8s
Epoch  16/30 | train_loss=4.1439 | val_loss=4.1535 | val_acc=0.9925 | time=4.8s
Epoch  17/30 | train_loss=4.1433 | val_loss=4.1548 | val_acc=0.9932 | time=4.8s
Epoch  18/30 | train_loss=4.1428 | val_loss=4.1536 | val_acc=0.9892 | time=4.8s
Epoch  19/30 | train_loss=4.1421 | val_loss=4.1550 | val_acc=0.9752 | time=4.8s
Epoch  20/30 | train_loss=4.1414 | val_loss=4.1538 | val_acc=0.9985 | time=4.8s
Epoch  21/30 | train_loss=4.1403 | val_loss=4.1550 | val_acc=0.9880 | time=4.8s
Epoch  22/30 | train_loss=4.1405 | val_loss=4.1554 | val_acc=0.9948 | time=4.8s
Epoch  23/30 | train_loss=4.1390 | val_loss=4.1527 | val_acc=0.9952 | time=4.8s
Epoch  24/30 | train_loss=4.1385 | val_loss=4.1537 | val_acc=0.9915 | time=4.8s
Epoch  25/30 | train_loss=4.1381 | val_loss=4.1531 | val_acc=0.9905 | time=4.8s
Epoch  26/30 | train_loss=4.1370 | val_loss=4.1538 | val_acc=0.9912 | time=4.8s
Epoch  27/30 | train_loss=4.1364 | val_loss=4.1546 | val_acc=0.9952 | time=4.8s
Epoch  28/30 | train_loss=4.1361 | val_loss=4.1532 | val_acc=0.9948 | time=4.8s
Epoch  29/30 | train_loss=4.1357 | val_loss=4.1554 | val_acc=0.9888 | time=4.8s
Epoch  30/30 | train_loss=4.1347 | val_loss=4.1531 | val_acc=0.9990 | time=4.8s
Model saved to results/top2_needle_1layer_stieltjes_q4.0_seq128_ascend/model.pt
Metrics saved to results/top2_needle_1layer_stieltjes_q4.0_seq128_ascend/metrics.csv
{"checkpoint": "results/top2_needle_1layer_stieltjes_q4.0_seq128_ascend/model.pt", "task": "top2_needle", "attn": "stieltjes", "q": 4.0, "seq_len": 128, "val_samples": 1000, "seed": 42, "accuracy_fixed": 0.9995, "accuracy_all": 0.042949552882457886, "accuracy_input_echo": 0.02154135380414713, "output_token_count": 2000, "input_token_count": 89363, "all_token_count": 91363, "output_start_stats": {"n": 1000, "min": 60, "max": 120, "mean": 89.36299896240234}}
{"checkpoint": "results/top2_needle_1layer_stieltjes_q4.0_seq128_ascend/model.pt", "task": "top2_needle", "attn": "stieltjes", "q": 4.0, "seq_len": 256, "val_samples": 1000, "seed": 42, "accuracy_fixed": 0.9995, "accuracy_all": 0.042949552882457886, "accuracy_input_echo": 0.02154135380414713, "output_token_count": 2000, "input_token_count": 89363, "all_token_count": 91363, "output_start_stats": {"n": 1000, "min": 60, "max": 120, "mean": 89.36299896240234}}
{"checkpoint": "results/top2_needle_1layer_stieltjes_q4.0_seq128_ascend/model.pt", "task": "top2_needle", "attn": "stieltjes", "q": 4.0, "seq_len": 512, "val_samples": 1000, "seed": 42, "accuracy_fixed": 0.9995, "accuracy_all": 0.042949552882457886, "accuracy_input_echo": 0.02154135380414713, "output_token_count": 2000, "input_token_count": 89363, "all_token_count": 91363, "output_start_stats": {"n": 1000, "min": 60, "max": 120, "mean": 89.36299896240234}}
{"checkpoint": "results/top2_needle_1layer_stieltjes_q4.0_seq128_ascend/model.pt", "task": "top2_needle", "attn": "stieltjes", "q": 4.0, "seq_len": 1024, "val_samples": 1000, "seed": 42, "accuracy_fixed": 0.9995, "accuracy_all": 0.042949552882457886, "accuracy_input_echo": 0.02154135380414713, "output_token_count": 2000, "input_token_count": 89363, "all_token_count": 91363, "output_start_stats": {"n": 1000, "min": 60, "max": 120, "mean": 89.36299896240234}}
{"checkpoint": "results/top2_needle_1layer_stieltjes_q4.0_seq128_ascend/model.pt", "task": "top2_needle", "attn": "stieltjes", "q": 4.0, "seq_len": 2048, "val_samples": 1000, "seed": 42, "accuracy_fixed": 0.023, "accuracy_all": 0.014896621170495715, "accuracy_input_echo": 0.014715262468807, "output_token_count": 2000, "input_token_count": 89363, "all_token_count": 91363, "output_start_stats": {"n": 1000, "min": 60, "max": 120, "mean": 89.36299896240234}}
{"checkpoint": "results/top2_needle_1layer_stieltjes_q4.0_seq128_ascend/model.pt", "task": "top2_needle", "attn": "stieltjes", "q": 4.0, "seq_len": 4096, "val_samples": 1000, "seed": 42, "accuracy_fixed": 0.016, "accuracy_all": 0.010179175377340937, "accuracy_input_echo": 0.01004890167071383, "output_token_count": 2000, "input_token_count": 89363, "all_token_count": 91363, "output_start_stats": {"n": 1000, "min": 60, "max": 120, "mean": 89.36299896240234}}
{"checkpoint": "results/top2_needle_1layer_stieltjes_q4.0_seq128_ascend/model.pt", "task": "top2_needle", "attn": "stieltjes", "q": 4.0, "seq_len": 8192, "val_samples": 1000, "seed": 42, "accuracy_fixed": 0.997, "accuracy_all": 0.03972067467136587, "accuracy_input_echo": 0.018296162841444447, "output_token_count": 2000, "input_token_count": 89363, "all_token_count": 91363, "output_start_stats": {"n": 1000, "min": 60, "max": 120, "mean": 89.36299896240234}}
DONE results/top2_needle_1layer_stieltjes_q4.0_seq128_ascend
