=== TOP2 needle: stieltjes_q16.0 seq=128 ===
Using device: cuda
Generating training data...
Generating validation data...
Model parameters: 1,874,304
Using bf16 autocast for forward pass (memory optimization at long context)
Epoch   1/30 | train_loss=4.3487 | val_loss=4.2512 | val_acc=0.2032 | time=5.3s
Epoch   2/30 | train_loss=4.2397 | val_loss=4.2371 | val_acc=0.2632 | time=4.8s
Epoch   3/30 | train_loss=4.2264 | val_loss=4.2323 | val_acc=0.3337 | time=4.8s
Epoch   4/30 | train_loss=4.2175 | val_loss=4.2299 | val_acc=0.3640 | time=4.8s
Epoch   5/30 | train_loss=4.2125 | val_loss=4.2267 | val_acc=0.3782 | time=4.8s
Epoch   6/30 | train_loss=4.2083 | val_loss=4.2235 | val_acc=0.4355 | time=4.8s
Epoch   7/30 | train_loss=4.2052 | val_loss=4.2247 | val_acc=0.4185 | time=4.8s
Epoch   8/30 | train_loss=4.2036 | val_loss=4.2273 | val_acc=0.3977 | time=4.8s
Epoch   9/30 | train_loss=4.2021 | val_loss=4.2268 | val_acc=0.3897 | time=4.8s
Epoch  10/30 | train_loss=4.2023 | val_loss=4.2295 | val_acc=0.3792 | time=4.8s
Epoch  11/30 | train_loss=4.2007 | val_loss=4.2263 | val_acc=0.3942 | time=4.8s
Epoch  12/30 | train_loss=4.2001 | val_loss=4.2307 | val_acc=0.3730 | time=4.8s
Epoch  13/30 | train_loss=4.2001 | val_loss=4.2304 | val_acc=0.3715 | time=4.8s
Epoch  14/30 | train_loss=4.2008 | val_loss=4.2294 | val_acc=0.3638 | time=4.8s
Epoch  15/30 | train_loss=4.2025 | val_loss=4.2283 | val_acc=0.3387 | time=4.8s
Epoch  16/30 | train_loss=4.2025 | val_loss=4.2273 | val_acc=0.3478 | time=4.8s
Epoch  17/30 | train_loss=4.1990 | val_loss=4.2310 | val_acc=0.3463 | time=4.8s
Epoch  18/30 | train_loss=4.1991 | val_loss=4.2390 | val_acc=0.3147 | time=4.8s
Epoch  19/30 | train_loss=4.2017 | val_loss=4.2336 | val_acc=0.2840 | time=4.8s
Epoch  20/30 | train_loss=4.2014 | val_loss=4.2310 | val_acc=0.3045 | time=4.8s
Epoch  21/30 | train_loss=4.2003 | val_loss=4.2289 | val_acc=0.3195 | time=4.8s
Epoch  22/30 | train_loss=4.1995 | val_loss=4.2292 | val_acc=0.3287 | time=4.8s
Epoch  23/30 | train_loss=4.1972 | val_loss=4.2338 | val_acc=0.3098 | time=4.8s
Epoch  24/30 | train_loss=4.1970 | val_loss=4.2264 | val_acc=0.3693 | time=4.8s
Epoch  25/30 | train_loss=4.1958 | val_loss=4.2267 | val_acc=0.3715 | time=4.8s
Epoch  26/30 | train_loss=4.1950 | val_loss=4.2276 | val_acc=0.3850 | time=4.8s
Epoch  27/30 | train_loss=4.1961 | val_loss=4.2284 | val_acc=0.3420 | time=4.8s
Epoch  28/30 | train_loss=4.1968 | val_loss=4.2259 | val_acc=0.3523 | time=4.8s
Epoch  29/30 | train_loss=4.1979 | val_loss=4.2325 | val_acc=0.3267 | time=4.8s
Epoch  30/30 | train_loss=4.1977 | val_loss=4.2266 | val_acc=0.3357 | time=4.8s
Model saved to results/top2_needle_1layer_stieltjes_q16.0_seq128_ascend/model.pt
Metrics saved to results/top2_needle_1layer_stieltjes_q16.0_seq128_ascend/metrics.csv
{"checkpoint": "results/top2_needle_1layer_stieltjes_q16.0_seq128_ascend/model.pt", "task": "top2_needle", "attn": "stieltjes", "q": 16.0, "seq_len": 128, "val_samples": 1000, "seed": 42, "accuracy_fixed": 0.344, "accuracy_all": 0.026520582730426977, "accuracy_input_echo": 0.019415194207893647, "output_token_count": 2000, "input_token_count": 89363, "all_token_count": 91363, "output_start_stats": {"n": 1000, "min": 60, "max": 120, "mean": 89.36299896240234}}
{"checkpoint": "results/top2_needle_1layer_stieltjes_q16.0_seq128_ascend/model.pt", "task": "top2_needle", "attn": "stieltjes", "q": 16.0, "seq_len": 256, "val_samples": 1000, "seed": 42, "accuracy_fixed": 0.344, "accuracy_all": 0.026520582730426977, "accuracy_input_echo": 0.019415194207893647, "output_token_count": 2000, "input_token_count": 89363, "all_token_count": 91363, "output_start_stats": {"n": 1000, "min": 60, "max": 120, "mean": 89.36299896240234}}
{"checkpoint": "results/top2_needle_1layer_stieltjes_q16.0_seq128_ascend/model.pt", "task": "top2_needle", "attn": "stieltjes", "q": 16.0, "seq_len": 512, "val_samples": 1000, "seed": 42, "accuracy_fixed": 0.344, "accuracy_all": 0.026520582730426977, "accuracy_input_echo": 0.019415194207893647, "output_token_count": 2000, "input_token_count": 89363, "all_token_count": 91363, "output_start_stats": {"n": 1000, "min": 60, "max": 120, "mean": 89.36299896240234}}
{"checkpoint": "results/top2_needle_1layer_stieltjes_q16.0_seq128_ascend/model.pt", "task": "top2_needle", "attn": "stieltjes", "q": 16.0, "seq_len": 1024, "val_samples": 1000, "seed": 42, "accuracy_fixed": 0.344, "accuracy_all": 0.026520582730426977, "accuracy_input_echo": 0.019415194207893647, "output_token_count": 2000, "input_token_count": 89363, "all_token_count": 91363, "output_start_stats": {"n": 1000, "min": 60, "max": 120, "mean": 89.36299896240234}}
{"checkpoint": "results/top2_needle_1layer_stieltjes_q16.0_seq128_ascend/model.pt", "task": "top2_needle", "attn": "stieltjes", "q": 16.0, "seq_len": 2048, "val_samples": 1000, "seed": 42, "accuracy_fixed": 0.0115, "accuracy_all": 0.012948348893972396, "accuracy_input_echo": 0.012980763850810739, "output_token_count": 2000, "input_token_count": 89363, "all_token_count": 91363, "output_start_stats": {"n": 1000, "min": 60, "max": 120, "mean": 89.36299896240234}}
{"checkpoint": "results/top2_needle_1layer_stieltjes_q16.0_seq128_ascend/model.pt", "task": "top2_needle", "attn": "stieltjes", "q": 16.0, "seq_len": 4096, "val_samples": 1000, "seed": 42, "accuracy_fixed": 0.0075, "accuracy_all": 0.012455808149907512, "accuracy_input_echo": 0.012566722245224534, "output_token_count": 2000, "input_token_count": 89363, "all_token_count": 91363, "output_start_stats": {"n": 1000, "min": 60, "max": 120, "mean": 89.36299896240234}}
{"checkpoint": "results/top2_needle_1layer_stieltjes_q16.0_seq128_ascend/model.pt", "task": "top2_needle", "attn": "stieltjes", "q": 16.0, "seq_len": 8192, "val_samples": 1000, "seed": 42, "accuracy_fixed": 0.189, "accuracy_all": 0.02209866138371113, "accuracy_input_echo": 0.0183633047234314, "output_token_count": 2000, "input_token_count": 89363, "all_token_count": 91363, "output_start_stats": {"n": 1000, "min": 60, "max": 120, "mean": 89.36299896240234}}
DONE results/top2_needle_1layer_stieltjes_q16.0_seq128_ascend
