=== TOP2 needle: stieltjes_q8.0 seq=128 ===
Using device: cuda
Generating training data...
Generating validation data...
Model parameters: 1,874,304
Using bf16 autocast for forward pass (memory optimization at long context)
Epoch   1/30 | train_loss=4.2984 | val_loss=4.2167 | val_acc=0.3350 | time=5.2s
Epoch   2/30 | train_loss=4.1998 | val_loss=4.1829 | val_acc=0.7795 | time=4.8s
Epoch   3/30 | train_loss=4.1768 | val_loss=4.1704 | val_acc=0.8948 | time=4.8s
Epoch   4/30 | train_loss=4.1673 | val_loss=4.1695 | val_acc=0.9270 | time=4.8s
Epoch   5/30 | train_loss=4.1636 | val_loss=4.1684 | val_acc=0.9283 | time=4.8s
Epoch   6/30 | train_loss=4.1605 | val_loss=4.1712 | val_acc=0.9183 | time=4.8s
Epoch   7/30 | train_loss=4.1594 | val_loss=4.1680 | val_acc=0.9350 | time=4.8s
Epoch   8/30 | train_loss=4.1580 | val_loss=4.1685 | val_acc=0.9433 | time=4.8s
Epoch   9/30 | train_loss=4.1568 | val_loss=4.1679 | val_acc=0.9607 | time=4.8s
Epoch  10/30 | train_loss=4.1560 | val_loss=4.1642 | val_acc=0.9525 | time=4.8s
Epoch  11/30 | train_loss=4.1549 | val_loss=4.1676 | val_acc=0.9495 | time=4.8s
Epoch  12/30 | train_loss=4.1544 | val_loss=4.1650 | val_acc=0.9575 | time=4.8s
Epoch  13/30 | train_loss=4.1530 | val_loss=4.1677 | val_acc=0.9370 | time=4.8s
Epoch  14/30 | train_loss=4.1534 | val_loss=4.1678 | val_acc=0.9390 | time=4.8s
Epoch  15/30 | train_loss=4.1532 | val_loss=4.1697 | val_acc=0.9367 | time=4.8s
Epoch  16/30 | train_loss=4.1531 | val_loss=4.1657 | val_acc=0.9695 | time=4.8s
Epoch  17/30 | train_loss=4.1521 | val_loss=4.1698 | val_acc=0.9450 | time=4.8s
Epoch  18/30 | train_loss=4.1518 | val_loss=4.1662 | val_acc=0.9277 | time=4.8s
Epoch  19/30 | train_loss=4.1521 | val_loss=4.1653 | val_acc=0.9517 | time=4.8s
Epoch  20/30 | train_loss=4.1517 | val_loss=4.1659 | val_acc=0.9563 | time=4.8s
Epoch  21/30 | train_loss=4.1515 | val_loss=4.1657 | val_acc=0.9417 | time=4.8s
Epoch  22/30 | train_loss=4.1519 | val_loss=4.1691 | val_acc=0.9535 | time=4.8s
Epoch  23/30 | train_loss=4.1509 | val_loss=4.1678 | val_acc=0.9670 | time=4.8s
Epoch  24/30 | train_loss=4.1504 | val_loss=4.1658 | val_acc=0.9445 | time=4.8s
Epoch  25/30 | train_loss=4.1504 | val_loss=4.1669 | val_acc=0.9407 | time=4.8s
Epoch  26/30 | train_loss=4.1508 | val_loss=4.1644 | val_acc=0.9623 | time=4.8s
Epoch  27/30 | train_loss=4.1494 | val_loss=4.1678 | val_acc=0.9343 | time=4.8s
Epoch  28/30 | train_loss=4.1505 | val_loss=4.1700 | val_acc=0.9340 | time=4.8s
Epoch  29/30 | train_loss=4.1505 | val_loss=4.1681 | val_acc=0.9407 | time=4.8s
Epoch  30/30 | train_loss=4.1495 | val_loss=4.1668 | val_acc=0.9413 | time=4.8s
Model saved to results/top2_needle_1layer_stieltjes_q8.0_seq128_ascend/model.pt
Metrics saved to results/top2_needle_1layer_stieltjes_q8.0_seq128_ascend/metrics.csv
{"checkpoint": "results/top2_needle_1layer_stieltjes_q8.0_seq128_ascend/model.pt", "task": "top2_needle", "attn": "stieltjes", "q": 8.0, "seq_len": 128, "val_samples": 1000, "seed": 42, "accuracy_fixed": 0.9425, "accuracy_all": 0.04114357015421998, "accuracy_input_echo": 0.020970647807258037, "output_token_count": 2000, "input_token_count": 89363, "all_token_count": 91363, "output_start_stats": {"n": 1000, "min": 60, "max": 120, "mean": 89.36299896240234}}
{"checkpoint": "results/top2_needle_1layer_stieltjes_q8.0_seq128_ascend/model.pt", "task": "top2_needle", "attn": "stieltjes", "q": 8.0, "seq_len": 256, "val_samples": 1000, "seed": 42, "accuracy_fixed": 0.9425, "accuracy_all": 0.04114357015421998, "accuracy_input_echo": 0.020970647807258037, "output_token_count": 2000, "input_token_count": 89363, "all_token_count": 91363, "output_start_stats": {"n": 1000, "min": 60, "max": 120, "mean": 89.36299896240234}}
{"checkpoint": "results/top2_needle_1layer_stieltjes_q8.0_seq128_ascend/model.pt", "task": "top2_needle", "attn": "stieltjes", "q": 8.0, "seq_len": 512, "val_samples": 1000, "seed": 42, "accuracy_fixed": 0.9425, "accuracy_all": 0.04114357015421998, "accuracy_input_echo": 0.020970647807258037, "output_token_count": 2000, "input_token_count": 89363, "all_token_count": 91363, "output_start_stats": {"n": 1000, "min": 60, "max": 120, "mean": 89.36299896240234}}
{"checkpoint": "results/top2_needle_1layer_stieltjes_q8.0_seq128_ascend/model.pt", "task": "top2_needle", "attn": "stieltjes", "q": 8.0, "seq_len": 1024, "val_samples": 1000, "seed": 42, "accuracy_fixed": 0.9425, "accuracy_all": 0.04114357015421998, "accuracy_input_echo": 0.020970647807258037, "output_token_count": 2000, "input_token_count": 89363, "all_token_count": 91363, "output_start_stats": {"n": 1000, "min": 60, "max": 120, "mean": 89.36299896240234}}
{"checkpoint": "results/top2_needle_1layer_stieltjes_q8.0_seq128_ascend/model.pt", "task": "top2_needle", "attn": "stieltjes", "q": 8.0, "seq_len": 2048, "val_samples": 1000, "seed": 42, "accuracy_fixed": 0.007, "accuracy_all": 0.00791348795464247, "accuracy_input_echo": 0.007933932388124839, "output_token_count": 2000, "input_token_count": 89363, "all_token_count": 91363, "output_start_stats": {"n": 1000, "min": 60, "max": 120, "mean": 89.36299896240234}}
{"checkpoint": "results/top2_needle_1layer_stieltjes_q8.0_seq128_ascend/model.pt", "task": "top2_needle", "attn": "stieltjes", "q": 8.0, "seq_len": 4096, "val_samples": 1000, "seed": 42, "accuracy_fixed": 0.007, "accuracy_all": 0.00904085899105765, "accuracy_input_echo": 0.009086534695567517, "output_token_count": 2000, "input_token_count": 89363, "all_token_count": 91363, "output_start_stats": {"n": 1000, "min": 60, "max": 120, "mean": 89.36299896240234}}
{"checkpoint": "results/top2_needle_1layer_stieltjes_q8.0_seq128_ascend/model.pt", "task": "top2_needle", "attn": "stieltjes", "q": 8.0, "seq_len": 8192, "val_samples": 1000, "seed": 42, "accuracy_fixed": 0.953, "accuracy_all": 0.036086818515153836, "accuracy_input_echo": 0.015565726307308394, "output_token_count": 2000, "input_token_count": 89363, "all_token_count": 91363, "output_start_stats": {"n": 1000, "min": 60, "max": 120, "mean": 89.36299896240234}}
DONE results/top2_needle_1layer_stieltjes_q8.0_seq128_ascend
