=== Existing correctness check ===
 B  H      N   D     dtype C   q  it     max_abs   mean_abs argmax_agree   ref_mean
 1  6   2048  64   float32 1 4.0   3     2.82880    0.00523       0.9941    0.06661
 1  6   2048  64   float32 1 4.0   5     0.00507    0.00013       0.9987    0.06661
 1  6   2048  64   float32 1 4.0  10     0.00537    0.00013       0.9986    0.06656
 1  6   2048  64   float32 1 4.0  20     0.00537    0.00013       0.9986    0.06656
 4  6   2048  64   float32 1 4.0   3     2.87855    0.00494       0.9945    0.06717
 4  6   2048  64   float32 1 4.0  10     0.00521    0.00013       0.9988    0.06713
 1  6   2048  64   float32 0 4.0   3     0.04536    0.00015       0.9981    0.02204
 1  6   2048  64   float32 0 4.0  10     0.00308    0.00003       0.9980    0.02204

=== Seq-sweep correctness check ===
shape: B=2 H=6 D=64, q=4.0, causal=True, fp32, num_iter=10
     N     max_abs    mean_abs   worst_row  argmax_agree    ref_norm
   128     0.00604     0.00048     0.00604        0.9987     0.32128
   256     0.00484     0.00040     0.00484        0.9993     0.23423
   512     0.00482     0.00030     0.00482        0.9989     0.16186
  1024     0.00537     0.00020     0.00537        0.9983     0.10525
  2048     0.00551     0.00013     0.00551        0.9990     0.06763
  4096     0.00521     0.00007     0.00521        0.9987     0.04210
  8192     0.00548     0.00004     0.00548        0.9990     0.02672
