=== VELICKOVIC-STRICT: subtle-needle 1-layer softmax seq=64 ===
Using device: cuda
Generating training data...
Generating validation data...
Model parameters: 1,874,304
Using bf16 autocast for forward pass (memory optimization at long context)
Epoch   1/50 | train_loss=4.2825 | val_loss=4.1996 | val_acc=0.9985 | time=4.6s
Epoch   2/50 | train_loss=4.2029 | val_loss=4.1894 | val_acc=0.9980 | time=4.3s
Epoch   3/50 | train_loss=4.1946 | val_loss=4.1891 | val_acc=1.0000 | time=4.3s
Epoch   4/50 | train_loss=4.1904 | val_loss=4.1867 | val_acc=1.0000 | time=4.3s
Epoch   5/50 | train_loss=4.1880 | val_loss=4.1854 | val_acc=1.0000 | time=4.3s
Epoch   6/50 | train_loss=4.1862 | val_loss=4.1862 | val_acc=0.9990 | time=4.3s
Epoch   7/50 | train_loss=4.1842 | val_loss=4.1859 | val_acc=0.9940 | time=4.3s
Epoch   8/50 | train_loss=4.1826 | val_loss=4.1830 | val_acc=0.9995 | time=4.3s
Epoch   9/50 | train_loss=4.1807 | val_loss=4.1830 | val_acc=0.9945 | time=4.3s
Epoch  10/50 | train_loss=4.1789 | val_loss=4.1829 | val_acc=1.0000 | time=4.3s
Epoch  11/50 | train_loss=4.1777 | val_loss=4.1819 | val_acc=1.0000 | time=4.3s
Epoch  12/50 | train_loss=4.1760 | val_loss=4.1830 | val_acc=1.0000 | time=4.3s
Epoch  13/50 | train_loss=4.1742 | val_loss=4.1832 | val_acc=1.0000 | time=4.3s
Epoch  14/50 | train_loss=4.1725 | val_loss=4.1836 | val_acc=1.0000 | time=4.3s
Epoch  15/50 | train_loss=4.1705 | val_loss=4.1840 | val_acc=0.9955 | time=4.3s
Epoch  16/50 | train_loss=4.1684 | val_loss=4.1855 | val_acc=1.0000 | time=4.3s
Epoch  17/50 | train_loss=4.1662 | val_loss=4.1863 | val_acc=1.0000 | time=4.3s
Epoch  18/50 | train_loss=4.1638 | val_loss=4.1883 | val_acc=0.9990 | time=4.3s
Epoch  19/50 | train_loss=4.1618 | val_loss=4.1889 | val_acc=1.0000 | time=4.3s
Epoch  20/50 | train_loss=4.1591 | val_loss=4.1920 | val_acc=1.0000 | time=4.3s
Epoch  21/50 | train_loss=4.1564 | val_loss=4.1928 | val_acc=0.9980 | time=4.3s
Epoch  22/50 | train_loss=4.1535 | val_loss=4.1952 | val_acc=1.0000 | time=4.3s
Epoch  23/50 | train_loss=4.1508 | val_loss=4.1976 | val_acc=1.0000 | time=4.3s
Epoch  24/50 | train_loss=4.1479 | val_loss=4.1994 | val_acc=1.0000 | time=4.3s
Epoch  25/50 | train_loss=4.1454 | val_loss=4.2007 | val_acc=1.0000 | time=4.3s
Epoch  26/50 | train_loss=4.1427 | val_loss=4.2022 | val_acc=1.0000 | time=4.3s
Epoch  27/50 | train_loss=4.1400 | val_loss=4.2055 | val_acc=1.0000 | time=4.3s
Epoch  28/50 | train_loss=4.1373 | val_loss=4.2072 | val_acc=1.0000 | time=4.3s
Epoch  29/50 | train_loss=4.1348 | val_loss=4.2094 | val_acc=1.0000 | time=4.3s
Epoch  30/50 | train_loss=4.1322 | val_loss=4.2108 | val_acc=1.0000 | time=4.3s
Epoch  31/50 | train_loss=4.1294 | val_loss=4.2139 | val_acc=1.0000 | time=4.3s
Epoch  32/50 | train_loss=4.1271 | val_loss=4.2173 | val_acc=0.9980 | time=4.3s
Epoch  33/50 | train_loss=4.1246 | val_loss=4.2179 | val_acc=1.0000 | time=4.3s
Epoch  34/50 | train_loss=4.1222 | val_loss=4.2234 | val_acc=1.0000 | time=4.3s
Epoch  35/50 | train_loss=4.1198 | val_loss=4.2225 | val_acc=1.0000 | time=4.3s
Epoch  36/50 | train_loss=4.1176 | val_loss=4.2242 | val_acc=1.0000 | time=4.3s
Epoch  37/50 | train_loss=4.1153 | val_loss=4.2278 | val_acc=1.0000 | time=4.3s
Epoch  38/50 | train_loss=4.1127 | val_loss=4.2328 | val_acc=0.9990 | time=4.3s
Epoch  39/50 | train_loss=4.1107 | val_loss=4.2322 | val_acc=1.0000 | time=4.3s
Epoch  40/50 | train_loss=4.1084 | val_loss=4.2367 | val_acc=1.0000 | time=4.3s
Epoch  41/50 | train_loss=4.1066 | val_loss=4.2347 | val_acc=1.0000 | time=4.3s
Epoch  42/50 | train_loss=4.1049 | val_loss=4.2344 | val_acc=1.0000 | time=4.3s
Epoch  43/50 | train_loss=4.1028 | val_loss=4.2397 | val_acc=1.0000 | time=4.3s
Epoch  44/50 | train_loss=4.1004 | val_loss=4.2397 | val_acc=1.0000 | time=4.3s
Epoch  45/50 | train_loss=4.0987 | val_loss=4.2395 | val_acc=1.0000 | time=4.3s
Epoch  46/50 | train_loss=4.0968 | val_loss=4.2430 | val_acc=1.0000 | time=4.3s
Epoch  47/50 | train_loss=4.0954 | val_loss=4.2446 | val_acc=1.0000 | time=4.3s
Epoch  48/50 | train_loss=4.0935 | val_loss=4.2470 | val_acc=1.0000 | time=4.3s
Epoch  49/50 | train_loss=4.0916 | val_loss=4.2505 | val_acc=1.0000 | time=4.3s
Epoch  50/50 | train_loss=4.0895 | val_loss=4.2488 | val_acc=1.0000 | time=4.3s
Model saved to results/subtle_needle_1layer_softmax_seq64_velickovic_ascend/model.pt
Metrics saved to results/subtle_needle_1layer_softmax_seq64_velickovic_ascend/metrics.csv
{"checkpoint": "results/subtle_needle_1layer_softmax_seq64_velickovic_ascend/model.pt", "task": "needle", "attn": "softmax", "q": 1.0, "seq_len": 64, "val_samples": 1000, "seed": 42, "accuracy_fixed": 1.0, "accuracy_all": 0.05247379795961051, "accuracy_input_echo": 0.02993028954819062, "output_token_count": 1000, "input_token_count": 42031, "all_token_count": 43031, "output_start_stats": {"n": 1000, "min": 28, "max": 56, "mean": 42.03099822998047}}
{"checkpoint": "results/subtle_needle_1layer_softmax_seq64_velickovic_ascend/model.pt", "task": "needle", "attn": "softmax", "q": 1.0, "seq_len": 512, "val_samples": 1000, "seed": 42, "accuracy_fixed": 1.0, "accuracy_all": 0.05247379795961051, "accuracy_input_echo": 0.02993028954819062, "output_token_count": 1000, "input_token_count": 42031, "all_token_count": 43031, "output_start_stats": {"n": 1000, "min": 28, "max": 56, "mean": 42.03099822998047}}
{"checkpoint": "results/subtle_needle_1layer_softmax_seq64_velickovic_ascend/model.pt", "task": "needle", "attn": "softmax", "q": 1.0, "seq_len": 4096, "val_samples": 1000, "seed": 42, "accuracy_fixed": 1.0, "accuracy_all": 0.05247379795961051, "accuracy_input_echo": 0.02993028954819062, "output_token_count": 1000, "input_token_count": 42031, "all_token_count": 43031, "output_start_stats": {"n": 1000, "min": 28, "max": 56, "mean": 42.03099822998047}}
{"checkpoint": "results/subtle_needle_1layer_softmax_seq64_velickovic_ascend/model.pt", "task": "needle", "attn": "softmax", "q": 1.0, "seq_len": 16384, "val_samples": 1000, "seed": 42, "accuracy_fixed": 1.0, "accuracy_all": 0.05247379795961051, "accuracy_input_echo": 0.02993028954819062, "output_token_count": 1000, "input_token_count": 42031, "all_token_count": 43031, "output_start_stats": {"n": 1000, "min": 28, "max": 56, "mean": 42.03099822998047}}
DONE results/subtle_needle_1layer_softmax_seq64_velickovic_ascend
