Device: cuda
GPU: NVIDIA H100
============================================================================
VERIFY (fp64): variant identities vs Jack's mappings
============================================================================
  q=  2 T= 16: |U-jack|=0.0e+00 |N-jack|=0.0e+00 |NF_UB-val-N|=0.0e+00 |UF_NB-val-U|=0.0e+00 |J(UF_NB)-J(N)|=0.0e+00 |S*J(NF_UB)-J(U)|=1.7e-18
  q=  2 T= 64: |U-jack|=0.0e+00 |N-jack|=0.0e+00 |NF_UB-val-N|=0.0e+00 |UF_NB-val-U|=0.0e+00 |J(UF_NB)-J(N)|=0.0e+00 |S*J(NF_UB)-J(U)|=8.7e-19
  q=  4 T= 16: |U-jack|=0.0e+00 |N-jack|=0.0e+00 |NF_UB-val-N|=0.0e+00 |UF_NB-val-U|=0.0e+00 |J(UF_NB)-J(N)|=0.0e+00 |S*J(NF_UB)-J(U)|=1.7e-18
  q=  4 T= 64: |U-jack|=0.0e+00 |N-jack|=0.0e+00 |NF_UB-val-N|=0.0e+00 |UF_NB-val-U|=0.0e+00 |J(UF_NB)-J(N)|=0.0e+00 |S*J(NF_UB)-J(U)|=1.4e-17
  >>> ALL IDENTITIES HOLD
  q=2.0 seed=0 UNNORM: L16=99.9 L32=99.6 L64=97.6 L128=92.2 L256=73.8 L512=44.1 L1024=19.9 L2048=12.2
  q=2.0 seed=0 NORM  : L16=99.9 L32=99.6 L64=98.7 L128=95.4 L256=83.4 L512=56.8 L1024=29.7 L2048=16.6
  q=2.0 seed=0 NF_UB : L16=99.9 L32=99.6 L64=97.8 L128=92.4 L256=73.9 L512=44.8 L1024=19.9 L2048=13.7
  q=2.0 seed=0 UF_NB : L16=99.9 L32=99.6 L64=98.6 L128=95.3 L256=83.0 L512=56.2 L1024=30.8 L2048=16.1
  q=2.0 seed=0 UNNORM+evalRenorm : L16=99.9 L32=99.6 L64=97.6 L128=92.2 L256=73.8 L512=44.1 L1024=19.9 L2048=12.2
  q=2.0 seed=0 NORM+evalNoRenorm : L16=99.9 L32=99.6 L64=98.7 L128=95.4 L256=83.4 L512=56.8 L1024=29.7 L2048=16.6
  q=2.0 seed=1 UNNORM: L16=99.8 L32=99.3 L64=97.7 L128=92.4 L256=74.1 L512=45.5 L1024=23.3 L2048=11.9
  q=2.0 seed=1 NORM  : L16=99.7 L32=99.5 L64=98.6 L128=95.4 L256=83.1 L512=59.0 L1024=33.0 L2048=17.4
  q=2.0 seed=1 NF_UB : L16=99.7 L32=99.4 L64=98.0 L128=92.7 L256=74.8 L512=46.1 L1024=24.4 L2048=12.6
  q=2.0 seed=1 UF_NB : L16=99.8 L32=99.5 L64=98.5 L128=94.9 L256=82.2 L512=57.9 L1024=32.4 L2048=16.3
  q=2.0 seed=1 UNNORM+evalRenorm : L16=99.8 L32=99.3 L64=97.7 L128=92.4 L256=74.1 L512=45.5 L1024=23.3 L2048=11.9
  q=2.0 seed=1 NORM+evalNoRenorm : L16=99.7 L32=99.5 L64=98.6 L128=95.4 L256=83.1 L512=59.0 L1024=33.0 L2048=17.4
  q=2.0 seed=2 UNNORM: L16=99.8 L32=99.5 L64=98.3 L128=92.8 L256=74.6 L512=46.5 L1024=25.8 L2048=15.1
  q=2.0 seed=2 NORM  : L16=99.9 L32=99.6 L64=99.1 L128=95.3 L256=84.0 L512=57.4 L1024=31.1 L2048=18.0
  q=2.0 seed=2 NF_UB : L16=99.8 L32=99.6 L64=98.3 L128=92.7 L256=75.4 L512=46.8 L1024=25.2 L2048=15.4
  q=2.0 seed=2 UF_NB : L16=99.9 L32=99.6 L64=99.1 L128=95.4 L256=84.5 L512=58.1 L1024=32.0 L2048=17.6
  q=2.0 seed=2 UNNORM+evalRenorm : L16=99.8 L32=99.5 L64=98.3 L128=92.8 L256=74.6 L512=46.5 L1024=25.8 L2048=15.1
  q=2.0 seed=2 NORM+evalNoRenorm : L16=99.9 L32=99.6 L64=99.1 L128=95.3 L256=84.0 L512=57.4 L1024=31.1 L2048=18.0

===== SUMMARY q=2.0 (mean ± std over seeds [0, 1, 2]) =====
             entry |         L16         L32         L64        L128        L256        L512       L1024       L2048
--------------------------------------------------------------------------------------------------------------------
            UNNORM |  99.80±0.04  99.48±0.12  97.85±0.35  92.45±0.24  74.19±0.32  45.38±0.96  23.01±2.40  13.09±1.46
              NORM |  99.82±0.08  99.58±0.05  98.83±0.21  95.38±0.05  83.50±0.37  57.75±0.91  31.25±1.36  17.32±0.56
             NF_UB |  99.76±0.08  99.54±0.09  98.05±0.24  92.58±0.14  74.71±0.60  45.90±0.81  23.18±2.32  13.90±1.17
             UF_NB |  99.84±0.06  99.58±0.05  98.76±0.26  95.21±0.21  83.24±0.93  57.42±0.83  31.74±0.71  16.67±0.65
 UNNORM+evalRenorm |  99.80±0.04  99.48±0.12  97.85±0.35  92.45±0.24  74.19±0.32  45.38±0.96  23.01±2.40  13.09±1.46
 NORM+evalNoRenorm |  99.82±0.08  99.58±0.05  98.83±0.21  95.38±0.05  83.50±0.37  57.75±0.91  31.25±1.36  17.32±0.56

  Diagnostics (seed 0 trained models):
    UNNORM L=   16: S=1.000002 |S-1|max=5.98e-05 pmax=0.926 H=0.262 smax=115.81 sstd=38.900 lam=1.0463
    UNNORM L=  256: S=0.999998 |S-1|max=1.01e-04 pmax=0.251 H=2.977 smax=124.42 sstd=39.812 lam=2.1223
    UNNORM L= 1024: S=1.000002 |S-1|max=4.14e-05 pmax=0.023 H=5.520 smax=124.90 sstd=39.857 lam=6.7290
    NORM   L=   16: S=1.000003 |S-1|max=6.00e-05 pmax=0.945 H=0.198 smax=168.23 sstd=51.140 lam=1.0340
    NORM   L=  256: S=0.999998 |S-1|max=1.47e-04 pmax=0.345 H=2.514 smax=179.52 sstd=52.334 lam=1.8094
    NORM   L= 1024: S=1.000002 |S-1|max=5.17e-05 pmax=0.037 H=5.094 smax=180.15 sstd=52.393 lam=5.2575
  q=4.0 seed=0 UNNORM: L16=99.9 L32=99.6 L64=98.2 L128=95.1 L256=84.4 L512=65.3 L1024=39.8 L2048=23.7
  q=4.0 seed=0 NORM  : L16=99.9 L32=99.6 L64=99.0 L128=96.6 L256=89.5 L512=75.3 L1024=49.3 L2048=30.4
  q=4.0 seed=0 NF_UB : L16=99.9 L32=99.6 L64=98.1 L128=95.0 L256=83.9 L512=65.4 L1024=39.6 L2048=24.4
  q=4.0 seed=0 UF_NB : L16=99.9 L32=99.6 L64=98.9 L128=96.6 L256=89.6 L512=74.6 L1024=48.7 L2048=30.0
  q=4.0 seed=0 UNNORM+evalRenorm : L16=99.9 L32=99.6 L64=98.2 L128=95.1 L256=84.4 L512=65.3 L1024=39.8 L2048=23.7
  q=4.0 seed=0 NORM+evalNoRenorm : L16=99.9 L32=99.6 L64=99.0 L128=96.6 L256=89.5 L512=75.3 L1024=49.3 L2048=30.4
  q=4.0 seed=1 UNNORM: L16=99.7 L32=99.4 L64=98.6 L128=95.2 L256=85.0 L512=67.6 L1024=43.6 L2048=26.7
  q=4.0 seed=1 NORM  : L16=99.8 L32=99.5 L64=98.9 L128=96.7 L256=89.0 L512=75.5 L1024=51.2 L2048=31.5
  q=4.0 seed=1 NF_UB : L16=99.8 L32=99.3 L64=98.7 L128=95.3 L256=85.0 L512=68.1 L1024=43.8 L2048=27.0
  q=4.0 seed=1 UF_NB : L16=99.8 L32=99.4 L64=98.9 L128=96.7 L256=88.7 L512=75.2 L1024=51.0 L2048=31.2
  q=4.0 seed=1 UNNORM+evalRenorm : L16=99.7 L32=99.4 L64=98.6 L128=95.2 L256=85.0 L512=67.6 L1024=43.6 L2048=26.7
  q=4.0 seed=1 NORM+evalNoRenorm : L16=99.8 L32=99.5 L64=98.9 L128=96.7 L256=89.0 L512=75.5 L1024=51.2 L2048=31.5
  q=4.0 seed=2 UNNORM: L16=99.9 L32=99.6 L64=98.6 L128=94.8 L256=84.9 L512=67.4 L1024=43.2 L2048=25.9
  q=4.0 seed=2 NORM  : L16=99.9 L32=99.6 L64=99.2 L128=96.7 L256=89.5 L512=77.0 L1024=51.0 L2048=32.2
  q=4.0 seed=2 NF_UB : L16=99.9 L32=99.5 L64=98.6 L128=95.1 L256=85.3 L512=67.7 L1024=43.3 L2048=25.5
  q=4.0 seed=2 UF_NB : L16=99.9 L32=99.6 L64=99.2 L128=96.5 L256=89.4 L512=76.1 L1024=49.5 L2048=31.9
  q=4.0 seed=2 UNNORM+evalRenorm : L16=99.9 L32=99.6 L64=98.6 L128=94.8 L256=84.9 L512=67.4 L1024=43.2 L2048=25.9
  q=4.0 seed=2 NORM+evalNoRenorm : L16=99.9 L32=99.6 L64=99.2 L128=96.7 L256=89.5 L512=77.0 L1024=51.0 L2048=32.2

===== SUMMARY q=4.0 (mean ± std over seeds [0, 1, 2]) =====
             entry |         L16         L32         L64        L128        L256        L512       L1024       L2048
--------------------------------------------------------------------------------------------------------------------
            UNNORM |  99.80±0.07  99.54±0.09  98.50±0.18  95.05±0.17  84.73±0.26  66.76±1.02  42.19±1.66  25.42±1.24
              NORM |  99.84±0.06  99.58±0.05  99.06±0.12  96.65±0.05  89.29±0.23  75.91±0.74  50.49±0.83  31.38±0.77
             NF_UB |  99.82±0.05  99.48±0.12  98.50±0.26  95.15±0.12  84.70±0.59  67.06±1.16  42.25±1.86  25.62±1.04
             UF_NB |  99.84±0.06  99.54±0.09  99.02±0.14  96.58±0.08  89.19±0.38  75.29±0.60  49.74±0.93  31.02±0.80
 UNNORM+evalRenorm |  99.80±0.07  99.54±0.09  98.50±0.18  95.05±0.17  84.73±0.26  66.76±1.02  42.19±1.66  25.42±1.24
 NORM+evalNoRenorm |  99.84±0.06  99.58±0.05  99.06±0.12  96.65±0.05  89.29±0.23  75.91±0.74  50.49±0.83  31.38±0.77

  Diagnostics (seed 0 trained models):
    UNNORM L=   16: S=0.999997 |S-1|max=6.07e-05 pmax=0.948 H=0.150 smax=47.78 sstd=16.164 lam=1.0160
    UNNORM L=  256: S=1.000001 |S-1|max=9.52e-05 pmax=0.419 H=1.815 smax=51.36 sstd=16.541 lam=1.2715
    UNNORM L= 1024: S=1.000002 |S-1|max=8.05e-05 pmax=0.099 H=3.613 smax=51.55 sstd=16.560 lam=1.8013
    NORM   L=   16: S=0.999998 |S-1|max=6.04e-05 pmax=0.962 H=0.111 smax=71.94 sstd=21.267 lam=1.0116
    NORM   L=  256: S=1.000001 |S-1|max=1.08e-04 pmax=0.507 H=1.500 smax=76.65 sstd=21.764 lam=1.2106
    NORM   L= 1024: S=0.999998 |S-1|max=8.97e-05 pmax=0.140 H=3.240 smax=76.91 sstd=21.789 lam=1.6570

Saved softmax-is-meh/results/why_norm_helps_11414266.json
DONE
